<html>
<head>
<title>TestNG:  APT login3</title>
<link href="../testng.css" rel="stylesheet" type="text/css" />
<link href="../my-testng.css" rel="stylesheet" type="text/css" />

<style type="text/css">
.log { display: none;} 
.stack-trace { display: none;} 
</style>
<script type="text/javascript">
<!--
function flip(e) {
  current = e.style.display;
  if (current == 'block') {
    e.style.display = 'none';
    return 0;
  }
  else {
    e.style.display = 'block';
    return 1;
  }
}

function toggleBox(szDivId, elem, msg1, msg2)
{
  var res = -1;  if (document.getElementById) {
    res = flip(document.getElementById(szDivId));
  }
  else if (document.all) {
    // this is the way old msie versions work
    res = flip(document.all[szDivId]);
  }
  if(elem) {
    if(res == 0) elem.innerHTML = msg1; else elem.innerHTML = msg2;
  }

}

function toggleAllBoxes() {
  if (document.getElementsByTagName) {
    d = document.getElementsByTagName('div');
    for (i = 0; i < d.length; i++) {
      if (d[i].className == 'log') {
        flip(d[i]);
      }
    }
  }
}

// -->
</script>

</head>
<body>
<h2 align='center'>APT login3</h2><table border='1' align="center">
<tr>
<td>Tests passed/Failed/Skipped:</td><td>0/28/2</td>
</tr><tr>
<td>Started on:</td><td>Wed Jun 17 11:40:08 IST 2020</td>
</tr>
<tr><td>Total time:</td><td>0 seconds (984 ms)</td>
</tr><tr>
<td>Included groups:</td><td></td>
</tr><tr>
<td>Excluded groups:</td><td></td>
</tr>
</table><p/>
<small><i>(Hover the method name to see the test class name)</i></small><p/>
<table width='100%' border='1' class='invocation-failed'>
<tr><td colspan='4' align='center'><b>FAILED CONFIGURATIONS</b></td></tr>
<tr><td><b>Test method</b></td>
<td width="30%"><b>Exception</b></td>
<td width="10%"><b>Time (seconds)</b></td>
<td><b>Instance</b></td>
</tr>
<tr>
<td title='com.saksoft.qa.apttestscripts.APT_AutomationTest.BeforeSuite()'><b>BeforeSuite</b><br>Test class: com.saksoft.qa.apttestscripts.APT_AutomationTest</td>
<td><div><pre>org.openqa.selenium.WebDriverException: chrome not reachable
  (Session info: chrome=83.0.4103.97)
  (Driver info: chromedriver=2.40.565498 (ea082db3280dd6843ebfb08a625e3eb905c4f5ab),platform=Windows NT 10.0.14393 x86_64) (WARNING: The server did not provide any stacktrace information)
Command duration or timeout: 4.06 seconds
Build info: version: &apos;3.4.0&apos;, revision: &apos;unknown&apos;, time: &apos;unknown&apos;
System info: host: &apos;ULVMCTMTTL104&apos;, ip: &apos;10.100.246.36&apos;, os.name: &apos;Windows Server 2016&apos;, os.arch: &apos;amd64&apos;, os.version: &apos;10.0&apos;, java.version: &apos;1.8.0_191&apos;
Driver info: org.openqa.selenium.chrome.ChromeDriver
Capabilities [{applicationCacheEnabled=false, rotatable=false, mobileEmulationEnabled=false, networkConnectionEnabled=false, chrome={chromedriverVersion=2.40.565498 (ea082db3280dd6843ebfb08a625e3eb905c4f5ab), userDataDir=C:\Users\DKUMAR~1\AppData\Local\Temp\2\scoped_dir8868_13772}, takesHeapSnapshot=true, pageLoadStrategy=none, databaseEnabled=false, handlesAlerts=true, hasTouchScreen=false, version=83.0.4103.97, platform=XP, browserConnectionEnabled=false, nativeEvents=true, acceptSslCerts=false, acceptInsecureCerts=false, locationContextEnabled=true, webStorageEnabled=true, browserName=chrome, takesScreenshot=true, javascriptEnabled=true, cssSelectorsEnabled=true, setWindowRect=true, unexpectedAlertBehaviour=}]
Session ID: 24b7a0399d2c2630ae40cca0af4b5b25
*** Element info: {Using=xpath, value=//input[@placeholder=&apos;Username&apos;]}
	at org.openqa.selenium.remote.ErrorHandler.createThrowable(ErrorHandler.java:215)
	at org.openqa.selenium.remote.ErrorHandler.throwIfResponseFailed(ErrorHandler.java:167)
	at org.openqa.selenium.remote.RemoteWebDriver.execute(RemoteWebDriver.java:671)
	at org.openqa.selenium.remote.RemoteWebDriver.findElement(RemoteWebDriver.java:410)
	at org.openqa.selenium.remote.RemoteWebDriver.findElementByXPath(RemoteWebDriver.java:509)
	at org.openqa.selenium.By$ByXPath.findElement(By.java:361)
	at org.openqa.selenium.remote.RemoteWebDriver.findElement(RemoteWebDriver.java:402)
	at com.saksoft.qa.driverlibrary.DriverHelper$3.apply(DriverHelper.java:513)
	at com.saksoft.qa.driverlibrary.DriverHelper$3.apply(DriverHelper.java:1)
	at org.openqa.selenium.support.ui.FluentWait.until(FluentWait.java:209)
	at com.saksoft.qa.driverlibrary.DriverHelper.getwebelement(DriverHelper.java:511)
	at com.saksoft.qa.scripthelpers.APT_LoginHelper.Login(APT_LoginHelper.java:80)
	at com.saksoft.qa.driverlibrary.DriverTestcase.BeforeSuite(DriverTestcase.java:157)
... Removed 22 stack frames</pre></div><a href='#' onClick='toggleBox("stack-trace124058278", this, "Click to show all stack frames", "Click to hide stack frames")'>Click to show all stack frames</a>
<div class='stack-trace' id='stack-trace124058278'><pre>org.openqa.selenium.WebDriverException: chrome not reachable
  (Session info: chrome=83.0.4103.97)
  (Driver info: chromedriver=2.40.565498 (ea082db3280dd6843ebfb08a625e3eb905c4f5ab),platform=Windows NT 10.0.14393 x86_64) (WARNING: The server did not provide any stacktrace information)
Command duration or timeout: 4.06 seconds
Build info: version: &apos;3.4.0&apos;, revision: &apos;unknown&apos;, time: &apos;unknown&apos;
System info: host: &apos;ULVMCTMTTL104&apos;, ip: &apos;10.100.246.36&apos;, os.name: &apos;Windows Server 2016&apos;, os.arch: &apos;amd64&apos;, os.version: &apos;10.0&apos;, java.version: &apos;1.8.0_191&apos;
Driver info: org.openqa.selenium.chrome.ChromeDriver
Capabilities [{applicationCacheEnabled=false, rotatable=false, mobileEmulationEnabled=false, networkConnectionEnabled=false, chrome={chromedriverVersion=2.40.565498 (ea082db3280dd6843ebfb08a625e3eb905c4f5ab), userDataDir=C:\Users\DKUMAR~1\AppData\Local\Temp\2\scoped_dir8868_13772}, takesHeapSnapshot=true, pageLoadStrategy=none, databaseEnabled=false, handlesAlerts=true, hasTouchScreen=false, version=83.0.4103.97, platform=XP, browserConnectionEnabled=false, nativeEvents=true, acceptSslCerts=false, acceptInsecureCerts=false, locationContextEnabled=true, webStorageEnabled=true, browserName=chrome, takesScreenshot=true, javascriptEnabled=true, cssSelectorsEnabled=true, setWindowRect=true, unexpectedAlertBehaviour=}]
Session ID: 24b7a0399d2c2630ae40cca0af4b5b25
*** Element info: {Using=xpath, value=//input[@placeholder=&apos;Username&apos;]}
	at sun.reflect.NativeConstructorAccessorImpl.newInstance0(Native Method)
	at sun.reflect.NativeConstructorAccessorImpl.newInstance(Unknown Source)
	at sun.reflect.DelegatingConstructorAccessorImpl.newInstance(Unknown Source)
	at java.lang.reflect.Constructor.newInstance(Unknown Source)
	at org.openqa.selenium.remote.ErrorHandler.createThrowable(ErrorHandler.java:215)
	at org.openqa.selenium.remote.ErrorHandler.throwIfResponseFailed(ErrorHandler.java:167)
	at org.openqa.selenium.remote.RemoteWebDriver.execute(RemoteWebDriver.java:671)
	at org.openqa.selenium.remote.RemoteWebDriver.findElement(RemoteWebDriver.java:410)
	at org.openqa.selenium.remote.RemoteWebDriver.findElementByXPath(RemoteWebDriver.java:509)
	at org.openqa.selenium.By$ByXPath.findElement(By.java:361)
	at org.openqa.selenium.remote.RemoteWebDriver.findElement(RemoteWebDriver.java:402)
	at com.saksoft.qa.driverlibrary.DriverHelper$3.apply(DriverHelper.java:513)
	at com.saksoft.qa.driverlibrary.DriverHelper$3.apply(DriverHelper.java:1)
	at org.openqa.selenium.support.ui.FluentWait.until(FluentWait.java:209)
	at com.saksoft.qa.driverlibrary.DriverHelper.getwebelement(DriverHelper.java:511)
	at com.saksoft.qa.scripthelpers.APT_LoginHelper.Login(APT_LoginHelper.java:80)
	at com.saksoft.qa.driverlibrary.DriverTestcase.BeforeSuite(DriverTestcase.java:157)
	at sun.reflect.NativeMethodAccessorImpl.invoke0(Native Method)
	at sun.reflect.NativeMethodAccessorImpl.invoke(Unknown Source)
	at sun.reflect.DelegatingMethodAccessorImpl.invoke(Unknown Source)
	at java.lang.reflect.Method.invoke(Unknown Source)
	at org.testng.internal.MethodInvocationHelper.invokeMethod(MethodInvocationHelper.java:84)
	at org.testng.internal.Invoker.invokeConfigurationMethod(Invoker.java:564)
	at org.testng.internal.Invoker.invokeConfigurations(Invoker.java:213)
	at org.testng.internal.Invoker.invokeConfigurations(Invoker.java:138)
	at org.testng.SuiteRunner.privateRun(SuiteRunner.java:277)
	at org.testng.SuiteRunner.run(SuiteRunner.java:240)
	at org.testng.SuiteRunnerWorker.runSuite(SuiteRunnerWorker.java:52)
	at org.testng.SuiteRunnerWorker.run(SuiteRunnerWorker.java:86)
	at org.testng.TestNG.runSuitesSequentially(TestNG.java:1224)
	at org.testng.TestNG.runSuitesLocally(TestNG.java:1149)
	at org.testng.TestNG.run(TestNG.java:1057)
	at org.testng.remote.AbstractRemoteTestNG.run(AbstractRemoteTestNG.java:115)
	at org.testng.remote.RemoteTestNG.initAndRun(RemoteTestNG.java:251)
	at org.testng.remote.RemoteTestNG.main(RemoteTestNG.java:77)
</pre></div></td>
<td>0</td>
<td>null</td></tr>
</table><p>
<table width='100%' border='1' class='invocation-skipped'>
<tr><td colspan='4' align='center'><b>SKIPPED CONFIGURATIONS</b></td></tr>
<tr><td><b>Test method</b></td>
<td width="30%"><b>Exception</b></td>
<td width="10%"><b>Time (seconds)</b></td>
<td><b>Instance</b></td>
</tr>
<tr>
<td title='com.saksoft.qa.apttestscripts.APT_AutomationTest.startReport()'><b>startReport</b><br>Test class: com.saksoft.qa.apttestscripts.APT_AutomationTest</td>
<td></td>
<td>0</td>
<td>null</td></tr>
<tr>
<td title='com.saksoft.qa.apttestscripts.APT_DomainManagementTest.setup()'><b>setup</b><br>Test class: com.saksoft.qa.apttestscripts.APT_DomainManagementTest</td>
<td></td>
<td>0</td>
<td>com.saksoft.qa.apttestscripts.APT_DomainManagementTest@464bee09</td></tr>
<tr>
<td title='com.saksoft.qa.apttestscripts.APT_MSPLatencyGridTest.setup()'><b>setup</b><br>Test class: com.saksoft.qa.apttestscripts.APT_MSPLatencyGridTest</td>
<td></td>
<td>0</td>
<td>com.saksoft.qa.apttestscripts.APT_MSPLatencyGridTest@239963d8</td></tr>
<tr>
<td title='com.saksoft.qa.apttestscripts.APT_AutomationTest.setup()'><b>setup</b><br>Test class: com.saksoft.qa.apttestscripts.APT_AutomationTest</td>
<td></td>
<td>0</td>
<td>com.saksoft.qa.apttestscripts.APT_AutomationTest@6eebc39e</td></tr>
<tr>
<td title='com.saksoft.qa.apttestscripts.Hss.setup()'><b>setup</b><br>Test class: com.saksoft.qa.apttestscripts.Hss</td>
<td></td>
<td>0</td>
<td>com.saksoft.qa.apttestscripts.Hss@13deb50e</td></tr>
<tr>
<td title='com.saksoft.qa.apttestscripts.IMSN_Translator.setup()'><b>setup</b><br>Test class: com.saksoft.qa.apttestscripts.IMSN_Translator</td>
<td></td>
<td>0</td>
<td>com.saksoft.qa.apttestscripts.IMSN_Translator@f6c48ac</td></tr>
<tr>
<td title='com.saksoft.qa.apttestscripts.APT_AutomationTest.BeforeMethod()'><b>BeforeMethod</b><br>Test class: com.saksoft.qa.apttestscripts.APT_AutomationTest</td>
<td></td>
<td>0</td>
<td>com.saksoft.qa.apttestscripts.APT_AutomationTest@6eebc39e</td></tr>
<tr>
<td title='com.saksoft.qa.apttestscripts.APT_AutomationTest.BeforeMethod()'><b>BeforeMethod</b><br>Test class: com.saksoft.qa.apttestscripts.APT_AutomationTest</td>
<td></td>
<td>0</td>
<td>com.saksoft.qa.apttestscripts.APT_AutomationTest@6eebc39e</td></tr>
<tr>
<td title='com.saksoft.qa.apttestscripts.APT_AutomationTest.getResult()'><b>getResult</b><br>Test class: com.saksoft.qa.apttestscripts.APT_AutomationTest</td>
<td></td>
<td>0</td>
<td>com.saksoft.qa.apttestscripts.APT_AutomationTest@6eebc39e</td></tr>
<tr>
<td title='com.saksoft.qa.apttestscripts.APT_AutomationTest.getResult()'><b>getResult</b><br>Test class: com.saksoft.qa.apttestscripts.APT_AutomationTest</td>
<td></td>
<td>0</td>
<td>com.saksoft.qa.apttestscripts.APT_AutomationTest@6eebc39e</td></tr>
<tr>
<td title='com.saksoft.qa.apttestscripts.APT_MSPLatencyGridTest.Teardown()'><b>Teardown</b><br>Test class: com.saksoft.qa.apttestscripts.APT_MSPLatencyGridTest</td>
<td></td>
<td>0</td>
<td>com.saksoft.qa.apttestscripts.APT_MSPLatencyGridTest@239963d8</td></tr>
<tr>
<td title='com.saksoft.qa.apttestscripts.APT_AutomationTest.Teardown()'><b>Teardown</b><br>Test class: com.saksoft.qa.apttestscripts.APT_AutomationTest</td>
<td></td>
<td>0</td>
<td>com.saksoft.qa.apttestscripts.APT_AutomationTest@6eebc39e</td></tr>
<tr>
<td title='com.saksoft.qa.apttestscripts.APT_DomainManagementTest.Teardown()'><b>Teardown</b><br>Test class: com.saksoft.qa.apttestscripts.APT_DomainManagementTest</td>
<td></td>
<td>0</td>
<td>com.saksoft.qa.apttestscripts.APT_DomainManagementTest@464bee09</td></tr>
<tr>
<td title='com.saksoft.qa.apttestscripts.Hss.Teardown()'><b>Teardown</b><br>Test class: com.saksoft.qa.apttestscripts.Hss</td>
<td></td>
<td>0</td>
<td>com.saksoft.qa.apttestscripts.Hss@13deb50e</td></tr>
<tr>
<td title='com.saksoft.qa.apttestscripts.IMSN_Translator.Teardown()'><b>Teardown</b><br>Test class: com.saksoft.qa.apttestscripts.IMSN_Translator</td>
<td></td>
<td>0</td>
<td>com.saksoft.qa.apttestscripts.IMSN_Translator@f6c48ac</td></tr>
<tr>
<td title='com.saksoft.qa.apttestscripts.APT_AutomationTest.endReport()'><b>endReport</b><br>Test class: com.saksoft.qa.apttestscripts.APT_AutomationTest</td>
<td></td>
<td>0</td>
<td>null</td></tr>
</table><p>
<table width='100%' border='1' class='invocation-skipped'>
<tr><td colspan='4' align='center'><b>SKIPPED TESTS</b></td></tr>
<tr><td><b>Test method</b></td>
<td width="30%"><b>Exception</b></td>
<td width="10%"><b>Time (seconds)</b></td>
<td><b>Instance</b></td>
</tr>
<tr>
<td title='com.saksoft.qa.apttestscripts.IMSN_Translator.Addnumbertranslationfunction()'><b>Addnumbertranslationfunction</b><br>Test class: com.saksoft.qa.apttestscripts.IMSN_Translator</td>
<td><div><pre>org.testng.TestNGException: 
Method public void com.saksoft.qa.apttestscripts.IMSN_Translator.Addnumbertranslationfunction(java.util.Map) throws java.lang.Exception requires a @DataProvider named : DataReader_ManageTranslation in class com.saksoft.qa.excellibrary.APT_DataReader_SS
	at java.util.concurrent.FutureTask.run(Unknown Source)
	at java.util.concurrent.ThreadPoolExecutor.runWorker(Unknown Source)
	at java.util.concurrent.ThreadPoolExecutor$Worker.run(Unknown Source)
	at java.lang.Thread.run(Unknown Source)
... Removed 13 stack frames</pre></div><a href='#' onClick='toggleBox("stack-trace598693208", this, "Click to show all stack frames", "Click to hide stack frames")'>Click to show all stack frames</a>
<div class='stack-trace' id='stack-trace598693208'><pre>org.testng.TestNGException: 
Method public void com.saksoft.qa.apttestscripts.IMSN_Translator.Addnumbertranslationfunction(java.util.Map) throws java.lang.Exception requires a @DataProvider named : DataReader_ManageTranslation in class com.saksoft.qa.excellibrary.APT_DataReader_SS
	at org.testng.internal.Parameters.findDataProvider(Parameters.java:268)
	at org.testng.internal.Parameters.handleParameters(Parameters.java:417)
	at org.testng.internal.Invoker.handleParameters(Invoker.java:1383)
	at org.testng.internal.Invoker.createParameters(Invoker.java:1075)
	at org.testng.internal.Invoker.invokeTestMethods(Invoker.java:1180)
	at org.testng.internal.TestMethodWorker.invokeTestMethods(TestMethodWorker.java:127)
	at org.testng.internal.TestMethodWorker.run(TestMethodWorker.java:111)
	at org.testng.TestRunner.privateRun(TestRunner.java:767)
	at org.testng.TestRunner.run(TestRunner.java:617)
	at org.testng.SuiteRunner.runTest(SuiteRunner.java:334)
	at org.testng.SuiteRunner.access$000(SuiteRunner.java:37)
	at org.testng.SuiteRunner$SuiteWorker.run(SuiteRunner.java:368)
	at org.testng.internal.thread.ThreadUtil$2.call(ThreadUtil.java:64)
	at java.util.concurrent.FutureTask.run(Unknown Source)
	at java.util.concurrent.ThreadPoolExecutor.runWorker(Unknown Source)
	at java.util.concurrent.ThreadPoolExecutor$Worker.run(Unknown Source)
	at java.lang.Thread.run(Unknown Source)
</pre></div></td>
<td>0</td>
<td>com.saksoft.qa.apttestscripts.IMSN_Translator@f6c48ac</td></tr>
<tr>
<td title='com.saksoft.qa.apttestscripts.APT_DomainManagementTest.CreateCustomer()'><b>CreateCustomer</b><br>Test class: com.saksoft.qa.apttestscripts.APT_DomainManagementTest<br>Test method: TC-01</td>
<td><div><pre>org.testng.TestNGException: 
Method public void com.saksoft.qa.apttestscripts.APT_DomainManagementTest.CreateCustomer(java.util.Map) throws java.lang.Exception requires a @DataProvider named : Finaldatareader_Domain in class com.saksoft.qa.driverlibrary.DataReader_PK
	at java.util.concurrent.FutureTask.run(Unknown Source)
	at java.util.concurrent.ThreadPoolExecutor.runWorker(Unknown Source)
	at java.util.concurrent.ThreadPoolExecutor$Worker.run(Unknown Source)
	at java.lang.Thread.run(Unknown Source)
... Removed 13 stack frames</pre></div><a href='#' onClick='toggleBox("stack-trace1836666857", this, "Click to show all stack frames", "Click to hide stack frames")'>Click to show all stack frames</a>
<div class='stack-trace' id='stack-trace1836666857'><pre>org.testng.TestNGException: 
Method public void com.saksoft.qa.apttestscripts.APT_DomainManagementTest.CreateCustomer(java.util.Map) throws java.lang.Exception requires a @DataProvider named : Finaldatareader_Domain in class com.saksoft.qa.driverlibrary.DataReader_PK
	at org.testng.internal.Parameters.findDataProvider(Parameters.java:268)
	at org.testng.internal.Parameters.handleParameters(Parameters.java:417)
	at org.testng.internal.Invoker.handleParameters(Invoker.java:1383)
	at org.testng.internal.Invoker.createParameters(Invoker.java:1075)
	at org.testng.internal.Invoker.invokeTestMethods(Invoker.java:1180)
	at org.testng.internal.TestMethodWorker.invokeTestMethods(TestMethodWorker.java:127)
	at org.testng.internal.TestMethodWorker.run(TestMethodWorker.java:111)
	at org.testng.TestRunner.privateRun(TestRunner.java:767)
	at org.testng.TestRunner.run(TestRunner.java:617)
	at org.testng.SuiteRunner.runTest(SuiteRunner.java:334)
	at org.testng.SuiteRunner.access$000(SuiteRunner.java:37)
	at org.testng.SuiteRunner$SuiteWorker.run(SuiteRunner.java:368)
	at org.testng.internal.thread.ThreadUtil$2.call(ThreadUtil.java:64)
	at java.util.concurrent.FutureTask.run(Unknown Source)
	at java.util.concurrent.ThreadPoolExecutor.runWorker(Unknown Source)
	at java.util.concurrent.ThreadPoolExecutor$Worker.run(Unknown Source)
	at java.lang.Thread.run(Unknown Source)
</pre></div></td>
<td>0</td>
<td>com.saksoft.qa.apttestscripts.APT_DomainManagementTest@464bee09</td></tr>
<tr>
<td title='com.saksoft.qa.apttestscripts.Hss.VerifyAddDevice()'><b>VerifyAddDevice</b><br>Test class: com.saksoft.qa.apttestscripts.Hss</td>
<td><div><pre>org.testng.TestNGException: 
Method public void com.saksoft.qa.apttestscripts.Hss.VerifyAddDevice(java.util.Map) throws java.lang.Exception requires a @DataProvider named : DataReader_createService_Hss in class com.saksoft.qa.excellibrary.APT_DataReader_SS
	at java.util.concurrent.FutureTask.run(Unknown Source)
	at java.util.concurrent.ThreadPoolExecutor.runWorker(Unknown Source)
	at java.util.concurrent.ThreadPoolExecutor$Worker.run(Unknown Source)
	at java.lang.Thread.run(Unknown Source)
... Removed 13 stack frames</pre></div><a href='#' onClick='toggleBox("stack-trace1603332769", this, "Click to show all stack frames", "Click to hide stack frames")'>Click to show all stack frames</a>
<div class='stack-trace' id='stack-trace1603332769'><pre>org.testng.TestNGException: 
Method public void com.saksoft.qa.apttestscripts.Hss.VerifyAddDevice(java.util.Map) throws java.lang.Exception requires a @DataProvider named : DataReader_createService_Hss in class com.saksoft.qa.excellibrary.APT_DataReader_SS
	at org.testng.internal.Parameters.findDataProvider(Parameters.java:268)
	at org.testng.internal.Parameters.handleParameters(Parameters.java:417)
	at org.testng.internal.Invoker.handleParameters(Invoker.java:1383)
	at org.testng.internal.Invoker.createParameters(Invoker.java:1075)
	at org.testng.internal.Invoker.invokeTestMethods(Invoker.java:1180)
	at org.testng.internal.TestMethodWorker.invokeTestMethods(TestMethodWorker.java:127)
	at org.testng.internal.TestMethodWorker.run(TestMethodWorker.java:111)
	at org.testng.TestRunner.privateRun(TestRunner.java:767)
	at org.testng.TestRunner.run(TestRunner.java:617)
	at org.testng.SuiteRunner.runTest(SuiteRunner.java:334)
	at org.testng.SuiteRunner.access$000(SuiteRunner.java:37)
	at org.testng.SuiteRunner$SuiteWorker.run(SuiteRunner.java:368)
	at org.testng.internal.thread.ThreadUtil$2.call(ThreadUtil.java:64)
	at java.util.concurrent.FutureTask.run(Unknown Source)
	at java.util.concurrent.ThreadPoolExecutor.runWorker(Unknown Source)
	at java.util.concurrent.ThreadPoolExecutor$Worker.run(Unknown Source)
	at java.lang.Thread.run(Unknown Source)
</pre></div></td>
<td>0</td>
<td>com.saksoft.qa.apttestscripts.Hss@13deb50e</td></tr>
<tr>
<td title='com.saksoft.qa.apttestscripts.APT_MSPLatencyGridTest.VerifyMSPLatency()'><b>VerifyMSPLatency</b><br>Test class: com.saksoft.qa.apttestscripts.APT_MSPLatencyGridTest<br>Test method: MSP Latency Grip</td>
<td><div><pre>org.testng.TestNGException: 
Method public void com.saksoft.qa.apttestscripts.APT_MSPLatencyGridTest.VerifyMSPLatency(java.util.Map) throws java.lang.Exception requires a @DataProvider named : Finaldatareader_MSPLatency in class com.saksoft.qa.driverlibrary.DataReader_PK
	at java.util.concurrent.FutureTask.run(Unknown Source)
	at java.util.concurrent.ThreadPoolExecutor.runWorker(Unknown Source)
	at java.util.concurrent.ThreadPoolExecutor$Worker.run(Unknown Source)
	at java.lang.Thread.run(Unknown Source)
... Removed 13 stack frames</pre></div><a href='#' onClick='toggleBox("stack-trace1888402499", this, "Click to show all stack frames", "Click to hide stack frames")'>Click to show all stack frames</a>
<div class='stack-trace' id='stack-trace1888402499'><pre>org.testng.TestNGException: 
Method public void com.saksoft.qa.apttestscripts.APT_MSPLatencyGridTest.VerifyMSPLatency(java.util.Map) throws java.lang.Exception requires a @DataProvider named : Finaldatareader_MSPLatency in class com.saksoft.qa.driverlibrary.DataReader_PK
	at org.testng.internal.Parameters.findDataProvider(Parameters.java:268)
	at org.testng.internal.Parameters.handleParameters(Parameters.java:417)
	at org.testng.internal.Invoker.handleParameters(Invoker.java:1383)
	at org.testng.internal.Invoker.createParameters(Invoker.java:1075)
	at org.testng.internal.Invoker.invokeTestMethods(Invoker.java:1180)
	at org.testng.internal.TestMethodWorker.invokeTestMethods(TestMethodWorker.java:127)
	at org.testng.internal.TestMethodWorker.run(TestMethodWorker.java:111)
	at org.testng.TestRunner.privateRun(TestRunner.java:767)
	at org.testng.TestRunner.run(TestRunner.java:617)
	at org.testng.SuiteRunner.runTest(SuiteRunner.java:334)
	at org.testng.SuiteRunner.access$000(SuiteRunner.java:37)
	at org.testng.SuiteRunner$SuiteWorker.run(SuiteRunner.java:368)
	at org.testng.internal.thread.ThreadUtil$2.call(ThreadUtil.java:64)
	at java.util.concurrent.FutureTask.run(Unknown Source)
	at java.util.concurrent.ThreadPoolExecutor.runWorker(Unknown Source)
	at java.util.concurrent.ThreadPoolExecutor$Worker.run(Unknown Source)
	at java.lang.Thread.run(Unknown Source)
</pre></div></td>
<td>0</td>
<td>com.saksoft.qa.apttestscripts.APT_MSPLatencyGridTest@239963d8</td></tr>
<tr>
<td title='com.saksoft.qa.apttestscripts.Hss.VerifyManagementPanel()'><b>VerifyManagementPanel</b><br>Test class: com.saksoft.qa.apttestscripts.Hss</td>
<td><div><pre>org.testng.TestNGException: 
Method public void com.saksoft.qa.apttestscripts.Hss.VerifyManagementPanel(java.util.Map) throws java.lang.Exception requires a @DataProvider named : DataReader_createService_Hss in class com.saksoft.qa.excellibrary.APT_DataReader_SS
	at java.util.concurrent.FutureTask.run(Unknown Source)
	at java.util.concurrent.ThreadPoolExecutor.runWorker(Unknown Source)
	at java.util.concurrent.ThreadPoolExecutor$Worker.run(Unknown Source)
	at java.lang.Thread.run(Unknown Source)
... Removed 13 stack frames</pre></div><a href='#' onClick='toggleBox("stack-trace693248671", this, "Click to show all stack frames", "Click to hide stack frames")'>Click to show all stack frames</a>
<div class='stack-trace' id='stack-trace693248671'><pre>org.testng.TestNGException: 
Method public void com.saksoft.qa.apttestscripts.Hss.VerifyManagementPanel(java.util.Map) throws java.lang.Exception requires a @DataProvider named : DataReader_createService_Hss in class com.saksoft.qa.excellibrary.APT_DataReader_SS
	at org.testng.internal.Parameters.findDataProvider(Parameters.java:268)
	at org.testng.internal.Parameters.handleParameters(Parameters.java:417)
	at org.testng.internal.Invoker.handleParameters(Invoker.java:1383)
	at org.testng.internal.Invoker.createParameters(Invoker.java:1075)
	at org.testng.internal.Invoker.invokeTestMethods(Invoker.java:1180)
	at org.testng.internal.TestMethodWorker.invokeTestMethods(TestMethodWorker.java:127)
	at org.testng.internal.TestMethodWorker.run(TestMethodWorker.java:111)
	at org.testng.TestRunner.privateRun(TestRunner.java:767)
	at org.testng.TestRunner.run(TestRunner.java:617)
	at org.testng.SuiteRunner.runTest(SuiteRunner.java:334)
	at org.testng.SuiteRunner.access$000(SuiteRunner.java:37)
	at org.testng.SuiteRunner$SuiteWorker.run(SuiteRunner.java:368)
	at org.testng.internal.thread.ThreadUtil$2.call(ThreadUtil.java:64)
	at java.util.concurrent.FutureTask.run(Unknown Source)
	at java.util.concurrent.ThreadPoolExecutor.runWorker(Unknown Source)
	at java.util.concurrent.ThreadPoolExecutor$Worker.run(Unknown Source)
	at java.lang.Thread.run(Unknown Source)
</pre></div></td>
<td>0</td>
<td>com.saksoft.qa.apttestscripts.Hss@13deb50e</td></tr>
<tr>
<td title='com.saksoft.qa.apttestscripts.Hss.VerifyOrderPanel()'><b>VerifyOrderPanel</b><br>Test class: com.saksoft.qa.apttestscripts.Hss</td>
<td><div><pre>org.testng.TestNGException: 
Method public void com.saksoft.qa.apttestscripts.Hss.VerifyOrderPanel(java.util.Map) throws java.lang.Exception requires a @DataProvider named : DataReader_createService_Hss in class com.saksoft.qa.excellibrary.APT_DataReader_SS
	at java.util.concurrent.FutureTask.run(Unknown Source)
	at java.util.concurrent.ThreadPoolExecutor.runWorker(Unknown Source)
	at java.util.concurrent.ThreadPoolExecutor$Worker.run(Unknown Source)
	at java.lang.Thread.run(Unknown Source)
... Removed 13 stack frames</pre></div><a href='#' onClick='toggleBox("stack-trace250820187", this, "Click to show all stack frames", "Click to hide stack frames")'>Click to show all stack frames</a>
<div class='stack-trace' id='stack-trace250820187'><pre>org.testng.TestNGException: 
Method public void com.saksoft.qa.apttestscripts.Hss.VerifyOrderPanel(java.util.Map) throws java.lang.Exception requires a @DataProvider named : DataReader_createService_Hss in class com.saksoft.qa.excellibrary.APT_DataReader_SS
	at org.testng.internal.Parameters.findDataProvider(Parameters.java:268)
	at org.testng.internal.Parameters.handleParameters(Parameters.java:417)
	at org.testng.internal.Invoker.handleParameters(Invoker.java:1383)
	at org.testng.internal.Invoker.createParameters(Invoker.java:1075)
	at org.testng.internal.Invoker.invokeTestMethods(Invoker.java:1180)
	at org.testng.internal.TestMethodWorker.invokeTestMethods(TestMethodWorker.java:127)
	at org.testng.internal.TestMethodWorker.run(TestMethodWorker.java:111)
	at org.testng.TestRunner.privateRun(TestRunner.java:767)
	at org.testng.TestRunner.run(TestRunner.java:617)
	at org.testng.SuiteRunner.runTest(SuiteRunner.java:334)
	at org.testng.SuiteRunner.access$000(SuiteRunner.java:37)
	at org.testng.SuiteRunner$SuiteWorker.run(SuiteRunner.java:368)
	at org.testng.internal.thread.ThreadUtil$2.call(ThreadUtil.java:64)
	at java.util.concurrent.FutureTask.run(Unknown Source)
	at java.util.concurrent.ThreadPoolExecutor.runWorker(Unknown Source)
	at java.util.concurrent.ThreadPoolExecutor$Worker.run(Unknown Source)
	at java.lang.Thread.run(Unknown Source)
</pre></div></td>
<td>0</td>
<td>com.saksoft.qa.apttestscripts.Hss@13deb50e</td></tr>
<tr>
<td title='com.saksoft.qa.apttestscripts.Hss.VerifyServicecreatedPanel()'><b>VerifyServicecreatedPanel</b><br>Test class: com.saksoft.qa.apttestscripts.Hss</td>
<td><div><pre>org.testng.TestNGException: 
Method public void com.saksoft.qa.apttestscripts.Hss.VerifyServicecreatedPanel(java.util.Map) throws java.lang.Exception requires a @DataProvider named : DataReader_createService_Hss in class com.saksoft.qa.excellibrary.APT_DataReader_SS
	at java.util.concurrent.FutureTask.run(Unknown Source)
	at java.util.concurrent.ThreadPoolExecutor.runWorker(Unknown Source)
	at java.util.concurrent.ThreadPoolExecutor$Worker.run(Unknown Source)
	at java.lang.Thread.run(Unknown Source)
... Removed 13 stack frames</pre></div><a href='#' onClick='toggleBox("stack-trace1458442438", this, "Click to show all stack frames", "Click to hide stack frames")'>Click to show all stack frames</a>
<div class='stack-trace' id='stack-trace1458442438'><pre>org.testng.TestNGException: 
Method public void com.saksoft.qa.apttestscripts.Hss.VerifyServicecreatedPanel(java.util.Map) throws java.lang.Exception requires a @DataProvider named : DataReader_createService_Hss in class com.saksoft.qa.excellibrary.APT_DataReader_SS
	at org.testng.internal.Parameters.findDataProvider(Parameters.java:268)
	at org.testng.internal.Parameters.handleParameters(Parameters.java:417)
	at org.testng.internal.Invoker.handleParameters(Invoker.java:1383)
	at org.testng.internal.Invoker.createParameters(Invoker.java:1075)
	at org.testng.internal.Invoker.invokeTestMethods(Invoker.java:1180)
	at org.testng.internal.TestMethodWorker.invokeTestMethods(TestMethodWorker.java:127)
	at org.testng.internal.TestMethodWorker.run(TestMethodWorker.java:111)
	at org.testng.TestRunner.privateRun(TestRunner.java:767)
	at org.testng.TestRunner.run(TestRunner.java:617)
	at org.testng.SuiteRunner.runTest(SuiteRunner.java:334)
	at org.testng.SuiteRunner.access$000(SuiteRunner.java:37)
	at org.testng.SuiteRunner$SuiteWorker.run(SuiteRunner.java:368)
	at org.testng.internal.thread.ThreadUtil$2.call(ThreadUtil.java:64)
	at java.util.concurrent.FutureTask.run(Unknown Source)
	at java.util.concurrent.ThreadPoolExecutor.runWorker(Unknown Source)
	at java.util.concurrent.ThreadPoolExecutor$Worker.run(Unknown Source)
	at java.lang.Thread.run(Unknown Source)
</pre></div></td>
<td>0</td>
<td>com.saksoft.qa.apttestscripts.Hss@13deb50e</td></tr>
<tr>
<td title='com.saksoft.qa.apttestscripts.Hss.chooseCustomer()'><b>chooseCustomer</b><br>Test class: com.saksoft.qa.apttestscripts.Hss</td>
<td><div><pre>org.testng.TestNGException: 
Method public void com.saksoft.qa.apttestscripts.Hss.chooseCustomer(java.util.Map) throws java.lang.Exception requires a @DataProvider named : DataReader_createService_Hss in class com.saksoft.qa.excellibrary.APT_DataReader_SS
	at java.util.concurrent.FutureTask.run(Unknown Source)
	at java.util.concurrent.ThreadPoolExecutor.runWorker(Unknown Source)
	at java.util.concurrent.ThreadPoolExecutor$Worker.run(Unknown Source)
	at java.lang.Thread.run(Unknown Source)
... Removed 13 stack frames</pre></div><a href='#' onClick='toggleBox("stack-trace1401406204", this, "Click to show all stack frames", "Click to hide stack frames")'>Click to show all stack frames</a>
<div class='stack-trace' id='stack-trace1401406204'><pre>org.testng.TestNGException: 
Method public void com.saksoft.qa.apttestscripts.Hss.chooseCustomer(java.util.Map) throws java.lang.Exception requires a @DataProvider named : DataReader_createService_Hss in class com.saksoft.qa.excellibrary.APT_DataReader_SS
	at org.testng.internal.Parameters.findDataProvider(Parameters.java:268)
	at org.testng.internal.Parameters.handleParameters(Parameters.java:417)
	at org.testng.internal.Invoker.handleParameters(Invoker.java:1383)
	at org.testng.internal.Invoker.createParameters(Invoker.java:1075)
	at org.testng.internal.Invoker.invokeTestMethods(Invoker.java:1180)
	at org.testng.internal.TestMethodWorker.invokeTestMethods(TestMethodWorker.java:127)
	at org.testng.internal.TestMethodWorker.run(TestMethodWorker.java:111)
	at org.testng.TestRunner.privateRun(TestRunner.java:767)
	at org.testng.TestRunner.run(TestRunner.java:617)
	at org.testng.SuiteRunner.runTest(SuiteRunner.java:334)
	at org.testng.SuiteRunner.access$000(SuiteRunner.java:37)
	at org.testng.SuiteRunner$SuiteWorker.run(SuiteRunner.java:368)
	at org.testng.internal.thread.ThreadUtil$2.call(ThreadUtil.java:64)
	at java.util.concurrent.FutureTask.run(Unknown Source)
	at java.util.concurrent.ThreadPoolExecutor.runWorker(Unknown Source)
	at java.util.concurrent.ThreadPoolExecutor$Worker.run(Unknown Source)
	at java.lang.Thread.run(Unknown Source)
</pre></div></td>
<td>0</td>
<td>com.saksoft.qa.apttestscripts.Hss@13deb50e</td></tr>
<tr>
<td title='com.saksoft.qa.apttestscripts.APT_AutomationTest.choosecustomer()'><b>choosecustomer</b><br>Test class: com.saksoft.qa.apttestscripts.APT_AutomationTest<br>Test method: TC-02<br>Parameters: {Existing RFIREQNumber=NGINRFI_23, NewOrderNumber=NewOrderTest01, Email=ngin23@test.com, ExistingOrderNumber=NGINOrder_23, NewRFIREQNumber=WholeSale, CountryToBeSelected=BE (Belgium), Reference=testreference23, ExistingOrderService=No, DedicatedPortal=Vodafone Portal, Name=NGIN_23, TechnicalContactName=ngincontact23, ChooseCustomerToBeSelected=NGIN_23, DedicatedPortalStatus=NO, Phone=9876898363, NewOrderService=Yes, MainDomain=ngindomain23.com, OCN=nginocn23, Fax=238883, TypeToBeSelected=Colt Telecom - internal, Name1=NGIN_, Name2=23}</td>
<td></td>
<td>0</td>
<td>com.saksoft.qa.apttestscripts.APT_AutomationTest@6eebc39e</td></tr>
<tr>
<td title='com.saksoft.qa.apttestscripts.APT_DomainManagementTest.choosecustomer()'><b>choosecustomer</b><br>Test class: com.saksoft.qa.apttestscripts.APT_DomainManagementTest<br>Test method: TC-02</td>
<td><div><pre>org.testng.TestNGException: 
Method public void com.saksoft.qa.apttestscripts.APT_DomainManagementTest.choosecustomer(java.util.Map) throws java.lang.InterruptedException,org.dom4j.DocumentException,java.io.IOException requires a @DataProvider named : Finaldatareader_Domain in class com.saksoft.qa.driverlibrary.DataReader_PK
	at java.util.concurrent.FutureTask.run(Unknown Source)
	at java.util.concurrent.ThreadPoolExecutor.runWorker(Unknown Source)
	at java.util.concurrent.ThreadPoolExecutor$Worker.run(Unknown Source)
	at java.lang.Thread.run(Unknown Source)
... Removed 13 stack frames</pre></div><a href='#' onClick='toggleBox("stack-trace1811498185", this, "Click to show all stack frames", "Click to hide stack frames")'>Click to show all stack frames</a>
<div class='stack-trace' id='stack-trace1811498185'><pre>org.testng.TestNGException: 
Method public void com.saksoft.qa.apttestscripts.APT_DomainManagementTest.choosecustomer(java.util.Map) throws java.lang.InterruptedException,org.dom4j.DocumentException,java.io.IOException requires a @DataProvider named : Finaldatareader_Domain in class com.saksoft.qa.driverlibrary.DataReader_PK
	at org.testng.internal.Parameters.findDataProvider(Parameters.java:268)
	at org.testng.internal.Parameters.handleParameters(Parameters.java:417)
	at org.testng.internal.Invoker.handleParameters(Invoker.java:1383)
	at org.testng.internal.Invoker.createParameters(Invoker.java:1075)
	at org.testng.internal.Invoker.invokeTestMethods(Invoker.java:1180)
	at org.testng.internal.TestMethodWorker.invokeTestMethods(TestMethodWorker.java:127)
	at org.testng.internal.TestMethodWorker.run(TestMethodWorker.java:111)
	at org.testng.TestRunner.privateRun(TestRunner.java:767)
	at org.testng.TestRunner.run(TestRunner.java:617)
	at org.testng.SuiteRunner.runTest(SuiteRunner.java:334)
	at org.testng.SuiteRunner.access$000(SuiteRunner.java:37)
	at org.testng.SuiteRunner$SuiteWorker.run(SuiteRunner.java:368)
	at org.testng.internal.thread.ThreadUtil$2.call(ThreadUtil.java:64)
	at java.util.concurrent.FutureTask.run(Unknown Source)
	at java.util.concurrent.ThreadPoolExecutor.runWorker(Unknown Source)
	at java.util.concurrent.ThreadPoolExecutor$Worker.run(Unknown Source)
	at java.lang.Thread.run(Unknown Source)
</pre></div></td>
<td>0</td>
<td>com.saksoft.qa.apttestscripts.APT_DomainManagementTest@464bee09</td></tr>
<tr>
<td title='com.saksoft.qa.apttestscripts.IMSN_Translator.entervaluesinAddTranslation()'><b>entervaluesinAddTranslation</b><br>Test class: com.saksoft.qa.apttestscripts.IMSN_Translator</td>
<td><div><pre>org.testng.TestNGException: 
Method public void com.saksoft.qa.apttestscripts.IMSN_Translator.entervaluesinAddTranslation(java.util.Map) throws java.lang.Exception requires a @DataProvider named : DataReader_ManageTranslation in class com.saksoft.qa.excellibrary.APT_DataReader_SS
	at java.util.concurrent.FutureTask.run(Unknown Source)
	at java.util.concurrent.ThreadPoolExecutor.runWorker(Unknown Source)
	at java.util.concurrent.ThreadPoolExecutor$Worker.run(Unknown Source)
	at java.lang.Thread.run(Unknown Source)
... Removed 13 stack frames</pre></div><a href='#' onClick='toggleBox("stack-trace2083517955", this, "Click to show all stack frames", "Click to hide stack frames")'>Click to show all stack frames</a>
<div class='stack-trace' id='stack-trace2083517955'><pre>org.testng.TestNGException: 
Method public void com.saksoft.qa.apttestscripts.IMSN_Translator.entervaluesinAddTranslation(java.util.Map) throws java.lang.Exception requires a @DataProvider named : DataReader_ManageTranslation in class com.saksoft.qa.excellibrary.APT_DataReader_SS
	at org.testng.internal.Parameters.findDataProvider(Parameters.java:268)
	at org.testng.internal.Parameters.handleParameters(Parameters.java:417)
	at org.testng.internal.Invoker.handleParameters(Invoker.java:1383)
	at org.testng.internal.Invoker.createParameters(Invoker.java:1075)
	at org.testng.internal.Invoker.invokeTestMethods(Invoker.java:1180)
	at org.testng.internal.TestMethodWorker.invokeTestMethods(TestMethodWorker.java:127)
	at org.testng.internal.TestMethodWorker.run(TestMethodWorker.java:111)
	at org.testng.TestRunner.privateRun(TestRunner.java:767)
	at org.testng.TestRunner.run(TestRunner.java:617)
	at org.testng.SuiteRunner.runTest(SuiteRunner.java:334)
	at org.testng.SuiteRunner.access$000(SuiteRunner.java:37)
	at org.testng.SuiteRunner$SuiteWorker.run(SuiteRunner.java:368)
	at org.testng.internal.thread.ThreadUtil$2.call(ThreadUtil.java:64)
	at java.util.concurrent.FutureTask.run(Unknown Source)
	at java.util.concurrent.ThreadPoolExecutor.runWorker(Unknown Source)
	at java.util.concurrent.ThreadPoolExecutor$Worker.run(Unknown Source)
	at java.lang.Thread.run(Unknown Source)
</pre></div></td>
<td>0</td>
<td>com.saksoft.qa.apttestscripts.IMSN_Translator@f6c48ac</td></tr>
<tr>
<td title='com.saksoft.qa.apttestscripts.Hss.fillvaluesServiceOrder()'><b>fillvaluesServiceOrder</b><br>Test class: com.saksoft.qa.apttestscripts.Hss</td>
<td><div><pre>org.testng.TestNGException: 
Method public void com.saksoft.qa.apttestscripts.Hss.fillvaluesServiceOrder(java.util.Map) throws java.lang.Exception requires a @DataProvider named : DataReader_createService_Hss in class com.saksoft.qa.excellibrary.APT_DataReader_SS
	at java.util.concurrent.FutureTask.run(Unknown Source)
	at java.util.concurrent.ThreadPoolExecutor.runWorker(Unknown Source)
	at java.util.concurrent.ThreadPoolExecutor$Worker.run(Unknown Source)
	at java.lang.Thread.run(Unknown Source)
... Removed 13 stack frames</pre></div><a href='#' onClick='toggleBox("stack-trace1524740448", this, "Click to show all stack frames", "Click to hide stack frames")'>Click to show all stack frames</a>
<div class='stack-trace' id='stack-trace1524740448'><pre>org.testng.TestNGException: 
Method public void com.saksoft.qa.apttestscripts.Hss.fillvaluesServiceOrder(java.util.Map) throws java.lang.Exception requires a @DataProvider named : DataReader_createService_Hss in class com.saksoft.qa.excellibrary.APT_DataReader_SS
	at org.testng.internal.Parameters.findDataProvider(Parameters.java:268)
	at org.testng.internal.Parameters.handleParameters(Parameters.java:417)
	at org.testng.internal.Invoker.handleParameters(Invoker.java:1383)
	at org.testng.internal.Invoker.createParameters(Invoker.java:1075)
	at org.testng.internal.Invoker.invokeTestMethods(Invoker.java:1180)
	at org.testng.internal.TestMethodWorker.invokeTestMethods(TestMethodWorker.java:127)
	at org.testng.internal.TestMethodWorker.run(TestMethodWorker.java:111)
	at org.testng.TestRunner.privateRun(TestRunner.java:767)
	at org.testng.TestRunner.run(TestRunner.java:617)
	at org.testng.SuiteRunner.runTest(SuiteRunner.java:334)
	at org.testng.SuiteRunner.access$000(SuiteRunner.java:37)
	at org.testng.SuiteRunner$SuiteWorker.run(SuiteRunner.java:368)
	at org.testng.internal.thread.ThreadUtil$2.call(ThreadUtil.java:64)
	at java.util.concurrent.FutureTask.run(Unknown Source)
	at java.util.concurrent.ThreadPoolExecutor.runWorker(Unknown Source)
	at java.util.concurrent.ThreadPoolExecutor$Worker.run(Unknown Source)
	at java.lang.Thread.run(Unknown Source)
</pre></div></td>
<td>0</td>
<td>com.saksoft.qa.apttestscripts.Hss@13deb50e</td></tr>
<tr>
<td title='com.saksoft.qa.apttestscripts.IMSN_Translator.manageColtNetwork()'><b>manageColtNetwork</b><br>Test class: com.saksoft.qa.apttestscripts.IMSN_Translator</td>
<td><div><pre>org.testng.TestNGException: 
Method public void com.saksoft.qa.apttestscripts.IMSN_Translator.manageColtNetwork(java.util.Map) throws java.lang.Exception requires a @DataProvider named : DataReader_ManageTranslation in class com.saksoft.qa.excellibrary.APT_DataReader_SS
	at java.util.concurrent.FutureTask.run(Unknown Source)
	at java.util.concurrent.ThreadPoolExecutor.runWorker(Unknown Source)
	at java.util.concurrent.ThreadPoolExecutor$Worker.run(Unknown Source)
	at java.lang.Thread.run(Unknown Source)
... Removed 13 stack frames</pre></div><a href='#' onClick='toggleBox("stack-trace932976866", this, "Click to show all stack frames", "Click to hide stack frames")'>Click to show all stack frames</a>
<div class='stack-trace' id='stack-trace932976866'><pre>org.testng.TestNGException: 
Method public void com.saksoft.qa.apttestscripts.IMSN_Translator.manageColtNetwork(java.util.Map) throws java.lang.Exception requires a @DataProvider named : DataReader_ManageTranslation in class com.saksoft.qa.excellibrary.APT_DataReader_SS
	at org.testng.internal.Parameters.findDataProvider(Parameters.java:268)
	at org.testng.internal.Parameters.handleParameters(Parameters.java:417)
	at org.testng.internal.Invoker.handleParameters(Invoker.java:1383)
	at org.testng.internal.Invoker.createParameters(Invoker.java:1075)
	at org.testng.internal.Invoker.invokeTestMethods(Invoker.java:1180)
	at org.testng.internal.TestMethodWorker.invokeTestMethods(TestMethodWorker.java:127)
	at org.testng.internal.TestMethodWorker.run(TestMethodWorker.java:111)
	at org.testng.TestRunner.privateRun(TestRunner.java:767)
	at org.testng.TestRunner.run(TestRunner.java:617)
	at org.testng.SuiteRunner.runTest(SuiteRunner.java:334)
	at org.testng.SuiteRunner.access$000(SuiteRunner.java:37)
	at org.testng.SuiteRunner$SuiteWorker.run(SuiteRunner.java:368)
	at org.testng.internal.thread.ThreadUtil$2.call(ThreadUtil.java:64)
	at java.util.concurrent.FutureTask.run(Unknown Source)
	at java.util.concurrent.ThreadPoolExecutor.runWorker(Unknown Source)
	at java.util.concurrent.ThreadPoolExecutor$Worker.run(Unknown Source)
	at java.lang.Thread.run(Unknown Source)
</pre></div></td>
<td>0</td>
<td>com.saksoft.qa.apttestscripts.IMSN_Translator@f6c48ac</td></tr>
<tr>
<td title='com.saksoft.qa.apttestscripts.IMSN_Translator.manageNumberTranslationinternal()'><b>manageNumberTranslationinternal</b><br>Test class: com.saksoft.qa.apttestscripts.IMSN_Translator</td>
<td><div><pre>org.testng.TestNGException: 
Method public void com.saksoft.qa.apttestscripts.IMSN_Translator.manageNumberTranslationinternal(java.util.Map) throws java.lang.Exception requires a @DataProvider named : DataReader_ManageTranslation in class com.saksoft.qa.excellibrary.APT_DataReader_SS
	at java.util.concurrent.FutureTask.run(Unknown Source)
	at java.util.concurrent.ThreadPoolExecutor.runWorker(Unknown Source)
	at java.util.concurrent.ThreadPoolExecutor$Worker.run(Unknown Source)
	at java.lang.Thread.run(Unknown Source)
... Removed 13 stack frames</pre></div><a href='#' onClick='toggleBox("stack-trace375573972", this, "Click to show all stack frames", "Click to hide stack frames")'>Click to show all stack frames</a>
<div class='stack-trace' id='stack-trace375573972'><pre>org.testng.TestNGException: 
Method public void com.saksoft.qa.apttestscripts.IMSN_Translator.manageNumberTranslationinternal(java.util.Map) throws java.lang.Exception requires a @DataProvider named : DataReader_ManageTranslation in class com.saksoft.qa.excellibrary.APT_DataReader_SS
	at org.testng.internal.Parameters.findDataProvider(Parameters.java:268)
	at org.testng.internal.Parameters.handleParameters(Parameters.java:417)
	at org.testng.internal.Invoker.handleParameters(Invoker.java:1383)
	at org.testng.internal.Invoker.createParameters(Invoker.java:1075)
	at org.testng.internal.Invoker.invokeTestMethods(Invoker.java:1180)
	at org.testng.internal.TestMethodWorker.invokeTestMethods(TestMethodWorker.java:127)
	at org.testng.internal.TestMethodWorker.run(TestMethodWorker.java:111)
	at org.testng.TestRunner.privateRun(TestRunner.java:767)
	at org.testng.TestRunner.run(TestRunner.java:617)
	at org.testng.SuiteRunner.runTest(SuiteRunner.java:334)
	at org.testng.SuiteRunner.access$000(SuiteRunner.java:37)
	at org.testng.SuiteRunner$SuiteWorker.run(SuiteRunner.java:368)
	at org.testng.internal.thread.ThreadUtil$2.call(ThreadUtil.java:64)
	at java.util.concurrent.FutureTask.run(Unknown Source)
	at java.util.concurrent.ThreadPoolExecutor.runWorker(Unknown Source)
	at java.util.concurrent.ThreadPoolExecutor$Worker.run(Unknown Source)
	at java.lang.Thread.run(Unknown Source)
</pre></div></td>
<td>0</td>
<td>com.saksoft.qa.apttestscripts.IMSN_Translator@f6c48ac</td></tr>
<tr>
<td title='com.saksoft.qa.apttestscripts.IMSN_Translator.verifyAddTranslationfields()'><b>verifyAddTranslationfields</b><br>Test class: com.saksoft.qa.apttestscripts.IMSN_Translator</td>
<td><div><pre>org.testng.TestNGException: 
Method public void com.saksoft.qa.apttestscripts.IMSN_Translator.verifyAddTranslationfields(java.util.Map) throws java.lang.Exception requires a @DataProvider named : DataReader_ManageTranslation in class com.saksoft.qa.excellibrary.APT_DataReader_SS
	at java.util.concurrent.FutureTask.run(Unknown Source)
	at java.util.concurrent.ThreadPoolExecutor.runWorker(Unknown Source)
	at java.util.concurrent.ThreadPoolExecutor$Worker.run(Unknown Source)
	at java.lang.Thread.run(Unknown Source)
... Removed 13 stack frames</pre></div><a href='#' onClick='toggleBox("stack-trace369016565", this, "Click to show all stack frames", "Click to hide stack frames")'>Click to show all stack frames</a>
<div class='stack-trace' id='stack-trace369016565'><pre>org.testng.TestNGException: 
Method public void com.saksoft.qa.apttestscripts.IMSN_Translator.verifyAddTranslationfields(java.util.Map) throws java.lang.Exception requires a @DataProvider named : DataReader_ManageTranslation in class com.saksoft.qa.excellibrary.APT_DataReader_SS
	at org.testng.internal.Parameters.findDataProvider(Parameters.java:268)
	at org.testng.internal.Parameters.handleParameters(Parameters.java:417)
	at org.testng.internal.Invoker.handleParameters(Invoker.java:1383)
	at org.testng.internal.Invoker.createParameters(Invoker.java:1075)
	at org.testng.internal.Invoker.invokeTestMethods(Invoker.java:1180)
	at org.testng.internal.TestMethodWorker.invokeTestMethods(TestMethodWorker.java:127)
	at org.testng.internal.TestMethodWorker.run(TestMethodWorker.java:111)
	at org.testng.TestRunner.privateRun(TestRunner.java:767)
	at org.testng.TestRunner.run(TestRunner.java:617)
	at org.testng.SuiteRunner.runTest(SuiteRunner.java:334)
	at org.testng.SuiteRunner.access$000(SuiteRunner.java:37)
	at org.testng.SuiteRunner$SuiteWorker.run(SuiteRunner.java:368)
	at org.testng.internal.thread.ThreadUtil$2.call(ThreadUtil.java:64)
	at java.util.concurrent.FutureTask.run(Unknown Source)
	at java.util.concurrent.ThreadPoolExecutor.runWorker(Unknown Source)
	at java.util.concurrent.ThreadPoolExecutor$Worker.run(Unknown Source)
	at java.lang.Thread.run(Unknown Source)
</pre></div></td>
<td>0</td>
<td>com.saksoft.qa.apttestscripts.IMSN_Translator@f6c48ac</td></tr>
<tr>
<td title='com.saksoft.qa.apttestscripts.IMSN_Translator.verifyListofCountries()'><b>verifyListofCountries</b><br>Test class: com.saksoft.qa.apttestscripts.IMSN_Translator</td>
<td><div><pre>org.testng.TestNGException: 
Method public void com.saksoft.qa.apttestscripts.IMSN_Translator.verifyListofCountries(java.util.Map) throws java.lang.Exception requires a @DataProvider named : DataReader_ManageTranslation in class com.saksoft.qa.excellibrary.APT_DataReader_SS
	at java.util.concurrent.FutureTask.run(Unknown Source)
	at java.util.concurrent.ThreadPoolExecutor.runWorker(Unknown Source)
	at java.util.concurrent.ThreadPoolExecutor$Worker.run(Unknown Source)
	at java.lang.Thread.run(Unknown Source)
... Removed 13 stack frames</pre></div><a href='#' onClick='toggleBox("stack-trace1111713691", this, "Click to show all stack frames", "Click to hide stack frames")'>Click to show all stack frames</a>
<div class='stack-trace' id='stack-trace1111713691'><pre>org.testng.TestNGException: 
Method public void com.saksoft.qa.apttestscripts.IMSN_Translator.verifyListofCountries(java.util.Map) throws java.lang.Exception requires a @DataProvider named : DataReader_ManageTranslation in class com.saksoft.qa.excellibrary.APT_DataReader_SS
	at org.testng.internal.Parameters.findDataProvider(Parameters.java:268)
	at org.testng.internal.Parameters.handleParameters(Parameters.java:417)
	at org.testng.internal.Invoker.handleParameters(Invoker.java:1383)
	at org.testng.internal.Invoker.createParameters(Invoker.java:1075)
	at org.testng.internal.Invoker.invokeTestMethods(Invoker.java:1180)
	at org.testng.internal.TestMethodWorker.invokeTestMethods(TestMethodWorker.java:127)
	at org.testng.internal.TestMethodWorker.run(TestMethodWorker.java:111)
	at org.testng.TestRunner.privateRun(TestRunner.java:767)
	at org.testng.TestRunner.run(TestRunner.java:617)
	at org.testng.SuiteRunner.runTest(SuiteRunner.java:334)
	at org.testng.SuiteRunner.access$000(SuiteRunner.java:37)
	at org.testng.SuiteRunner$SuiteWorker.run(SuiteRunner.java:368)
	at org.testng.internal.thread.ThreadUtil$2.call(ThreadUtil.java:64)
	at java.util.concurrent.FutureTask.run(Unknown Source)
	at java.util.concurrent.ThreadPoolExecutor.runWorker(Unknown Source)
	at java.util.concurrent.ThreadPoolExecutor$Worker.run(Unknown Source)
	at java.lang.Thread.run(Unknown Source)
</pre></div></td>
<td>0</td>
<td>com.saksoft.qa.apttestscripts.IMSN_Translator@f6c48ac</td></tr>
<tr>
<td title='com.saksoft.qa.apttestscripts.Hss.verifyListofFieldsForOrderandServicetype()'><b>verifyListofFieldsForOrderandServicetype</b><br>Test class: com.saksoft.qa.apttestscripts.Hss</td>
<td><div><pre>org.testng.TestNGException: 
Method public void com.saksoft.qa.apttestscripts.Hss.verifyListofFieldsForOrderandServicetype(java.util.Map) throws java.lang.Exception requires a @DataProvider named : DataReader_createService_Hss in class com.saksoft.qa.excellibrary.APT_DataReader_SS
	at java.util.concurrent.FutureTask.run(Unknown Source)
	at java.util.concurrent.ThreadPoolExecutor.runWorker(Unknown Source)
	at java.util.concurrent.ThreadPoolExecutor$Worker.run(Unknown Source)
	at java.lang.Thread.run(Unknown Source)
... Removed 13 stack frames</pre></div><a href='#' onClick='toggleBox("stack-trace365898809", this, "Click to show all stack frames", "Click to hide stack frames")'>Click to show all stack frames</a>
<div class='stack-trace' id='stack-trace365898809'><pre>org.testng.TestNGException: 
Method public void com.saksoft.qa.apttestscripts.Hss.verifyListofFieldsForOrderandServicetype(java.util.Map) throws java.lang.Exception requires a @DataProvider named : DataReader_createService_Hss in class com.saksoft.qa.excellibrary.APT_DataReader_SS
	at org.testng.internal.Parameters.findDataProvider(Parameters.java:268)
	at org.testng.internal.Parameters.handleParameters(Parameters.java:417)
	at org.testng.internal.Invoker.handleParameters(Invoker.java:1383)
	at org.testng.internal.Invoker.createParameters(Invoker.java:1075)
	at org.testng.internal.Invoker.invokeTestMethods(Invoker.java:1180)
	at org.testng.internal.TestMethodWorker.invokeTestMethods(TestMethodWorker.java:127)
	at org.testng.internal.TestMethodWorker.run(TestMethodWorker.java:111)
	at org.testng.TestRunner.privateRun(TestRunner.java:767)
	at org.testng.TestRunner.run(TestRunner.java:617)
	at org.testng.SuiteRunner.runTest(SuiteRunner.java:334)
	at org.testng.SuiteRunner.access$000(SuiteRunner.java:37)
	at org.testng.SuiteRunner$SuiteWorker.run(SuiteRunner.java:368)
	at org.testng.internal.thread.ThreadUtil$2.call(ThreadUtil.java:64)
	at java.util.concurrent.FutureTask.run(Unknown Source)
	at java.util.concurrent.ThreadPoolExecutor.runWorker(Unknown Source)
	at java.util.concurrent.ThreadPoolExecutor$Worker.run(Unknown Source)
	at java.lang.Thread.run(Unknown Source)
</pre></div></td>
<td>0</td>
<td>com.saksoft.qa.apttestscripts.Hss@13deb50e</td></tr>
<tr>
<td title='com.saksoft.qa.apttestscripts.Hss.verifySelectServicetype()'><b>verifySelectServicetype</b><br>Test class: com.saksoft.qa.apttestscripts.Hss</td>
<td><div><pre>org.testng.TestNGException: 
Method public void com.saksoft.qa.apttestscripts.Hss.verifySelectServicetype(java.util.Map) throws java.lang.Exception requires a @DataProvider named : DataReader_createService_Hss in class com.saksoft.qa.excellibrary.APT_DataReader_SS
	at java.util.concurrent.FutureTask.run(Unknown Source)
	at java.util.concurrent.ThreadPoolExecutor.runWorker(Unknown Source)
	at java.util.concurrent.ThreadPoolExecutor$Worker.run(Unknown Source)
	at java.lang.Thread.run(Unknown Source)
... Removed 13 stack frames</pre></div><a href='#' onClick='toggleBox("stack-trace365121337", this, "Click to show all stack frames", "Click to hide stack frames")'>Click to show all stack frames</a>
<div class='stack-trace' id='stack-trace365121337'><pre>org.testng.TestNGException: 
Method public void com.saksoft.qa.apttestscripts.Hss.verifySelectServicetype(java.util.Map) throws java.lang.Exception requires a @DataProvider named : DataReader_createService_Hss in class com.saksoft.qa.excellibrary.APT_DataReader_SS
	at org.testng.internal.Parameters.findDataProvider(Parameters.java:268)
	at org.testng.internal.Parameters.handleParameters(Parameters.java:417)
	at org.testng.internal.Invoker.handleParameters(Invoker.java:1383)
	at org.testng.internal.Invoker.createParameters(Invoker.java:1075)
	at org.testng.internal.Invoker.invokeTestMethods(Invoker.java:1180)
	at org.testng.internal.TestMethodWorker.invokeTestMethods(TestMethodWorker.java:127)
	at org.testng.internal.TestMethodWorker.run(TestMethodWorker.java:111)
	at org.testng.TestRunner.privateRun(TestRunner.java:767)
	at org.testng.TestRunner.run(TestRunner.java:617)
	at org.testng.SuiteRunner.runTest(SuiteRunner.java:334)
	at org.testng.SuiteRunner.access$000(SuiteRunner.java:37)
	at org.testng.SuiteRunner$SuiteWorker.run(SuiteRunner.java:368)
	at org.testng.internal.thread.ThreadUtil$2.call(ThreadUtil.java:64)
	at java.util.concurrent.FutureTask.run(Unknown Source)
	at java.util.concurrent.ThreadPoolExecutor.runWorker(Unknown Source)
	at java.util.concurrent.ThreadPoolExecutor$Worker.run(Unknown Source)
	at java.lang.Thread.run(Unknown Source)
</pre></div></td>
<td>0</td>
<td>com.saksoft.qa.apttestscripts.Hss@13deb50e</td></tr>
<tr>
<td title='com.saksoft.qa.apttestscripts.Hss.verifyServicePanelAction()'><b>verifyServicePanelAction</b><br>Test class: com.saksoft.qa.apttestscripts.Hss</td>
<td><div><pre>org.testng.TestNGException: 
Method public void com.saksoft.qa.apttestscripts.Hss.verifyServicePanelAction(java.util.Map) throws java.lang.Exception requires a @DataProvider named : DataReader_createService_Hss in class com.saksoft.qa.excellibrary.APT_DataReader_SS
	at java.util.concurrent.FutureTask.run(Unknown Source)
	at java.util.concurrent.ThreadPoolExecutor.runWorker(Unknown Source)
	at java.util.concurrent.ThreadPoolExecutor$Worker.run(Unknown Source)
	at java.lang.Thread.run(Unknown Source)
... Removed 13 stack frames</pre></div><a href='#' onClick='toggleBox("stack-trace1965707874", this, "Click to show all stack frames", "Click to hide stack frames")'>Click to show all stack frames</a>
<div class='stack-trace' id='stack-trace1965707874'><pre>org.testng.TestNGException: 
Method public void com.saksoft.qa.apttestscripts.Hss.verifyServicePanelAction(java.util.Map) throws java.lang.Exception requires a @DataProvider named : DataReader_createService_Hss in class com.saksoft.qa.excellibrary.APT_DataReader_SS
	at org.testng.internal.Parameters.findDataProvider(Parameters.java:268)
	at org.testng.internal.Parameters.handleParameters(Parameters.java:417)
	at org.testng.internal.Invoker.handleParameters(Invoker.java:1383)
	at org.testng.internal.Invoker.createParameters(Invoker.java:1075)
	at org.testng.internal.Invoker.invokeTestMethods(Invoker.java:1180)
	at org.testng.internal.TestMethodWorker.invokeTestMethods(TestMethodWorker.java:127)
	at org.testng.internal.TestMethodWorker.run(TestMethodWorker.java:111)
	at org.testng.TestRunner.privateRun(TestRunner.java:767)
	at org.testng.TestRunner.run(TestRunner.java:617)
	at org.testng.SuiteRunner.runTest(SuiteRunner.java:334)
	at org.testng.SuiteRunner.access$000(SuiteRunner.java:37)
	at org.testng.SuiteRunner$SuiteWorker.run(SuiteRunner.java:368)
	at org.testng.internal.thread.ThreadUtil$2.call(ThreadUtil.java:64)
	at java.util.concurrent.FutureTask.run(Unknown Source)
	at java.util.concurrent.ThreadPoolExecutor.runWorker(Unknown Source)
	at java.util.concurrent.ThreadPoolExecutor$Worker.run(Unknown Source)
	at java.lang.Thread.run(Unknown Source)
</pre></div></td>
<td>0</td>
<td>com.saksoft.qa.apttestscripts.Hss@13deb50e</td></tr>
<tr>
<td title='com.saksoft.qa.apttestscripts.IMSN_Translator.verifyUploadupdatefile()'><b>verifyUploadupdatefile</b><br>Test class: com.saksoft.qa.apttestscripts.IMSN_Translator</td>
<td><div><pre>org.testng.TestNGException: 
Method public void com.saksoft.qa.apttestscripts.IMSN_Translator.verifyUploadupdatefile(java.util.Map) throws java.lang.Exception requires a @DataProvider named : DataReader_ManageTranslation in class com.saksoft.qa.excellibrary.APT_DataReader_SS
	at java.util.concurrent.FutureTask.run(Unknown Source)
	at java.util.concurrent.ThreadPoolExecutor.runWorker(Unknown Source)
	at java.util.concurrent.ThreadPoolExecutor$Worker.run(Unknown Source)
	at java.lang.Thread.run(Unknown Source)
... Removed 13 stack frames</pre></div><a href='#' onClick='toggleBox("stack-trace747408611", this, "Click to show all stack frames", "Click to hide stack frames")'>Click to show all stack frames</a>
<div class='stack-trace' id='stack-trace747408611'><pre>org.testng.TestNGException: 
Method public void com.saksoft.qa.apttestscripts.IMSN_Translator.verifyUploadupdatefile(java.util.Map) throws java.lang.Exception requires a @DataProvider named : DataReader_ManageTranslation in class com.saksoft.qa.excellibrary.APT_DataReader_SS
	at org.testng.internal.Parameters.findDataProvider(Parameters.java:268)
	at org.testng.internal.Parameters.handleParameters(Parameters.java:417)
	at org.testng.internal.Invoker.handleParameters(Invoker.java:1383)
	at org.testng.internal.Invoker.createParameters(Invoker.java:1075)
	at org.testng.internal.Invoker.invokeTestMethods(Invoker.java:1180)
	at org.testng.internal.TestMethodWorker.invokeTestMethods(TestMethodWorker.java:127)
	at org.testng.internal.TestMethodWorker.run(TestMethodWorker.java:111)
	at org.testng.TestRunner.privateRun(TestRunner.java:767)
	at org.testng.TestRunner.run(TestRunner.java:617)
	at org.testng.SuiteRunner.runTest(SuiteRunner.java:334)
	at org.testng.SuiteRunner.access$000(SuiteRunner.java:37)
	at org.testng.SuiteRunner$SuiteWorker.run(SuiteRunner.java:368)
	at org.testng.internal.thread.ThreadUtil$2.call(ThreadUtil.java:64)
	at java.util.concurrent.FutureTask.run(Unknown Source)
	at java.util.concurrent.ThreadPoolExecutor.runWorker(Unknown Source)
	at java.util.concurrent.ThreadPoolExecutor$Worker.run(Unknown Source)
	at java.lang.Thread.run(Unknown Source)
</pre></div></td>
<td>0</td>
<td>com.saksoft.qa.apttestscripts.IMSN_Translator@f6c48ac</td></tr>
<tr>
<td title='com.saksoft.qa.apttestscripts.APT_AutomationTest.verifycreateorder()'><b>verifycreateorder</b><br>Test class: com.saksoft.qa.apttestscripts.APT_AutomationTest<br>Test method: TC-03<br>Parameters: {Existing RFIREQNumber=NGINRFI_23, NewOrderNumber=NewOrderTest01, Email=ngin23@test.com, ExistingOrderNumber=NGINOrder_23, NewRFIREQNumber=WholeSale, CountryToBeSelected=BE (Belgium), Reference=testreference23, ExistingOrderService=No, DedicatedPortal=Vodafone Portal, Name=NGIN_23, TechnicalContactName=ngincontact23, ChooseCustomerToBeSelected=NGIN_23, DedicatedPortalStatus=NO, Phone=9876898363, NewOrderService=Yes, MainDomain=ngindomain23.com, OCN=nginocn23, Fax=238883, TypeToBeSelected=Colt Telecom - internal, Name1=NGIN_, Name2=23}</td>
<td></td>
<td>0</td>
<td>com.saksoft.qa.apttestscripts.APT_AutomationTest@6eebc39e</td></tr>
<tr>
<td title='com.saksoft.qa.apttestscripts.APT_DomainManagementTest.verifycreateorder()'><b>verifycreateorder</b><br>Test class: com.saksoft.qa.apttestscripts.APT_DomainManagementTest<br>Test method: TC-03</td>
<td><div><pre>org.testng.TestNGException: 
Method public void com.saksoft.qa.apttestscripts.APT_DomainManagementTest.verifycreateorder(java.util.Map) throws java.lang.InterruptedException,org.dom4j.DocumentException,java.io.IOException requires a @DataProvider named : Finaldatareader_Domain in class com.saksoft.qa.driverlibrary.DataReader_PK
	at java.util.concurrent.FutureTask.run(Unknown Source)
	at java.util.concurrent.ThreadPoolExecutor.runWorker(Unknown Source)
	at java.util.concurrent.ThreadPoolExecutor$Worker.run(Unknown Source)
	at java.lang.Thread.run(Unknown Source)
... Removed 13 stack frames</pre></div><a href='#' onClick='toggleBox("stack-trace1078903727", this, "Click to show all stack frames", "Click to hide stack frames")'>Click to show all stack frames</a>
<div class='stack-trace' id='stack-trace1078903727'><pre>org.testng.TestNGException: 
Method public void com.saksoft.qa.apttestscripts.APT_DomainManagementTest.verifycreateorder(java.util.Map) throws java.lang.InterruptedException,org.dom4j.DocumentException,java.io.IOException requires a @DataProvider named : Finaldatareader_Domain in class com.saksoft.qa.driverlibrary.DataReader_PK
	at org.testng.internal.Parameters.findDataProvider(Parameters.java:268)
	at org.testng.internal.Parameters.handleParameters(Parameters.java:417)
	at org.testng.internal.Invoker.handleParameters(Invoker.java:1383)
	at org.testng.internal.Invoker.createParameters(Invoker.java:1075)
	at org.testng.internal.Invoker.invokeTestMethods(Invoker.java:1180)
	at org.testng.internal.TestMethodWorker.invokeTestMethods(TestMethodWorker.java:127)
	at org.testng.internal.TestMethodWorker.run(TestMethodWorker.java:111)
	at org.testng.TestRunner.privateRun(TestRunner.java:767)
	at org.testng.TestRunner.run(TestRunner.java:617)
	at org.testng.SuiteRunner.runTest(SuiteRunner.java:334)
	at org.testng.SuiteRunner.access$000(SuiteRunner.java:37)
	at org.testng.SuiteRunner$SuiteWorker.run(SuiteRunner.java:368)
	at org.testng.internal.thread.ThreadUtil$2.call(ThreadUtil.java:64)
	at java.util.concurrent.FutureTask.run(Unknown Source)
	at java.util.concurrent.ThreadPoolExecutor.runWorker(Unknown Source)
	at java.util.concurrent.ThreadPoolExecutor$Worker.run(Unknown Source)
	at java.lang.Thread.run(Unknown Source)
</pre></div></td>
<td>0</td>
<td>com.saksoft.qa.apttestscripts.APT_DomainManagementTest@464bee09</td></tr>
<tr>
<td title='com.saksoft.qa.apttestscripts.IMSN_Translator.verifydownlaodTranslationlink()'><b>verifydownlaodTranslationlink</b><br>Test class: com.saksoft.qa.apttestscripts.IMSN_Translator</td>
<td><div><pre>org.testng.TestNGException: 
Method public void com.saksoft.qa.apttestscripts.IMSN_Translator.verifydownlaodTranslationlink(java.util.Map) throws java.lang.Exception requires a @DataProvider named : DataReader_ManageTranslation in class com.saksoft.qa.excellibrary.APT_DataReader_SS
	at java.util.concurrent.FutureTask.run(Unknown Source)
	at java.util.concurrent.ThreadPoolExecutor.runWorker(Unknown Source)
	at java.util.concurrent.ThreadPoolExecutor$Worker.run(Unknown Source)
	at java.lang.Thread.run(Unknown Source)
... Removed 13 stack frames</pre></div><a href='#' onClick='toggleBox("stack-trace1341912600", this, "Click to show all stack frames", "Click to hide stack frames")'>Click to show all stack frames</a>
<div class='stack-trace' id='stack-trace1341912600'><pre>org.testng.TestNGException: 
Method public void com.saksoft.qa.apttestscripts.IMSN_Translator.verifydownlaodTranslationlink(java.util.Map) throws java.lang.Exception requires a @DataProvider named : DataReader_ManageTranslation in class com.saksoft.qa.excellibrary.APT_DataReader_SS
	at org.testng.internal.Parameters.findDataProvider(Parameters.java:268)
	at org.testng.internal.Parameters.handleParameters(Parameters.java:417)
	at org.testng.internal.Invoker.handleParameters(Invoker.java:1383)
	at org.testng.internal.Invoker.createParameters(Invoker.java:1075)
	at org.testng.internal.Invoker.invokeTestMethods(Invoker.java:1180)
	at org.testng.internal.TestMethodWorker.invokeTestMethods(TestMethodWorker.java:127)
	at org.testng.internal.TestMethodWorker.run(TestMethodWorker.java:111)
	at org.testng.TestRunner.privateRun(TestRunner.java:767)
	at org.testng.TestRunner.run(TestRunner.java:617)
	at org.testng.SuiteRunner.runTest(SuiteRunner.java:334)
	at org.testng.SuiteRunner.access$000(SuiteRunner.java:37)
	at org.testng.SuiteRunner$SuiteWorker.run(SuiteRunner.java:368)
	at org.testng.internal.thread.ThreadUtil$2.call(ThreadUtil.java:64)
	at java.util.concurrent.FutureTask.run(Unknown Source)
	at java.util.concurrent.ThreadPoolExecutor.runWorker(Unknown Source)
	at java.util.concurrent.ThreadPoolExecutor$Worker.run(Unknown Source)
	at java.lang.Thread.run(Unknown Source)
</pre></div></td>
<td>0</td>
<td>com.saksoft.qa.apttestscripts.IMSN_Translator@f6c48ac</td></tr>
<tr>
<td title='com.saksoft.qa.apttestscripts.APT_DomainManagementTest.verifyorderpanelinviewservicepage()'><b>verifyorderpanelinviewservicepage</b><br>Test class: com.saksoft.qa.apttestscripts.APT_DomainManagementTest<br>Test method: TC-06</td>
<td><div><pre>org.testng.TestNGException: 
Method public void com.saksoft.qa.apttestscripts.APT_DomainManagementTest.verifyorderpanelinviewservicepage(java.util.Map) throws java.lang.InterruptedException,org.dom4j.DocumentException,java.io.IOException requires a @DataProvider named : Finaldatareader_Domain in class com.saksoft.qa.driverlibrary.DataReader_PK
	at java.util.concurrent.FutureTask.run(Unknown Source)
	at java.util.concurrent.ThreadPoolExecutor.runWorker(Unknown Source)
	at java.util.concurrent.ThreadPoolExecutor$Worker.run(Unknown Source)
	at java.lang.Thread.run(Unknown Source)
... Removed 13 stack frames</pre></div><a href='#' onClick='toggleBox("stack-trace1759839431", this, "Click to show all stack frames", "Click to hide stack frames")'>Click to show all stack frames</a>
<div class='stack-trace' id='stack-trace1759839431'><pre>org.testng.TestNGException: 
Method public void com.saksoft.qa.apttestscripts.APT_DomainManagementTest.verifyorderpanelinviewservicepage(java.util.Map) throws java.lang.InterruptedException,org.dom4j.DocumentException,java.io.IOException requires a @DataProvider named : Finaldatareader_Domain in class com.saksoft.qa.driverlibrary.DataReader_PK
	at org.testng.internal.Parameters.findDataProvider(Parameters.java:268)
	at org.testng.internal.Parameters.handleParameters(Parameters.java:417)
	at org.testng.internal.Invoker.handleParameters(Invoker.java:1383)
	at org.testng.internal.Invoker.createParameters(Invoker.java:1075)
	at org.testng.internal.Invoker.invokeTestMethods(Invoker.java:1180)
	at org.testng.internal.TestMethodWorker.invokeTestMethods(TestMethodWorker.java:127)
	at org.testng.internal.TestMethodWorker.run(TestMethodWorker.java:111)
	at org.testng.TestRunner.privateRun(TestRunner.java:767)
	at org.testng.TestRunner.run(TestRunner.java:617)
	at org.testng.SuiteRunner.runTest(SuiteRunner.java:334)
	at org.testng.SuiteRunner.access$000(SuiteRunner.java:37)
	at org.testng.SuiteRunner$SuiteWorker.run(SuiteRunner.java:368)
	at org.testng.internal.thread.ThreadUtil$2.call(ThreadUtil.java:64)
	at java.util.concurrent.FutureTask.run(Unknown Source)
	at java.util.concurrent.ThreadPoolExecutor.runWorker(Unknown Source)
	at java.util.concurrent.ThreadPoolExecutor$Worker.run(Unknown Source)
	at java.lang.Thread.run(Unknown Source)
</pre></div></td>
<td>0</td>
<td>com.saksoft.qa.apttestscripts.APT_DomainManagementTest@464bee09</td></tr>
<tr>
<td title='com.saksoft.qa.apttestscripts.APT_DomainManagementTest.verifyservicecreation()'><b>verifyservicecreation</b><br>Test class: com.saksoft.qa.apttestscripts.APT_DomainManagementTest<br>Test method: TC-05</td>
<td><div><pre>org.testng.TestNGException: 
Method public void com.saksoft.qa.apttestscripts.APT_DomainManagementTest.verifyservicecreation(java.util.Map) throws java.lang.InterruptedException,org.dom4j.DocumentException,java.io.IOException requires a @DataProvider named : Finaldatareader_Domain in class com.saksoft.qa.driverlibrary.DataReader_PK
	at java.util.concurrent.FutureTask.run(Unknown Source)
	at java.util.concurrent.ThreadPoolExecutor.runWorker(Unknown Source)
	at java.util.concurrent.ThreadPoolExecutor$Worker.run(Unknown Source)
	at java.lang.Thread.run(Unknown Source)
... Removed 13 stack frames</pre></div><a href='#' onClick='toggleBox("stack-trace541484716", this, "Click to show all stack frames", "Click to hide stack frames")'>Click to show all stack frames</a>
<div class='stack-trace' id='stack-trace541484716'><pre>org.testng.TestNGException: 
Method public void com.saksoft.qa.apttestscripts.APT_DomainManagementTest.verifyservicecreation(java.util.Map) throws java.lang.InterruptedException,org.dom4j.DocumentException,java.io.IOException requires a @DataProvider named : Finaldatareader_Domain in class com.saksoft.qa.driverlibrary.DataReader_PK
	at org.testng.internal.Parameters.findDataProvider(Parameters.java:268)
	at org.testng.internal.Parameters.handleParameters(Parameters.java:417)
	at org.testng.internal.Invoker.handleParameters(Invoker.java:1383)
	at org.testng.internal.Invoker.createParameters(Invoker.java:1075)
	at org.testng.internal.Invoker.invokeTestMethods(Invoker.java:1180)
	at org.testng.internal.TestMethodWorker.invokeTestMethods(TestMethodWorker.java:127)
	at org.testng.internal.TestMethodWorker.run(TestMethodWorker.java:111)
	at org.testng.TestRunner.privateRun(TestRunner.java:767)
	at org.testng.TestRunner.run(TestRunner.java:617)
	at org.testng.SuiteRunner.runTest(SuiteRunner.java:334)
	at org.testng.SuiteRunner.access$000(SuiteRunner.java:37)
	at org.testng.SuiteRunner$SuiteWorker.run(SuiteRunner.java:368)
	at org.testng.internal.thread.ThreadUtil$2.call(ThreadUtil.java:64)
	at java.util.concurrent.FutureTask.run(Unknown Source)
	at java.util.concurrent.ThreadPoolExecutor.runWorker(Unknown Source)
	at java.util.concurrent.ThreadPoolExecutor$Worker.run(Unknown Source)
	at java.lang.Thread.run(Unknown Source)
</pre></div></td>
<td>0</td>
<td>com.saksoft.qa.apttestscripts.APT_DomainManagementTest@464bee09</td></tr>
<tr>
<td title='com.saksoft.qa.apttestscripts.APT_DomainManagementTest.verifyservicepanelInformation()'><b>verifyservicepanelInformation</b><br>Test class: com.saksoft.qa.apttestscripts.APT_DomainManagementTest<br>Test method: TC-07</td>
<td><div><pre>org.testng.TestNGException: 
Method public void com.saksoft.qa.apttestscripts.APT_DomainManagementTest.verifyservicepanelInformation(java.util.Map) throws java.lang.Exception requires a @DataProvider named : Finaldatareader_Domain in class com.saksoft.qa.driverlibrary.DataReader_PK
	at java.util.concurrent.FutureTask.run(Unknown Source)
	at java.util.concurrent.ThreadPoolExecutor.runWorker(Unknown Source)
	at java.util.concurrent.ThreadPoolExecutor$Worker.run(Unknown Source)
	at java.lang.Thread.run(Unknown Source)
... Removed 13 stack frames</pre></div><a href='#' onClick='toggleBox("stack-trace371432112", this, "Click to show all stack frames", "Click to hide stack frames")'>Click to show all stack frames</a>
<div class='stack-trace' id='stack-trace371432112'><pre>org.testng.TestNGException: 
Method public void com.saksoft.qa.apttestscripts.APT_DomainManagementTest.verifyservicepanelInformation(java.util.Map) throws java.lang.Exception requires a @DataProvider named : Finaldatareader_Domain in class com.saksoft.qa.driverlibrary.DataReader_PK
	at org.testng.internal.Parameters.findDataProvider(Parameters.java:268)
	at org.testng.internal.Parameters.handleParameters(Parameters.java:417)
	at org.testng.internal.Invoker.handleParameters(Invoker.java:1383)
	at org.testng.internal.Invoker.createParameters(Invoker.java:1075)
	at org.testng.internal.Invoker.invokeTestMethods(Invoker.java:1180)
	at org.testng.internal.TestMethodWorker.invokeTestMethods(TestMethodWorker.java:127)
	at org.testng.internal.TestMethodWorker.run(TestMethodWorker.java:111)
	at org.testng.TestRunner.privateRun(TestRunner.java:767)
	at org.testng.TestRunner.run(TestRunner.java:617)
	at org.testng.SuiteRunner.runTest(SuiteRunner.java:334)
	at org.testng.SuiteRunner.access$000(SuiteRunner.java:37)
	at org.testng.SuiteRunner$SuiteWorker.run(SuiteRunner.java:368)
	at org.testng.internal.thread.ThreadUtil$2.call(ThreadUtil.java:64)
	at java.util.concurrent.FutureTask.run(Unknown Source)
	at java.util.concurrent.ThreadPoolExecutor.runWorker(Unknown Source)
	at java.util.concurrent.ThreadPoolExecutor$Worker.run(Unknown Source)
	at java.lang.Thread.run(Unknown Source)
</pre></div></td>
<td>0</td>
<td>com.saksoft.qa.apttestscripts.APT_DomainManagementTest@464bee09</td></tr>
<tr>
<td title='com.saksoft.qa.apttestscripts.APT_DomainManagementTest.verifyservicetypeselection()'><b>verifyservicetypeselection</b><br>Test class: com.saksoft.qa.apttestscripts.APT_DomainManagementTest<br>Test method: TC-04</td>
<td><div><pre>org.testng.TestNGException: 
Method public void com.saksoft.qa.apttestscripts.APT_DomainManagementTest.verifyservicetypeselection(java.util.Map) throws java.lang.InterruptedException,org.dom4j.DocumentException,java.io.IOException requires a @DataProvider named : Finaldatareader_Domain in class com.saksoft.qa.driverlibrary.DataReader_PK
	at java.util.concurrent.FutureTask.run(Unknown Source)
	at java.util.concurrent.ThreadPoolExecutor.runWorker(Unknown Source)
	at java.util.concurrent.ThreadPoolExecutor$Worker.run(Unknown Source)
	at java.lang.Thread.run(Unknown Source)
... Removed 13 stack frames</pre></div><a href='#' onClick='toggleBox("stack-trace116979034", this, "Click to show all stack frames", "Click to hide stack frames")'>Click to show all stack frames</a>
<div class='stack-trace' id='stack-trace116979034'><pre>org.testng.TestNGException: 
Method public void com.saksoft.qa.apttestscripts.APT_DomainManagementTest.verifyservicetypeselection(java.util.Map) throws java.lang.InterruptedException,org.dom4j.DocumentException,java.io.IOException requires a @DataProvider named : Finaldatareader_Domain in class com.saksoft.qa.driverlibrary.DataReader_PK
	at org.testng.internal.Parameters.findDataProvider(Parameters.java:268)
	at org.testng.internal.Parameters.handleParameters(Parameters.java:417)
	at org.testng.internal.Invoker.handleParameters(Invoker.java:1383)
	at org.testng.internal.Invoker.createParameters(Invoker.java:1075)
	at org.testng.internal.Invoker.invokeTestMethods(Invoker.java:1180)
	at org.testng.internal.TestMethodWorker.invokeTestMethods(TestMethodWorker.java:127)
	at org.testng.internal.TestMethodWorker.run(TestMethodWorker.java:111)
	at org.testng.TestRunner.privateRun(TestRunner.java:767)
	at org.testng.TestRunner.run(TestRunner.java:617)
	at org.testng.SuiteRunner.runTest(SuiteRunner.java:334)
	at org.testng.SuiteRunner.access$000(SuiteRunner.java:37)
	at org.testng.SuiteRunner$SuiteWorker.run(SuiteRunner.java:368)
	at org.testng.internal.thread.ThreadUtil$2.call(ThreadUtil.java:64)
	at java.util.concurrent.FutureTask.run(Unknown Source)
	at java.util.concurrent.ThreadPoolExecutor.runWorker(Unknown Source)
	at java.util.concurrent.ThreadPoolExecutor$Worker.run(Unknown Source)
	at java.lang.Thread.run(Unknown Source)
</pre></div></td>
<td>0</td>
<td>com.saksoft.qa.apttestscripts.APT_DomainManagementTest@464bee09</td></tr>
<tr>
<td title='com.saksoft.qa.apttestscripts.IMSN_Translator.verifyviewHistory()'><b>verifyviewHistory</b><br>Test class: com.saksoft.qa.apttestscripts.IMSN_Translator</td>
<td><div><pre>org.testng.TestNGException: 
Method public void com.saksoft.qa.apttestscripts.IMSN_Translator.verifyviewHistory(java.util.Map) throws java.lang.Exception requires a @DataProvider named : DataReader_ManageTranslation in class com.saksoft.qa.excellibrary.APT_DataReader_SS
	at java.util.concurrent.FutureTask.run(Unknown Source)
	at java.util.concurrent.ThreadPoolExecutor.runWorker(Unknown Source)
	at java.util.concurrent.ThreadPoolExecutor$Worker.run(Unknown Source)
	at java.lang.Thread.run(Unknown Source)
... Removed 13 stack frames</pre></div><a href='#' onClick='toggleBox("stack-trace1190857342", this, "Click to show all stack frames", "Click to hide stack frames")'>Click to show all stack frames</a>
<div class='stack-trace' id='stack-trace1190857342'><pre>org.testng.TestNGException: 
Method public void com.saksoft.qa.apttestscripts.IMSN_Translator.verifyviewHistory(java.util.Map) throws java.lang.Exception requires a @DataProvider named : DataReader_ManageTranslation in class com.saksoft.qa.excellibrary.APT_DataReader_SS
	at org.testng.internal.Parameters.findDataProvider(Parameters.java:268)
	at org.testng.internal.Parameters.handleParameters(Parameters.java:417)
	at org.testng.internal.Invoker.handleParameters(Invoker.java:1383)
	at org.testng.internal.Invoker.createParameters(Invoker.java:1075)
	at org.testng.internal.Invoker.invokeTestMethods(Invoker.java:1180)
	at org.testng.internal.TestMethodWorker.invokeTestMethods(TestMethodWorker.java:127)
	at org.testng.internal.TestMethodWorker.run(TestMethodWorker.java:111)
	at org.testng.TestRunner.privateRun(TestRunner.java:767)
	at org.testng.TestRunner.run(TestRunner.java:617)
	at org.testng.SuiteRunner.runTest(SuiteRunner.java:334)
	at org.testng.SuiteRunner.access$000(SuiteRunner.java:37)
	at org.testng.SuiteRunner$SuiteWorker.run(SuiteRunner.java:368)
	at org.testng.internal.thread.ThreadUtil$2.call(ThreadUtil.java:64)
	at java.util.concurrent.FutureTask.run(Unknown Source)
	at java.util.concurrent.ThreadPoolExecutor.runWorker(Unknown Source)
	at java.util.concurrent.ThreadPoolExecutor$Worker.run(Unknown Source)
	at java.lang.Thread.run(Unknown Source)
</pre></div></td>
<td>0</td>
<td>com.saksoft.qa.apttestscripts.IMSN_Translator@f6c48ac</td></tr>
<tr>
<td title='com.saksoft.qa.apttestscripts.IMSN_Translator.verifyviewUIHistory()'><b>verifyviewUIHistory</b><br>Test class: com.saksoft.qa.apttestscripts.IMSN_Translator</td>
<td><div><pre>org.testng.TestNGException: 
Method public void com.saksoft.qa.apttestscripts.IMSN_Translator.verifyviewUIHistory(java.util.Map) throws java.lang.Exception requires a @DataProvider named : DataReader_ManageTranslation in class com.saksoft.qa.excellibrary.APT_DataReader_SS
	at java.util.concurrent.FutureTask.run(Unknown Source)
	at java.util.concurrent.ThreadPoolExecutor.runWorker(Unknown Source)
	at java.util.concurrent.ThreadPoolExecutor$Worker.run(Unknown Source)
	at java.lang.Thread.run(Unknown Source)
... Removed 13 stack frames</pre></div><a href='#' onClick='toggleBox("stack-trace1427859211", this, "Click to show all stack frames", "Click to hide stack frames")'>Click to show all stack frames</a>
<div class='stack-trace' id='stack-trace1427859211'><pre>org.testng.TestNGException: 
Method public void com.saksoft.qa.apttestscripts.IMSN_Translator.verifyviewUIHistory(java.util.Map) throws java.lang.Exception requires a @DataProvider named : DataReader_ManageTranslation in class com.saksoft.qa.excellibrary.APT_DataReader_SS
	at org.testng.internal.Parameters.findDataProvider(Parameters.java:268)
	at org.testng.internal.Parameters.handleParameters(Parameters.java:417)
	at org.testng.internal.Invoker.handleParameters(Invoker.java:1383)
	at org.testng.internal.Invoker.createParameters(Invoker.java:1075)
	at org.testng.internal.Invoker.invokeTestMethods(Invoker.java:1180)
	at org.testng.internal.TestMethodWorker.invokeTestMethods(TestMethodWorker.java:127)
	at org.testng.internal.TestMethodWorker.run(TestMethodWorker.java:111)
	at org.testng.TestRunner.privateRun(TestRunner.java:767)
	at org.testng.TestRunner.run(TestRunner.java:617)
	at org.testng.SuiteRunner.runTest(SuiteRunner.java:334)
	at org.testng.SuiteRunner.access$000(SuiteRunner.java:37)
	at org.testng.SuiteRunner$SuiteWorker.run(SuiteRunner.java:368)
	at org.testng.internal.thread.ThreadUtil$2.call(ThreadUtil.java:64)
	at java.util.concurrent.FutureTask.run(Unknown Source)
	at java.util.concurrent.ThreadPoolExecutor.runWorker(Unknown Source)
	at java.util.concurrent.ThreadPoolExecutor$Worker.run(Unknown Source)
	at java.lang.Thread.run(Unknown Source)
</pre></div></td>
<td>0</td>
<td>com.saksoft.qa.apttestscripts.IMSN_Translator@f6c48ac</td></tr>
<tr>
<td title='com.saksoft.qa.apttestscripts.IMSN_Translator.wildcardsearch()'><b>wildcardsearch</b><br>Test class: com.saksoft.qa.apttestscripts.IMSN_Translator</td>
<td><div><pre>org.testng.TestNGException: 
Method public void com.saksoft.qa.apttestscripts.IMSN_Translator.wildcardsearch(java.util.Map) throws java.lang.Exception requires a @DataProvider named : DataReader_ManageTranslation in class com.saksoft.qa.excellibrary.APT_DataReader_SS
	at java.util.concurrent.FutureTask.run(Unknown Source)
	at java.util.concurrent.ThreadPoolExecutor.runWorker(Unknown Source)
	at java.util.concurrent.ThreadPoolExecutor$Worker.run(Unknown Source)
	at java.lang.Thread.run(Unknown Source)
... Removed 13 stack frames</pre></div><a href='#' onClick='toggleBox("stack-trace1600618754", this, "Click to show all stack frames", "Click to hide stack frames")'>Click to show all stack frames</a>
<div class='stack-trace' id='stack-trace1600618754'><pre>org.testng.TestNGException: 
Method public void com.saksoft.qa.apttestscripts.IMSN_Translator.wildcardsearch(java.util.Map) throws java.lang.Exception requires a @DataProvider named : DataReader_ManageTranslation in class com.saksoft.qa.excellibrary.APT_DataReader_SS
	at org.testng.internal.Parameters.findDataProvider(Parameters.java:268)
	at org.testng.internal.Parameters.handleParameters(Parameters.java:417)
	at org.testng.internal.Invoker.handleParameters(Invoker.java:1383)
	at org.testng.internal.Invoker.createParameters(Invoker.java:1075)
	at org.testng.internal.Invoker.invokeTestMethods(Invoker.java:1180)
	at org.testng.internal.TestMethodWorker.invokeTestMethods(TestMethodWorker.java:127)
	at org.testng.internal.TestMethodWorker.run(TestMethodWorker.java:111)
	at org.testng.TestRunner.privateRun(TestRunner.java:767)
	at org.testng.TestRunner.run(TestRunner.java:617)
	at org.testng.SuiteRunner.runTest(SuiteRunner.java:334)
	at org.testng.SuiteRunner.access$000(SuiteRunner.java:37)
	at org.testng.SuiteRunner$SuiteWorker.run(SuiteRunner.java:368)
	at org.testng.internal.thread.ThreadUtil$2.call(ThreadUtil.java:64)
	at java.util.concurrent.FutureTask.run(Unknown Source)
	at java.util.concurrent.ThreadPoolExecutor.runWorker(Unknown Source)
	at java.util.concurrent.ThreadPoolExecutor$Worker.run(Unknown Source)
	at java.lang.Thread.run(Unknown Source)
</pre></div></td>
<td>0</td>
<td>com.saksoft.qa.apttestscripts.IMSN_Translator@f6c48ac</td></tr>
</table><p>
</body>
</html>