<?xml version="1.0" encoding="UTF-8"?>
<!-- Generated by org.testng.reporters.JUnitXMLReporter -->
<testsuite hostname="ULVMCTMTTL104" name="APT login3" tests="30" failures="0" timestamp="17 Jun 2020 06:10:09 GMT" time="0.984" errors="0">
  <testcase name="@BeforeSuite BeforeSuite" time="0.0" classname="com.saksoft.qa.apttestscripts.APT_AutomationTest">
    <failure type="org.openqa.selenium.WebDriverException" message="chrome not reachable
  (Session info: chrome=83.0.4103.97)
  (Driver info: chromedriver=2.40.565498 (ea082db3280dd6843ebfb08a625e3eb905c4f5ab),platform=Windows NT 10.0.14393 x86_64) (WARNING: The server did not provide any stacktrace information)
Command duration or timeout: 4.06 seconds
Build info: version: &amp;apos;3.4.0&amp;apos;, revision: &amp;apos;unknown&amp;apos;, time: &amp;apos;unknown&amp;apos;
System info: host: &amp;apos;ULVMCTMTTL104&amp;apos;, ip: &amp;apos;10.100.246.36&amp;apos;, os.name: &amp;apos;Windows Server 2016&amp;apos;, os.arch: &amp;apos;amd64&amp;apos;, os.version: &amp;apos;10.0&amp;apos;, java.version: &amp;apos;1.8.0_191&amp;apos;
Driver info: org.openqa.selenium.chrome.ChromeDriver
Capabilities [{applicationCacheEnabled=false, rotatable=false, mobileEmulationEnabled=false, networkConnectionEnabled=false, chrome={chromedriverVersion=2.40.565498 (ea082db3280dd6843ebfb08a625e3eb905c4f5ab), userDataDir=C:\Users\DKUMAR~1\AppData\Local\Temp\2\scoped_dir8868_13772}, takesHeapSnapshot=true, pageLoadStrategy=none, databaseEnabled=false, handlesAlerts=true, hasTouchScreen=false, version=83.0.4103.97, platform=XP, browserConnectionEnabled=false, nativeEvents=true, acceptSslCerts=false, acceptInsecureCerts=false, locationContextEnabled=true, webStorageEnabled=true, browserName=chrome, takesScreenshot=true, javascriptEnabled=true, cssSelectorsEnabled=true, setWindowRect=true, unexpectedAlertBehaviour=}]
Session ID: 24b7a0399d2c2630ae40cca0af4b5b25
*** Element info: {Using=xpath, value=//input[@placeholder=&amp;apos;Username&amp;apos;]}">
      <![CDATA[org.openqa.selenium.WebDriverException: chrome not reachable
  (Session info: chrome=83.0.4103.97)
  (Driver info: chromedriver=2.40.565498 (ea082db3280dd6843ebfb08a625e3eb905c4f5ab),platform=Windows NT 10.0.14393 x86_64) (WARNING: The server did not provide any stacktrace information)
Command duration or timeout: 4.06 seconds
Build info: version: '3.4.0', revision: 'unknown', time: 'unknown'
System info: host: 'ULVMCTMTTL104', ip: '10.100.246.36', os.name: 'Windows Server 2016', os.arch: 'amd64', os.version: '10.0', java.version: '1.8.0_191'
Driver info: org.openqa.selenium.chrome.ChromeDriver
Capabilities [{applicationCacheEnabled=false, rotatable=false, mobileEmulationEnabled=false, networkConnectionEnabled=false, chrome={chromedriverVersion=2.40.565498 (ea082db3280dd6843ebfb08a625e3eb905c4f5ab), userDataDir=C:\Users\DKUMAR~1\AppData\Local\Temp\2\scoped_dir8868_13772}, takesHeapSnapshot=true, pageLoadStrategy=none, databaseEnabled=false, handlesAlerts=true, hasTouchScreen=false, version=83.0.4103.97, platform=XP, browserConnectionEnabled=false, nativeEvents=true, acceptSslCerts=false, acceptInsecureCerts=false, locationContextEnabled=true, webStorageEnabled=true, browserName=chrome, takesScreenshot=true, javascriptEnabled=true, cssSelectorsEnabled=true, setWindowRect=true, unexpectedAlertBehaviour=}]
Session ID: 24b7a0399d2c2630ae40cca0af4b5b25
*** Element info: {Using=xpath, value=//input[@placeholder='Username']}
	at org.openqa.selenium.remote.ErrorHandler.createThrowable(ErrorHandler.java:215)
	at org.openqa.selenium.remote.ErrorHandler.throwIfResponseFailed(ErrorHandler.java:167)
	at org.openqa.selenium.remote.RemoteWebDriver.execute(RemoteWebDriver.java:671)
	at org.openqa.selenium.remote.RemoteWebDriver.findElement(RemoteWebDriver.java:410)
	at org.openqa.selenium.remote.RemoteWebDriver.findElementByXPath(RemoteWebDriver.java:509)
	at org.openqa.selenium.By$ByXPath.findElement(By.java:361)
	at org.openqa.selenium.remote.RemoteWebDriver.findElement(RemoteWebDriver.java:402)
	at com.saksoft.qa.driverlibrary.DriverHelper$3.apply(DriverHelper.java:513)
	at com.saksoft.qa.driverlibrary.DriverHelper$3.apply(DriverHelper.java:1)
	at org.openqa.selenium.support.ui.FluentWait.until(FluentWait.java:209)
	at com.saksoft.qa.driverlibrary.DriverHelper.getwebelement(DriverHelper.java:511)
	at com.saksoft.qa.scripthelpers.APT_LoginHelper.Login(APT_LoginHelper.java:80)
	at com.saksoft.qa.driverlibrary.DriverTestcase.BeforeSuite(DriverTestcase.java:157)
... Removed 22 stack frames]]>
    </failure>
  </testcase> <!-- @BeforeSuite BeforeSuite -->
  <testcase name="@BeforeTest startReport" time="0.0" classname="com.saksoft.qa.apttestscripts.APT_AutomationTest">
    <skipped/>
  </testcase> <!-- @BeforeTest startReport -->
  <testcase name="@BeforeClass setup" time="0.0" classname="com.saksoft.qa.apttestscripts.APT_DomainManagementTest">
    <skipped/>
  </testcase> <!-- @BeforeClass setup -->
  <testcase name="@BeforeClass setup" time="0.0" classname="com.saksoft.qa.apttestscripts.APT_MSPLatencyGridTest">
    <skipped/>
  </testcase> <!-- @BeforeClass setup -->
  <testcase name="@AfterClass Teardown" time="0.0" classname="com.saksoft.qa.apttestscripts.APT_MSPLatencyGridTest">
    <skipped/>
  </testcase> <!-- @AfterClass Teardown -->
  <testcase name="@BeforeClass setup" time="0.0" classname="com.saksoft.qa.apttestscripts.APT_AutomationTest">
    <skipped/>
  </testcase> <!-- @BeforeClass setup -->
  <testcase name="@BeforeMethod BeforeMethod" time="0.0" classname="com.saksoft.qa.apttestscripts.APT_AutomationTest">
    <skipped/>
  </testcase> <!-- @BeforeMethod BeforeMethod -->
  <testcase name="@AfterMethod getResult" time="0.0" classname="com.saksoft.qa.apttestscripts.APT_AutomationTest">
    <skipped/>
  </testcase> <!-- @AfterMethod getResult -->
  <testcase name="@BeforeClass setup" time="0.0" classname="com.saksoft.qa.apttestscripts.Hss">
    <skipped/>
  </testcase> <!-- @BeforeClass setup -->
  <testcase name="@BeforeClass setup" time="0.0" classname="com.saksoft.qa.apttestscripts.IMSN_Translator">
    <skipped/>
  </testcase> <!-- @BeforeClass setup -->
  <testcase name="@BeforeMethod BeforeMethod" time="0.0" classname="com.saksoft.qa.apttestscripts.APT_AutomationTest">
    <skipped/>
  </testcase> <!-- @BeforeMethod BeforeMethod -->
  <testcase name="@AfterMethod getResult" time="0.0" classname="com.saksoft.qa.apttestscripts.APT_AutomationTest">
    <skipped/>
  </testcase> <!-- @AfterMethod getResult -->
  <testcase name="@AfterClass Teardown" time="0.0" classname="com.saksoft.qa.apttestscripts.APT_AutomationTest">
    <skipped/>
  </testcase> <!-- @AfterClass Teardown -->
  <testcase name="@AfterClass Teardown" time="0.0" classname="com.saksoft.qa.apttestscripts.APT_DomainManagementTest">
    <skipped/>
  </testcase> <!-- @AfterClass Teardown -->
  <testcase name="@AfterClass Teardown" time="0.0" classname="com.saksoft.qa.apttestscripts.Hss">
    <skipped/>
  </testcase> <!-- @AfterClass Teardown -->
  <testcase name="@AfterClass Teardown" time="0.0" classname="com.saksoft.qa.apttestscripts.IMSN_Translator">
    <skipped/>
  </testcase> <!-- @AfterClass Teardown -->
  <testcase name="@AfterTest endReport" time="0.0" classname="com.saksoft.qa.apttestscripts.APT_AutomationTest">
    <skipped/>
  </testcase> <!-- @AfterTest endReport -->
  <testcase name="CreateCustomer" time="0.0" classname="com.saksoft.qa.apttestscripts.APT_DomainManagementTest">
    <skipped/>
  </testcase> <!-- CreateCustomer -->
  <testcase name="VerifyMSPLatency" time="0.001" classname="com.saksoft.qa.apttestscripts.APT_MSPLatencyGridTest">
    <skipped/>
  </testcase> <!-- VerifyMSPLatency -->
  <testcase name="choosecustomer" time="0.0" classname="com.saksoft.qa.apttestscripts.APT_AutomationTest">
    <skipped/>
  </testcase> <!-- choosecustomer -->
  <testcase name="choosecustomer" time="0.072" classname="com.saksoft.qa.apttestscripts.APT_DomainManagementTest">
    <skipped/>
  </testcase> <!-- choosecustomer -->
  <testcase name="chooseCustomer" time="0.002" classname="com.saksoft.qa.apttestscripts.Hss">
    <skipped/>
  </testcase> <!-- chooseCustomer -->
  <testcase name="manageColtNetwork" time="0.0" classname="com.saksoft.qa.apttestscripts.IMSN_Translator">
    <skipped/>
  </testcase> <!-- manageColtNetwork -->
  <testcase name="verifycreateorder" time="0.001" classname="com.saksoft.qa.apttestscripts.APT_AutomationTest">
    <skipped/>
  </testcase> <!-- verifycreateorder -->
  <testcase name="verifycreateorder" time="0.001" classname="com.saksoft.qa.apttestscripts.APT_DomainManagementTest">
    <skipped/>
  </testcase> <!-- verifycreateorder -->
  <testcase name="verifyListofFieldsForOrderandServicetype" time="0.0" classname="com.saksoft.qa.apttestscripts.Hss">
    <skipped/>
  </testcase> <!-- verifyListofFieldsForOrderandServicetype -->
  <testcase name="verifyListofCountries" time="0.0" classname="com.saksoft.qa.apttestscripts.IMSN_Translator">
    <skipped/>
  </testcase> <!-- verifyListofCountries -->
  <testcase name="verifyservicetypeselection" time="0.0" classname="com.saksoft.qa.apttestscripts.APT_DomainManagementTest">
    <skipped/>
  </testcase> <!-- verifyservicetypeselection -->
  <testcase name="verifySelectServicetype" time="0.0" classname="com.saksoft.qa.apttestscripts.Hss">
    <skipped/>
  </testcase> <!-- verifySelectServicetype -->
  <testcase name="manageNumberTranslationinternal" time="0.0" classname="com.saksoft.qa.apttestscripts.IMSN_Translator">
    <skipped/>
  </testcase> <!-- manageNumberTranslationinternal -->
  <testcase name="verifyservicecreation" time="0.0" classname="com.saksoft.qa.apttestscripts.APT_DomainManagementTest">
    <skipped/>
  </testcase> <!-- verifyservicecreation -->
  <testcase name="fillvaluesServiceOrder" time="0.0" classname="com.saksoft.qa.apttestscripts.Hss">
    <skipped/>
  </testcase> <!-- fillvaluesServiceOrder -->
  <testcase name="wildcardsearch" time="0.0" classname="com.saksoft.qa.apttestscripts.IMSN_Translator">
    <skipped/>
  </testcase> <!-- wildcardsearch -->
  <testcase name="verifyorderpanelinviewservicepage" time="0.0" classname="com.saksoft.qa.apttestscripts.APT_DomainManagementTest">
    <skipped/>
  </testcase> <!-- verifyorderpanelinviewservicepage -->
  <testcase name="VerifyServicecreatedPanel" time="0.0" classname="com.saksoft.qa.apttestscripts.Hss">
    <skipped/>
  </testcase> <!-- VerifyServicecreatedPanel -->
  <testcase name="verifyAddTranslationfields" time="0.0" classname="com.saksoft.qa.apttestscripts.IMSN_Translator">
    <skipped/>
  </testcase> <!-- verifyAddTranslationfields -->
  <testcase name="verifyservicepanelInformation" time="0.0" classname="com.saksoft.qa.apttestscripts.APT_DomainManagementTest">
    <skipped/>
  </testcase> <!-- verifyservicepanelInformation -->
  <testcase name="VerifyManagementPanel" time="0.0" classname="com.saksoft.qa.apttestscripts.Hss">
    <skipped/>
  </testcase> <!-- VerifyManagementPanel -->
  <testcase name="entervaluesinAddTranslation" time="0.0" classname="com.saksoft.qa.apttestscripts.IMSN_Translator">
    <skipped/>
  </testcase> <!-- entervaluesinAddTranslation -->
  <testcase name="VerifyOrderPanel" time="0.0" classname="com.saksoft.qa.apttestscripts.Hss">
    <skipped/>
  </testcase> <!-- VerifyOrderPanel -->
  <testcase name="Addnumbertranslationfunction" time="0.0" classname="com.saksoft.qa.apttestscripts.IMSN_Translator">
    <skipped/>
  </testcase> <!-- Addnumbertranslationfunction -->
  <testcase name="VerifyAddDevice" time="0.001" classname="com.saksoft.qa.apttestscripts.Hss">
    <skipped/>
  </testcase> <!-- VerifyAddDevice -->
  <testcase name="verifyUploadupdatefile" time="0.0" classname="com.saksoft.qa.apttestscripts.IMSN_Translator">
    <skipped/>
  </testcase> <!-- verifyUploadupdatefile -->
  <testcase name="verifyServicePanelAction" time="0.0" classname="com.saksoft.qa.apttestscripts.Hss">
    <skipped/>
  </testcase> <!-- verifyServicePanelAction -->
  <testcase name="verifyviewHistory" time="0.0" classname="com.saksoft.qa.apttestscripts.IMSN_Translator">
    <skipped/>
  </testcase> <!-- verifyviewHistory -->
  <testcase name="verifydownlaodTranslationlink" time="0.0" classname="com.saksoft.qa.apttestscripts.IMSN_Translator">
    <skipped/>
  </testcase> <!-- verifydownlaodTranslationlink -->
  <testcase name="verifyviewUIHistory" time="0.0" classname="com.saksoft.qa.apttestscripts.IMSN_Translator">
    <skipped/>
  </testcase> <!-- verifyviewUIHistory -->
</testsuite> <!-- APT login3 -->
