<?xml version="1.0" encoding="UTF-8"?>
<!-- Generated by org.testng.reporters.JUnitXMLReporter -->
<testsuite hostname="NAVMCTMTTL108" name="Default test" tests="10" failures="1" timestamp="22 Oct 2020 18:26:36 GMT" time="87.563" errors="0">
  <testcase name="@AfterMethod getResult" time="0.0" classname="com.colt.qa.apttestscripts.APT_IPAccessCMSDataCenterTest">
    <failure type="org.openqa.selenium.WebDriverException" message="chrome not reachable
  (Session info: chrome=86.0.4240.75)
  (Driver info: chromedriver=2.40.565498 (ea082db3280dd6843ebfb08a625e3eb905c4f5ab),platform=Windows NT 10.0.14393 x86_64) (WARNING: The server did not provide any stacktrace information)
Command duration or timeout: 6.32 seconds
Build info: version: &amp;apos;3.4.0&amp;apos;, revision: &amp;apos;unknown&amp;apos;, time: &amp;apos;unknown&amp;apos;
System info: host: &amp;apos;NAVMCTMTTL108&amp;apos;, ip: &amp;apos;10.99.7.43&amp;apos;, os.name: &amp;apos;Windows Server 2016&amp;apos;, os.arch: &amp;apos;amd64&amp;apos;, os.version: &amp;apos;10.0&amp;apos;, java.version: &amp;apos;1.8.0_221&amp;apos;
Driver info: org.openqa.selenium.chrome.ChromeDriver
Capabilities [{applicationCacheEnabled=false, rotatable=false, mobileEmulationEnabled=false, networkConnectionEnabled=false, chrome={chromedriverVersion=2.40.565498 (ea082db3280dd6843ebfb08a625e3eb905c4f5ab), userDataDir=C:\Users\SKATHI~1\AppData\Local\Temp\4\scoped_dir8508_6432}, takesHeapSnapshot=true, pageLoadStrategy=none, databaseEnabled=false, handlesAlerts=true, hasTouchScreen=false, version=86.0.4240.75, platform=XP, browserConnectionEnabled=false, nativeEvents=true, acceptSslCerts=false, acceptInsecureCerts=false, locationContextEnabled=true, webStorageEnabled=true, browserName=chrome, takesScreenshot=true, javascriptEnabled=true, cssSelectorsEnabled=true, setWindowRect=true, unexpectedAlertBehaviour=}]
Session ID: a89dcd61303e912807c27c9654e132df">
      <![CDATA[org.openqa.selenium.WebDriverException: chrome not reachable
  (Session info: chrome=86.0.4240.75)
  (Driver info: chromedriver=2.40.565498 (ea082db3280dd6843ebfb08a625e3eb905c4f5ab),platform=Windows NT 10.0.14393 x86_64) (WARNING: The server did not provide any stacktrace information)
Command duration or timeout: 6.32 seconds
Build info: version: '3.4.0', revision: 'unknown', time: 'unknown'
System info: host: 'NAVMCTMTTL108', ip: '10.99.7.43', os.name: 'Windows Server 2016', os.arch: 'amd64', os.version: '10.0', java.version: '1.8.0_221'
Driver info: org.openqa.selenium.chrome.ChromeDriver
Capabilities [{applicationCacheEnabled=false, rotatable=false, mobileEmulationEnabled=false, networkConnectionEnabled=false, chrome={chromedriverVersion=2.40.565498 (ea082db3280dd6843ebfb08a625e3eb905c4f5ab), userDataDir=C:\Users\SKATHI~1\AppData\Local\Temp\4\scoped_dir8508_6432}, takesHeapSnapshot=true, pageLoadStrategy=none, databaseEnabled=false, handlesAlerts=true, hasTouchScreen=false, version=86.0.4240.75, platform=XP, browserConnectionEnabled=false, nativeEvents=true, acceptSslCerts=false, acceptInsecureCerts=false, locationContextEnabled=true, webStorageEnabled=true, browserName=chrome, takesScreenshot=true, javascriptEnabled=true, cssSelectorsEnabled=true, setWindowRect=true, unexpectedAlertBehaviour=}]
Session ID: a89dcd61303e912807c27c9654e132df
	at sun.reflect.NativeConstructorAccessorImpl.newInstance0(Native Method)
	at sun.reflect.NativeConstructorAccessorImpl.newInstance(Unknown Source)
	at sun.reflect.DelegatingConstructorAccessorImpl.newInstance(Unknown Source)
	at java.lang.reflect.Constructor.newInstance(Unknown Source)
	at org.openqa.selenium.remote.ErrorHandler.createThrowable(ErrorHandler.java:215)
	at org.openqa.selenium.remote.ErrorHandler.throwIfResponseFailed(ErrorHandler.java:167)
	at org.openqa.selenium.remote.RemoteWebDriver.execute(RemoteWebDriver.java:671)
	at org.openqa.selenium.remote.RemoteWebDriver.execute(RemoteWebDriver.java:694)
	at org.openqa.selenium.remote.RemoteWebDriver.getScreenshotAs(RemoteWebDriver.java:382)
	at com.colt.qa.driverlibrary.DriverTestcase.getResult(DriverTestcase.java:421)
	at sun.reflect.NativeMethodAccessorImpl.invoke0(Native Method)
	at sun.reflect.NativeMethodAccessorImpl.invoke(Unknown Source)
	at sun.reflect.DelegatingMethodAccessorImpl.invoke(Unknown Source)
	at java.lang.reflect.Method.invoke(Unknown Source)
	at org.testng.internal.MethodInvocationHelper.invokeMethod(MethodInvocationHelper.java:84)
	at org.testng.internal.Invoker.invokeConfigurationMethod(Invoker.java:564)
	at org.testng.internal.Invoker.invokeConfigurations(Invoker.java:213)
	at org.testng.internal.Invoker.invokeMethod(Invoker.java:786)
	at org.testng.internal.Invoker.invokeTestMethod(Invoker.java:901)
	at org.testng.internal.Invoker.invokeTestMethods(Invoker.java:1231)
	at org.testng.internal.TestMethodWorker.invokeTestMethods(TestMethodWorker.java:127)
	at org.testng.internal.TestMethodWorker.run(TestMethodWorker.java:111)
	at org.testng.TestRunner.privateRun(TestRunner.java:767)
	at org.testng.TestRunner.run(TestRunner.java:617)
	at org.testng.SuiteRunner.runTest(SuiteRunner.java:334)
	at org.testng.SuiteRunner.runSequentially(SuiteRunner.java:329)
	at org.testng.SuiteRunner.privateRun(SuiteRunner.java:291)
	at org.testng.SuiteRunner.run(SuiteRunner.java:240)
	at org.testng.SuiteRunnerWorker.runSuite(SuiteRunnerWorker.java:52)
	at org.testng.SuiteRunnerWorker.run(SuiteRunnerWorker.java:86)
	at org.testng.TestNG.runSuitesSequentially(TestNG.java:1224)
	at org.testng.TestNG.runSuitesLocally(TestNG.java:1149)
	at org.testng.TestNG.run(TestNG.java:1057)
	at org.testng.remote.AbstractRemoteTestNG.run(AbstractRemoteTestNG.java:115)
	at org.testng.remote.RemoteTestNG.initAndRun(RemoteTestNG.java:251)
	at org.testng.remote.RemoteTestNG.main(RemoteTestNG.java:77)
]]>
    </failure>
  </testcase> <!-- @AfterMethod getResult -->
  <testcase name="@BeforeMethod BeforeMethod" time="0.0" classname="com.colt.qa.apttestscripts.APT_IPAccessCMSDataCenterTest">
    <skipped/>
  </testcase> <!-- @BeforeMethod BeforeMethod -->
  <testcase name="@AfterMethod getResult" time="0.0" classname="com.colt.qa.apttestscripts.APT_IPAccessCMSDataCenterTest">
    <skipped/>
  </testcase> <!-- @AfterMethod getResult -->
  <testcase name="@AfterClass Teardown" time="0.0" classname="com.colt.qa.apttestscripts.APT_IPAccessCMSDataCenterTest">
    <skipped/>
  </testcase> <!-- @AfterClass Teardown -->
  <testcase name="@BeforeMethod BeforeMethod" time="0.0" classname="com.colt.qa.apttestscripts.APT_IPAccessNoCPETest">
    <skipped/>
  </testcase> <!-- @BeforeMethod BeforeMethod -->
  <testcase name="@AfterMethod getResult" time="0.0" classname="com.colt.qa.apttestscripts.APT_IPAccessNoCPETest">
    <skipped/>
  </testcase> <!-- @AfterMethod getResult -->
  <testcase name="@AfterClass Teardown" time="0.0" classname="com.colt.qa.apttestscripts.APT_IPAccessNoCPETest">
    <skipped/>
  </testcase> <!-- @AfterClass Teardown -->
  <testcase name="@BeforeMethod BeforeMethod" time="0.0" classname="com.colt.qa.apttestscripts.APT_IPAccessResilientConfigTest">
    <skipped/>
  </testcase> <!-- @BeforeMethod BeforeMethod -->
  <testcase name="@AfterMethod getResult" time="0.0" classname="com.colt.qa.apttestscripts.APT_IPAccessResilientConfigTest">
    <skipped/>
  </testcase> <!-- @AfterMethod getResult -->
  <testcase name="@AfterClass Teardown" time="0.0" classname="com.colt.qa.apttestscripts.APT_IPAccessResilientConfigTest">
    <skipped/>
  </testcase> <!-- @AfterClass Teardown -->
  <testcase name="@BeforeMethod BeforeMethod" time="0.0" classname="com.colt.qa.apttestscripts.APT_IPAccessConfigTest">
    <skipped/>
  </testcase> <!-- @BeforeMethod BeforeMethod -->
  <testcase name="@AfterMethod getResult" time="0.0" classname="com.colt.qa.apttestscripts.APT_IPAccessConfigTest">
    <skipped/>
  </testcase> <!-- @AfterMethod getResult -->
  <testcase name="@AfterClass Teardown" time="0.0" classname="com.colt.qa.apttestscripts.APT_IPAccessConfigTest">
    <skipped/>
  </testcase> <!-- @AfterClass Teardown -->
  <testcase name="@BeforeMethod BeforeMethod" time="0.0" classname="com.colt.qa.apttestscripts.APT_IPAccessMultihomedTest">
    <skipped/>
  </testcase> <!-- @BeforeMethod BeforeMethod -->
  <testcase name="@AfterMethod getResult" time="0.0" classname="com.colt.qa.apttestscripts.APT_IPAccessMultihomedTest">
    <skipped/>
  </testcase> <!-- @AfterMethod getResult -->
  <testcase name="@AfterClass Teardown" time="0.0" classname="com.colt.qa.apttestscripts.APT_IPAccessMultihomedTest">
    <skipped/>
  </testcase> <!-- @AfterClass Teardown -->
  <testcase name="@BeforeMethod BeforeMethod" time="0.0" classname="com.colt.qa.apttestscripts.APT_IPAccess_VCPEResilientConfigTest">
    <skipped/>
  </testcase> <!-- @BeforeMethod BeforeMethod -->
  <testcase name="@AfterMethod getResult" time="0.0" classname="com.colt.qa.apttestscripts.APT_IPAccess_VCPEResilientConfigTest">
    <skipped/>
  </testcase> <!-- @AfterMethod getResult -->
  <testcase name="@AfterClass Teardown" time="0.0" classname="com.colt.qa.apttestscripts.APT_IPAccess_VCPEResilientConfigTest">
    <skipped/>
  </testcase> <!-- @AfterClass Teardown -->
  <testcase name="@BeforeMethod BeforeMethod" time="0.0" classname="com.colt.qa.apttestscripts.APT_ColtTotalTest">
    <skipped/>
  </testcase> <!-- @BeforeMethod BeforeMethod -->
  <testcase name="@AfterMethod getResult" time="0.0" classname="com.colt.qa.apttestscripts.APT_ColtTotalTest">
    <skipped/>
  </testcase> <!-- @AfterMethod getResult -->
  <testcase name="@AfterClass Teardown" time="0.0" classname="com.colt.qa.apttestscripts.APT_ColtTotalTest">
    <skipped/>
  </testcase> <!-- @AfterClass Teardown -->
  <testcase name="@BeforeMethod BeforeMethod" time="0.0" classname="com.colt.qa.apttestscripts.APT_IPAccessSpeedboatTest">
    <skipped/>
  </testcase> <!-- @BeforeMethod BeforeMethod -->
  <testcase name="@AfterMethod getResult" time="0.0" classname="com.colt.qa.apttestscripts.APT_IPAccessSpeedboatTest">
    <skipped/>
  </testcase> <!-- @AfterMethod getResult -->
  <testcase name="@AfterClass Teardown" time="0.0" classname="com.colt.qa.apttestscripts.APT_IPAccessSpeedboatTest">
    <skipped/>
  </testcase> <!-- @AfterClass Teardown -->
  <testcase name="@BeforeMethod BeforeMethod" time="0.0" classname="com.colt.qa.apttestscripts.APT_IPAccess_VCPEConfigTest">
    <skipped/>
  </testcase> <!-- @BeforeMethod BeforeMethod -->
  <testcase name="@AfterMethod getResult" time="0.0" classname="com.colt.qa.apttestscripts.APT_IPAccess_VCPEConfigTest">
    <skipped/>
  </testcase> <!-- @AfterMethod getResult -->
  <testcase name="@AfterClass Teardown" time="0.0" classname="com.colt.qa.apttestscripts.APT_IPAccess_VCPEConfigTest">
    <skipped/>
  </testcase> <!-- @AfterClass Teardown -->
  <testcase name="@AfterTest endReport" time="0.0" classname="com.colt.qa.apttestscripts.APT_IPAccess_VCPEConfigTest">
    <skipped/>
  </testcase> <!-- @AfterTest endReport -->
  <testcase name="IPAccessVCPEConfigService" time="72.689" classname="com.colt.qa.apttestscripts.APT_IPAccessCMSDataCenterTest">
    <failure type="org.openqa.selenium.WebDriverException" message="chrome not reachable
  (Session info: chrome=86.0.4240.75)
  (Driver info: chromedriver=2.40.565498 (ea082db3280dd6843ebfb08a625e3eb905c4f5ab),platform=Windows NT 10.0.14393 x86_64) (WARNING: The server did not provide any stacktrace information)
Command duration or timeout: 6.10 seconds
Build info: version: &amp;apos;3.4.0&amp;apos;, revision: &amp;apos;unknown&amp;apos;, time: &amp;apos;unknown&amp;apos;
System info: host: &amp;apos;NAVMCTMTTL108&amp;apos;, ip: &amp;apos;10.99.7.43&amp;apos;, os.name: &amp;apos;Windows Server 2016&amp;apos;, os.arch: &amp;apos;amd64&amp;apos;, os.version: &amp;apos;10.0&amp;apos;, java.version: &amp;apos;1.8.0_221&amp;apos;
Driver info: org.openqa.selenium.chrome.ChromeDriver
Capabilities [{applicationCacheEnabled=false, rotatable=false, mobileEmulationEnabled=false, networkConnectionEnabled=false, chrome={chromedriverVersion=2.40.565498 (ea082db3280dd6843ebfb08a625e3eb905c4f5ab), userDataDir=C:\Users\SKATHI~1\AppData\Local\Temp\4\scoped_dir8508_6432}, takesHeapSnapshot=true, pageLoadStrategy=none, databaseEnabled=false, handlesAlerts=true, hasTouchScreen=false, version=86.0.4240.75, platform=XP, browserConnectionEnabled=false, nativeEvents=true, acceptSslCerts=false, acceptInsecureCerts=false, locationContextEnabled=true, webStorageEnabled=true, browserName=chrome, takesScreenshot=true, javascriptEnabled=true, cssSelectorsEnabled=true, setWindowRect=true, unexpectedAlertBehaviour=}]
Session ID: a89dcd61303e912807c27c9654e132df">
      <![CDATA[org.openqa.selenium.WebDriverException: chrome not reachable
  (Session info: chrome=86.0.4240.75)
  (Driver info: chromedriver=2.40.565498 (ea082db3280dd6843ebfb08a625e3eb905c4f5ab),platform=Windows NT 10.0.14393 x86_64) (WARNING: The server did not provide any stacktrace information)
Command duration or timeout: 6.10 seconds
Build info: version: '3.4.0', revision: 'unknown', time: 'unknown'
System info: host: 'NAVMCTMTTL108', ip: '10.99.7.43', os.name: 'Windows Server 2016', os.arch: 'amd64', os.version: '10.0', java.version: '1.8.0_221'
Driver info: org.openqa.selenium.chrome.ChromeDriver
Capabilities [{applicationCacheEnabled=false, rotatable=false, mobileEmulationEnabled=false, networkConnectionEnabled=false, chrome={chromedriverVersion=2.40.565498 (ea082db3280dd6843ebfb08a625e3eb905c4f5ab), userDataDir=C:\Users\SKATHI~1\AppData\Local\Temp\4\scoped_dir8508_6432}, takesHeapSnapshot=true, pageLoadStrategy=none, databaseEnabled=false, handlesAlerts=true, hasTouchScreen=false, version=86.0.4240.75, platform=XP, browserConnectionEnabled=false, nativeEvents=true, acceptSslCerts=false, acceptInsecureCerts=false, locationContextEnabled=true, webStorageEnabled=true, browserName=chrome, takesScreenshot=true, javascriptEnabled=true, cssSelectorsEnabled=true, setWindowRect=true, unexpectedAlertBehaviour=}]
Session ID: a89dcd61303e912807c27c9654e132df
	at sun.reflect.NativeConstructorAccessorImpl.newInstance0(Native Method)
	at sun.reflect.NativeConstructorAccessorImpl.newInstance(Unknown Source)
	at sun.reflect.DelegatingConstructorAccessorImpl.newInstance(Unknown Source)
	at java.lang.reflect.Constructor.newInstance(Unknown Source)
	at org.openqa.selenium.remote.ErrorHandler.createThrowable(ErrorHandler.java:215)
	at org.openqa.selenium.remote.ErrorHandler.throwIfResponseFailed(ErrorHandler.java:167)
	at org.openqa.selenium.remote.RemoteWebDriver.execute(RemoteWebDriver.java:671)
	at org.openqa.selenium.remote.RemoteWebDriver.executeScript(RemoteWebDriver.java:573)
	at com.colt.qa.driverlibrary.DriverHelper.scrolltoend(DriverHelper.java:1079)
	at com.colt.qa.scripthelpers.APT_IPAccessCMSDataCenterHelper.createcustomer(APT_IPAccessCMSDataCenterHelper.java:105)
	at com.colt.qa.apttestscripts.APT_IPAccessCMSDataCenterTest.IPAccessVCPEConfigService(APT_IPAccessCMSDataCenterTest.java:38)
	at sun.reflect.NativeMethodAccessorImpl.invoke0(Native Method)
	at sun.reflect.NativeMethodAccessorImpl.invoke(Unknown Source)
	at sun.reflect.DelegatingMethodAccessorImpl.invoke(Unknown Source)
	at java.lang.reflect.Method.invoke(Unknown Source)
	at org.testng.internal.MethodInvocationHelper.invokeMethod(MethodInvocationHelper.java:84)
	at org.testng.internal.Invoker.invokeMethod(Invoker.java:714)
	at org.testng.internal.Invoker.invokeTestMethod(Invoker.java:901)
	at org.testng.internal.Invoker.invokeTestMethods(Invoker.java:1231)
	at org.testng.internal.TestMethodWorker.invokeTestMethods(TestMethodWorker.java:127)
	at org.testng.internal.TestMethodWorker.run(TestMethodWorker.java:111)
	at org.testng.TestRunner.privateRun(TestRunner.java:767)
	at org.testng.TestRunner.run(TestRunner.java:617)
	at org.testng.SuiteRunner.runTest(SuiteRunner.java:334)
	at org.testng.SuiteRunner.runSequentially(SuiteRunner.java:329)
	at org.testng.SuiteRunner.privateRun(SuiteRunner.java:291)
	at org.testng.SuiteRunner.run(SuiteRunner.java:240)
	at org.testng.SuiteRunnerWorker.runSuite(SuiteRunnerWorker.java:52)
	at org.testng.SuiteRunnerWorker.run(SuiteRunnerWorker.java:86)
	at org.testng.TestNG.runSuitesSequentially(TestNG.java:1224)
	at org.testng.TestNG.runSuitesLocally(TestNG.java:1149)
	at org.testng.TestNG.run(TestNG.java:1057)
	at org.testng.remote.AbstractRemoteTestNG.run(AbstractRemoteTestNG.java:115)
	at org.testng.remote.RemoteTestNG.initAndRun(RemoteTestNG.java:251)
	at org.testng.remote.RemoteTestNG.main(RemoteTestNG.java:77)
]]>
    </failure>
  </testcase> <!-- IPAccessVCPEConfigService -->
  <testcase name="IPAccessVCPEConfigService" time="0.0" classname="com.colt.qa.apttestscripts.APT_IPAccessCMSDataCenterTest">
    <skipped/>
  </testcase> <!-- IPAccessVCPEConfigService -->
  <testcase name="IPAccessNoCPETestCases" time="0.031" classname="com.colt.qa.apttestscripts.APT_IPAccessNoCPETest">
    <skipped/>
  </testcase> <!-- IPAccessNoCPETestCases -->
  <testcase name="APT_IPAccessResilientConfigTestCases" time="0.0" classname="com.colt.qa.apttestscripts.APT_IPAccessResilientConfigTest">
    <skipped/>
  </testcase> <!-- APT_IPAccessResilientConfigTestCases -->
  <testcase name="ipa_ConfigurationService" time="0.0" classname="com.colt.qa.apttestscripts.APT_IPAccessConfigTest">
    <skipped/>
  </testcase> <!-- ipa_ConfigurationService -->
  <testcase name="MultihomedTestCases" time="0.0" classname="com.colt.qa.apttestscripts.APT_IPAccessMultihomedTest">
    <skipped/>
  </testcase> <!-- MultihomedTestCases -->
  <testcase name="IPAccessVCPEConfigService" time="0.0" classname="com.colt.qa.apttestscripts.APT_IPAccess_VCPEResilientConfigTest">
    <skipped/>
  </testcase> <!-- IPAccessVCPEConfigService -->
  <testcase name="ColtTotalConfigTestCases" time="0.031" classname="com.colt.qa.apttestscripts.APT_ColtTotalTest">
    <skipped/>
  </testcase> <!-- ColtTotalConfigTestCases -->
  <testcase name="IPAccessVCPEConfigService" time="0.0" classname="com.colt.qa.apttestscripts.APT_IPAccessSpeedboatTest">
    <skipped/>
  </testcase> <!-- IPAccessVCPEConfigService -->
  <testcase name="IPAccessVCPEConfigService" time="0.0" classname="com.colt.qa.apttestscripts.APT_IPAccess_VCPEConfigTest">
    <skipped/>
  </testcase> <!-- IPAccessVCPEConfigService -->
</testsuite> <!-- Default test -->
