<!DOCTYPE html PUBLIC "-//W3C//DTD XHTML 1.1//EN" "http://www.w3.org/TR/xhtml11/DTD/xhtml11.dtd">
<html xmlns="http://www.w3.org/1999/xhtml"><head><title>TestNG Report</title><style type="text/css">table {margin-bottom:10px;border-collapse:collapse;empty-cells:show}th,td {border:1px solid #009;padding:.25em .5em}th {vertical-align:bottom}td {vertical-align:top}table a {font-weight:bold}.stripe td {background-color: #E6EBF9}.num {text-align:right}.passedodd td {background-color: #3F3}.passedeven td {background-color: #0A0}.skippedodd td {background-color: #DDD}.skippedeven td {background-color: #CCC}.failedodd td,.attn {background-color: #F33}.failedeven td,.stripe .attn {background-color: #D00}.stacktrace {white-space:pre;font-family:monospace}.totop {font-size:85%;text-align:center;border-bottom:2px solid #000}</style></head><body><table><tr><th>Test</th><th># Passed</th><th># Skipped</th><th># Failed</th><th>Time (ms)</th><th>Included Groups</th><th>Excluded Groups</th></tr><tr><th colspan="7">Default suite</th></tr><tr><td><a href="#t0">Default test</a></td><td class="num">0</td><td class="num">0</td><td class="num attn">1</td><td class="num">1,420,086</td><td></td><td></td></tr></table><table><thead><tr><th>Class</th><th>Method</th><th>Start</th><th>Time (ms)</th></tr></thead><tbody><tr><th colspan="4">Default suite</th></tr></tbody><tbody id="t0"><tr><th colspan="4">Default test &#8212; failed</th></tr><tr class="failedeven"><td rowspan="1">com.colt.qa.apttestscripts.APT_MCS_CreateAccessCoreDevice_AccessSwitch</td><td><a href="#m0">createAccessCoreDevice_AccessSwitch</a></td><td rowspan="1">1600766364743</td><td rowspan="1">1415585</td></tr></tbody></table><h2>Default test</h2><h3 id="m0">com.colt.qa.apttestscripts.APT_MCS_CreateAccessCoreDevice_AccessSwitch#createAccessCoreDevice_AccessSwitch</h3><table class="result"><tr class="param"><th>Parameter #1</th></tr><tr class="param stripe"><td>{Snmpv3UsernameNewValue=Null, editSnmprwNewValue=TestSnmprwNew, editExistingPremise=Null, editSnmpv3AuthpasswordNewValue=TestV3AuthPwd, NewCityCode=A709, ExistingCityValue=Injune, editNewPremise=Null, InServiceStatus=In Service, Name=AcesSwitch_14, editSnmProNewValue=TestSnmproNew, editExistingSite=Null, NewSiteName=Jayanagar, SnmprwNewValue=null, NewCityName=Bengaluru, editIOSXR=Null, editNewSite=Null, NewCity=No, Existing SiteValue=43fgfdgsdfgf, editTelnet=Null, DeviceType=Access Switch, editExistingSiteValue=Null, editdeviceName=null, editNewSiteName=Null, NewPremise=Yes, Country=AU (Australia), editSnmpv3PrivpasswordNewValue=TestV3PrivPwd, NewPremiseCode=B4, editVendorModel=null, editModularMSP=Null, vrf_Ipv6=10.83.99.1, Snmpv3AuthpasswordNewValue=Null, editExistingCity=Null, ExistingPremise=NO, vrf_Ipv4=10.83.99.1, editNewPremiseName=Null, Snmp2C=Yes, command_ipv4=ping, editNewCityCode=Null, command_ipv6=ping vrf :1 ipv6, editExistingCityValue=Null, Snmp3=No, SnmProNewValue=null, editSnmp3=Yes, editExistingPremiseValue=Null, editNewSiteCode=Null, NewSite=No, NewPremiseName=Pre5, VendorModel=Cisco 2960, Snmpv3PrivpasswordNewValue=Null, Telnet=Yes, editFullIQNET=Null, ExistingCity=Yes, InMaintenanceStatus=In Maintenance, Existing PremiseValue=PremiseTest1, editNewPremiseCode=Null, ExistingSite=Yes, Full IQNET=Yes, editManagementAddress=Null, RouterID=245, SSH=No, editSSH=Null, editNewCityName=Null, Run=Yes, url=APT_NonVoiceService, editSnmpv3UsernameNewValue=TestV3Username, editNewCity=Null, editRouterID=TestRouterID_edited, Management Address=16.92.11.29, Modular MSP=No, editCountry=Null, NewSiteCode=Jay35, editSnmp2C=no}</td></tr><tr><th>Exception</th></tr><tr><td><div class="stacktrace">org.openqa.selenium.TimeoutException: Expected condition failed: waiting for com.colt.qa.driverlibrary.DriverHelper$3@5ba7391b (tried for 60 second(s) with 15 SECONDS interval)
	at org.openqa.selenium.support.ui.FluentWait.timeoutException(FluentWait.java:264)
	at org.openqa.selenium.support.ui.FluentWait.until(FluentWait.java:232)
	at com.colt.qa.driverlibrary.DriverHelper.getwebelement(DriverHelper.java:327)
	at com.colt.qa.scripthelpers.APT_MCS_CreateAccessSwitchCoreDeviceHelper.verifydeviceEdit_AccessRouter(APT_MCS_CreateAccessSwitchCoreDeviceHelper.java:867)
	at com.colt.qa.apttestscripts.APT_MCS_CreateAccessCoreDevice_AccessSwitch.createAccessCoreDevice_AccessSwitch(APT_MCS_CreateAccessCoreDevice_AccessSwitch.java:59)
	at sun.reflect.NativeMethodAccessorImpl.invoke0(Native Method)
	at sun.reflect.NativeMethodAccessorImpl.invoke(Unknown Source)
	at sun.reflect.DelegatingMethodAccessorImpl.invoke(Unknown Source)
	at java.lang.reflect.Method.invoke(Unknown Source)
	at org.testng.internal.MethodInvocationHelper.invokeMethod(MethodInvocationHelper.java:84)
	at org.testng.internal.Invoker.invokeMethod(Invoker.java:714)
	at org.testng.internal.Invoker.invokeTestMethod(Invoker.java:901)
	at org.testng.internal.Invoker.invokeTestMethods(Invoker.java:1231)
	at org.testng.internal.TestMethodWorker.invokeTestMethods(TestMethodWorker.java:127)
	at org.testng.internal.TestMethodWorker.run(TestMethodWorker.java:111)
	at org.testng.TestRunner.privateRun(TestRunner.java:767)
	at org.testng.TestRunner.run(TestRunner.java:617)
	at org.testng.SuiteRunner.runTest(SuiteRunner.java:334)
	at org.testng.SuiteRunner.runSequentially(SuiteRunner.java:329)
	at org.testng.SuiteRunner.privateRun(SuiteRunner.java:291)
	at org.testng.SuiteRunner.run(SuiteRunner.java:240)
	at org.testng.SuiteRunnerWorker.runSuite(SuiteRunnerWorker.java:52)
	at org.testng.SuiteRunnerWorker.run(SuiteRunnerWorker.java:86)
	at org.testng.TestNG.runSuitesSequentially(TestNG.java:1224)
	at org.testng.TestNG.runSuitesLocally(TestNG.java:1149)
	at org.testng.TestNG.run(TestNG.java:1057)
	at org.testng.remote.AbstractRemoteTestNG.run(AbstractRemoteTestNG.java:115)
	at org.testng.remote.RemoteTestNG.initAndRun(RemoteTestNG.java:251)
	at org.testng.remote.RemoteTestNG.main(RemoteTestNG.java:77)
Caused by: org.openqa.selenium.NoSuchElementException: no such element: Unable to locate element: {&quot;method&quot;:&quot;xpath&quot;,&quot;selector&quot;:&quot;//div[text()=&apos;Device&apos;]/following-sibling::div//button[text()=&apos;Action&apos;]&quot;}
  (Session info: chrome=85.0.4183.102)
  (Driver info: chromedriver=2.40.565498 (ea082db3280dd6843ebfb08a625e3eb905c4f5ab),platform=Windows NT 10.0.14393 x86_64) (WARNING: The server did not provide any stacktrace information)
Command duration or timeout: 2.18 seconds
For documentation on this error, please visit: http://seleniumhq.org/exceptions/no_such_element.html
Build info: version: &apos;3.4.0&apos;, revision: &apos;unknown&apos;, time: &apos;unknown&apos;
System info: host: &apos;NAVMCTMTTL108&apos;, ip: &apos;10.99.7.43&apos;, os.name: &apos;Windows Server 2016&apos;, os.arch: &apos;amd64&apos;, os.version: &apos;10.0&apos;, java.version: &apos;1.8.0_221&apos;
Driver info: org.openqa.selenium.chrome.ChromeDriver
Capabilities [{applicationCacheEnabled=false, rotatable=false, mobileEmulationEnabled=false, networkConnectionEnabled=false, chrome={chromedriverVersion=2.40.565498 (ea082db3280dd6843ebfb08a625e3eb905c4f5ab), userDataDir=C:\Users\SKATHI~1\AppData\Local\Temp\12\scoped_dir12008_21775}, takesHeapSnapshot=true, pageLoadStrategy=none, databaseEnabled=false, handlesAlerts=true, hasTouchScreen=false, version=85.0.4183.102, platform=XP, browserConnectionEnabled=false, nativeEvents=true, acceptSslCerts=false, acceptInsecureCerts=false, locationContextEnabled=true, webStorageEnabled=true, browserName=chrome, takesScreenshot=true, javascriptEnabled=true, cssSelectorsEnabled=true, setWindowRect=true, unexpectedAlertBehaviour=}]
Session ID: ad35e33fe4a5d2d22ceec1f1a268b56e
*** Element info: {Using=xpath, value=//div[text()=&apos;Device&apos;]/following-sibling::div//button[text()=&apos;Action&apos;]}
	at sun.reflect.GeneratedConstructorAccessor25.newInstance(Unknown Source)
	at sun.reflect.DelegatingConstructorAccessorImpl.newInstance(Unknown Source)
	at java.lang.reflect.Constructor.newInstance(Unknown Source)
	at org.openqa.selenium.remote.ErrorHandler.createThrowable(ErrorHandler.java:215)
	at org.openqa.selenium.remote.ErrorHandler.throwIfResponseFailed(ErrorHandler.java:167)
	at org.openqa.selenium.remote.RemoteWebDriver.execute(RemoteWebDriver.java:671)
	at org.openqa.selenium.remote.RemoteWebDriver.findElement(RemoteWebDriver.java:410)
	at org.openqa.selenium.remote.RemoteWebDriver.findElementByXPath(RemoteWebDriver.java:509)
	at org.openqa.selenium.By$ByXPath.findElement(By.java:361)
	at org.openqa.selenium.remote.RemoteWebDriver.findElement(RemoteWebDriver.java:402)
	at com.colt.qa.driverlibrary.DriverHelper$3.apply(DriverHelper.java:329)
	at com.colt.qa.driverlibrary.DriverHelper$3.apply(DriverHelper.java:1)
	at org.openqa.selenium.support.ui.FluentWait.until(FluentWait.java:209)
	... 27 more
</div></td></tr></table><p class="totop"><a href="#summary">back to summary</a></p></body></html>