<?xml version="1.0" encoding="UTF-8"?>
<testng-results skipped="0" failed="1" total="1" passed="0">
  <reporter-output>
  </reporter-output>
  <suite name="Suite" duration-ms="197208" started-at="2020-08-24T16:00:03Z" finished-at="2020-08-24T16:03:21Z">
    <groups>
    </groups>
    <test name="Test" duration-ms="197208" started-at="2020-08-24T16:00:03Z" finished-at="2020-08-24T16:03:21Z">
      <class name="com.colt.qa.apttestscripts.APT_DomainManagementTest">
        <test-method status="PASS" signature="BeforeSuite()[pri:0, instance:com.colt.qa.apttestscripts.APT_DomainManagementTest@2d6a9952]" name="BeforeSuite" is-config="true" duration-ms="252" started-at="2020-08-24T21:30:03Z" finished-at="2020-08-24T21:30:03Z">
          <reporter-output>
          </reporter-output>
        </test-method> <!-- BeforeSuite -->
        <test-method status="PASS" signature="startReport()[pri:0, instance:com.colt.qa.apttestscripts.APT_DomainManagementTest@2d6a9952]" name="startReport" is-config="true" duration-ms="148" started-at="2020-08-24T21:30:03Z" finished-at="2020-08-24T21:30:04Z">
          <reporter-output>
          </reporter-output>
        </test-method> <!-- startReport -->
        <test-method status="PASS" signature="BeforeMethod(java.lang.reflect.Method, org.testng.ITestContext, [Ljava.lang.Object;)[pri:0, instance:com.colt.qa.apttestscripts.APT_DomainManagementTest@2d6a9952]" name="BeforeMethod" is-config="true" duration-ms="1" started-at="2020-08-24T21:30:04Z" finished-at="2020-08-24T21:30:04Z">
          <params>
            <param index="0">
              <value>
                <![CDATA[public void com.colt.qa.apttestscripts.APT_DomainManagementTest.DomainManagementService(java.util.Map) throws java.lang.Exception]]>
              </value>
            </param>
            <param index="1">
              <value>
                <![CDATA[org.testng.TestRunner@6581ee8]]>
              </value>
            </param>
            <param index="2">
              <value>
                <![CDATA[[Ljava.lang.Object;@2315ba0b]]>
              </value>
            </param>
          </params>
          <reporter-output>
          </reporter-output>
        </test-method> <!-- BeforeMethod -->
        <test-method status="FAIL" signature="DomainManagementService(java.util.Map)[pri:0, instance:com.colt.qa.apttestscripts.APT_DomainManagementTest@2d6a9952]" name="DomainManagementService" duration-ms="192390" started-at="2020-08-24T21:30:04Z" description="TC-01" data-provider="Finaldatareader_Domain" finished-at="2020-08-24T21:33:17Z">
          <params>
            <param index="0">
              <value>
                <![CDATA[{Edit_ServiceCountry=Brazil, Email=domain1016@test.com, CreateOrderCustomer=Test_Colt_Customer_QA_23, Edit_ServicePhone=+49-4773-827345, Edit_ServiceState=TN, ExistingOrderService=NO, existingCustomerSelection=No, Edit_ServiceComplement=servicecompedit1016, existingCustomer=Domain1016, Edit_Remarks=TestRemarksedit1016, ServicePhoneContact=9987892672, DedicatedPortalStatus=NO, Remarks=TestRemarks, ServiceType=Domain Management, newCustomer=Domain1016, Edit_ServicePostalCode=598487, Edit_ServiceFax=+49-4773-827874, Edit_ServiceFirstName=testedit1016, ServiceIdentification=DomainService_1016, ServiceLastName=service, ServiceCountry=Belgium, ServicePostalCode=546724, Edit_ServiceAddress=23, Mangalore, NewRFIREQNumber=DomainRFI_1016, ServiceDefaultEmail=domainemail1016@gmail.com, Edit_ServiceUser=Domainuseredit1016, DedicatedPortal=Vodafone Portal, ServicePhone=+49-1873-809275, Edit_ServiceCity=Ooty, OrganizationName=colt, ServiceAddress=23, bangalore, ExistingOrderNumber=DomainOrder_1016, Edit_OrganizationName=colttest1016, Edit_ServiceDefaultEmail=domainemailedit1016@gmail.com, ServiceEmail=domainservice_1016@gmail.com, ServiceFax=+49-1873-809156, ChangeOrder_VoicelineNumber=DomainRFI_1016, Edit_ServiceEmail=domainserviceedit_1016@gmail.com, ExistingRFIREQNumber=DomainRFI_1016, TechnicalContactName=domaincontact1016, ServiceCity=bangalore, EditOrder_VoicelineNumber=DomainRFIedit_1016, Passwordvalue=hfisesy@ui, ChangeOrder_OrderNumber=DomainOrder_1016, Phone=9973825582, CreateOrderName=Test_Colt_Customer_QA_23, MainDomain=dmdomain1016.com, ServiceComplement=servicecomp1016, TypeToBeSelected=Colt Telecom - internal, NewOrderNumber=DomainOrder_1016, ServiceState=KA, Edit_ServicePhoneContact=9498382368, CountryToBeSelected=BE (Belgium), Reference=testreference1016, Run=Yes, Edit_ServiceLastName=serviceedit1016, url=APT_NonVoiceService, ServiceFirstName=test, newCustomerCreation=Yes, NewOrderService=YES, ServiceUser=user1016, OCN=domainocn1016, EditOrder_OrderNumber=DomainOrderedit_1016, Fax=9973857923}]]>
              </value>
            </param>
          </params>
          <exception class="org.openqa.selenium.WebDriverException">
            <message>
              <![CDATA[chrome not reachable
  (Session info: chrome=84.0.4147.135)
  (Driver info: chromedriver=2.40.565498 (ea082db3280dd6843ebfb08a625e3eb905c4f5ab),platform=Windows NT 10.0.14393 x86_64) (WARNING: The server did not provide any stacktrace information)
Command duration or timeout: 6.01 seconds
Build info: version: '3.4.0', revision: 'unknown', time: 'unknown'
System info: host: 'NAVMCTMTTL108', ip: '10.99.7.43', os.name: 'Windows Server 2016', os.arch: 'amd64', os.version: '10.0', java.version: '1.8.0_221'
Driver info: org.openqa.selenium.chrome.ChromeDriver
Capabilities [{applicationCacheEnabled=false, rotatable=false, mobileEmulationEnabled=false, networkConnectionEnabled=false, chrome={chromedriverVersion=2.40.565498 (ea082db3280dd6843ebfb08a625e3eb905c4f5ab), userDataDir=C:\Users\SKATHI~1\AppData\Local\Temp\scoped_dir181760_25605}, takesHeapSnapshot=true, pageLoadStrategy=none, databaseEnabled=false, handlesAlerts=true, hasTouchScreen=false, version=84.0.4147.135, platform=XP, browserConnectionEnabled=false, nativeEvents=true, acceptSslCerts=false, acceptInsecureCerts=false, locationContextEnabled=true, webStorageEnabled=true, browserName=chrome, takesScreenshot=true, javascriptEnabled=true, cssSelectorsEnabled=true, setWindowRect=true, unexpectedAlertBehaviour=}]
Session ID: e9cc681e85d902c324d985ef0ead005d]]>
            </message>
            <full-stacktrace>
              <![CDATA[org.openqa.selenium.WebDriverException: chrome not reachable
  (Session info: chrome=84.0.4147.135)
  (Driver info: chromedriver=2.40.565498 (ea082db3280dd6843ebfb08a625e3eb905c4f5ab),platform=Windows NT 10.0.14393 x86_64) (WARNING: The server did not provide any stacktrace information)
Command duration or timeout: 6.01 seconds
Build info: version: '3.4.0', revision: 'unknown', time: 'unknown'
System info: host: 'NAVMCTMTTL108', ip: '10.99.7.43', os.name: 'Windows Server 2016', os.arch: 'amd64', os.version: '10.0', java.version: '1.8.0_221'
Driver info: org.openqa.selenium.chrome.ChromeDriver
Capabilities [{applicationCacheEnabled=false, rotatable=false, mobileEmulationEnabled=false, networkConnectionEnabled=false, chrome={chromedriverVersion=2.40.565498 (ea082db3280dd6843ebfb08a625e3eb905c4f5ab), userDataDir=C:\Users\SKATHI~1\AppData\Local\Temp\scoped_dir181760_25605}, takesHeapSnapshot=true, pageLoadStrategy=none, databaseEnabled=false, handlesAlerts=true, hasTouchScreen=false, version=84.0.4147.135, platform=XP, browserConnectionEnabled=false, nativeEvents=true, acceptSslCerts=false, acceptInsecureCerts=false, locationContextEnabled=true, webStorageEnabled=true, browserName=chrome, takesScreenshot=true, javascriptEnabled=true, cssSelectorsEnabled=true, setWindowRect=true, unexpectedAlertBehaviour=}]
Session ID: e9cc681e85d902c324d985ef0ead005d
	at sun.reflect.NativeConstructorAccessorImpl.newInstance0(Native Method)
	at sun.reflect.NativeConstructorAccessorImpl.newInstance(Unknown Source)
	at sun.reflect.DelegatingConstructorAccessorImpl.newInstance(Unknown Source)
	at java.lang.reflect.Constructor.newInstance(Unknown Source)
	at org.openqa.selenium.remote.ErrorHandler.createThrowable(ErrorHandler.java:215)
	at org.openqa.selenium.remote.ErrorHandler.throwIfResponseFailed(ErrorHandler.java:167)
	at org.openqa.selenium.remote.RemoteWebDriver.execute(RemoteWebDriver.java:671)
	at org.openqa.selenium.remote.RemoteWebDriver.executeScript(RemoteWebDriver.java:573)
	at com.colt.qa.driverlibrary.DriverHelper.scrolltoend(DriverHelper.java:1000)
	at com.colt.qa.scripthelpers.APT_DomainManagementHelper.createcustomer(APT_DomainManagementHelper.java:99)
	at com.colt.qa.apttestscripts.APT_DomainManagementTest.DomainManagementService(APT_DomainManagementTest.java:36)
	at sun.reflect.NativeMethodAccessorImpl.invoke0(Native Method)
	at sun.reflect.NativeMethodAccessorImpl.invoke(Unknown Source)
	at sun.reflect.DelegatingMethodAccessorImpl.invoke(Unknown Source)
	at java.lang.reflect.Method.invoke(Unknown Source)
	at org.testng.internal.MethodInvocationHelper.invokeMethod(MethodInvocationHelper.java:84)
	at org.testng.internal.Invoker.invokeMethod(Invoker.java:714)
	at org.testng.internal.Invoker.invokeTestMethod(Invoker.java:901)
	at org.testng.internal.Invoker.invokeTestMethods(Invoker.java:1231)
	at org.testng.internal.TestMethodWorker.invokeTestMethods(TestMethodWorker.java:127)
	at org.testng.internal.TestMethodWorker.run(TestMethodWorker.java:111)
	at org.testng.TestRunner.privateRun(TestRunner.java:767)
	at org.testng.TestRunner.run(TestRunner.java:617)
	at org.testng.SuiteRunner.runTest(SuiteRunner.java:334)
	at org.testng.SuiteRunner.runSequentially(SuiteRunner.java:329)
	at org.testng.SuiteRunner.privateRun(SuiteRunner.java:291)
	at org.testng.SuiteRunner.run(SuiteRunner.java:240)
	at org.testng.SuiteRunnerWorker.runSuite(SuiteRunnerWorker.java:52)
	at org.testng.SuiteRunnerWorker.run(SuiteRunnerWorker.java:86)
	at org.testng.TestNG.runSuitesSequentially(TestNG.java:1224)
	at org.testng.TestNG.runSuitesLocally(TestNG.java:1149)
	at org.testng.TestNG.run(TestNG.java:1057)
	at org.testng.TestNG.privateMain(TestNG.java:1364)
	at org.testng.TestNG.main(TestNG.java:1333)
]]>
            </full-stacktrace>
          </exception> <!-- org.openqa.selenium.WebDriverException -->
          <reporter-output>
          </reporter-output>
        </test-method> <!-- DomainManagementService -->
        <test-method status="FAIL" signature="getResult(org.testng.ITestResult)[pri:0, instance:com.colt.qa.apttestscripts.APT_DomainManagementTest@2d6a9952]" name="getResult" is-config="true" duration-ms="0" started-at="2020-08-24T21:33:17Z" finished-at="2020-08-24T21:33:17Z">
          <params>
            <param index="0">
              <value>
                <![CDATA[[TestResult name=DomainManagementService status=FAILURE method=APT_DomainManagementTest.DomainManagementService(java.util.Map)[pri:0, instance:com.colt.qa.apttestscripts.APT_DomainManagementTest@2d6a9952] output={null}]]]>
              </value>
            </param>
          </params>
          <exception class="org.openqa.selenium.WebDriverException">
            <message>
              <![CDATA[chrome not reachable
  (Session info: chrome=84.0.4147.135)
  (Driver info: chromedriver=2.40.565498 (ea082db3280dd6843ebfb08a625e3eb905c4f5ab),platform=Windows NT 10.0.14393 x86_64) (WARNING: The server did not provide any stacktrace information)
Command duration or timeout: 4.02 seconds
Build info: version: '3.4.0', revision: 'unknown', time: 'unknown'
System info: host: 'NAVMCTMTTL108', ip: '10.99.7.43', os.name: 'Windows Server 2016', os.arch: 'amd64', os.version: '10.0', java.version: '1.8.0_221'
Driver info: org.openqa.selenium.chrome.ChromeDriver
Capabilities [{applicationCacheEnabled=false, rotatable=false, mobileEmulationEnabled=false, networkConnectionEnabled=false, chrome={chromedriverVersion=2.40.565498 (ea082db3280dd6843ebfb08a625e3eb905c4f5ab), userDataDir=C:\Users\SKATHI~1\AppData\Local\Temp\scoped_dir181760_25605}, takesHeapSnapshot=true, pageLoadStrategy=none, databaseEnabled=false, handlesAlerts=true, hasTouchScreen=false, version=84.0.4147.135, platform=XP, browserConnectionEnabled=false, nativeEvents=true, acceptSslCerts=false, acceptInsecureCerts=false, locationContextEnabled=true, webStorageEnabled=true, browserName=chrome, takesScreenshot=true, javascriptEnabled=true, cssSelectorsEnabled=true, setWindowRect=true, unexpectedAlertBehaviour=}]
Session ID: e9cc681e85d902c324d985ef0ead005d]]>
            </message>
            <full-stacktrace>
              <![CDATA[org.openqa.selenium.WebDriverException: chrome not reachable
  (Session info: chrome=84.0.4147.135)
  (Driver info: chromedriver=2.40.565498 (ea082db3280dd6843ebfb08a625e3eb905c4f5ab),platform=Windows NT 10.0.14393 x86_64) (WARNING: The server did not provide any stacktrace information)
Command duration or timeout: 4.02 seconds
Build info: version: '3.4.0', revision: 'unknown', time: 'unknown'
System info: host: 'NAVMCTMTTL108', ip: '10.99.7.43', os.name: 'Windows Server 2016', os.arch: 'amd64', os.version: '10.0', java.version: '1.8.0_221'
Driver info: org.openqa.selenium.chrome.ChromeDriver
Capabilities [{applicationCacheEnabled=false, rotatable=false, mobileEmulationEnabled=false, networkConnectionEnabled=false, chrome={chromedriverVersion=2.40.565498 (ea082db3280dd6843ebfb08a625e3eb905c4f5ab), userDataDir=C:\Users\SKATHI~1\AppData\Local\Temp\scoped_dir181760_25605}, takesHeapSnapshot=true, pageLoadStrategy=none, databaseEnabled=false, handlesAlerts=true, hasTouchScreen=false, version=84.0.4147.135, platform=XP, browserConnectionEnabled=false, nativeEvents=true, acceptSslCerts=false, acceptInsecureCerts=false, locationContextEnabled=true, webStorageEnabled=true, browserName=chrome, takesScreenshot=true, javascriptEnabled=true, cssSelectorsEnabled=true, setWindowRect=true, unexpectedAlertBehaviour=}]
Session ID: e9cc681e85d902c324d985ef0ead005d
	at sun.reflect.NativeConstructorAccessorImpl.newInstance0(Native Method)
	at sun.reflect.NativeConstructorAccessorImpl.newInstance(Unknown Source)
	at sun.reflect.DelegatingConstructorAccessorImpl.newInstance(Unknown Source)
	at java.lang.reflect.Constructor.newInstance(Unknown Source)
	at org.openqa.selenium.remote.ErrorHandler.createThrowable(ErrorHandler.java:215)
	at org.openqa.selenium.remote.ErrorHandler.throwIfResponseFailed(ErrorHandler.java:167)
	at org.openqa.selenium.remote.RemoteWebDriver.execute(RemoteWebDriver.java:671)
	at org.openqa.selenium.remote.RemoteWebDriver.execute(RemoteWebDriver.java:694)
	at org.openqa.selenium.remote.RemoteWebDriver.getScreenshotAs(RemoteWebDriver.java:382)
	at com.colt.qa.driverlibrary.DriverTestcase.getResult(DriverTestcase.java:311)
	at sun.reflect.NativeMethodAccessorImpl.invoke0(Native Method)
	at sun.reflect.NativeMethodAccessorImpl.invoke(Unknown Source)
	at sun.reflect.DelegatingMethodAccessorImpl.invoke(Unknown Source)
	at java.lang.reflect.Method.invoke(Unknown Source)
	at org.testng.internal.MethodInvocationHelper.invokeMethod(MethodInvocationHelper.java:84)
	at org.testng.internal.Invoker.invokeConfigurationMethod(Invoker.java:564)
	at org.testng.internal.Invoker.invokeConfigurations(Invoker.java:213)
	at org.testng.internal.Invoker.invokeMethod(Invoker.java:786)
	at org.testng.internal.Invoker.invokeTestMethod(Invoker.java:901)
	at org.testng.internal.Invoker.invokeTestMethods(Invoker.java:1231)
	at org.testng.internal.TestMethodWorker.invokeTestMethods(TestMethodWorker.java:127)
	at org.testng.internal.TestMethodWorker.run(TestMethodWorker.java:111)
	at org.testng.TestRunner.privateRun(TestRunner.java:767)
	at org.testng.TestRunner.run(TestRunner.java:617)
	at org.testng.SuiteRunner.runTest(SuiteRunner.java:334)
	at org.testng.SuiteRunner.runSequentially(SuiteRunner.java:329)
	at org.testng.SuiteRunner.privateRun(SuiteRunner.java:291)
	at org.testng.SuiteRunner.run(SuiteRunner.java:240)
	at org.testng.SuiteRunnerWorker.runSuite(SuiteRunnerWorker.java:52)
	at org.testng.SuiteRunnerWorker.run(SuiteRunnerWorker.java:86)
	at org.testng.TestNG.runSuitesSequentially(TestNG.java:1224)
	at org.testng.TestNG.runSuitesLocally(TestNG.java:1149)
	at org.testng.TestNG.run(TestNG.java:1057)
	at org.testng.TestNG.privateMain(TestNG.java:1364)
	at org.testng.TestNG.main(TestNG.java:1333)
]]>
            </full-stacktrace>
          </exception> <!-- org.openqa.selenium.WebDriverException -->
          <reporter-output>
          </reporter-output>
        </test-method> <!-- getResult -->
        <test-method status="SKIP" signature="Teardown()[pri:0, instance:com.colt.qa.apttestscripts.APT_DomainManagementTest@2d6a9952]" name="Teardown" is-config="true" duration-ms="0" started-at="2020-08-24T21:33:21Z" finished-at="2020-08-24T21:33:21Z">
          <reporter-output>
          </reporter-output>
        </test-method> <!-- Teardown -->
        <test-method status="SKIP" signature="endReport()[pri:0, instance:com.colt.qa.apttestscripts.APT_DomainManagementTest@2d6a9952]" name="endReport" is-config="true" duration-ms="0" started-at="2020-08-24T21:33:21Z" finished-at="2020-08-24T21:33:21Z">
          <reporter-output>
          </reporter-output>
        </test-method> <!-- endReport -->
      </class> <!-- com.colt.qa.apttestscripts.APT_DomainManagementTest -->
    </test> <!-- Test -->
  </suite> <!-- Suite -->
</testng-results>
