<html>
<head>
<title>TestNG:  APT login2</title>
<link href="../testng.css" rel="stylesheet" type="text/css" />
<link href="../my-testng.css" rel="stylesheet" type="text/css" />

<style type="text/css">
.log { display: none;} 
.stack-trace { display: none;} 
</style>
<script type="text/javascript">
<!--
function flip(e) {
  current = e.style.display;
  if (current == 'block') {
    e.style.display = 'none';
    return 0;
  }
  else {
    e.style.display = 'block';
    return 1;
  }
}

function toggleBox(szDivId, elem, msg1, msg2)
{
  var res = -1;  if (document.getElementById) {
    res = flip(document.getElementById(szDivId));
  }
  else if (document.all) {
    // this is the way old msie versions work
    res = flip(document.all[szDivId]);
  }
  if(elem) {
    if(res == 0) elem.innerHTML = msg1; else elem.innerHTML = msg2;
  }

}

function toggleAllBoxes() {
  if (document.getElementsByTagName) {
    d = document.getElementsByTagName('div');
    for (i = 0; i < d.length; i++) {
      if (d[i].className == 'log') {
        flip(d[i]);
      }
    }
  }
}

// -->
</script>

</head>
<body>
<h2 align='center'>APT login2</h2><table border='1' align="center">
<tr>
<td>Tests passed/Failed/Skipped:</td><td>0/7/0</td>
</tr><tr>
<td>Started on:</td><td>Wed Jun 17 12:39:42 IST 2020</td>
</tr>
<tr><td>Total time:</td><td>0 seconds (98 ms)</td>
</tr><tr>
<td>Included groups:</td><td></td>
</tr><tr>
<td>Excluded groups:</td><td></td>
</tr>
</table><p/>
<small><i>(Hover the method name to see the test class name)</i></small><p/>
<table width='100%' border='1' class='invocation-failed'>
<tr><td colspan='4' align='center'><b>FAILED CONFIGURATIONS</b></td></tr>
<tr><td><b>Test method</b></td>
<td width="30%"><b>Exception</b></td>
<td width="10%"><b>Time (seconds)</b></td>
<td><b>Instance</b></td>
</tr>
<tr>
<td title='com.saksoft.qa.apttestscripts.APT_DomainManagementTest.BeforeSuite()'><b>BeforeSuite</b><br>Test class: com.saksoft.qa.apttestscripts.APT_DomainManagementTest</td>
<td><div><pre>org.openqa.selenium.WebDriverException: chrome not reachable
  (Session info: chrome=83.0.4103.97)
  (Driver info: chromedriver=2.40.565498 (ea082db3280dd6843ebfb08a625e3eb905c4f5ab),platform=Windows NT 10.0.14393 x86_64) (WARNING: The server did not provide any stacktrace information)
Command duration or timeout: 6.02 seconds
Build info: version: &apos;3.4.0&apos;, revision: &apos;unknown&apos;, time: &apos;unknown&apos;
System info: host: &apos;ULVMCTMTTL104&apos;, ip: &apos;10.100.246.36&apos;, os.name: &apos;Windows Server 2016&apos;, os.arch: &apos;amd64&apos;, os.version: &apos;10.0&apos;, java.version: &apos;1.8.0_191&apos;
Driver info: org.openqa.selenium.chrome.ChromeDriver
Capabilities [{applicationCacheEnabled=false, rotatable=false, mobileEmulationEnabled=false, networkConnectionEnabled=false, chrome={chromedriverVersion=2.40.565498 (ea082db3280dd6843ebfb08a625e3eb905c4f5ab), userDataDir=C:\Users\DKUMAR~1\AppData\Local\Temp\2\scoped_dir10200_23176}, takesHeapSnapshot=true, pageLoadStrategy=none, databaseEnabled=false, handlesAlerts=true, hasTouchScreen=false, version=83.0.4103.97, platform=XP, browserConnectionEnabled=false, nativeEvents=true, acceptSslCerts=false, acceptInsecureCerts=false, locationContextEnabled=true, webStorageEnabled=true, browserName=chrome, takesScreenshot=true, javascriptEnabled=true, cssSelectorsEnabled=true, setWindowRect=true, unexpectedAlertBehaviour=}]
Session ID: f2802d3273696e002ac4f733a4aa20c1
*** Element info: {Using=xpath, value=//input[@placeholder=&apos;Username&apos;]}
	at org.openqa.selenium.remote.ErrorHandler.createThrowable(ErrorHandler.java:215)
	at org.openqa.selenium.remote.ErrorHandler.throwIfResponseFailed(ErrorHandler.java:167)
	at org.openqa.selenium.remote.RemoteWebDriver.execute(RemoteWebDriver.java:671)
	at org.openqa.selenium.remote.RemoteWebDriver.findElement(RemoteWebDriver.java:410)
	at org.openqa.selenium.remote.RemoteWebDriver.findElementByXPath(RemoteWebDriver.java:509)
	at org.openqa.selenium.By$ByXPath.findElement(By.java:361)
	at org.openqa.selenium.remote.RemoteWebDriver.findElement(RemoteWebDriver.java:402)
	at com.saksoft.qa.driverlibrary.DriverHelper$3.apply(DriverHelper.java:513)
	at com.saksoft.qa.driverlibrary.DriverHelper$3.apply(DriverHelper.java:1)
	at org.openqa.selenium.support.ui.FluentWait.until(FluentWait.java:209)
	at com.saksoft.qa.driverlibrary.DriverHelper.getwebelement(DriverHelper.java:511)
	at com.saksoft.qa.scripthelpers.APT_LoginHelper.Login(APT_LoginHelper.java:80)
	at com.saksoft.qa.driverlibrary.DriverTestcase.BeforeSuite(DriverTestcase.java:157)
... Removed 22 stack frames</pre></div><a href='#' onClick='toggleBox("stack-trace1573605215", this, "Click to show all stack frames", "Click to hide stack frames")'>Click to show all stack frames</a>
<div class='stack-trace' id='stack-trace1573605215'><pre>org.openqa.selenium.WebDriverException: chrome not reachable
  (Session info: chrome=83.0.4103.97)
  (Driver info: chromedriver=2.40.565498 (ea082db3280dd6843ebfb08a625e3eb905c4f5ab),platform=Windows NT 10.0.14393 x86_64) (WARNING: The server did not provide any stacktrace information)
Command duration or timeout: 6.02 seconds
Build info: version: &apos;3.4.0&apos;, revision: &apos;unknown&apos;, time: &apos;unknown&apos;
System info: host: &apos;ULVMCTMTTL104&apos;, ip: &apos;10.100.246.36&apos;, os.name: &apos;Windows Server 2016&apos;, os.arch: &apos;amd64&apos;, os.version: &apos;10.0&apos;, java.version: &apos;1.8.0_191&apos;
Driver info: org.openqa.selenium.chrome.ChromeDriver
Capabilities [{applicationCacheEnabled=false, rotatable=false, mobileEmulationEnabled=false, networkConnectionEnabled=false, chrome={chromedriverVersion=2.40.565498 (ea082db3280dd6843ebfb08a625e3eb905c4f5ab), userDataDir=C:\Users\DKUMAR~1\AppData\Local\Temp\2\scoped_dir10200_23176}, takesHeapSnapshot=true, pageLoadStrategy=none, databaseEnabled=false, handlesAlerts=true, hasTouchScreen=false, version=83.0.4103.97, platform=XP, browserConnectionEnabled=false, nativeEvents=true, acceptSslCerts=false, acceptInsecureCerts=false, locationContextEnabled=true, webStorageEnabled=true, browserName=chrome, takesScreenshot=true, javascriptEnabled=true, cssSelectorsEnabled=true, setWindowRect=true, unexpectedAlertBehaviour=}]
Session ID: f2802d3273696e002ac4f733a4aa20c1
*** Element info: {Using=xpath, value=//input[@placeholder=&apos;Username&apos;]}
	at sun.reflect.NativeConstructorAccessorImpl.newInstance0(Native Method)
	at sun.reflect.NativeConstructorAccessorImpl.newInstance(Unknown Source)
	at sun.reflect.DelegatingConstructorAccessorImpl.newInstance(Unknown Source)
	at java.lang.reflect.Constructor.newInstance(Unknown Source)
	at org.openqa.selenium.remote.ErrorHandler.createThrowable(ErrorHandler.java:215)
	at org.openqa.selenium.remote.ErrorHandler.throwIfResponseFailed(ErrorHandler.java:167)
	at org.openqa.selenium.remote.RemoteWebDriver.execute(RemoteWebDriver.java:671)
	at org.openqa.selenium.remote.RemoteWebDriver.findElement(RemoteWebDriver.java:410)
	at org.openqa.selenium.remote.RemoteWebDriver.findElementByXPath(RemoteWebDriver.java:509)
	at org.openqa.selenium.By$ByXPath.findElement(By.java:361)
	at org.openqa.selenium.remote.RemoteWebDriver.findElement(RemoteWebDriver.java:402)
	at com.saksoft.qa.driverlibrary.DriverHelper$3.apply(DriverHelper.java:513)
	at com.saksoft.qa.driverlibrary.DriverHelper$3.apply(DriverHelper.java:1)
	at org.openqa.selenium.support.ui.FluentWait.until(FluentWait.java:209)
	at com.saksoft.qa.driverlibrary.DriverHelper.getwebelement(DriverHelper.java:511)
	at com.saksoft.qa.scripthelpers.APT_LoginHelper.Login(APT_LoginHelper.java:80)
	at com.saksoft.qa.driverlibrary.DriverTestcase.BeforeSuite(DriverTestcase.java:157)
	at sun.reflect.NativeMethodAccessorImpl.invoke0(Native Method)
	at sun.reflect.NativeMethodAccessorImpl.invoke(Unknown Source)
	at sun.reflect.DelegatingMethodAccessorImpl.invoke(Unknown Source)
	at java.lang.reflect.Method.invoke(Unknown Source)
	at org.testng.internal.MethodInvocationHelper.invokeMethod(MethodInvocationHelper.java:84)
	at org.testng.internal.Invoker.invokeConfigurationMethod(Invoker.java:564)
	at org.testng.internal.Invoker.invokeConfigurations(Invoker.java:213)
	at org.testng.internal.Invoker.invokeConfigurations(Invoker.java:138)
	at org.testng.SuiteRunner.privateRun(SuiteRunner.java:277)
	at org.testng.SuiteRunner.run(SuiteRunner.java:240)
	at org.testng.SuiteRunnerWorker.runSuite(SuiteRunnerWorker.java:52)
	at org.testng.SuiteRunnerWorker.run(SuiteRunnerWorker.java:86)
	at org.testng.TestNG.runSuitesSequentially(TestNG.java:1224)
	at org.testng.TestNG.runSuitesLocally(TestNG.java:1149)
	at org.testng.TestNG.run(TestNG.java:1057)
	at org.testng.remote.AbstractRemoteTestNG.run(AbstractRemoteTestNG.java:115)
	at org.testng.remote.RemoteTestNG.initAndRun(RemoteTestNG.java:251)
	at org.testng.remote.RemoteTestNG.main(RemoteTestNG.java:77)
</pre></div></td>
<td>0</td>
<td>null</td></tr>
</table><p>
<table width='100%' border='1' class='invocation-skipped'>
<tr><td colspan='4' align='center'><b>SKIPPED CONFIGURATIONS</b></td></tr>
<tr><td><b>Test method</b></td>
<td width="30%"><b>Exception</b></td>
<td width="10%"><b>Time (seconds)</b></td>
<td><b>Instance</b></td>
</tr>
<tr>
<td title='com.saksoft.qa.apttestscripts.APT_DomainManagementTest.startReport()'><b>startReport</b><br>Test class: com.saksoft.qa.apttestscripts.APT_DomainManagementTest</td>
<td></td>
<td>0</td>
<td>null</td></tr>
<tr>
<td title='com.saksoft.qa.apttestscripts.APT_DomainManagementTest.setup()'><b>setup</b><br>Test class: com.saksoft.qa.apttestscripts.APT_DomainManagementTest</td>
<td></td>
<td>0</td>
<td>com.saksoft.qa.apttestscripts.APT_DomainManagementTest@1efed156</td></tr>
<tr>
<td title='com.saksoft.qa.apttestscripts.APT_DomainManagementTest.Teardown()'><b>Teardown</b><br>Test class: com.saksoft.qa.apttestscripts.APT_DomainManagementTest</td>
<td></td>
<td>0</td>
<td>com.saksoft.qa.apttestscripts.APT_DomainManagementTest@1efed156</td></tr>
<tr>
<td title='com.saksoft.qa.apttestscripts.APT_DomainManagementTest.endReport()'><b>endReport</b><br>Test class: com.saksoft.qa.apttestscripts.APT_DomainManagementTest</td>
<td></td>
<td>0</td>
<td>null</td></tr>
</table><p>
<table width='100%' border='1' class='invocation-skipped'>
<tr><td colspan='4' align='center'><b>SKIPPED TESTS</b></td></tr>
<tr><td><b>Test method</b></td>
<td width="30%"><b>Exception</b></td>
<td width="10%"><b>Time (seconds)</b></td>
<td><b>Instance</b></td>
</tr>
<tr>
<td title='com.saksoft.qa.apttestscripts.APT_DomainManagementTest.CreateCustomer()'><b>CreateCustomer</b><br>Test class: com.saksoft.qa.apttestscripts.APT_DomainManagementTest<br>Test method: TC-01</td>
<td><div><pre>org.testng.TestNGException: 
Method public void com.saksoft.qa.apttestscripts.APT_DomainManagementTest.CreateCustomer(java.util.Map) throws java.lang.Exception requires a @DataProvider named : Finaldatareader_Domain in class com.saksoft.qa.driverlibrary.DataReader_PK
	at java.util.concurrent.ThreadPoolExecutor.runWorker(Unknown Source)
	at java.util.concurrent.ThreadPoolExecutor$Worker.run(Unknown Source)
	at java.lang.Thread.run(Unknown Source)
... Removed 7 stack frames</pre></div><a href='#' onClick='toggleBox("stack-trace1189084611", this, "Click to show all stack frames", "Click to hide stack frames")'>Click to show all stack frames</a>
<div class='stack-trace' id='stack-trace1189084611'><pre>org.testng.TestNGException: 
Method public void com.saksoft.qa.apttestscripts.APT_DomainManagementTest.CreateCustomer(java.util.Map) throws java.lang.Exception requires a @DataProvider named : Finaldatareader_Domain in class com.saksoft.qa.driverlibrary.DataReader_PK
	at org.testng.internal.Parameters.findDataProvider(Parameters.java:268)
	at org.testng.internal.Parameters.handleParameters(Parameters.java:417)
	at org.testng.internal.Invoker.handleParameters(Invoker.java:1383)
	at org.testng.internal.Invoker.createParameters(Invoker.java:1075)
	at org.testng.internal.Invoker.invokeTestMethods(Invoker.java:1180)
	at org.testng.internal.TestMethodWorker.invokeTestMethods(TestMethodWorker.java:127)
	at org.testng.internal.TestMethodWorker.run(TestMethodWorker.java:111)
	at java.util.concurrent.ThreadPoolExecutor.runWorker(Unknown Source)
	at java.util.concurrent.ThreadPoolExecutor$Worker.run(Unknown Source)
	at java.lang.Thread.run(Unknown Source)
</pre></div></td>
<td>0</td>
<td>com.saksoft.qa.apttestscripts.APT_DomainManagementTest@1efed156</td></tr>
<tr>
<td title='com.saksoft.qa.apttestscripts.APT_DomainManagementTest.choosecustomer()'><b>choosecustomer</b><br>Test class: com.saksoft.qa.apttestscripts.APT_DomainManagementTest<br>Test method: TC-02</td>
<td><div><pre>org.testng.TestNGException: 
Method public void com.saksoft.qa.apttestscripts.APT_DomainManagementTest.choosecustomer(java.util.Map) throws java.lang.InterruptedException,org.dom4j.DocumentException,java.io.IOException requires a @DataProvider named : Finaldatareader_Domain in class com.saksoft.qa.driverlibrary.DataReader_PK
	at java.util.concurrent.ThreadPoolExecutor.runWorker(Unknown Source)
	at java.util.concurrent.ThreadPoolExecutor$Worker.run(Unknown Source)
	at java.lang.Thread.run(Unknown Source)
... Removed 7 stack frames</pre></div><a href='#' onClick='toggleBox("stack-trace1517328406", this, "Click to show all stack frames", "Click to hide stack frames")'>Click to show all stack frames</a>
<div class='stack-trace' id='stack-trace1517328406'><pre>org.testng.TestNGException: 
Method public void com.saksoft.qa.apttestscripts.APT_DomainManagementTest.choosecustomer(java.util.Map) throws java.lang.InterruptedException,org.dom4j.DocumentException,java.io.IOException requires a @DataProvider named : Finaldatareader_Domain in class com.saksoft.qa.driverlibrary.DataReader_PK
	at org.testng.internal.Parameters.findDataProvider(Parameters.java:268)
	at org.testng.internal.Parameters.handleParameters(Parameters.java:417)
	at org.testng.internal.Invoker.handleParameters(Invoker.java:1383)
	at org.testng.internal.Invoker.createParameters(Invoker.java:1075)
	at org.testng.internal.Invoker.invokeTestMethods(Invoker.java:1180)
	at org.testng.internal.TestMethodWorker.invokeTestMethods(TestMethodWorker.java:127)
	at org.testng.internal.TestMethodWorker.run(TestMethodWorker.java:111)
	at java.util.concurrent.ThreadPoolExecutor.runWorker(Unknown Source)
	at java.util.concurrent.ThreadPoolExecutor$Worker.run(Unknown Source)
	at java.lang.Thread.run(Unknown Source)
</pre></div></td>
<td>0</td>
<td>com.saksoft.qa.apttestscripts.APT_DomainManagementTest@1efed156</td></tr>
<tr>
<td title='com.saksoft.qa.apttestscripts.APT_DomainManagementTest.verifycreateorder()'><b>verifycreateorder</b><br>Test class: com.saksoft.qa.apttestscripts.APT_DomainManagementTest<br>Test method: TC-03</td>
<td><div><pre>org.testng.TestNGException: 
Method public void com.saksoft.qa.apttestscripts.APT_DomainManagementTest.verifycreateorder(java.util.Map) throws java.lang.InterruptedException,org.dom4j.DocumentException,java.io.IOException requires a @DataProvider named : Finaldatareader_Domain in class com.saksoft.qa.driverlibrary.DataReader_PK
	at java.util.concurrent.ThreadPoolExecutor.runWorker(Unknown Source)
	at java.util.concurrent.ThreadPoolExecutor$Worker.run(Unknown Source)
	at java.lang.Thread.run(Unknown Source)
... Removed 7 stack frames</pre></div><a href='#' onClick='toggleBox("stack-trace2016949136", this, "Click to show all stack frames", "Click to hide stack frames")'>Click to show all stack frames</a>
<div class='stack-trace' id='stack-trace2016949136'><pre>org.testng.TestNGException: 
Method public void com.saksoft.qa.apttestscripts.APT_DomainManagementTest.verifycreateorder(java.util.Map) throws java.lang.InterruptedException,org.dom4j.DocumentException,java.io.IOException requires a @DataProvider named : Finaldatareader_Domain in class com.saksoft.qa.driverlibrary.DataReader_PK
	at org.testng.internal.Parameters.findDataProvider(Parameters.java:268)
	at org.testng.internal.Parameters.handleParameters(Parameters.java:417)
	at org.testng.internal.Invoker.handleParameters(Invoker.java:1383)
	at org.testng.internal.Invoker.createParameters(Invoker.java:1075)
	at org.testng.internal.Invoker.invokeTestMethods(Invoker.java:1180)
	at org.testng.internal.TestMethodWorker.invokeTestMethods(TestMethodWorker.java:127)
	at org.testng.internal.TestMethodWorker.run(TestMethodWorker.java:111)
	at java.util.concurrent.ThreadPoolExecutor.runWorker(Unknown Source)
	at java.util.concurrent.ThreadPoolExecutor$Worker.run(Unknown Source)
	at java.lang.Thread.run(Unknown Source)
</pre></div></td>
<td>0</td>
<td>com.saksoft.qa.apttestscripts.APT_DomainManagementTest@1efed156</td></tr>
<tr>
<td title='com.saksoft.qa.apttestscripts.APT_DomainManagementTest.verifyorderpanelinviewservicepage()'><b>verifyorderpanelinviewservicepage</b><br>Test class: com.saksoft.qa.apttestscripts.APT_DomainManagementTest<br>Test method: TC-06</td>
<td><div><pre>org.testng.TestNGException: 
Method public void com.saksoft.qa.apttestscripts.APT_DomainManagementTest.verifyorderpanelinviewservicepage(java.util.Map) throws java.lang.InterruptedException,org.dom4j.DocumentException,java.io.IOException requires a @DataProvider named : Finaldatareader_Domain in class com.saksoft.qa.driverlibrary.DataReader_PK
	at java.util.concurrent.ThreadPoolExecutor.runWorker(Unknown Source)
	at java.util.concurrent.ThreadPoolExecutor$Worker.run(Unknown Source)
	at java.lang.Thread.run(Unknown Source)
... Removed 7 stack frames</pre></div><a href='#' onClick='toggleBox("stack-trace1792227359", this, "Click to show all stack frames", "Click to hide stack frames")'>Click to show all stack frames</a>
<div class='stack-trace' id='stack-trace1792227359'><pre>org.testng.TestNGException: 
Method public void com.saksoft.qa.apttestscripts.APT_DomainManagementTest.verifyorderpanelinviewservicepage(java.util.Map) throws java.lang.InterruptedException,org.dom4j.DocumentException,java.io.IOException requires a @DataProvider named : Finaldatareader_Domain in class com.saksoft.qa.driverlibrary.DataReader_PK
	at org.testng.internal.Parameters.findDataProvider(Parameters.java:268)
	at org.testng.internal.Parameters.handleParameters(Parameters.java:417)
	at org.testng.internal.Invoker.handleParameters(Invoker.java:1383)
	at org.testng.internal.Invoker.createParameters(Invoker.java:1075)
	at org.testng.internal.Invoker.invokeTestMethods(Invoker.java:1180)
	at org.testng.internal.TestMethodWorker.invokeTestMethods(TestMethodWorker.java:127)
	at org.testng.internal.TestMethodWorker.run(TestMethodWorker.java:111)
	at java.util.concurrent.ThreadPoolExecutor.runWorker(Unknown Source)
	at java.util.concurrent.ThreadPoolExecutor$Worker.run(Unknown Source)
	at java.lang.Thread.run(Unknown Source)
</pre></div></td>
<td>0</td>
<td>com.saksoft.qa.apttestscripts.APT_DomainManagementTest@1efed156</td></tr>
<tr>
<td title='com.saksoft.qa.apttestscripts.APT_DomainManagementTest.verifyservicecreation()'><b>verifyservicecreation</b><br>Test class: com.saksoft.qa.apttestscripts.APT_DomainManagementTest<br>Test method: TC-05</td>
<td><div><pre>org.testng.TestNGException: 
Method public void com.saksoft.qa.apttestscripts.APT_DomainManagementTest.verifyservicecreation(java.util.Map) throws java.lang.InterruptedException,org.dom4j.DocumentException,java.io.IOException requires a @DataProvider named : Finaldatareader_Domain in class com.saksoft.qa.driverlibrary.DataReader_PK
	at java.util.concurrent.ThreadPoolExecutor.runWorker(Unknown Source)
	at java.util.concurrent.ThreadPoolExecutor$Worker.run(Unknown Source)
	at java.lang.Thread.run(Unknown Source)
... Removed 7 stack frames</pre></div><a href='#' onClick='toggleBox("stack-trace1406919011", this, "Click to show all stack frames", "Click to hide stack frames")'>Click to show all stack frames</a>
<div class='stack-trace' id='stack-trace1406919011'><pre>org.testng.TestNGException: 
Method public void com.saksoft.qa.apttestscripts.APT_DomainManagementTest.verifyservicecreation(java.util.Map) throws java.lang.InterruptedException,org.dom4j.DocumentException,java.io.IOException requires a @DataProvider named : Finaldatareader_Domain in class com.saksoft.qa.driverlibrary.DataReader_PK
	at org.testng.internal.Parameters.findDataProvider(Parameters.java:268)
	at org.testng.internal.Parameters.handleParameters(Parameters.java:417)
	at org.testng.internal.Invoker.handleParameters(Invoker.java:1383)
	at org.testng.internal.Invoker.createParameters(Invoker.java:1075)
	at org.testng.internal.Invoker.invokeTestMethods(Invoker.java:1180)
	at org.testng.internal.TestMethodWorker.invokeTestMethods(TestMethodWorker.java:127)
	at org.testng.internal.TestMethodWorker.run(TestMethodWorker.java:111)
	at java.util.concurrent.ThreadPoolExecutor.runWorker(Unknown Source)
	at java.util.concurrent.ThreadPoolExecutor$Worker.run(Unknown Source)
	at java.lang.Thread.run(Unknown Source)
</pre></div></td>
<td>0</td>
<td>com.saksoft.qa.apttestscripts.APT_DomainManagementTest@1efed156</td></tr>
<tr>
<td title='com.saksoft.qa.apttestscripts.APT_DomainManagementTest.verifyservicepanelInformation()'><b>verifyservicepanelInformation</b><br>Test class: com.saksoft.qa.apttestscripts.APT_DomainManagementTest<br>Test method: TC-07</td>
<td><div><pre>org.testng.TestNGException: 
Method public void com.saksoft.qa.apttestscripts.APT_DomainManagementTest.verifyservicepanelInformation(java.util.Map) throws java.lang.Exception requires a @DataProvider named : Finaldatareader_Domain in class com.saksoft.qa.driverlibrary.DataReader_PK
	at java.util.concurrent.ThreadPoolExecutor.runWorker(Unknown Source)
	at java.util.concurrent.ThreadPoolExecutor$Worker.run(Unknown Source)
	at java.lang.Thread.run(Unknown Source)
... Removed 7 stack frames</pre></div><a href='#' onClick='toggleBox("stack-trace229995302", this, "Click to show all stack frames", "Click to hide stack frames")'>Click to show all stack frames</a>
<div class='stack-trace' id='stack-trace229995302'><pre>org.testng.TestNGException: 
Method public void com.saksoft.qa.apttestscripts.APT_DomainManagementTest.verifyservicepanelInformation(java.util.Map) throws java.lang.Exception requires a @DataProvider named : Finaldatareader_Domain in class com.saksoft.qa.driverlibrary.DataReader_PK
	at org.testng.internal.Parameters.findDataProvider(Parameters.java:268)
	at org.testng.internal.Parameters.handleParameters(Parameters.java:417)
	at org.testng.internal.Invoker.handleParameters(Invoker.java:1383)
	at org.testng.internal.Invoker.createParameters(Invoker.java:1075)
	at org.testng.internal.Invoker.invokeTestMethods(Invoker.java:1180)
	at org.testng.internal.TestMethodWorker.invokeTestMethods(TestMethodWorker.java:127)
	at org.testng.internal.TestMethodWorker.run(TestMethodWorker.java:111)
	at java.util.concurrent.ThreadPoolExecutor.runWorker(Unknown Source)
	at java.util.concurrent.ThreadPoolExecutor$Worker.run(Unknown Source)
	at java.lang.Thread.run(Unknown Source)
</pre></div></td>
<td>0</td>
<td>com.saksoft.qa.apttestscripts.APT_DomainManagementTest@1efed156</td></tr>
<tr>
<td title='com.saksoft.qa.apttestscripts.APT_DomainManagementTest.verifyservicetypeselection()'><b>verifyservicetypeselection</b><br>Test class: com.saksoft.qa.apttestscripts.APT_DomainManagementTest<br>Test method: TC-04</td>
<td><div><pre>org.testng.TestNGException: 
Method public void com.saksoft.qa.apttestscripts.APT_DomainManagementTest.verifyservicetypeselection(java.util.Map) throws java.lang.InterruptedException,org.dom4j.DocumentException,java.io.IOException requires a @DataProvider named : Finaldatareader_Domain in class com.saksoft.qa.driverlibrary.DataReader_PK
	at java.util.concurrent.ThreadPoolExecutor.runWorker(Unknown Source)
	at java.util.concurrent.ThreadPoolExecutor$Worker.run(Unknown Source)
	at java.lang.Thread.run(Unknown Source)
... Removed 7 stack frames</pre></div><a href='#' onClick='toggleBox("stack-trace883455411", this, "Click to show all stack frames", "Click to hide stack frames")'>Click to show all stack frames</a>
<div class='stack-trace' id='stack-trace883455411'><pre>org.testng.TestNGException: 
Method public void com.saksoft.qa.apttestscripts.APT_DomainManagementTest.verifyservicetypeselection(java.util.Map) throws java.lang.InterruptedException,org.dom4j.DocumentException,java.io.IOException requires a @DataProvider named : Finaldatareader_Domain in class com.saksoft.qa.driverlibrary.DataReader_PK
	at org.testng.internal.Parameters.findDataProvider(Parameters.java:268)
	at org.testng.internal.Parameters.handleParameters(Parameters.java:417)
	at org.testng.internal.Invoker.handleParameters(Invoker.java:1383)
	at org.testng.internal.Invoker.createParameters(Invoker.java:1075)
	at org.testng.internal.Invoker.invokeTestMethods(Invoker.java:1180)
	at org.testng.internal.TestMethodWorker.invokeTestMethods(TestMethodWorker.java:127)
	at org.testng.internal.TestMethodWorker.run(TestMethodWorker.java:111)
	at java.util.concurrent.ThreadPoolExecutor.runWorker(Unknown Source)
	at java.util.concurrent.ThreadPoolExecutor$Worker.run(Unknown Source)
	at java.lang.Thread.run(Unknown Source)
</pre></div></td>
<td>0</td>
<td>com.saksoft.qa.apttestscripts.APT_DomainManagementTest@1efed156</td></tr>
</table><p>
</body>
</html>