<html>
<head>
<title>TestNG:  APT_Test</title>
<link href="../testng.css" rel="stylesheet" type="text/css" />
<link href="../my-testng.css" rel="stylesheet" type="text/css" />

<style type="text/css">
.log { display: none;} 
.stack-trace { display: none;} 
</style>
<script type="text/javascript">
<!--
function flip(e) {
  current = e.style.display;
  if (current == 'block') {
    e.style.display = 'none';
    return 0;
  }
  else {
    e.style.display = 'block';
    return 1;
  }
}

function toggleBox(szDivId, elem, msg1, msg2)
{
  var res = -1;  if (document.getElementById) {
    res = flip(document.getElementById(szDivId));
  }
  else if (document.all) {
    // this is the way old msie versions work
    res = flip(document.all[szDivId]);
  }
  if(elem) {
    if(res == 0) elem.innerHTML = msg1; else elem.innerHTML = msg2;
  }

}

function toggleAllBoxes() {
  if (document.getElementsByTagName) {
    d = document.getElementsByTagName('div');
    for (i = 0; i < d.length; i++) {
      if (d[i].className == 'log') {
        flip(d[i]);
      }
    }
  }
}

// -->
</script>

</head>
<body>
<h2 align='center'>APT_Test</h2><table border='1' align="center">
<tr>
<td>Tests passed/Failed/Skipped:</td><td>4/0/1</td>
</tr><tr>
<td>Started on:</td><td>Thu Jul 09 14:05:57 IST 2020</td>
</tr>
<tr><td>Total time:</td><td>747 seconds (747405 ms)</td>
</tr><tr>
<td>Included groups:</td><td></td>
</tr><tr>
<td>Excluded groups:</td><td></td>
</tr>
</table><p/>
<small><i>(Hover the method name to see the test class name)</i></small><p/>
<table width='100%' border='1' class='invocation-failed'>
<tr><td colspan='4' align='center'><b>FAILED CONFIGURATIONS</b></td></tr>
<tr><td><b>Test method</b></td>
<td width="30%"><b>Exception</b></td>
<td width="10%"><b>Time (seconds)</b></td>
<td><b>Instance</b></td>
</tr>
<tr>
<td title='com.saksoft.qa.apttestscripts.APT_AutomationTest.BeforeMethod()'><b>BeforeMethod</b><br>Test class: com.saksoft.qa.apttestscripts.APT_AutomationTest<br>Parameters: public void com.saksoft.qa.apttestscripts.APT_AutomationTest.verifycreateorder(java.util.Map) throws java.lang.InterruptedException,org.dom4j.DocumentException,java.io.IOException, org.testng.TestRunner@6ec4fca5, [Ljava.lang.Object;@5a955565</td>
<td><div><pre>org.openqa.selenium.WebDriverException: chrome not reachable
  (Session info: chrome=83.0.4103.116)
  (Driver info: chromedriver=2.40.565498 (ea082db3280dd6843ebfb08a625e3eb905c4f5ab),platform=Windows NT 10.0.14393 x86_64) (WARNING: The server did not provide any stacktrace information)
Command duration or timeout: 6.51 seconds
Build info: version: &apos;3.4.0&apos;, revision: &apos;unknown&apos;, time: &apos;unknown&apos;
System info: host: &apos;NAVMCTMTTL108&apos;, ip: &apos;10.99.7.43&apos;, os.name: &apos;Windows Server 2016&apos;, os.arch: &apos;amd64&apos;, os.version: &apos;10.0&apos;, java.version: &apos;1.8.0_221&apos;
Driver info: org.openqa.selenium.chrome.ChromeDriver
Capabilities [{applicationCacheEnabled=false, rotatable=false, mobileEmulationEnabled=false, networkConnectionEnabled=false, chrome={chromedriverVersion=2.40.565498 (ea082db3280dd6843ebfb08a625e3eb905c4f5ab), userDataDir=C:\Users\SKATHI~1\AppData\Local\Temp\7\scoped_dir152916_12865}, takesHeapSnapshot=true, pageLoadStrategy=none, databaseEnabled=false, handlesAlerts=true, hasTouchScreen=false, version=83.0.4103.116, platform=XP, browserConnectionEnabled=false, nativeEvents=true, acceptSslCerts=false, acceptInsecureCerts=false, locationContextEnabled=true, webStorageEnabled=true, browserName=chrome, takesScreenshot=true, javascriptEnabled=true, cssSelectorsEnabled=true, setWindowRect=true, unexpectedAlertBehaviour=}]
Session ID: 561cb23b9d07f6bff2870932fae42026
	at org.openqa.selenium.remote.ErrorHandler.createThrowable(ErrorHandler.java:215)
	at org.openqa.selenium.remote.ErrorHandler.throwIfResponseFailed(ErrorHandler.java:167)
	at org.openqa.selenium.remote.RemoteWebDriver.execute(RemoteWebDriver.java:671)
	at org.openqa.selenium.remote.RemoteWebDriver.get(RemoteWebDriver.java:364)
	at com.saksoft.qa.driverlibrary.DriverHelper.openurl(DriverHelper.java:402)
	at com.saksoft.qa.scripthelpers.APT_LoginHelper.Login(APT_LoginHelper.java:76)
	at com.saksoft.qa.driverlibrary.DriverTestcase.setup(DriverTestcase.java:227)
	at com.saksoft.qa.driverlibrary.DriverTestcase.BeforeMethod(DriverTestcase.java:110)
	at java.util.concurrent.FutureTask.run(Unknown Source)
	at java.util.concurrent.Executors$RunnableAdapter.call(Unknown Source)
	at java.util.concurrent.FutureTask.run(Unknown Source)
	at java.util.concurrent.ThreadPoolExecutor.runWorker(Unknown Source)
	at java.util.concurrent.ThreadPoolExecutor$Worker.run(Unknown Source)
	at java.lang.Thread.run(Unknown Source)
... Removed 15 stack frames</pre></div><a href='#' onClick='toggleBox("stack-trace1477202645", this, "Click to show all stack frames", "Click to hide stack frames")'>Click to show all stack frames</a>
<div class='stack-trace' id='stack-trace1477202645'><pre>org.openqa.selenium.WebDriverException: chrome not reachable
  (Session info: chrome=83.0.4103.116)
  (Driver info: chromedriver=2.40.565498 (ea082db3280dd6843ebfb08a625e3eb905c4f5ab),platform=Windows NT 10.0.14393 x86_64) (WARNING: The server did not provide any stacktrace information)
Command duration or timeout: 6.51 seconds
Build info: version: &apos;3.4.0&apos;, revision: &apos;unknown&apos;, time: &apos;unknown&apos;
System info: host: &apos;NAVMCTMTTL108&apos;, ip: &apos;10.99.7.43&apos;, os.name: &apos;Windows Server 2016&apos;, os.arch: &apos;amd64&apos;, os.version: &apos;10.0&apos;, java.version: &apos;1.8.0_221&apos;
Driver info: org.openqa.selenium.chrome.ChromeDriver
Capabilities [{applicationCacheEnabled=false, rotatable=false, mobileEmulationEnabled=false, networkConnectionEnabled=false, chrome={chromedriverVersion=2.40.565498 (ea082db3280dd6843ebfb08a625e3eb905c4f5ab), userDataDir=C:\Users\SKATHI~1\AppData\Local\Temp\7\scoped_dir152916_12865}, takesHeapSnapshot=true, pageLoadStrategy=none, databaseEnabled=false, handlesAlerts=true, hasTouchScreen=false, version=83.0.4103.116, platform=XP, browserConnectionEnabled=false, nativeEvents=true, acceptSslCerts=false, acceptInsecureCerts=false, locationContextEnabled=true, webStorageEnabled=true, browserName=chrome, takesScreenshot=true, javascriptEnabled=true, cssSelectorsEnabled=true, setWindowRect=true, unexpectedAlertBehaviour=}]
Session ID: 561cb23b9d07f6bff2870932fae42026
	at sun.reflect.NativeConstructorAccessorImpl.newInstance0(Native Method)
	at sun.reflect.NativeConstructorAccessorImpl.newInstance(Unknown Source)
	at sun.reflect.DelegatingConstructorAccessorImpl.newInstance(Unknown Source)
	at java.lang.reflect.Constructor.newInstance(Unknown Source)
	at org.openqa.selenium.remote.ErrorHandler.createThrowable(ErrorHandler.java:215)
	at org.openqa.selenium.remote.ErrorHandler.throwIfResponseFailed(ErrorHandler.java:167)
	at org.openqa.selenium.remote.RemoteWebDriver.execute(RemoteWebDriver.java:671)
	at org.openqa.selenium.remote.RemoteWebDriver.get(RemoteWebDriver.java:364)
	at com.saksoft.qa.driverlibrary.DriverHelper.openurl(DriverHelper.java:402)
	at com.saksoft.qa.scripthelpers.APT_LoginHelper.Login(APT_LoginHelper.java:76)
	at com.saksoft.qa.driverlibrary.DriverTestcase.setup(DriverTestcase.java:227)
	at com.saksoft.qa.driverlibrary.DriverTestcase.BeforeMethod(DriverTestcase.java:110)
	at sun.reflect.NativeMethodAccessorImpl.invoke0(Native Method)
	at sun.reflect.NativeMethodAccessorImpl.invoke(Unknown Source)
	at sun.reflect.DelegatingMethodAccessorImpl.invoke(Unknown Source)
	at java.lang.reflect.Method.invoke(Unknown Source)
	at org.testng.internal.MethodInvocationHelper.invokeMethod(MethodInvocationHelper.java:84)
	at org.testng.internal.Invoker.invokeConfigurationMethod(Invoker.java:564)
	at org.testng.internal.Invoker.invokeConfigurations(Invoker.java:213)
	at org.testng.internal.Invoker.invokeMethod(Invoker.java:653)
	at org.testng.internal.Invoker.invokeTestMethod(Invoker.java:901)
	at org.testng.internal.TestMethodWithDataProviderMethodWorker.call(TestMethodWithDataProviderMethodWorker.java:73)
	at org.testng.internal.TestMethodWithDataProviderMethodWorker.call(TestMethodWithDataProviderMethodWorker.java:14)
	at java.util.concurrent.FutureTask.run(Unknown Source)
	at java.util.concurrent.Executors$RunnableAdapter.call(Unknown Source)
	at java.util.concurrent.FutureTask.run(Unknown Source)
	at java.util.concurrent.ThreadPoolExecutor.runWorker(Unknown Source)
	at java.util.concurrent.ThreadPoolExecutor$Worker.run(Unknown Source)
	at java.lang.Thread.run(Unknown Source)
</pre></div></td>
<td>0</td>
<td>com.saksoft.qa.apttestscripts.APT_AutomationTest@14acaea5</td></tr>
</table><p>
<table width='100%' border='1' class='invocation-skipped'>
<tr><td colspan='4' align='center'><b>SKIPPED CONFIGURATIONS</b></td></tr>
<tr><td><b>Test method</b></td>
<td width="30%"><b>Exception</b></td>
<td width="10%"><b>Time (seconds)</b></td>
<td><b>Instance</b></td>
</tr>
<tr>
<td title='com.saksoft.qa.apttestscripts.APT_AutomationTest.getResult()'><b>getResult</b><br>Test class: com.saksoft.qa.apttestscripts.APT_AutomationTest</td>
<td></td>
<td>0</td>
<td>com.saksoft.qa.apttestscripts.APT_AutomationTest@14acaea5</td></tr>
<tr>
<td title='com.saksoft.qa.apttestscripts.APT_AutomationTest.Teardown()'><b>Teardown</b><br>Test class: com.saksoft.qa.apttestscripts.APT_AutomationTest</td>
<td></td>
<td>0</td>
<td>com.saksoft.qa.apttestscripts.APT_AutomationTest@14acaea5</td></tr>
<tr>
<td title='com.saksoft.qa.apttestscripts.APT_AutomationTest.endReport()'><b>endReport</b><br>Test class: com.saksoft.qa.apttestscripts.APT_AutomationTest</td>
<td></td>
<td>0</td>
<td>null</td></tr>
</table><p>
<table width='100%' border='1' class='invocation-failed'>
<tr><td colspan='4' align='center'><b>FAILED TESTS</b></td></tr>
<tr><td><b>Test method</b></td>
<td width="30%"><b>Exception</b></td>
<td width="10%"><b>Time (seconds)</b></td>
<td><b>Instance</b></td>
</tr>
<tr>
<td title='com.saksoft.qa.apttestscripts.APT_DomainManagementTest.verifycreateorder()'><b>verifycreateorder</b><br>Test class: com.saksoft.qa.apttestscripts.APT_DomainManagementTest<br>Test method: TC-03<br>Parameters: {Edit_ServiceCountry=BR (Brazil), Email=domain16@test.com, CreateOrderCustomer=Test_Colt_Customer_QA_23, Edit_ServicePhone=+49-4773-827893, Edit_ServiceState=TN, ExistingOrderService=NO, Edit_ServiceComplement=servicecompedit18, Name=Domain_16, Edit_Remarks=TestRemarksedit18, ServicePhoneContact=9987894934, DedicatedPortalStatus=NO, Remarks=TestRemarks, ServiceType=Domain Management, Edit_ServicePostalCode=598446, Edit_ServiceFax=+49-4773-827893, Edit_ServiceFirstName=testedit18, ServiceIdentification=DomainService_16, ServiceLastName=service, ServiceCountry=BE (Belgium), Name1=Domain_, Name2=16, ServicePostalCode=546743, Edit_ServiceAddress=23, Mangalore, NewRFIREQNumber=DomainRFI_16, ServiceDefaultEmail=domainemail16@gmail.com, Edit_ServiceIdentification=DomainServiceedit_18, Edit_ServiceUser=Domainuseredit18, DedicatedPortal=Vodafone Portal, ServicePhone=+49-1873-809382, Edit_ServiceCity=Ooty, ChooseCustomerToBeSelected=Domain_16, OrganizationName=colt, ServiceAddress=23, bangalore, ExistingOrderNumber=DomainOrder_16, Edit_OrganizationName=colttest18, Edit_ServiceDefaultEmail=domainemailedit18@gmail.com, ServiceEmail=domainservice_16@gmail.com, ServiceFax=+49-1873-809382, ChangeOrder_VoicelineNumber=DomainOrder_16, Edit_ServiceEmail=domainserviceedit_18@gmail.com, ExistingRFIREQNumber=DomainRFI_16, TechnicalContactName=domaincontact16, ServiceCity=bangalore, EditOrder_VoicelineNumber=DomainOrderedit_16, Passwordvalue=hfisesy@ui, ChangeOrder_OrderNumber=DomainRFI_16, Phone=9973899074, CreateOrderName=Test_Colt_Customer_QA_23, MainDomain=dmdomain16.com, ServiceComplement=servicecomp16, TypeToBeSelected=Colt Telecom - internal, NewOrderNumber=DomainOrder_16, ServiceState=KA, Edit_ServicePhoneContact=9498383983, CountryToBeSelected=BE (Belgium), Reference=testreference16, Edit_ServiceLastName=serviceedit18, ServiceFirstName=test, NewOrderService=YES, ServiceUser=Domainuser16, OCN=domainocn16, EditOrder_OrderNumber=DomainRFIedit_16, Fax=9973899074}</td>
<td><div><pre>org.openqa.selenium.WebDriverException: chrome not reachable
  (Session info: chrome=83.0.4103.116)
  (Driver info: chromedriver=2.40.565498 (ea082db3280dd6843ebfb08a625e3eb905c4f5ab),platform=Windows NT 10.0.14393 x86_64) (WARNING: The server did not provide any stacktrace information)
Command duration or timeout: 6.30 seconds
Build info: version: &apos;3.4.0&apos;, revision: &apos;unknown&apos;, time: &apos;unknown&apos;
System info: host: &apos;NAVMCTMTTL108&apos;, ip: &apos;10.99.7.43&apos;, os.name: &apos;Windows Server 2016&apos;, os.arch: &apos;amd64&apos;, os.version: &apos;10.0&apos;, java.version: &apos;1.8.0_221&apos;
Driver info: org.openqa.selenium.chrome.ChromeDriver
Capabilities [{applicationCacheEnabled=false, rotatable=false, mobileEmulationEnabled=false, networkConnectionEnabled=false, chrome={chromedriverVersion=2.40.565498 (ea082db3280dd6843ebfb08a625e3eb905c4f5ab), userDataDir=C:\Users\SKATHI~1\AppData\Local\Temp\7\scoped_dir150672_31138}, takesHeapSnapshot=true, pageLoadStrategy=none, databaseEnabled=false, handlesAlerts=true, hasTouchScreen=false, version=83.0.4103.116, platform=XP, browserConnectionEnabled=false, nativeEvents=true, acceptSslCerts=false, acceptInsecureCerts=false, locationContextEnabled=true, webStorageEnabled=true, browserName=chrome, takesScreenshot=true, javascriptEnabled=true, cssSelectorsEnabled=true, setWindowRect=true, unexpectedAlertBehaviour=}]
Session ID: 6097d20c1364baa00ed03518a9e0eebd
*** Element info: {Using=xpath, value=//div[text()=&apos;Create Order / Service&apos;]}
	at org.openqa.selenium.remote.ErrorHandler.createThrowable(ErrorHandler.java:215)
	at org.openqa.selenium.remote.ErrorHandler.throwIfResponseFailed(ErrorHandler.java:167)
	at org.openqa.selenium.remote.RemoteWebDriver.execute(RemoteWebDriver.java:671)
	at org.openqa.selenium.remote.RemoteWebDriver.findElement(RemoteWebDriver.java:410)
	at org.openqa.selenium.remote.RemoteWebDriver.findElementByXPath(RemoteWebDriver.java:509)
	at org.openqa.selenium.By$ByXPath.findElement(By.java:361)
	at org.openqa.selenium.remote.RemoteWebDriver.findElement(RemoteWebDriver.java:402)
	at com.saksoft.qa.driverlibrary.DriverHelper$3.apply(DriverHelper.java:320)
	at com.saksoft.qa.driverlibrary.DriverHelper$3.apply(DriverHelper.java:1)
	at org.openqa.selenium.support.ui.FluentWait.until(FluentWait.java:209)
	at com.saksoft.qa.driverlibrary.DriverHelper.getwebelement(DriverHelper.java:318)
	at com.saksoft.qa.driverlibrary.DriverHelper.ScrolltoElement(DriverHelper.java:957)
	at com.saksoft.qa.scripthelpers.APT_DomainManagementHelper.createorderservice(APT_DomainManagementHelper.java:734)
	at com.saksoft.qa.apttestscripts.APT_DomainManagementTest.verifycreateorder(APT_DomainManagementTest.java:37)
	at java.util.concurrent.FutureTask.run(Unknown Source)
	at java.util.concurrent.Executors$RunnableAdapter.call(Unknown Source)
	at java.util.concurrent.FutureTask.run(Unknown Source)
	at java.util.concurrent.ThreadPoolExecutor.runWorker(Unknown Source)
	at java.util.concurrent.ThreadPoolExecutor$Worker.run(Unknown Source)
	at java.lang.Thread.run(Unknown Source)
... Removed 13 stack frames</pre></div><a href='#' onClick='toggleBox("stack-trace1653844940", this, "Click to show all stack frames", "Click to hide stack frames")'>Click to show all stack frames</a>
<div class='stack-trace' id='stack-trace1653844940'><pre>org.openqa.selenium.WebDriverException: chrome not reachable
  (Session info: chrome=83.0.4103.116)
  (Driver info: chromedriver=2.40.565498 (ea082db3280dd6843ebfb08a625e3eb905c4f5ab),platform=Windows NT 10.0.14393 x86_64) (WARNING: The server did not provide any stacktrace information)
Command duration or timeout: 6.30 seconds
Build info: version: &apos;3.4.0&apos;, revision: &apos;unknown&apos;, time: &apos;unknown&apos;
System info: host: &apos;NAVMCTMTTL108&apos;, ip: &apos;10.99.7.43&apos;, os.name: &apos;Windows Server 2016&apos;, os.arch: &apos;amd64&apos;, os.version: &apos;10.0&apos;, java.version: &apos;1.8.0_221&apos;
Driver info: org.openqa.selenium.chrome.ChromeDriver
Capabilities [{applicationCacheEnabled=false, rotatable=false, mobileEmulationEnabled=false, networkConnectionEnabled=false, chrome={chromedriverVersion=2.40.565498 (ea082db3280dd6843ebfb08a625e3eb905c4f5ab), userDataDir=C:\Users\SKATHI~1\AppData\Local\Temp\7\scoped_dir150672_31138}, takesHeapSnapshot=true, pageLoadStrategy=none, databaseEnabled=false, handlesAlerts=true, hasTouchScreen=false, version=83.0.4103.116, platform=XP, browserConnectionEnabled=false, nativeEvents=true, acceptSslCerts=false, acceptInsecureCerts=false, locationContextEnabled=true, webStorageEnabled=true, browserName=chrome, takesScreenshot=true, javascriptEnabled=true, cssSelectorsEnabled=true, setWindowRect=true, unexpectedAlertBehaviour=}]
Session ID: 6097d20c1364baa00ed03518a9e0eebd
*** Element info: {Using=xpath, value=//div[text()=&apos;Create Order / Service&apos;]}
	at sun.reflect.NativeConstructorAccessorImpl.newInstance0(Native Method)
	at sun.reflect.NativeConstructorAccessorImpl.newInstance(Unknown Source)
	at sun.reflect.DelegatingConstructorAccessorImpl.newInstance(Unknown Source)
	at java.lang.reflect.Constructor.newInstance(Unknown Source)
	at org.openqa.selenium.remote.ErrorHandler.createThrowable(ErrorHandler.java:215)
	at org.openqa.selenium.remote.ErrorHandler.throwIfResponseFailed(ErrorHandler.java:167)
	at org.openqa.selenium.remote.RemoteWebDriver.execute(RemoteWebDriver.java:671)
	at org.openqa.selenium.remote.RemoteWebDriver.findElement(RemoteWebDriver.java:410)
	at org.openqa.selenium.remote.RemoteWebDriver.findElementByXPath(RemoteWebDriver.java:509)
	at org.openqa.selenium.By$ByXPath.findElement(By.java:361)
	at org.openqa.selenium.remote.RemoteWebDriver.findElement(RemoteWebDriver.java:402)
	at com.saksoft.qa.driverlibrary.DriverHelper$3.apply(DriverHelper.java:320)
	at com.saksoft.qa.driverlibrary.DriverHelper$3.apply(DriverHelper.java:1)
	at org.openqa.selenium.support.ui.FluentWait.until(FluentWait.java:209)
	at com.saksoft.qa.driverlibrary.DriverHelper.getwebelement(DriverHelper.java:318)
	at com.saksoft.qa.driverlibrary.DriverHelper.ScrolltoElement(DriverHelper.java:957)
	at com.saksoft.qa.scripthelpers.APT_DomainManagementHelper.createorderservice(APT_DomainManagementHelper.java:734)
	at com.saksoft.qa.apttestscripts.APT_DomainManagementTest.verifycreateorder(APT_DomainManagementTest.java:37)
	at sun.reflect.NativeMethodAccessorImpl.invoke0(Native Method)
	at sun.reflect.NativeMethodAccessorImpl.invoke(Unknown Source)
	at sun.reflect.DelegatingMethodAccessorImpl.invoke(Unknown Source)
	at java.lang.reflect.Method.invoke(Unknown Source)
	at org.testng.internal.MethodInvocationHelper.invokeMethod(MethodInvocationHelper.java:84)
	at org.testng.internal.Invoker.invokeMethod(Invoker.java:714)
	at org.testng.internal.Invoker.invokeTestMethod(Invoker.java:901)
	at org.testng.internal.TestMethodWithDataProviderMethodWorker.call(TestMethodWithDataProviderMethodWorker.java:73)
	at org.testng.internal.TestMethodWithDataProviderMethodWorker.call(TestMethodWithDataProviderMethodWorker.java:14)
	at java.util.concurrent.FutureTask.run(Unknown Source)
	at java.util.concurrent.Executors$RunnableAdapter.call(Unknown Source)
	at java.util.concurrent.FutureTask.run(Unknown Source)
	at java.util.concurrent.ThreadPoolExecutor.runWorker(Unknown Source)
	at java.util.concurrent.ThreadPoolExecutor$Worker.run(Unknown Source)
	at java.lang.Thread.run(Unknown Source)
</pre></div></td>
<td>26</td>
<td>com.saksoft.qa.apttestscripts.APT_DomainManagementTest@59f99ea</td></tr>
<tr>
<td title='com.saksoft.qa.apttestscripts.APT_DomainManagementTest.verifycreateorder()'><b>verifycreateorder</b><br>Test class: com.saksoft.qa.apttestscripts.APT_DomainManagementTest<br>Test method: TC-03</td>
<td><div><pre>org.testng.TestNGException: java.util.concurrent.ExecutionException: org.openqa.selenium.WebDriverException: chrome not reachable
  (Session info: chrome=83.0.4103.116)
  (Driver info: chromedriver=2.40.565498 (ea082db3280dd6843ebfb08a625e3eb905c4f5ab),platform=Windows NT 10.0.14393 x86_64) (WARNING: The server did not provide any stacktrace information)
Command duration or timeout: 6.49 seconds
Build info: version: &apos;3.4.0&apos;, revision: &apos;unknown&apos;, time: &apos;unknown&apos;
System info: host: &apos;NAVMCTMTTL108&apos;, ip: &apos;10.99.7.43&apos;, os.name: &apos;Windows Server 2016&apos;, os.arch: &apos;amd64&apos;, os.version: &apos;10.0&apos;, java.version: &apos;1.8.0_221&apos;
Driver info: org.openqa.selenium.chrome.ChromeDriver
Capabilities [{applicationCacheEnabled=false, rotatable=false, mobileEmulationEnabled=false, networkConnectionEnabled=false, chrome={chromedriverVersion=2.40.565498 (ea082db3280dd6843ebfb08a625e3eb905c4f5ab), userDataDir=C:\Users\SKATHI~1\AppData\Local\Temp\7\scoped_dir150672_31138}, takesHeapSnapshot=true, pageLoadStrategy=none, databaseEnabled=false, handlesAlerts=true, hasTouchScreen=false, version=83.0.4103.116, platform=XP, browserConnectionEnabled=false, nativeEvents=true, acceptSslCerts=false, acceptInsecureCerts=false, locationContextEnabled=true, webStorageEnabled=true, browserName=chrome, takesScreenshot=true, javascriptEnabled=true, cssSelectorsEnabled=true, setWindowRect=true, unexpectedAlertBehaviour=}]
Session ID: 6097d20c1364baa00ed03518a9e0eebd
	at java.util.concurrent.ThreadPoolExecutor.runWorker(Unknown Source)
	at java.util.concurrent.ThreadPoolExecutor$Worker.run(Unknown Source)
	at java.lang.Thread.run(Unknown Source)
Caused by: java.util.concurrent.ExecutionException: org.openqa.selenium.WebDriverException: chrome not reachable
  (Session info: chrome=83.0.4103.116)
  (Driver info: chromedriver=2.40.565498 (ea082db3280dd6843ebfb08a625e3eb905c4f5ab),platform=Windows NT 10.0.14393 x86_64) (WARNING: The server did not provide any stacktrace information)
Command duration or timeout: 6.49 seconds
Build info: version: &apos;3.4.0&apos;, revision: &apos;unknown&apos;, time: &apos;unknown&apos;
System info: host: &apos;NAVMCTMTTL108&apos;, ip: &apos;10.99.7.43&apos;, os.name: &apos;Windows Server 2016&apos;, os.arch: &apos;amd64&apos;, os.version: &apos;10.0&apos;, java.version: &apos;1.8.0_221&apos;
Driver info: org.openqa.selenium.chrome.ChromeDriver
Capabilities [{applicationCacheEnabled=false, rotatable=false, mobileEmulationEnabled=false, networkConnectionEnabled=false, chrome={chromedriverVersion=2.40.565498 (ea082db3280dd6843ebfb08a625e3eb905c4f5ab), userDataDir=C:\Users\SKATHI~1\AppData\Local\Temp\7\scoped_dir150672_31138}, takesHeapSnapshot=true, pageLoadStrategy=none, databaseEnabled=false, handlesAlerts=true, hasTouchScreen=false, version=83.0.4103.116, platform=XP, browserConnectionEnabled=false, nativeEvents=true, acceptSslCerts=false, acceptInsecureCerts=false, locationContextEnabled=true, webStorageEnabled=true, browserName=chrome, takesScreenshot=true, javascriptEnabled=true, cssSelectorsEnabled=true, setWindowRect=true, unexpectedAlertBehaviour=}]
Session ID: 6097d20c1364baa00ed03518a9e0eebd
	at java.util.concurrent.FutureTask.report(Unknown Source)
	at java.util.concurrent.FutureTask.get(Unknown Source)
	... 6 more
Caused by: org.openqa.selenium.WebDriverException: chrome not reachable
  (Session info: chrome=83.0.4103.116)
  (Driver info: chromedriver=2.40.565498 (ea082db3280dd6843ebfb08a625e3eb905c4f5ab),platform=Windows NT 10.0.14393 x86_64) (WARNING: The server did not provide any stacktrace information)
Command duration or timeout: 6.49 seconds
Build info: version: &apos;3.4.0&apos;, revision: &apos;unknown&apos;, time: &apos;unknown&apos;
System info: host: &apos;NAVMCTMTTL108&apos;, ip: &apos;10.99.7.43&apos;, os.name: &apos;Windows Server 2016&apos;, os.arch: &apos;amd64&apos;, os.version: &apos;10.0&apos;, java.version: &apos;1.8.0_221&apos;
Driver info: org.openqa.selenium.chrome.ChromeDriver
Capabilities [{applicationCacheEnabled=false, rotatable=false, mobileEmulationEnabled=false, networkConnectionEnabled=false, chrome={chromedriverVersion=2.40.565498 (ea082db3280dd6843ebfb08a625e3eb905c4f5ab), userDataDir=C:\Users\SKATHI~1\AppData\Local\Temp\7\scoped_dir150672_31138}, takesHeapSnapshot=true, pageLoadStrategy=none, databaseEnabled=false, handlesAlerts=true, hasTouchScreen=false, version=83.0.4103.116, platform=XP, browserConnectionEnabled=false, nativeEvents=true, acceptSslCerts=false, acceptInsecureCerts=false, locationContextEnabled=true, webStorageEnabled=true, browserName=chrome, takesScreenshot=true, javascriptEnabled=true, cssSelectorsEnabled=true, setWindowRect=true, unexpectedAlertBehaviour=}]
Session ID: 6097d20c1364baa00ed03518a9e0eebd
	at org.openqa.selenium.remote.ErrorHandler.createThrowable(ErrorHandler.java:215)
	at org.openqa.selenium.remote.ErrorHandler.throwIfResponseFailed(ErrorHandler.java:167)
	at org.openqa.selenium.remote.RemoteWebDriver.execute(RemoteWebDriver.java:671)
	at org.openqa.selenium.remote.RemoteWebDriver.execute(RemoteWebDriver.java:694)
	at org.openqa.selenium.remote.RemoteWebDriver.getScreenshotAs(RemoteWebDriver.java:382)
	at com.saksoft.qa.listeners.TestListener.onTestFailure(TestListener.java:65)
	at java.util.concurrent.FutureTask.run(Unknown Source)
	at java.util.concurrent.Executors$RunnableAdapter.call(Unknown Source)
	at java.util.concurrent.FutureTask.run(Unknown Source)
	... 3 more
... Removed 15 stack frames</pre></div><a href='#' onClick='toggleBox("stack-trace2039810346", this, "Click to show all stack frames", "Click to hide stack frames")'>Click to show all stack frames</a>
<div class='stack-trace' id='stack-trace2039810346'><pre>org.testng.TestNGException: java.util.concurrent.ExecutionException: org.openqa.selenium.WebDriverException: chrome not reachable
  (Session info: chrome=83.0.4103.116)
  (Driver info: chromedriver=2.40.565498 (ea082db3280dd6843ebfb08a625e3eb905c4f5ab),platform=Windows NT 10.0.14393 x86_64) (WARNING: The server did not provide any stacktrace information)
Command duration or timeout: 6.49 seconds
Build info: version: &apos;3.4.0&apos;, revision: &apos;unknown&apos;, time: &apos;unknown&apos;
System info: host: &apos;NAVMCTMTTL108&apos;, ip: &apos;10.99.7.43&apos;, os.name: &apos;Windows Server 2016&apos;, os.arch: &apos;amd64&apos;, os.version: &apos;10.0&apos;, java.version: &apos;1.8.0_221&apos;
Driver info: org.openqa.selenium.chrome.ChromeDriver
Capabilities [{applicationCacheEnabled=false, rotatable=false, mobileEmulationEnabled=false, networkConnectionEnabled=false, chrome={chromedriverVersion=2.40.565498 (ea082db3280dd6843ebfb08a625e3eb905c4f5ab), userDataDir=C:\Users\SKATHI~1\AppData\Local\Temp\7\scoped_dir150672_31138}, takesHeapSnapshot=true, pageLoadStrategy=none, databaseEnabled=false, handlesAlerts=true, hasTouchScreen=false, version=83.0.4103.116, platform=XP, browserConnectionEnabled=false, nativeEvents=true, acceptSslCerts=false, acceptInsecureCerts=false, locationContextEnabled=true, webStorageEnabled=true, browserName=chrome, takesScreenshot=true, javascriptEnabled=true, cssSelectorsEnabled=true, setWindowRect=true, unexpectedAlertBehaviour=}]
Session ID: 6097d20c1364baa00ed03518a9e0eebd
	at org.testng.internal.PoolService.submitTasksAndWait(PoolService.java:53)
	at org.testng.internal.Invoker.invokeTestMethods(Invoker.java:1218)
	at org.testng.internal.TestMethodWorker.invokeTestMethods(TestMethodWorker.java:127)
	at org.testng.internal.TestMethodWorker.run(TestMethodWorker.java:111)
	at java.util.concurrent.ThreadPoolExecutor.runWorker(Unknown Source)
	at java.util.concurrent.ThreadPoolExecutor$Worker.run(Unknown Source)
	at java.lang.Thread.run(Unknown Source)
Caused by: java.util.concurrent.ExecutionException: org.openqa.selenium.WebDriverException: chrome not reachable
  (Session info: chrome=83.0.4103.116)
  (Driver info: chromedriver=2.40.565498 (ea082db3280dd6843ebfb08a625e3eb905c4f5ab),platform=Windows NT 10.0.14393 x86_64) (WARNING: The server did not provide any stacktrace information)
Command duration or timeout: 6.49 seconds
Build info: version: &apos;3.4.0&apos;, revision: &apos;unknown&apos;, time: &apos;unknown&apos;
System info: host: &apos;NAVMCTMTTL108&apos;, ip: &apos;10.99.7.43&apos;, os.name: &apos;Windows Server 2016&apos;, os.arch: &apos;amd64&apos;, os.version: &apos;10.0&apos;, java.version: &apos;1.8.0_221&apos;
Driver info: org.openqa.selenium.chrome.ChromeDriver
Capabilities [{applicationCacheEnabled=false, rotatable=false, mobileEmulationEnabled=false, networkConnectionEnabled=false, chrome={chromedriverVersion=2.40.565498 (ea082db3280dd6843ebfb08a625e3eb905c4f5ab), userDataDir=C:\Users\SKATHI~1\AppData\Local\Temp\7\scoped_dir150672_31138}, takesHeapSnapshot=true, pageLoadStrategy=none, databaseEnabled=false, handlesAlerts=true, hasTouchScreen=false, version=83.0.4103.116, platform=XP, browserConnectionEnabled=false, nativeEvents=true, acceptSslCerts=false, acceptInsecureCerts=false, locationContextEnabled=true, webStorageEnabled=true, browserName=chrome, takesScreenshot=true, javascriptEnabled=true, cssSelectorsEnabled=true, setWindowRect=true, unexpectedAlertBehaviour=}]
Session ID: 6097d20c1364baa00ed03518a9e0eebd
	at java.util.concurrent.FutureTask.report(Unknown Source)
	at java.util.concurrent.FutureTask.get(Unknown Source)
	at org.testng.internal.PoolService.submitTasksAndWait(PoolService.java:49)
	... 6 more
Caused by: org.openqa.selenium.WebDriverException: chrome not reachable
  (Session info: chrome=83.0.4103.116)
  (Driver info: chromedriver=2.40.565498 (ea082db3280dd6843ebfb08a625e3eb905c4f5ab),platform=Windows NT 10.0.14393 x86_64) (WARNING: The server did not provide any stacktrace information)
Command duration or timeout: 6.49 seconds
Build info: version: &apos;3.4.0&apos;, revision: &apos;unknown&apos;, time: &apos;unknown&apos;
System info: host: &apos;NAVMCTMTTL108&apos;, ip: &apos;10.99.7.43&apos;, os.name: &apos;Windows Server 2016&apos;, os.arch: &apos;amd64&apos;, os.version: &apos;10.0&apos;, java.version: &apos;1.8.0_221&apos;
Driver info: org.openqa.selenium.chrome.ChromeDriver
Capabilities [{applicationCacheEnabled=false, rotatable=false, mobileEmulationEnabled=false, networkConnectionEnabled=false, chrome={chromedriverVersion=2.40.565498 (ea082db3280dd6843ebfb08a625e3eb905c4f5ab), userDataDir=C:\Users\SKATHI~1\AppData\Local\Temp\7\scoped_dir150672_31138}, takesHeapSnapshot=true, pageLoadStrategy=none, databaseEnabled=false, handlesAlerts=true, hasTouchScreen=false, version=83.0.4103.116, platform=XP, browserConnectionEnabled=false, nativeEvents=true, acceptSslCerts=false, acceptInsecureCerts=false, locationContextEnabled=true, webStorageEnabled=true, browserName=chrome, takesScreenshot=true, javascriptEnabled=true, cssSelectorsEnabled=true, setWindowRect=true, unexpectedAlertBehaviour=}]
Session ID: 6097d20c1364baa00ed03518a9e0eebd
	at sun.reflect.NativeConstructorAccessorImpl.newInstance0(Native Method)
	at sun.reflect.NativeConstructorAccessorImpl.newInstance(Unknown Source)
	at sun.reflect.DelegatingConstructorAccessorImpl.newInstance(Unknown Source)
	at java.lang.reflect.Constructor.newInstance(Unknown Source)
	at org.openqa.selenium.remote.ErrorHandler.createThrowable(ErrorHandler.java:215)
	at org.openqa.selenium.remote.ErrorHandler.throwIfResponseFailed(ErrorHandler.java:167)
	at org.openqa.selenium.remote.RemoteWebDriver.execute(RemoteWebDriver.java:671)
	at org.openqa.selenium.remote.RemoteWebDriver.execute(RemoteWebDriver.java:694)
	at org.openqa.selenium.remote.RemoteWebDriver.getScreenshotAs(RemoteWebDriver.java:382)
	at com.saksoft.qa.listeners.TestListener.onTestFailure(TestListener.java:65)
	at org.testng.internal.Invoker.runTestListeners(Invoker.java:1895)
	at org.testng.internal.Invoker.runTestListeners(Invoker.java:1879)
	at org.testng.internal.Invoker.invokeMethod(Invoker.java:778)
	at org.testng.internal.Invoker.invokeTestMethod(Invoker.java:901)
	at org.testng.internal.TestMethodWithDataProviderMethodWorker.call(TestMethodWithDataProviderMethodWorker.java:73)
	at org.testng.internal.TestMethodWithDataProviderMethodWorker.call(TestMethodWithDataProviderMethodWorker.java:14)
	at java.util.concurrent.FutureTask.run(Unknown Source)
	at java.util.concurrent.Executors$RunnableAdapter.call(Unknown Source)
	at java.util.concurrent.FutureTask.run(Unknown Source)
	... 3 more
</pre></div></td>
<td>58</td>
<td>com.saksoft.qa.apttestscripts.APT_DomainManagementTest@59f99ea</td></tr>
</table><p>
<table width='100%' border='1' class='invocation-passed'>
<tr><td colspan='4' align='center'><b>PASSED TESTS</b></td></tr>
<tr><td><b>Test method</b></td>
<td width="30%"><b>Exception</b></td>
<td width="10%"><b>Time (seconds)</b></td>
<td><b>Instance</b></td>
</tr>
<tr>
<td title='com.saksoft.qa.apttestscripts.APT_DomainManagementTest.CreateCustomer()'><b>CreateCustomer</b><br>Test class: com.saksoft.qa.apttestscripts.APT_DomainManagementTest<br>Test method: TC-01<br>Parameters: {Edit_ServiceCountry=BR (Brazil), Email=domain16@test.com, CreateOrderCustomer=Test_Colt_Customer_QA_23, Edit_ServicePhone=+49-4773-827893, Edit_ServiceState=TN, ExistingOrderService=NO, Edit_ServiceComplement=servicecompedit18, Name=Domain_16, Edit_Remarks=TestRemarksedit18, ServicePhoneContact=9987894934, DedicatedPortalStatus=NO, Remarks=TestRemarks, ServiceType=Domain Management, Edit_ServicePostalCode=598446, Edit_ServiceFax=+49-4773-827893, Edit_ServiceFirstName=testedit18, ServiceIdentification=DomainService_16, ServiceLastName=service, ServiceCountry=BE (Belgium), Name1=Domain_, Name2=16, ServicePostalCode=546743, Edit_ServiceAddress=23, Mangalore, NewRFIREQNumber=DomainRFI_16, ServiceDefaultEmail=domainemail16@gmail.com, Edit_ServiceIdentification=DomainServiceedit_18, Edit_ServiceUser=Domainuseredit18, DedicatedPortal=Vodafone Portal, ServicePhone=+49-1873-809382, Edit_ServiceCity=Ooty, ChooseCustomerToBeSelected=Domain_16, OrganizationName=colt, ServiceAddress=23, bangalore, ExistingOrderNumber=DomainOrder_16, Edit_OrganizationName=colttest18, Edit_ServiceDefaultEmail=domainemailedit18@gmail.com, ServiceEmail=domainservice_16@gmail.com, ServiceFax=+49-1873-809382, ChangeOrder_VoicelineNumber=DomainOrder_16, Edit_ServiceEmail=domainserviceedit_18@gmail.com, ExistingRFIREQNumber=DomainRFI_16, TechnicalContactName=domaincontact16, ServiceCity=bangalore, EditOrder_VoicelineNumber=DomainOrderedit_16, Passwordvalue=hfisesy@ui, ChangeOrder_OrderNumber=DomainRFI_16, Phone=9973899074, CreateOrderName=Test_Colt_Customer_QA_23, MainDomain=dmdomain16.com, ServiceComplement=servicecomp16, TypeToBeSelected=Colt Telecom - internal, NewOrderNumber=DomainOrder_16, ServiceState=KA, Edit_ServicePhoneContact=9498383983, CountryToBeSelected=BE (Belgium), Reference=testreference16, Edit_ServiceLastName=serviceedit18, ServiceFirstName=test, NewOrderService=YES, ServiceUser=Domainuser16, OCN=domainocn16, EditOrder_OrderNumber=DomainRFIedit_16, Fax=9973899074}</td>
<td></td>
<td>479</td>
<td>com.saksoft.qa.apttestscripts.APT_DomainManagementTest@59f99ea</td></tr>
<tr>
<td title='com.saksoft.qa.apttestscripts.APT_AutomationTest.CreateCustomer()'><b>CreateCustomer</b><br>Test class: com.saksoft.qa.apttestscripts.APT_AutomationTest<br>Test method: TC-01<br>Parameters: {Existing RFIREQNumber=NGINRFI_23, NewOrderNumber=NewOrderTest01, Email=ngin23@test.com, ExistingOrderNumber=NGINOrder_23, NewRFIREQNumber=WholeSale, CountryToBeSelected=BE (Belgium), Reference=testreference23, ExistingOrderService=No, DedicatedPortal=Vodafone Portal, Name=NGIN_23, TechnicalContactName=ngincontact23, ChooseCustomerToBeSelected=NGIN_23, DedicatedPortalStatus=NO, Phone=9876898363, NewOrderService=Yes, MainDomain=ngindomain23.com, OCN=nginocn23, Fax=238883, TypeToBeSelected=Colt Telecom - internal, Name1=NGIN_, Name2=23}</td>
<td></td>
<td>520</td>
<td>com.saksoft.qa.apttestscripts.APT_AutomationTest@14acaea5</td></tr>
<tr>
<td title='com.saksoft.qa.apttestscripts.APT_DomainManagementTest.choosecustomer()'><b>choosecustomer</b><br>Test class: com.saksoft.qa.apttestscripts.APT_DomainManagementTest<br>Test method: TC-02<br>Parameters: {Edit_ServiceCountry=BR (Brazil), Email=domain16@test.com, CreateOrderCustomer=Test_Colt_Customer_QA_23, Edit_ServicePhone=+49-4773-827893, Edit_ServiceState=TN, ExistingOrderService=NO, Edit_ServiceComplement=servicecompedit18, Name=Domain_16, Edit_Remarks=TestRemarksedit18, ServicePhoneContact=9987894934, DedicatedPortalStatus=NO, Remarks=TestRemarks, ServiceType=Domain Management, Edit_ServicePostalCode=598446, Edit_ServiceFax=+49-4773-827893, Edit_ServiceFirstName=testedit18, ServiceIdentification=DomainService_16, ServiceLastName=service, ServiceCountry=BE (Belgium), Name1=Domain_, Name2=16, ServicePostalCode=546743, Edit_ServiceAddress=23, Mangalore, NewRFIREQNumber=DomainRFI_16, ServiceDefaultEmail=domainemail16@gmail.com, Edit_ServiceIdentification=DomainServiceedit_18, Edit_ServiceUser=Domainuseredit18, DedicatedPortal=Vodafone Portal, ServicePhone=+49-1873-809382, Edit_ServiceCity=Ooty, ChooseCustomerToBeSelected=Domain_16, OrganizationName=colt, ServiceAddress=23, bangalore, ExistingOrderNumber=DomainOrder_16, Edit_OrganizationName=colttest18, Edit_ServiceDefaultEmail=domainemailedit18@gmail.com, ServiceEmail=domainservice_16@gmail.com, ServiceFax=+49-1873-809382, ChangeOrder_VoicelineNumber=DomainOrder_16, Edit_ServiceEmail=domainserviceedit_18@gmail.com, ExistingRFIREQNumber=DomainRFI_16, TechnicalContactName=domaincontact16, ServiceCity=bangalore, EditOrder_VoicelineNumber=DomainOrderedit_16, Passwordvalue=hfisesy@ui, ChangeOrder_OrderNumber=DomainRFI_16, Phone=9973899074, CreateOrderName=Test_Colt_Customer_QA_23, MainDomain=dmdomain16.com, ServiceComplement=servicecomp16, TypeToBeSelected=Colt Telecom - internal, NewOrderNumber=DomainOrder_16, ServiceState=KA, Edit_ServicePhoneContact=9498383983, CountryToBeSelected=BE (Belgium), Reference=testreference16, Edit_ServiceLastName=serviceedit18, ServiceFirstName=test, NewOrderService=YES, ServiceUser=Domainuser16, OCN=domainocn16, EditOrder_OrderNumber=DomainRFIedit_16, Fax=9973899074}</td>
<td></td>
<td>158</td>
<td>com.saksoft.qa.apttestscripts.APT_DomainManagementTest@59f99ea</td></tr>
<tr>
<td title='com.saksoft.qa.apttestscripts.APT_AutomationTest.choosecustomer()'><b>choosecustomer</b><br>Test class: com.saksoft.qa.apttestscripts.APT_AutomationTest<br>Test method: TC-02<br>Parameters: {Existing RFIREQNumber=NGINRFI_23, NewOrderNumber=NewOrderTest01, Email=ngin23@test.com, ExistingOrderNumber=NGINOrder_23, NewRFIREQNumber=WholeSale, CountryToBeSelected=BE (Belgium), Reference=testreference23, ExistingOrderService=No, DedicatedPortal=Vodafone Portal, Name=NGIN_23, TechnicalContactName=ngincontact23, ChooseCustomerToBeSelected=NGIN_23, DedicatedPortalStatus=NO, Phone=9876898363, NewOrderService=Yes, MainDomain=ngindomain23.com, OCN=nginocn23, Fax=238883, TypeToBeSelected=Colt Telecom - internal, Name1=NGIN_, Name2=23}</td>
<td></td>
<td>145</td>
<td>com.saksoft.qa.apttestscripts.APT_AutomationTest@14acaea5</td></tr>
</table><p>
<table width='100%' border='1' class='invocation-skipped'>
<tr><td colspan='4' align='center'><b>SKIPPED TESTS</b></td></tr>
<tr><td><b>Test method</b></td>
<td width="30%"><b>Exception</b></td>
<td width="10%"><b>Time (seconds)</b></td>
<td><b>Instance</b></td>
</tr>
<tr>
<td title='com.saksoft.qa.apttestscripts.APT_AutomationTest.verifycreateorder()'><b>verifycreateorder</b><br>Test class: com.saksoft.qa.apttestscripts.APT_AutomationTest<br>Test method: TC-03<br>Parameters: {Existing RFIREQNumber=NGINRFI_23, NewOrderNumber=NewOrderTest01, Email=ngin23@test.com, ExistingOrderNumber=NGINOrder_23, NewRFIREQNumber=WholeSale, CountryToBeSelected=BE (Belgium), Reference=testreference23, ExistingOrderService=No, DedicatedPortal=Vodafone Portal, Name=NGIN_23, TechnicalContactName=ngincontact23, ChooseCustomerToBeSelected=NGIN_23, DedicatedPortalStatus=NO, Phone=9876898363, NewOrderService=Yes, MainDomain=ngindomain23.com, OCN=nginocn23, Fax=238883, TypeToBeSelected=Colt Telecom - internal, Name1=NGIN_, Name2=23}</td>
<td></td>
<td>0</td>
<td>com.saksoft.qa.apttestscripts.APT_AutomationTest@14acaea5</td></tr>
</table><p>
</body>
</html>