<?xml version="1.0" encoding="UTF-8"?>
<!-- Generated by org.testng.reporters.JUnitXMLReporter -->
<testsuite hostname="NAVMCTMTTL108" name="Test" tests="5" failures="1" timestamp="7 Oct 2020 16:11:23 GMT" time="26.687" errors="0">
  <testcase name="@AfterMethod getResult" time="0.0" classname="com.colt.qa.apttestscripts.APT_MCS_CustomerFunctionality">
    <failure type="java.lang.NullPointerException">
      <![CDATA[java.lang.NullPointerException
	at com.colt.qa.driverlibrary.DriverTestcase.getResult(DriverTestcase.java:348)
... Removed 26 stack frames]]>
    </failure>
  </testcase> <!-- @AfterMethod getResult -->
  <testcase name="@AfterClass Teardown" time="0.0" classname="com.colt.qa.apttestscripts.APT_MCS_CustomerFunctionality">
    <skipped/>
  </testcase> <!-- @AfterClass Teardown -->
  <testcase name="@BeforeMethod BeforeMethod" time="0.0" classname="com.colt.qa.apttestscripts.PerformOrder_Supply">
    <skipped/>
  </testcase> <!-- @BeforeMethod BeforeMethod -->
  <testcase name="@AfterMethod getResult" time="0.0" classname="com.colt.qa.apttestscripts.PerformOrder_Supply">
    <skipped/>
  </testcase> <!-- @AfterMethod getResult -->
  <testcase name="@BeforeMethod BeforeMethod" time="0.0" classname="com.colt.qa.apttestscripts.PerformOrder_Supply">
    <skipped/>
  </testcase> <!-- @BeforeMethod BeforeMethod -->
  <testcase name="@AfterMethod getResult" time="0.0" classname="com.colt.qa.apttestscripts.PerformOrder_Supply">
    <skipped/>
  </testcase> <!-- @AfterMethod getResult -->
  <testcase name="@BeforeMethod BeforeMethod" time="0.0" classname="com.colt.qa.apttestscripts.PerformOrder_Supply">
    <skipped/>
  </testcase> <!-- @BeforeMethod BeforeMethod -->
  <testcase name="@AfterMethod getResult" time="0.0" classname="com.colt.qa.apttestscripts.PerformOrder_Supply">
    <skipped/>
  </testcase> <!-- @AfterMethod getResult -->
  <testcase name="@BeforeMethod BeforeMethod" time="0.0" classname="com.colt.qa.apttestscripts.PerformOrder_Supply">
    <skipped/>
  </testcase> <!-- @BeforeMethod BeforeMethod -->
  <testcase name="@AfterMethod getResult" time="0.0" classname="com.colt.qa.apttestscripts.PerformOrder_Supply">
    <skipped/>
  </testcase> <!-- @AfterMethod getResult -->
  <testcase name="@AfterClass Teardown" time="0.0" classname="com.colt.qa.apttestscripts.PerformOrder_Supply">
    <skipped/>
  </testcase> <!-- @AfterClass Teardown -->
  <testcase name="@AfterTest endReport" time="0.0" classname="com.colt.qa.apttestscripts.PerformOrder_Supply">
    <skipped/>
  </testcase> <!-- @AfterTest endReport -->
  <testcase name="Verify_CreateCustomerFunctionality" time="23.921" classname="com.colt.qa.apttestscripts.APT_MCS_CustomerFunctionality">
    <failure type="org.openqa.selenium.WebDriverException" message="chrome not reachable
  (Session info: chrome=85.0.4183.121)
  (Driver info: chromedriver=2.40.565498 (ea082db3280dd6843ebfb08a625e3eb905c4f5ab),platform=Windows NT 10.0.14393 x86_64) (WARNING: The server did not provide any stacktrace information)
Command duration or timeout: 6.08 seconds
Build info: version: &amp;apos;3.4.0&amp;apos;, revision: &amp;apos;unknown&amp;apos;, time: &amp;apos;unknown&amp;apos;
System info: host: &amp;apos;NAVMCTMTTL108&amp;apos;, ip: &amp;apos;10.99.7.43&amp;apos;, os.name: &amp;apos;Windows Server 2016&amp;apos;, os.arch: &amp;apos;amd64&amp;apos;, os.version: &amp;apos;10.0&amp;apos;, java.version: &amp;apos;1.8.0_221&amp;apos;
Driver info: org.openqa.selenium.chrome.ChromeDriver
Capabilities [{applicationCacheEnabled=false, rotatable=false, mobileEmulationEnabled=false, networkConnectionEnabled=false, chrome={chromedriverVersion=2.40.565498 (ea082db3280dd6843ebfb08a625e3eb905c4f5ab), userDataDir=C:\Users\SKATHI~1\AppData\Local\Temp\18\scoped_dir20396_19196}, takesHeapSnapshot=true, pageLoadStrategy=none, databaseEnabled=false, handlesAlerts=true, hasTouchScreen=false, version=85.0.4183.121, platform=XP, browserConnectionEnabled=false, nativeEvents=true, acceptSslCerts=false, acceptInsecureCerts=false, locationContextEnabled=true, webStorageEnabled=true, browserName=chrome, takesScreenshot=true, javascriptEnabled=true, cssSelectorsEnabled=true, setWindowRect=true, unexpectedAlertBehaviour=}]
Session ID: bfa996f45ba2a44c7a339467191b49dd">
      <![CDATA[org.openqa.selenium.WebDriverException: chrome not reachable
  (Session info: chrome=85.0.4183.121)
  (Driver info: chromedriver=2.40.565498 (ea082db3280dd6843ebfb08a625e3eb905c4f5ab),platform=Windows NT 10.0.14393 x86_64) (WARNING: The server did not provide any stacktrace information)
Command duration or timeout: 6.08 seconds
Build info: version: '3.4.0', revision: 'unknown', time: 'unknown'
System info: host: 'NAVMCTMTTL108', ip: '10.99.7.43', os.name: 'Windows Server 2016', os.arch: 'amd64', os.version: '10.0', java.version: '1.8.0_221'
Driver info: org.openqa.selenium.chrome.ChromeDriver
Capabilities [{applicationCacheEnabled=false, rotatable=false, mobileEmulationEnabled=false, networkConnectionEnabled=false, chrome={chromedriverVersion=2.40.565498 (ea082db3280dd6843ebfb08a625e3eb905c4f5ab), userDataDir=C:\Users\SKATHI~1\AppData\Local\Temp\18\scoped_dir20396_19196}, takesHeapSnapshot=true, pageLoadStrategy=none, databaseEnabled=false, handlesAlerts=true, hasTouchScreen=false, version=85.0.4183.121, platform=XP, browserConnectionEnabled=false, nativeEvents=true, acceptSslCerts=false, acceptInsecureCerts=false, locationContextEnabled=true, webStorageEnabled=true, browserName=chrome, takesScreenshot=true, javascriptEnabled=true, cssSelectorsEnabled=true, setWindowRect=true, unexpectedAlertBehaviour=}]
Session ID: bfa996f45ba2a44c7a339467191b49dd
	at org.openqa.selenium.remote.ErrorHandler.createThrowable(ErrorHandler.java:215)
	at org.openqa.selenium.remote.ErrorHandler.throwIfResponseFailed(ErrorHandler.java:167)
	at org.openqa.selenium.remote.RemoteWebDriver.execute(RemoteWebDriver.java:671)
	at org.openqa.selenium.remote.RemoteWebDriver.get(RemoteWebDriver.java:364)
	at com.colt.qa.driverlibrary.DriverHelper.openurl(DriverHelper.java:418)
	at com.colt.qa.scripthelpers.APT_LoginHelper.Login(APT_LoginHelper.java:31)
	at com.colt.qa.apttestscripts.APT_Login.APT_Login_1(APT_Login.java:14)
	at com.colt.qa.apttestscripts.APT_MCS_CustomerFunctionality.Verify_CreateCustomerFunctionality(APT_MCS_CustomerFunctionality.java:23)
... Removed 28 stack frames]]>
    </failure>
  </testcase> <!-- Verify_CreateCustomerFunctionality -->
  <testcase name="Verify_serivceOrderCreationforCustomer" time="0.0" classname="com.colt.qa.apttestscripts.PerformOrder_Supply">
    <skipped/>
  </testcase> <!-- Verify_serivceOrderCreationforCustomer -->
  <testcase name="Verify_SupplyServiceFromOneCustomerToOtherCustomer1" time="0.016" classname="com.colt.qa.apttestscripts.PerformOrder_Supply">
    <skipped/>
  </testcase> <!-- Verify_SupplyServiceFromOneCustomerToOtherCustomer1 -->
  <testcase name="Verify_Subscribers" time="0.0" classname="com.colt.qa.apttestscripts.PerformOrder_Supply">
    <skipped/>
  </testcase> <!-- Verify_Subscribers -->
  <testcase name="deleteFunctionality" time="0.0" classname="com.colt.qa.apttestscripts.PerformOrder_Supply">
    <skipped/>
  </testcase> <!-- deleteFunctionality -->
</testsuite> <!-- Test -->
