<?xml version="1.0" encoding="UTF-8"?>
<testsuite name="APT login2"
           tests="12"
           failures="8"
           errors="0"
           skipped="4"
           time="0.000">
  <properties />
            <testcase name="BeforeSuite" time="0.000" classname="com.saksoft.qa.apttestscripts.APT_DomainManagementTest">
                <failure type="org.openqa.selenium.WebDriverException"
                  message="chrome not reachable
  (Session info: chrome=83.0.4103.97)
  (Driver info: chromedriver=2.40.565498 (ea082db3280dd6843ebfb08a625e3eb905c4f5ab),platform=Windows NT 10.0.14393 x86_64) (WARNING: The server did not provide any stacktrace information)
Command duration or timeout: 6.02 seconds
Build info: version: &apos;3.4.0&apos;, revision: &apos;unknown&apos;, time: &apos;unknown&apos;
System info: host: &apos;ULVMCTMTTL104&apos;, ip: &apos;10.100.246.36&apos;, os.name: &apos;Windows Server 2016&apos;, os.arch: &apos;amd64&apos;, os.version: &apos;10.0&apos;, java.version: &apos;1.8.0_191&apos;
Driver info: org.openqa.selenium.chrome.ChromeDriver
Capabilities [{applicationCacheEnabled=false, rotatable=false, mobileEmulationEnabled=false, networkConnectionEnabled=false, chrome={chromedriverVersion=2.40.565498 (ea082db3280dd6843ebfb08a625e3eb905c4f5ab), userDataDir=C:\Users\DKUMAR~1\AppData\Local\Temp\2\scoped_dir10200_23176}, takesHeapSnapshot=true, pageLoadStrategy=none, databaseEnabled=false, handlesAlerts=true, hasTouchScreen=false, version=83.0.4103.97, platform=XP, browserConnectionEnabled=false, nativeEvents=true, acceptSslCerts=false, acceptInsecureCerts=false, locationContextEnabled=true, webStorageEnabled=true, browserName=chrome, takesScreenshot=true, javascriptEnabled=true, cssSelectorsEnabled=true, setWindowRect=true, unexpectedAlertBehaviour=}]
Session ID: f2802d3273696e002ac4f733a4aa20c1
*** Element info: {Using=xpath, value=//input[@placeholder=&apos;Username&apos;]}"
              >
<![CDATA[org.openqa.selenium.WebDriverException: chrome not reachable
  (Session info: chrome=83.0.4103.97)
  (Driver info: chromedriver=2.40.565498 (ea082db3280dd6843ebfb08a625e3eb905c4f5ab),platform=Windows NT 10.0.14393 x86_64) (WARNING: The server did not provide any stacktrace information)
Command duration or timeout: 6.02 seconds
Build info: version: '3.4.0', revision: 'unknown', time: 'unknown'
System info: host: 'ULVMCTMTTL104', ip: '10.100.246.36', os.name: 'Windows Server 2016', os.arch: 'amd64', os.version: '10.0', java.version: '1.8.0_191'
Driver info: org.openqa.selenium.chrome.ChromeDriver
Capabilities [{applicationCacheEnabled=false, rotatable=false, mobileEmulationEnabled=false, networkConnectionEnabled=false, chrome={chromedriverVersion=2.40.565498 (ea082db3280dd6843ebfb08a625e3eb905c4f5ab), userDataDir=C:\Users\DKUMAR~1\AppData\Local\Temp\2\scoped_dir10200_23176}, takesHeapSnapshot=true, pageLoadStrategy=none, databaseEnabled=false, handlesAlerts=true, hasTouchScreen=false, version=83.0.4103.97, platform=XP, browserConnectionEnabled=false, nativeEvents=true, acceptSslCerts=false, acceptInsecureCerts=false, locationContextEnabled=true, webStorageEnabled=true, browserName=chrome, takesScreenshot=true, javascriptEnabled=true, cssSelectorsEnabled=true, setWindowRect=true, unexpectedAlertBehaviour=}]
Session ID: f2802d3273696e002ac4f733a4aa20c1
*** Element info: {Using=xpath, value=//input[@placeholder='Username']}
  sun.reflect.NativeConstructorAccessorImpl.newInstance0(Native Method)
  sun.reflect.NativeConstructorAccessorImpl.newInstance(Unknown Source)
  sun.reflect.DelegatingConstructorAccessorImpl.newInstance(Unknown Source)
  java.lang.reflect.Constructor.newInstance(Unknown Source)
  org.openqa.selenium.remote.ErrorHandler.createThrowable(ErrorHandler.java:215)
  org.openqa.selenium.remote.ErrorHandler.throwIfResponseFailed(ErrorHandler.java:167)
  org.openqa.selenium.remote.RemoteWebDriver.execute(RemoteWebDriver.java:671)
  org.openqa.selenium.remote.RemoteWebDriver.findElement(RemoteWebDriver.java:410)
  org.openqa.selenium.remote.RemoteWebDriver.findElementByXPath(RemoteWebDriver.java:509)
  org.openqa.selenium.By$ByXPath.findElement(By.java:361)
  org.openqa.selenium.remote.RemoteWebDriver.findElement(RemoteWebDriver.java:402)
  com.saksoft.qa.driverlibrary.DriverHelper$3.apply(DriverHelper.java:513)
  com.saksoft.qa.driverlibrary.DriverHelper$3.apply(DriverHelper.java:1)
  org.openqa.selenium.support.ui.FluentWait.until(FluentWait.java:209)
  com.saksoft.qa.driverlibrary.DriverHelper.getwebelement(DriverHelper.java:511)
  com.saksoft.qa.scripthelpers.APT_LoginHelper.Login(APT_LoginHelper.java:80)
  com.saksoft.qa.driverlibrary.DriverTestcase.BeforeSuite(DriverTestcase.java:157)
  sun.reflect.NativeMethodAccessorImpl.invoke0(Native Method)
  sun.reflect.NativeMethodAccessorImpl.invoke(Unknown Source)
  sun.reflect.DelegatingMethodAccessorImpl.invoke(Unknown Source)
  java.lang.reflect.Method.invoke(Unknown Source)
  org.testng.internal.MethodInvocationHelper.invokeMethod(MethodInvocationHelper.java:84)
  org.testng.internal.Invoker.invokeConfigurationMethod(Invoker.java:564)
  org.testng.internal.Invoker.invokeConfigurations(Invoker.java:213)
  org.testng.internal.Invoker.invokeConfigurations(Invoker.java:138)
  org.testng.SuiteRunner.privateRun(SuiteRunner.java:277)
  org.testng.SuiteRunner.run(SuiteRunner.java:240)
  org.testng.SuiteRunnerWorker.runSuite(SuiteRunnerWorker.java:52)
  org.testng.SuiteRunnerWorker.run(SuiteRunnerWorker.java:86)
  org.testng.TestNG.runSuitesSequentially(TestNG.java:1224)
  org.testng.TestNG.runSuitesLocally(TestNG.java:1149)
  org.testng.TestNG.run(TestNG.java:1057)
  org.testng.remote.AbstractRemoteTestNG.run(AbstractRemoteTestNG.java:115)
  org.testng.remote.RemoteTestNG.initAndRun(RemoteTestNG.java:251)
  org.testng.remote.RemoteTestNG.main(RemoteTestNG.java:77)
]]>
      </failure>

          </testcase>
            <testcase name="verifyservicetypeselection" time="0.000" classname="com.saksoft.qa.apttestscripts.APT_DomainManagementTest">
                <failure type="org.testng.TestNGException"
                  message="
Method public void com.saksoft.qa.apttestscripts.APT_DomainManagementTest.verifyservicetypeselection(java.util.Map) throws java.lang.InterruptedException,org.dom4j.DocumentException,java.io.IOException requires a @DataProvider named : Finaldatareader_Domain in class com.saksoft.qa.driverlibrary.DataReader_PK"
              >
<![CDATA[org.testng.TestNGException: 
Method public void com.saksoft.qa.apttestscripts.APT_DomainManagementTest.verifyservicetypeselection(java.util.Map) throws java.lang.InterruptedException,org.dom4j.DocumentException,java.io.IOException requires a @DataProvider named : Finaldatareader_Domain in class com.saksoft.qa.driverlibrary.DataReader_PK
  org.testng.internal.Parameters.findDataProvider(Parameters.java:268)
  org.testng.internal.Parameters.handleParameters(Parameters.java:417)
  org.testng.internal.Invoker.handleParameters(Invoker.java:1383)
  org.testng.internal.Invoker.createParameters(Invoker.java:1075)
  org.testng.internal.Invoker.invokeTestMethods(Invoker.java:1180)
  org.testng.internal.TestMethodWorker.invokeTestMethods(TestMethodWorker.java:127)
  org.testng.internal.TestMethodWorker.run(TestMethodWorker.java:111)
  java.util.concurrent.ThreadPoolExecutor.runWorker(Unknown Source)
  java.util.concurrent.ThreadPoolExecutor$Worker.run(Unknown Source)
  java.lang.Thread.run(Unknown Source)
]]>
      </failure>

          </testcase>
            <testcase name="verifyservicecreation" time="0.000" classname="com.saksoft.qa.apttestscripts.APT_DomainManagementTest">
                <failure type="org.testng.TestNGException"
                  message="
Method public void com.saksoft.qa.apttestscripts.APT_DomainManagementTest.verifyservicecreation(java.util.Map) throws java.lang.InterruptedException,org.dom4j.DocumentException,java.io.IOException requires a @DataProvider named : Finaldatareader_Domain in class com.saksoft.qa.driverlibrary.DataReader_PK"
              >
<![CDATA[org.testng.TestNGException: 
Method public void com.saksoft.qa.apttestscripts.APT_DomainManagementTest.verifyservicecreation(java.util.Map) throws java.lang.InterruptedException,org.dom4j.DocumentException,java.io.IOException requires a @DataProvider named : Finaldatareader_Domain in class com.saksoft.qa.driverlibrary.DataReader_PK
  org.testng.internal.Parameters.findDataProvider(Parameters.java:268)
  org.testng.internal.Parameters.handleParameters(Parameters.java:417)
  org.testng.internal.Invoker.handleParameters(Invoker.java:1383)
  org.testng.internal.Invoker.createParameters(Invoker.java:1075)
  org.testng.internal.Invoker.invokeTestMethods(Invoker.java:1180)
  org.testng.internal.TestMethodWorker.invokeTestMethods(TestMethodWorker.java:127)
  org.testng.internal.TestMethodWorker.run(TestMethodWorker.java:111)
  java.util.concurrent.ThreadPoolExecutor.runWorker(Unknown Source)
  java.util.concurrent.ThreadPoolExecutor$Worker.run(Unknown Source)
  java.lang.Thread.run(Unknown Source)
]]>
      </failure>

          </testcase>
            <testcase name="verifyorderpanelinviewservicepage" time="0.000" classname="com.saksoft.qa.apttestscripts.APT_DomainManagementTest">
                <failure type="org.testng.TestNGException"
                  message="
Method public void com.saksoft.qa.apttestscripts.APT_DomainManagementTest.verifyorderpanelinviewservicepage(java.util.Map) throws java.lang.InterruptedException,org.dom4j.DocumentException,java.io.IOException requires a @DataProvider named : Finaldatareader_Domain in class com.saksoft.qa.driverlibrary.DataReader_PK"
              >
<![CDATA[org.testng.TestNGException: 
Method public void com.saksoft.qa.apttestscripts.APT_DomainManagementTest.verifyorderpanelinviewservicepage(java.util.Map) throws java.lang.InterruptedException,org.dom4j.DocumentException,java.io.IOException requires a @DataProvider named : Finaldatareader_Domain in class com.saksoft.qa.driverlibrary.DataReader_PK
  org.testng.internal.Parameters.findDataProvider(Parameters.java:268)
  org.testng.internal.Parameters.handleParameters(Parameters.java:417)
  org.testng.internal.Invoker.handleParameters(Invoker.java:1383)
  org.testng.internal.Invoker.createParameters(Invoker.java:1075)
  org.testng.internal.Invoker.invokeTestMethods(Invoker.java:1180)
  org.testng.internal.TestMethodWorker.invokeTestMethods(TestMethodWorker.java:127)
  org.testng.internal.TestMethodWorker.run(TestMethodWorker.java:111)
  java.util.concurrent.ThreadPoolExecutor.runWorker(Unknown Source)
  java.util.concurrent.ThreadPoolExecutor$Worker.run(Unknown Source)
  java.lang.Thread.run(Unknown Source)
]]>
      </failure>

          </testcase>
            <testcase name="CreateCustomer" time="0.000" classname="com.saksoft.qa.apttestscripts.APT_DomainManagementTest">
                <failure type="org.testng.TestNGException"
                  message="
Method public void com.saksoft.qa.apttestscripts.APT_DomainManagementTest.CreateCustomer(java.util.Map) throws java.lang.Exception requires a @DataProvider named : Finaldatareader_Domain in class com.saksoft.qa.driverlibrary.DataReader_PK"
              >
<![CDATA[org.testng.TestNGException: 
Method public void com.saksoft.qa.apttestscripts.APT_DomainManagementTest.CreateCustomer(java.util.Map) throws java.lang.Exception requires a @DataProvider named : Finaldatareader_Domain in class com.saksoft.qa.driverlibrary.DataReader_PK
  org.testng.internal.Parameters.findDataProvider(Parameters.java:268)
  org.testng.internal.Parameters.handleParameters(Parameters.java:417)
  org.testng.internal.Invoker.handleParameters(Invoker.java:1383)
  org.testng.internal.Invoker.createParameters(Invoker.java:1075)
  org.testng.internal.Invoker.invokeTestMethods(Invoker.java:1180)
  org.testng.internal.TestMethodWorker.invokeTestMethods(TestMethodWorker.java:127)
  org.testng.internal.TestMethodWorker.run(TestMethodWorker.java:111)
  java.util.concurrent.ThreadPoolExecutor.runWorker(Unknown Source)
  java.util.concurrent.ThreadPoolExecutor$Worker.run(Unknown Source)
  java.lang.Thread.run(Unknown Source)
]]>
      </failure>

          </testcase>
            <testcase name="verifycreateorder" time="0.000" classname="com.saksoft.qa.apttestscripts.APT_DomainManagementTest">
                <failure type="org.testng.TestNGException"
                  message="
Method public void com.saksoft.qa.apttestscripts.APT_DomainManagementTest.verifycreateorder(java.util.Map) throws java.lang.InterruptedException,org.dom4j.DocumentException,java.io.IOException requires a @DataProvider named : Finaldatareader_Domain in class com.saksoft.qa.driverlibrary.DataReader_PK"
              >
<![CDATA[org.testng.TestNGException: 
Method public void com.saksoft.qa.apttestscripts.APT_DomainManagementTest.verifycreateorder(java.util.Map) throws java.lang.InterruptedException,org.dom4j.DocumentException,java.io.IOException requires a @DataProvider named : Finaldatareader_Domain in class com.saksoft.qa.driverlibrary.DataReader_PK
  org.testng.internal.Parameters.findDataProvider(Parameters.java:268)
  org.testng.internal.Parameters.handleParameters(Parameters.java:417)
  org.testng.internal.Invoker.handleParameters(Invoker.java:1383)
  org.testng.internal.Invoker.createParameters(Invoker.java:1075)
  org.testng.internal.Invoker.invokeTestMethods(Invoker.java:1180)
  org.testng.internal.TestMethodWorker.invokeTestMethods(TestMethodWorker.java:127)
  org.testng.internal.TestMethodWorker.run(TestMethodWorker.java:111)
  java.util.concurrent.ThreadPoolExecutor.runWorker(Unknown Source)
  java.util.concurrent.ThreadPoolExecutor$Worker.run(Unknown Source)
  java.lang.Thread.run(Unknown Source)
]]>
      </failure>

          </testcase>
            <testcase name="choosecustomer" time="0.000" classname="com.saksoft.qa.apttestscripts.APT_DomainManagementTest">
                <failure type="org.testng.TestNGException"
                  message="
Method public void com.saksoft.qa.apttestscripts.APT_DomainManagementTest.choosecustomer(java.util.Map) throws java.lang.InterruptedException,org.dom4j.DocumentException,java.io.IOException requires a @DataProvider named : Finaldatareader_Domain in class com.saksoft.qa.driverlibrary.DataReader_PK"
              >
<![CDATA[org.testng.TestNGException: 
Method public void com.saksoft.qa.apttestscripts.APT_DomainManagementTest.choosecustomer(java.util.Map) throws java.lang.InterruptedException,org.dom4j.DocumentException,java.io.IOException requires a @DataProvider named : Finaldatareader_Domain in class com.saksoft.qa.driverlibrary.DataReader_PK
  org.testng.internal.Parameters.findDataProvider(Parameters.java:268)
  org.testng.internal.Parameters.handleParameters(Parameters.java:417)
  org.testng.internal.Invoker.handleParameters(Invoker.java:1383)
  org.testng.internal.Invoker.createParameters(Invoker.java:1075)
  org.testng.internal.Invoker.invokeTestMethods(Invoker.java:1180)
  org.testng.internal.TestMethodWorker.invokeTestMethods(TestMethodWorker.java:127)
  org.testng.internal.TestMethodWorker.run(TestMethodWorker.java:111)
  java.util.concurrent.ThreadPoolExecutor.runWorker(Unknown Source)
  java.util.concurrent.ThreadPoolExecutor$Worker.run(Unknown Source)
  java.lang.Thread.run(Unknown Source)
]]>
      </failure>

          </testcase>
            <testcase name="verifyservicepanelInformation" time="0.000" classname="com.saksoft.qa.apttestscripts.APT_DomainManagementTest">
                <failure type="org.testng.TestNGException"
                  message="
Method public void com.saksoft.qa.apttestscripts.APT_DomainManagementTest.verifyservicepanelInformation(java.util.Map) throws java.lang.Exception requires a @DataProvider named : Finaldatareader_Domain in class com.saksoft.qa.driverlibrary.DataReader_PK"
              >
<![CDATA[org.testng.TestNGException: 
Method public void com.saksoft.qa.apttestscripts.APT_DomainManagementTest.verifyservicepanelInformation(java.util.Map) throws java.lang.Exception requires a @DataProvider named : Finaldatareader_Domain in class com.saksoft.qa.driverlibrary.DataReader_PK
  org.testng.internal.Parameters.findDataProvider(Parameters.java:268)
  org.testng.internal.Parameters.handleParameters(Parameters.java:417)
  org.testng.internal.Invoker.handleParameters(Invoker.java:1383)
  org.testng.internal.Invoker.createParameters(Invoker.java:1075)
  org.testng.internal.Invoker.invokeTestMethods(Invoker.java:1180)
  org.testng.internal.TestMethodWorker.invokeTestMethods(TestMethodWorker.java:127)
  org.testng.internal.TestMethodWorker.run(TestMethodWorker.java:111)
  java.util.concurrent.ThreadPoolExecutor.runWorker(Unknown Source)
  java.util.concurrent.ThreadPoolExecutor$Worker.run(Unknown Source)
  java.lang.Thread.run(Unknown Source)
]]>
      </failure>

          </testcase>
  
            <testcase name="setup" time="0.0" classname="com.saksoft.qa.apttestscripts.APT_DomainManagementTest">
          <skipped />
    </testcase>
            <testcase name="startReport" time="0.0" classname="com.saksoft.qa.apttestscripts.APT_DomainManagementTest">
          <skipped />
    </testcase>
            <testcase name="Teardown" time="0.0" classname="com.saksoft.qa.apttestscripts.APT_DomainManagementTest">
          <skipped />
    </testcase>
            <testcase name="endReport" time="0.0" classname="com.saksoft.qa.apttestscripts.APT_DomainManagementTest">
          <skipped />
    </testcase>
  
  
</testsuite>
