<?xml version="1.0" encoding="UTF-8"?>
<!-- Generated by org.testng.reporters.JUnitReportReporter -->
<testsuite hostname="ULVMCTMTTL104" name="com.saksoft.qa.apttestscripts.IMSN_Translator" tests="11" failures="11" timestamp="17 Jun 2020 06:10:10 GMT" time="0.000" errors="0">
  <testcase name="wildcardsearch" time="0.000" classname="com.saksoft.qa.apttestscripts.IMSN_Translator">
    <failure type="org.testng.TestNGException" message="
Method public void com.saksoft.qa.apttestscripts.IMSN_Translator.wildcardsearch(java.util.Map) throws java.lang.Exception requires a @DataProvider named : DataReader_ManageTranslation in class com.saksoft.qa.excellibrary.APT_DataReader_SS">
      <![CDATA[org.testng.TestNGException: 
Method public void com.saksoft.qa.apttestscripts.IMSN_Translator.wildcardsearch(java.util.Map) throws java.lang.Exception requires a @DataProvider named : DataReader_ManageTranslation in class com.saksoft.qa.excellibrary.APT_DataReader_SS
	at org.testng.internal.Parameters.findDataProvider(Parameters.java:268)
	at org.testng.internal.Parameters.handleParameters(Parameters.java:417)
	at org.testng.internal.Invoker.handleParameters(Invoker.java:1383)
	at org.testng.internal.Invoker.createParameters(Invoker.java:1075)
	at org.testng.internal.Invoker.invokeTestMethods(Invoker.java:1180)
	at org.testng.internal.TestMethodWorker.invokeTestMethods(TestMethodWorker.java:127)
	at org.testng.internal.TestMethodWorker.run(TestMethodWorker.java:111)
	at org.testng.TestRunner.privateRun(TestRunner.java:767)
	at org.testng.TestRunner.run(TestRunner.java:617)
	at org.testng.SuiteRunner.runTest(SuiteRunner.java:334)
	at org.testng.SuiteRunner.access$000(SuiteRunner.java:37)
	at org.testng.SuiteRunner$SuiteWorker.run(SuiteRunner.java:368)
	at org.testng.internal.thread.ThreadUtil$2.call(ThreadUtil.java:64)
	at java.util.concurrent.FutureTask.run(Unknown Source)
	at java.util.concurrent.ThreadPoolExecutor.runWorker(Unknown Source)
	at java.util.concurrent.ThreadPoolExecutor$Worker.run(Unknown Source)
	at java.lang.Thread.run(Unknown Source)
]]>
    </failure>
  </testcase> <!-- wildcardsearch -->
  <testcase name="manageColtNetwork" time="0.000" classname="com.saksoft.qa.apttestscripts.IMSN_Translator">
    <failure type="org.testng.TestNGException" message="
Method public void com.saksoft.qa.apttestscripts.IMSN_Translator.manageColtNetwork(java.util.Map) throws java.lang.Exception requires a @DataProvider named : DataReader_ManageTranslation in class com.saksoft.qa.excellibrary.APT_DataReader_SS">
      <![CDATA[org.testng.TestNGException: 
Method public void com.saksoft.qa.apttestscripts.IMSN_Translator.manageColtNetwork(java.util.Map) throws java.lang.Exception requires a @DataProvider named : DataReader_ManageTranslation in class com.saksoft.qa.excellibrary.APT_DataReader_SS
	at org.testng.internal.Parameters.findDataProvider(Parameters.java:268)
	at org.testng.internal.Parameters.handleParameters(Parameters.java:417)
	at org.testng.internal.Invoker.handleParameters(Invoker.java:1383)
	at org.testng.internal.Invoker.createParameters(Invoker.java:1075)
	at org.testng.internal.Invoker.invokeTestMethods(Invoker.java:1180)
	at org.testng.internal.TestMethodWorker.invokeTestMethods(TestMethodWorker.java:127)
	at org.testng.internal.TestMethodWorker.run(TestMethodWorker.java:111)
	at org.testng.TestRunner.privateRun(TestRunner.java:767)
	at org.testng.TestRunner.run(TestRunner.java:617)
	at org.testng.SuiteRunner.runTest(SuiteRunner.java:334)
	at org.testng.SuiteRunner.access$000(SuiteRunner.java:37)
	at org.testng.SuiteRunner$SuiteWorker.run(SuiteRunner.java:368)
	at org.testng.internal.thread.ThreadUtil$2.call(ThreadUtil.java:64)
	at java.util.concurrent.FutureTask.run(Unknown Source)
	at java.util.concurrent.ThreadPoolExecutor.runWorker(Unknown Source)
	at java.util.concurrent.ThreadPoolExecutor$Worker.run(Unknown Source)
	at java.lang.Thread.run(Unknown Source)
]]>
    </failure>
  </testcase> <!-- manageColtNetwork -->
  <testcase name="manageNumberTranslationinternal" time="0.000" classname="com.saksoft.qa.apttestscripts.IMSN_Translator">
    <failure type="org.testng.TestNGException" message="
Method public void com.saksoft.qa.apttestscripts.IMSN_Translator.manageNumberTranslationinternal(java.util.Map) throws java.lang.Exception requires a @DataProvider named : DataReader_ManageTranslation in class com.saksoft.qa.excellibrary.APT_DataReader_SS">
      <![CDATA[org.testng.TestNGException: 
Method public void com.saksoft.qa.apttestscripts.IMSN_Translator.manageNumberTranslationinternal(java.util.Map) throws java.lang.Exception requires a @DataProvider named : DataReader_ManageTranslation in class com.saksoft.qa.excellibrary.APT_DataReader_SS
	at org.testng.internal.Parameters.findDataProvider(Parameters.java:268)
	at org.testng.internal.Parameters.handleParameters(Parameters.java:417)
	at org.testng.internal.Invoker.handleParameters(Invoker.java:1383)
	at org.testng.internal.Invoker.createParameters(Invoker.java:1075)
	at org.testng.internal.Invoker.invokeTestMethods(Invoker.java:1180)
	at org.testng.internal.TestMethodWorker.invokeTestMethods(TestMethodWorker.java:127)
	at org.testng.internal.TestMethodWorker.run(TestMethodWorker.java:111)
	at org.testng.TestRunner.privateRun(TestRunner.java:767)
	at org.testng.TestRunner.run(TestRunner.java:617)
	at org.testng.SuiteRunner.runTest(SuiteRunner.java:334)
	at org.testng.SuiteRunner.access$000(SuiteRunner.java:37)
	at org.testng.SuiteRunner$SuiteWorker.run(SuiteRunner.java:368)
	at org.testng.internal.thread.ThreadUtil$2.call(ThreadUtil.java:64)
	at java.util.concurrent.FutureTask.run(Unknown Source)
	at java.util.concurrent.ThreadPoolExecutor.runWorker(Unknown Source)
	at java.util.concurrent.ThreadPoolExecutor$Worker.run(Unknown Source)
	at java.lang.Thread.run(Unknown Source)
]]>
    </failure>
  </testcase> <!-- manageNumberTranslationinternal -->
  <testcase name="verifyUploadupdatefile" time="0.000" classname="com.saksoft.qa.apttestscripts.IMSN_Translator">
    <failure type="org.testng.TestNGException" message="
Method public void com.saksoft.qa.apttestscripts.IMSN_Translator.verifyUploadupdatefile(java.util.Map) throws java.lang.Exception requires a @DataProvider named : DataReader_ManageTranslation in class com.saksoft.qa.excellibrary.APT_DataReader_SS">
      <![CDATA[org.testng.TestNGException: 
Method public void com.saksoft.qa.apttestscripts.IMSN_Translator.verifyUploadupdatefile(java.util.Map) throws java.lang.Exception requires a @DataProvider named : DataReader_ManageTranslation in class com.saksoft.qa.excellibrary.APT_DataReader_SS
	at org.testng.internal.Parameters.findDataProvider(Parameters.java:268)
	at org.testng.internal.Parameters.handleParameters(Parameters.java:417)
	at org.testng.internal.Invoker.handleParameters(Invoker.java:1383)
	at org.testng.internal.Invoker.createParameters(Invoker.java:1075)
	at org.testng.internal.Invoker.invokeTestMethods(Invoker.java:1180)
	at org.testng.internal.TestMethodWorker.invokeTestMethods(TestMethodWorker.java:127)
	at org.testng.internal.TestMethodWorker.run(TestMethodWorker.java:111)
	at org.testng.TestRunner.privateRun(TestRunner.java:767)
	at org.testng.TestRunner.run(TestRunner.java:617)
	at org.testng.SuiteRunner.runTest(SuiteRunner.java:334)
	at org.testng.SuiteRunner.access$000(SuiteRunner.java:37)
	at org.testng.SuiteRunner$SuiteWorker.run(SuiteRunner.java:368)
	at org.testng.internal.thread.ThreadUtil$2.call(ThreadUtil.java:64)
	at java.util.concurrent.FutureTask.run(Unknown Source)
	at java.util.concurrent.ThreadPoolExecutor.runWorker(Unknown Source)
	at java.util.concurrent.ThreadPoolExecutor$Worker.run(Unknown Source)
	at java.lang.Thread.run(Unknown Source)
]]>
    </failure>
  </testcase> <!-- verifyUploadupdatefile -->
  <testcase name="entervaluesinAddTranslation" time="0.000" classname="com.saksoft.qa.apttestscripts.IMSN_Translator">
    <failure type="org.testng.TestNGException" message="
Method public void com.saksoft.qa.apttestscripts.IMSN_Translator.entervaluesinAddTranslation(java.util.Map) throws java.lang.Exception requires a @DataProvider named : DataReader_ManageTranslation in class com.saksoft.qa.excellibrary.APT_DataReader_SS">
      <![CDATA[org.testng.TestNGException: 
Method public void com.saksoft.qa.apttestscripts.IMSN_Translator.entervaluesinAddTranslation(java.util.Map) throws java.lang.Exception requires a @DataProvider named : DataReader_ManageTranslation in class com.saksoft.qa.excellibrary.APT_DataReader_SS
	at org.testng.internal.Parameters.findDataProvider(Parameters.java:268)
	at org.testng.internal.Parameters.handleParameters(Parameters.java:417)
	at org.testng.internal.Invoker.handleParameters(Invoker.java:1383)
	at org.testng.internal.Invoker.createParameters(Invoker.java:1075)
	at org.testng.internal.Invoker.invokeTestMethods(Invoker.java:1180)
	at org.testng.internal.TestMethodWorker.invokeTestMethods(TestMethodWorker.java:127)
	at org.testng.internal.TestMethodWorker.run(TestMethodWorker.java:111)
	at org.testng.TestRunner.privateRun(TestRunner.java:767)
	at org.testng.TestRunner.run(TestRunner.java:617)
	at org.testng.SuiteRunner.runTest(SuiteRunner.java:334)
	at org.testng.SuiteRunner.access$000(SuiteRunner.java:37)
	at org.testng.SuiteRunner$SuiteWorker.run(SuiteRunner.java:368)
	at org.testng.internal.thread.ThreadUtil$2.call(ThreadUtil.java:64)
	at java.util.concurrent.FutureTask.run(Unknown Source)
	at java.util.concurrent.ThreadPoolExecutor.runWorker(Unknown Source)
	at java.util.concurrent.ThreadPoolExecutor$Worker.run(Unknown Source)
	at java.lang.Thread.run(Unknown Source)
]]>
    </failure>
  </testcase> <!-- entervaluesinAddTranslation -->
  <testcase name="verifyviewHistory" time="0.000" classname="com.saksoft.qa.apttestscripts.IMSN_Translator">
    <failure type="org.testng.TestNGException" message="
Method public void com.saksoft.qa.apttestscripts.IMSN_Translator.verifyviewHistory(java.util.Map) throws java.lang.Exception requires a @DataProvider named : DataReader_ManageTranslation in class com.saksoft.qa.excellibrary.APT_DataReader_SS">
      <![CDATA[org.testng.TestNGException: 
Method public void com.saksoft.qa.apttestscripts.IMSN_Translator.verifyviewHistory(java.util.Map) throws java.lang.Exception requires a @DataProvider named : DataReader_ManageTranslation in class com.saksoft.qa.excellibrary.APT_DataReader_SS
	at org.testng.internal.Parameters.findDataProvider(Parameters.java:268)
	at org.testng.internal.Parameters.handleParameters(Parameters.java:417)
	at org.testng.internal.Invoker.handleParameters(Invoker.java:1383)
	at org.testng.internal.Invoker.createParameters(Invoker.java:1075)
	at org.testng.internal.Invoker.invokeTestMethods(Invoker.java:1180)
	at org.testng.internal.TestMethodWorker.invokeTestMethods(TestMethodWorker.java:127)
	at org.testng.internal.TestMethodWorker.run(TestMethodWorker.java:111)
	at org.testng.TestRunner.privateRun(TestRunner.java:767)
	at org.testng.TestRunner.run(TestRunner.java:617)
	at org.testng.SuiteRunner.runTest(SuiteRunner.java:334)
	at org.testng.SuiteRunner.access$000(SuiteRunner.java:37)
	at org.testng.SuiteRunner$SuiteWorker.run(SuiteRunner.java:368)
	at org.testng.internal.thread.ThreadUtil$2.call(ThreadUtil.java:64)
	at java.util.concurrent.FutureTask.run(Unknown Source)
	at java.util.concurrent.ThreadPoolExecutor.runWorker(Unknown Source)
	at java.util.concurrent.ThreadPoolExecutor$Worker.run(Unknown Source)
	at java.lang.Thread.run(Unknown Source)
]]>
    </failure>
  </testcase> <!-- verifyviewHistory -->
  <testcase name="verifyviewUIHistory" time="0.000" classname="com.saksoft.qa.apttestscripts.IMSN_Translator">
    <failure type="org.testng.TestNGException" message="
Method public void com.saksoft.qa.apttestscripts.IMSN_Translator.verifyviewUIHistory(java.util.Map) throws java.lang.Exception requires a @DataProvider named : DataReader_ManageTranslation in class com.saksoft.qa.excellibrary.APT_DataReader_SS">
      <![CDATA[org.testng.TestNGException: 
Method public void com.saksoft.qa.apttestscripts.IMSN_Translator.verifyviewUIHistory(java.util.Map) throws java.lang.Exception requires a @DataProvider named : DataReader_ManageTranslation in class com.saksoft.qa.excellibrary.APT_DataReader_SS
	at org.testng.internal.Parameters.findDataProvider(Parameters.java:268)
	at org.testng.internal.Parameters.handleParameters(Parameters.java:417)
	at org.testng.internal.Invoker.handleParameters(Invoker.java:1383)
	at org.testng.internal.Invoker.createParameters(Invoker.java:1075)
	at org.testng.internal.Invoker.invokeTestMethods(Invoker.java:1180)
	at org.testng.internal.TestMethodWorker.invokeTestMethods(TestMethodWorker.java:127)
	at org.testng.internal.TestMethodWorker.run(TestMethodWorker.java:111)
	at org.testng.TestRunner.privateRun(TestRunner.java:767)
	at org.testng.TestRunner.run(TestRunner.java:617)
	at org.testng.SuiteRunner.runTest(SuiteRunner.java:334)
	at org.testng.SuiteRunner.access$000(SuiteRunner.java:37)
	at org.testng.SuiteRunner$SuiteWorker.run(SuiteRunner.java:368)
	at org.testng.internal.thread.ThreadUtil$2.call(ThreadUtil.java:64)
	at java.util.concurrent.FutureTask.run(Unknown Source)
	at java.util.concurrent.ThreadPoolExecutor.runWorker(Unknown Source)
	at java.util.concurrent.ThreadPoolExecutor$Worker.run(Unknown Source)
	at java.lang.Thread.run(Unknown Source)
]]>
    </failure>
  </testcase> <!-- verifyviewUIHistory -->
  <testcase name="verifyListofCountries" time="0.000" classname="com.saksoft.qa.apttestscripts.IMSN_Translator">
    <failure type="org.testng.TestNGException" message="
Method public void com.saksoft.qa.apttestscripts.IMSN_Translator.verifyListofCountries(java.util.Map) throws java.lang.Exception requires a @DataProvider named : DataReader_ManageTranslation in class com.saksoft.qa.excellibrary.APT_DataReader_SS">
      <![CDATA[org.testng.TestNGException: 
Method public void com.saksoft.qa.apttestscripts.IMSN_Translator.verifyListofCountries(java.util.Map) throws java.lang.Exception requires a @DataProvider named : DataReader_ManageTranslation in class com.saksoft.qa.excellibrary.APT_DataReader_SS
	at org.testng.internal.Parameters.findDataProvider(Parameters.java:268)
	at org.testng.internal.Parameters.handleParameters(Parameters.java:417)
	at org.testng.internal.Invoker.handleParameters(Invoker.java:1383)
	at org.testng.internal.Invoker.createParameters(Invoker.java:1075)
	at org.testng.internal.Invoker.invokeTestMethods(Invoker.java:1180)
	at org.testng.internal.TestMethodWorker.invokeTestMethods(TestMethodWorker.java:127)
	at org.testng.internal.TestMethodWorker.run(TestMethodWorker.java:111)
	at org.testng.TestRunner.privateRun(TestRunner.java:767)
	at org.testng.TestRunner.run(TestRunner.java:617)
	at org.testng.SuiteRunner.runTest(SuiteRunner.java:334)
	at org.testng.SuiteRunner.access$000(SuiteRunner.java:37)
	at org.testng.SuiteRunner$SuiteWorker.run(SuiteRunner.java:368)
	at org.testng.internal.thread.ThreadUtil$2.call(ThreadUtil.java:64)
	at java.util.concurrent.FutureTask.run(Unknown Source)
	at java.util.concurrent.ThreadPoolExecutor.runWorker(Unknown Source)
	at java.util.concurrent.ThreadPoolExecutor$Worker.run(Unknown Source)
	at java.lang.Thread.run(Unknown Source)
]]>
    </failure>
  </testcase> <!-- verifyListofCountries -->
  <testcase name="verifydownlaodTranslationlink" time="0.000" classname="com.saksoft.qa.apttestscripts.IMSN_Translator">
    <failure type="org.testng.TestNGException" message="
Method public void com.saksoft.qa.apttestscripts.IMSN_Translator.verifydownlaodTranslationlink(java.util.Map) throws java.lang.Exception requires a @DataProvider named : DataReader_ManageTranslation in class com.saksoft.qa.excellibrary.APT_DataReader_SS">
      <![CDATA[org.testng.TestNGException: 
Method public void com.saksoft.qa.apttestscripts.IMSN_Translator.verifydownlaodTranslationlink(java.util.Map) throws java.lang.Exception requires a @DataProvider named : DataReader_ManageTranslation in class com.saksoft.qa.excellibrary.APT_DataReader_SS
	at org.testng.internal.Parameters.findDataProvider(Parameters.java:268)
	at org.testng.internal.Parameters.handleParameters(Parameters.java:417)
	at org.testng.internal.Invoker.handleParameters(Invoker.java:1383)
	at org.testng.internal.Invoker.createParameters(Invoker.java:1075)
	at org.testng.internal.Invoker.invokeTestMethods(Invoker.java:1180)
	at org.testng.internal.TestMethodWorker.invokeTestMethods(TestMethodWorker.java:127)
	at org.testng.internal.TestMethodWorker.run(TestMethodWorker.java:111)
	at org.testng.TestRunner.privateRun(TestRunner.java:767)
	at org.testng.TestRunner.run(TestRunner.java:617)
	at org.testng.SuiteRunner.runTest(SuiteRunner.java:334)
	at org.testng.SuiteRunner.access$000(SuiteRunner.java:37)
	at org.testng.SuiteRunner$SuiteWorker.run(SuiteRunner.java:368)
	at org.testng.internal.thread.ThreadUtil$2.call(ThreadUtil.java:64)
	at java.util.concurrent.FutureTask.run(Unknown Source)
	at java.util.concurrent.ThreadPoolExecutor.runWorker(Unknown Source)
	at java.util.concurrent.ThreadPoolExecutor$Worker.run(Unknown Source)
	at java.lang.Thread.run(Unknown Source)
]]>
    </failure>
  </testcase> <!-- verifydownlaodTranslationlink -->
  <testcase name="verifyAddTranslationfields" time="0.000" classname="com.saksoft.qa.apttestscripts.IMSN_Translator">
    <failure type="org.testng.TestNGException" message="
Method public void com.saksoft.qa.apttestscripts.IMSN_Translator.verifyAddTranslationfields(java.util.Map) throws java.lang.Exception requires a @DataProvider named : DataReader_ManageTranslation in class com.saksoft.qa.excellibrary.APT_DataReader_SS">
      <![CDATA[org.testng.TestNGException: 
Method public void com.saksoft.qa.apttestscripts.IMSN_Translator.verifyAddTranslationfields(java.util.Map) throws java.lang.Exception requires a @DataProvider named : DataReader_ManageTranslation in class com.saksoft.qa.excellibrary.APT_DataReader_SS
	at org.testng.internal.Parameters.findDataProvider(Parameters.java:268)
	at org.testng.internal.Parameters.handleParameters(Parameters.java:417)
	at org.testng.internal.Invoker.handleParameters(Invoker.java:1383)
	at org.testng.internal.Invoker.createParameters(Invoker.java:1075)
	at org.testng.internal.Invoker.invokeTestMethods(Invoker.java:1180)
	at org.testng.internal.TestMethodWorker.invokeTestMethods(TestMethodWorker.java:127)
	at org.testng.internal.TestMethodWorker.run(TestMethodWorker.java:111)
	at org.testng.TestRunner.privateRun(TestRunner.java:767)
	at org.testng.TestRunner.run(TestRunner.java:617)
	at org.testng.SuiteRunner.runTest(SuiteRunner.java:334)
	at org.testng.SuiteRunner.access$000(SuiteRunner.java:37)
	at org.testng.SuiteRunner$SuiteWorker.run(SuiteRunner.java:368)
	at org.testng.internal.thread.ThreadUtil$2.call(ThreadUtil.java:64)
	at java.util.concurrent.FutureTask.run(Unknown Source)
	at java.util.concurrent.ThreadPoolExecutor.runWorker(Unknown Source)
	at java.util.concurrent.ThreadPoolExecutor$Worker.run(Unknown Source)
	at java.lang.Thread.run(Unknown Source)
]]>
    </failure>
  </testcase> <!-- verifyAddTranslationfields -->
  <testcase name="Addnumbertranslationfunction" time="0.000" classname="com.saksoft.qa.apttestscripts.IMSN_Translator">
    <failure type="org.testng.TestNGException" message="
Method public void com.saksoft.qa.apttestscripts.IMSN_Translator.Addnumbertranslationfunction(java.util.Map) throws java.lang.Exception requires a @DataProvider named : DataReader_ManageTranslation in class com.saksoft.qa.excellibrary.APT_DataReader_SS">
      <![CDATA[org.testng.TestNGException: 
Method public void com.saksoft.qa.apttestscripts.IMSN_Translator.Addnumbertranslationfunction(java.util.Map) throws java.lang.Exception requires a @DataProvider named : DataReader_ManageTranslation in class com.saksoft.qa.excellibrary.APT_DataReader_SS
	at org.testng.internal.Parameters.findDataProvider(Parameters.java:268)
	at org.testng.internal.Parameters.handleParameters(Parameters.java:417)
	at org.testng.internal.Invoker.handleParameters(Invoker.java:1383)
	at org.testng.internal.Invoker.createParameters(Invoker.java:1075)
	at org.testng.internal.Invoker.invokeTestMethods(Invoker.java:1180)
	at org.testng.internal.TestMethodWorker.invokeTestMethods(TestMethodWorker.java:127)
	at org.testng.internal.TestMethodWorker.run(TestMethodWorker.java:111)
	at org.testng.TestRunner.privateRun(TestRunner.java:767)
	at org.testng.TestRunner.run(TestRunner.java:617)
	at org.testng.SuiteRunner.runTest(SuiteRunner.java:334)
	at org.testng.SuiteRunner.access$000(SuiteRunner.java:37)
	at org.testng.SuiteRunner$SuiteWorker.run(SuiteRunner.java:368)
	at org.testng.internal.thread.ThreadUtil$2.call(ThreadUtil.java:64)
	at java.util.concurrent.FutureTask.run(Unknown Source)
	at java.util.concurrent.ThreadPoolExecutor.runWorker(Unknown Source)
	at java.util.concurrent.ThreadPoolExecutor$Worker.run(Unknown Source)
	at java.lang.Thread.run(Unknown Source)
]]>
    </failure>
  </testcase> <!-- Addnumbertranslationfunction -->
</testsuite> <!-- com.saksoft.qa.apttestscripts.IMSN_Translator -->
