<?xml version="1.0" encoding="UTF-8"?>
<!-- Generated by org.testng.reporters.JUnitXMLReporter -->
<testsuite hostname="NAVMCTMTTL108" name="APT_MCS" tests="14" failures="5" timestamp="24 Aug 2020 20:16:44 GMT" time="8769.436" errors="0">
  <testcase name="createAccessCoreDevice_AccesRouter" time="979.37" classname="com.colt.qa.apttestscripts.APT_MCS_CreateAccessCoreDevice_AccessRouter"/>
  <testcase name="createAccessCoreDevice_AccessSwitch" time="939.861" classname="com.colt.qa.apttestscripts.APT_MCS_CreateAccessCoreDevice_AccessSwitch"/>
  <testcase name="verifynavigationtocreatedevicepage" time="982.529" classname="com.colt.qa.apttestscripts.APT_MCS_CreateAccessCoreDevice_CoreRouter"/>
  <testcase name="createAccessCoreDevice_DCNdevice" time="779.186" classname="com.colt.qa.apttestscripts.APT_MCS_CreateAccessCoreDevice_DCNDevice"/>
  <testcase name="CreateAccessCoreDevice_DSLAM" time="705.251" classname="com.colt.qa.apttestscripts.APT_MCS_CreateAccessCoreDevice_DSLAM"/>
  <testcase name="createAccessCoreDevice_Firewall" time="794.007" classname="com.colt.qa.apttestscripts.APT_MCS_CreateAccessCoreDevice_Firewall"/>
  <testcase name="CreateAccessCoreDevice_keyServer" time="548.115" classname="com.colt.qa.apttestscripts.APT_MCS_CreateAccessCoreDevice_Keyserver">
    <failure type="org.openqa.selenium.WebDriverException" message="unknown error: Element &amp;lt;button aria-haspopup=&amp;quot;true&amp;quot; aria-expanded=&amp;quot;false&amp;quot; id=&amp;quot;dropdown-basic-button&amp;quot; type=&amp;quot;button&amp;quot; class=&amp;quot;dropdown-toggle btn btn-info&amp;quot;&amp;gt;...&amp;lt;/button&amp;gt; is not clickable at point (1190, 11). Other element would receive the click: &amp;lt;div class=&amp;quot;app-header__content&amp;quot;&amp;gt;...&amp;lt;/div&amp;gt;
  (Session info: chrome=84.0.4147.135)
  (Driver info: chromedriver=2.40.565498 (ea082db3280dd6843ebfb08a625e3eb905c4f5ab),platform=Windows NT 10.0.14393 x86_64) (WARNING: The server did not provide any stacktrace information)
Command duration or timeout: 42 milliseconds
Build info: version: &amp;apos;3.4.0&amp;apos;, revision: &amp;apos;unknown&amp;apos;, time: &amp;apos;unknown&amp;apos;
System info: host: &amp;apos;NAVMCTMTTL108&amp;apos;, ip: &amp;apos;10.99.7.43&amp;apos;, os.name: &amp;apos;Windows Server 2016&amp;apos;, os.arch: &amp;apos;amd64&amp;apos;, os.version: &amp;apos;10.0&amp;apos;, java.version: &amp;apos;1.8.0_221&amp;apos;
Driver info: org.openqa.selenium.chrome.ChromeDriver
Capabilities [{applicationCacheEnabled=false, rotatable=false, mobileEmulationEnabled=false, networkConnectionEnabled=false, chrome={chromedriverVersion=2.40.565498 (ea082db3280dd6843ebfb08a625e3eb905c4f5ab), userDataDir=C:\Users\SKATHI~1\AppData\Local\Temp\30\scoped_dir313152_20559}, takesHeapSnapshot=true, pageLoadStrategy=none, databaseEnabled=false, handlesAlerts=true, hasTouchScreen=false, version=84.0.4147.135, platform=XP, browserConnectionEnabled=false, nativeEvents=true, acceptSslCerts=false, acceptInsecureCerts=false, locationContextEnabled=true, webStorageEnabled=true, browserName=chrome, takesScreenshot=true, javascriptEnabled=true, cssSelectorsEnabled=true, setWindowRect=true, unexpectedAlertBehaviour=}]
Session ID: 805232d56f3f884417c8c627c4b1608d">
      <![CDATA[org.openqa.selenium.WebDriverException: unknown error: Element <button aria-haspopup="true" aria-expanded="false" id="dropdown-basic-button" type="button" class="dropdown-toggle btn btn-info">...</button> is not clickable at point (1190, 11). Other element would receive the click: <div class="app-header__content">...</div>
  (Session info: chrome=84.0.4147.135)
  (Driver info: chromedriver=2.40.565498 (ea082db3280dd6843ebfb08a625e3eb905c4f5ab),platform=Windows NT 10.0.14393 x86_64) (WARNING: The server did not provide any stacktrace information)
Command duration or timeout: 42 milliseconds
Build info: version: '3.4.0', revision: 'unknown', time: 'unknown'
System info: host: 'NAVMCTMTTL108', ip: '10.99.7.43', os.name: 'Windows Server 2016', os.arch: 'amd64', os.version: '10.0', java.version: '1.8.0_221'
Driver info: org.openqa.selenium.chrome.ChromeDriver
Capabilities [{applicationCacheEnabled=false, rotatable=false, mobileEmulationEnabled=false, networkConnectionEnabled=false, chrome={chromedriverVersion=2.40.565498 (ea082db3280dd6843ebfb08a625e3eb905c4f5ab), userDataDir=C:\Users\SKATHI~1\AppData\Local\Temp\30\scoped_dir313152_20559}, takesHeapSnapshot=true, pageLoadStrategy=none, databaseEnabled=false, handlesAlerts=true, hasTouchScreen=false, version=84.0.4147.135, platform=XP, browserConnectionEnabled=false, nativeEvents=true, acceptSslCerts=false, acceptInsecureCerts=false, locationContextEnabled=true, webStorageEnabled=true, browserName=chrome, takesScreenshot=true, javascriptEnabled=true, cssSelectorsEnabled=true, setWindowRect=true, unexpectedAlertBehaviour=}]
Session ID: 805232d56f3f884417c8c627c4b1608d
	at org.openqa.selenium.remote.ErrorHandler.createThrowable(ErrorHandler.java:215)
	at org.openqa.selenium.remote.ErrorHandler.throwIfResponseFailed(ErrorHandler.java:167)
	at org.openqa.selenium.remote.RemoteWebDriver.execute(RemoteWebDriver.java:671)
	at org.openqa.selenium.remote.RemoteWebElement.execute(RemoteWebElement.java:272)
	at org.openqa.selenium.remote.RemoteWebElement.click(RemoteWebElement.java:82)
	at com.colt.qa.scripthelpers.APT_MCS_CreateKeyserverDeviceHelper.verifydeviceDelete_AccessRouter(APT_MCS_CreateKeyserverDeviceHelper.java:1071)
	at com.colt.qa.apttestscripts.APT_MCS_CreateAccessCoreDevice_Keyserver.CreateAccessCoreDevice_keyServer(APT_MCS_CreateAccessCoreDevice_Keyserver.java:119)
... Removed 28 stack frames]]>
    </failure>
  </testcase> <!-- CreateAccessCoreDevice_keyServer -->
  <testcase name="verifyCreateAccessCoreDevice_LoadBalancer" time="127.577" classname="com.colt.qa.apttestscripts.APT_MCS_CreateAccessCoreDevice_LoadBalancer">
    <failure type="org.openqa.selenium.TimeoutException" message="Expected condition failed: waiting for com.colt.qa.driverlibrary.DriverHelper$3@41558115 (tried for 60 second(s) with 15 SECONDS interval)">
      <![CDATA[org.openqa.selenium.TimeoutException: Expected condition failed: waiting for com.colt.qa.driverlibrary.DriverHelper$3@41558115 (tried for 60 second(s) with 15 SECONDS interval)
	at org.openqa.selenium.support.ui.FluentWait.timeoutException(FluentWait.java:264)
	at org.openqa.selenium.support.ui.FluentWait.until(FluentWait.java:232)
	at com.colt.qa.driverlibrary.DriverHelper.getwebelement(DriverHelper.java:327)
	at com.colt.qa.scripthelpers.APT_MCS_CreateLoadBalancerDeviceHelper.verifydevicecreation_AccessRouter(APT_MCS_CreateLoadBalancerDeviceHelper.java:132)
	at com.colt.qa.apttestscripts.APT_MCS_CreateAccessCoreDevice_LoadBalancer.verifyCreateAccessCoreDevice_LoadBalancer(APT_MCS_CreateAccessCoreDevice_LoadBalancer.java:34)
Caused by: org.openqa.selenium.NoSuchElementException: no such element: Unable to locate element: {"method":"xpath","selector":"//span[contains(text(),'OK')]"}
  (Session info: chrome=84.0.4147.135)
  (Driver info: chromedriver=2.40.565498 (ea082db3280dd6843ebfb08a625e3eb905c4f5ab),platform=Windows NT 10.0.14393 x86_64) (WARNING: The server did not provide any stacktrace information)
Command duration or timeout: 2.06 seconds
For documentation on this error, please visit: http://seleniumhq.org/exceptions/no_such_element.html
Build info: version: '3.4.0', revision: 'unknown', time: 'unknown'
System info: host: 'NAVMCTMTTL108', ip: '10.99.7.43', os.name: 'Windows Server 2016', os.arch: 'amd64', os.version: '10.0', java.version: '1.8.0_221'
Driver info: org.openqa.selenium.chrome.ChromeDriver
Capabilities [{applicationCacheEnabled=false, rotatable=false, mobileEmulationEnabled=false, networkConnectionEnabled=false, chrome={chromedriverVersion=2.40.565498 (ea082db3280dd6843ebfb08a625e3eb905c4f5ab), userDataDir=C:\Users\SKATHI~1\AppData\Local\Temp\30\scoped_dir311280_6250}, takesHeapSnapshot=true, pageLoadStrategy=none, databaseEnabled=false, handlesAlerts=true, hasTouchScreen=false, version=84.0.4147.135, platform=XP, browserConnectionEnabled=false, nativeEvents=true, acceptSslCerts=false, acceptInsecureCerts=false, locationContextEnabled=true, webStorageEnabled=true, browserName=chrome, takesScreenshot=true, javascriptEnabled=true, cssSelectorsEnabled=true, setWindowRect=true, unexpectedAlertBehaviour=}]
Session ID: 856133ddaf672cc47a4ac92da74b2d3a
*** Element info: {Using=xpath, value=//span[contains(text(),'OK')]}
	at org.openqa.selenium.remote.ErrorHandler.createThrowable(ErrorHandler.java:215)
	at org.openqa.selenium.remote.ErrorHandler.throwIfResponseFailed(ErrorHandler.java:167)
	at org.openqa.selenium.remote.RemoteWebDriver.execute(RemoteWebDriver.java:671)
	at org.openqa.selenium.remote.RemoteWebDriver.findElement(RemoteWebDriver.java:410)
	at org.openqa.selenium.remote.RemoteWebDriver.findElementByXPath(RemoteWebDriver.java:509)
	at org.openqa.selenium.By$ByXPath.findElement(By.java:361)
	at org.openqa.selenium.remote.RemoteWebDriver.findElement(RemoteWebDriver.java:402)
	at com.colt.qa.driverlibrary.DriverHelper$3.apply(DriverHelper.java:329)
	at com.colt.qa.driverlibrary.DriverHelper$3.apply(DriverHelper.java:1)
	at org.openqa.selenium.support.ui.FluentWait.until(FluentWait.java:209)
	... 27 more
... Removed 27 stack frames]]>
    </failure>
  </testcase> <!-- verifyCreateAccessCoreDevice_LoadBalancer -->
  <testcase name="verifyCreateAccessCoreDevice_MDFfirewall" time="562.397" classname="com.colt.qa.apttestscripts.APT_MCS_CreateAccessCoreDevice_MDFFirewall"/>
  <testcase name="createAccessCoreDevice_MiniDSLAM" time="678.781" classname="com.colt.qa.apttestscripts.APT_MCS_CreateAccessCoreDevice_MiniDSLAM">
    <failure type="org.openqa.selenium.TimeoutException" message="Expected condition failed: waiting for com.colt.qa.driverlibrary.DriverHelper$3@4f464d4f (tried for 60 second(s) with 15 SECONDS interval)">
      <![CDATA[org.openqa.selenium.TimeoutException: Expected condition failed: waiting for com.colt.qa.driverlibrary.DriverHelper$3@4f464d4f (tried for 60 second(s) with 15 SECONDS interval)
	at org.openqa.selenium.support.ui.FluentWait.timeoutException(FluentWait.java:264)
	at org.openqa.selenium.support.ui.FluentWait.until(FluentWait.java:232)
	at com.colt.qa.driverlibrary.DriverHelper.getwebelement(DriverHelper.java:327)
	at com.colt.qa.scripthelpers.APT_MCS_CreateMiniDSLAMDeviceHelper.verifydeviceEdit_AccessRouter(APT_MCS_CreateMiniDSLAMDeviceHelper.java:757)
	at com.colt.qa.apttestscripts.APT_MCS_CreateAccessCoreDevice_MiniDSLAM.createAccessCoreDevice_MiniDSLAM(APT_MCS_CreateAccessCoreDevice_MiniDSLAM.java:61)
Caused by: org.openqa.selenium.NoSuchElementException: no such element: Unable to locate element: {"method":"xpath","selector":"//div[text()='Device']/following-sibling::div//button[text()='Action']"}
  (Session info: chrome=84.0.4147.135)
  (Driver info: chromedriver=2.40.565498 (ea082db3280dd6843ebfb08a625e3eb905c4f5ab),platform=Windows NT 10.0.14393 x86_64) (WARNING: The server did not provide any stacktrace information)
Command duration or timeout: 2.03 seconds
For documentation on this error, please visit: http://seleniumhq.org/exceptions/no_such_element.html
Build info: version: '3.4.0', revision: 'unknown', time: 'unknown'
System info: host: 'NAVMCTMTTL108', ip: '10.99.7.43', os.name: 'Windows Server 2016', os.arch: 'amd64', os.version: '10.0', java.version: '1.8.0_221'
Driver info: org.openqa.selenium.chrome.ChromeDriver
Capabilities [{applicationCacheEnabled=false, rotatable=false, mobileEmulationEnabled=false, networkConnectionEnabled=false, chrome={chromedriverVersion=2.40.565498 (ea082db3280dd6843ebfb08a625e3eb905c4f5ab), userDataDir=C:\Users\SKATHI~1\AppData\Local\Temp\30\scoped_dir337728_31445}, takesHeapSnapshot=true, pageLoadStrategy=none, databaseEnabled=false, handlesAlerts=true, hasTouchScreen=false, version=84.0.4147.135, platform=XP, browserConnectionEnabled=false, nativeEvents=true, acceptSslCerts=false, acceptInsecureCerts=false, locationContextEnabled=true, webStorageEnabled=true, browserName=chrome, takesScreenshot=true, javascriptEnabled=true, cssSelectorsEnabled=true, setWindowRect=true, unexpectedAlertBehaviour=}]
Session ID: 316c8acccd52cd32eecc61d0f0f72dd3
*** Element info: {Using=xpath, value=//div[text()='Device']/following-sibling::div//button[text()='Action']}
	at org.openqa.selenium.remote.ErrorHandler.createThrowable(ErrorHandler.java:215)
	at org.openqa.selenium.remote.ErrorHandler.throwIfResponseFailed(ErrorHandler.java:167)
	at org.openqa.selenium.remote.RemoteWebDriver.execute(RemoteWebDriver.java:671)
	at org.openqa.selenium.remote.RemoteWebDriver.findElement(RemoteWebDriver.java:410)
	at org.openqa.selenium.remote.RemoteWebDriver.findElementByXPath(RemoteWebDriver.java:509)
	at org.openqa.selenium.By$ByXPath.findElement(By.java:361)
	at org.openqa.selenium.remote.RemoteWebDriver.findElement(RemoteWebDriver.java:402)
	at com.colt.qa.driverlibrary.DriverHelper$3.apply(DriverHelper.java:329)
	at com.colt.qa.driverlibrary.DriverHelper$3.apply(DriverHelper.java:1)
	at org.openqa.selenium.support.ui.FluentWait.until(FluentWait.java:209)
	... 27 more
... Removed 27 stack frames]]>
    </failure>
  </testcase> <!-- createAccessCoreDevice_MiniDSLAM -->
  <testcase name="createAccessCoreDevice_Prizmnet" time="594.67" classname="com.colt.qa.apttestscripts.APT_MCS_CreateAccessCoreDevice_Prizmnet"/>
  <testcase name="createAccessCoreDevice_TrafficAggregator" time="739.009" classname="com.colt.qa.apttestscripts.APT_MCS_CreateAccessCoreDevice_TrafficAggregator"/>
  <testcase name="createAccessCoreDevice_VoiceGateway" time="126.962" classname="com.colt.qa.apttestscripts.APT_MCS_CreateAccessCoreDevice_VoiceGateway">
    <failure type="org.openqa.selenium.TimeoutException" message="Expected condition failed: waiting for com.colt.qa.driverlibrary.DriverHelper$3@3a6f4b29 (tried for 60 second(s) with 15 SECONDS interval)">
      <![CDATA[org.openqa.selenium.TimeoutException: Expected condition failed: waiting for com.colt.qa.driverlibrary.DriverHelper$3@3a6f4b29 (tried for 60 second(s) with 15 SECONDS interval)
	at org.openqa.selenium.support.ui.FluentWait.timeoutException(FluentWait.java:264)
	at org.openqa.selenium.support.ui.FluentWait.until(FluentWait.java:232)
	at com.colt.qa.driverlibrary.DriverHelper.getwebelement(DriverHelper.java:327)
	at com.colt.qa.scripthelpers.APT_MCS_CreateVoiceGatewayDeviceHelper.verifydevicecreation_AccessRouter(APT_MCS_CreateVoiceGatewayDeviceHelper.java:132)
	at com.colt.qa.apttestscripts.APT_MCS_CreateAccessCoreDevice_VoiceGateway.createAccessCoreDevice_VoiceGateway(APT_MCS_CreateAccessCoreDevice_VoiceGateway.java:34)
Caused by: org.openqa.selenium.NoSuchElementException: no such element: Unable to locate element: {"method":"xpath","selector":"//span[contains(text(),'OK')]"}
  (Session info: chrome=84.0.4147.135)
  (Driver info: chromedriver=2.40.565498 (ea082db3280dd6843ebfb08a625e3eb905c4f5ab),platform=Windows NT 10.0.14393 x86_64) (WARNING: The server did not provide any stacktrace information)
Command duration or timeout: 2.02 seconds
For documentation on this error, please visit: http://seleniumhq.org/exceptions/no_such_element.html
Build info: version: '3.4.0', revision: 'unknown', time: 'unknown'
System info: host: 'NAVMCTMTTL108', ip: '10.99.7.43', os.name: 'Windows Server 2016', os.arch: 'amd64', os.version: '10.0', java.version: '1.8.0_221'
Driver info: org.openqa.selenium.chrome.ChromeDriver
Capabilities [{applicationCacheEnabled=false, rotatable=false, mobileEmulationEnabled=false, networkConnectionEnabled=false, chrome={chromedriverVersion=2.40.565498 (ea082db3280dd6843ebfb08a625e3eb905c4f5ab), userDataDir=C:\Users\SKATHI~1\AppData\Local\Temp\30\scoped_dir377444_17332}, takesHeapSnapshot=true, pageLoadStrategy=none, databaseEnabled=false, handlesAlerts=true, hasTouchScreen=false, version=84.0.4147.135, platform=XP, browserConnectionEnabled=false, nativeEvents=true, acceptSslCerts=false, acceptInsecureCerts=false, locationContextEnabled=true, webStorageEnabled=true, browserName=chrome, takesScreenshot=true, javascriptEnabled=true, cssSelectorsEnabled=true, setWindowRect=true, unexpectedAlertBehaviour=}]
Session ID: 1bf398490e7df3892978e6eb7abe8c2f
*** Element info: {Using=xpath, value=//span[contains(text(),'OK')]}
	at org.openqa.selenium.remote.ErrorHandler.createThrowable(ErrorHandler.java:215)
	at org.openqa.selenium.remote.ErrorHandler.throwIfResponseFailed(ErrorHandler.java:167)
	at org.openqa.selenium.remote.RemoteWebDriver.execute(RemoteWebDriver.java:671)
	at org.openqa.selenium.remote.RemoteWebDriver.findElement(RemoteWebDriver.java:410)
	at org.openqa.selenium.remote.RemoteWebDriver.findElementByXPath(RemoteWebDriver.java:509)
	at org.openqa.selenium.By$ByXPath.findElement(By.java:361)
	at org.openqa.selenium.remote.RemoteWebDriver.findElement(RemoteWebDriver.java:402)
	at com.colt.qa.driverlibrary.DriverHelper$3.apply(DriverHelper.java:329)
	at com.colt.qa.driverlibrary.DriverHelper$3.apply(DriverHelper.java:1)
	at org.openqa.selenium.support.ui.FluentWait.until(FluentWait.java:209)
	... 27 more
... Removed 27 stack frames]]>
    </failure>
  </testcase> <!-- createAccessCoreDevice_VoiceGateway -->
  <testcase name="createAccessCoreDevice_VOIPAccessDASSwitch" time="205.449" classname="com.colt.qa.apttestscripts.APT_MCS_CreateAccessCoreDevice_VOIPAccessDASSwitch">
    <failure type="java.lang.AssertionError" message="expected [Device created successfully] but found [Error while creating device, Reason is- java.sql.SQLException: ORA-02291: integrity constraint (TESTPTL_UK.FK_DA_DTA) violated - parent key not found .]">
      <![CDATA[java.lang.AssertionError: expected [Device created successfully] but found [Error while creating device, Reason is- java.sql.SQLException: ORA-02291: integrity constraint (TESTPTL_UK.FK_DA_DTA) violated - parent key not found .]
	at com.colt.qa.scripthelpers.APT_MCS_CreateVOIPAccessDASSwitchDeviceHelper.verifyDeviceCreationMessage(APT_MCS_CreateVOIPAccessDASSwitchDeviceHelper.java:359)
	at com.colt.qa.apttestscripts.APT_MCS_CreateAccessCoreDevice_VOIPAccessDASSwitch.createAccessCoreDevice_VOIPAccessDASSwitch(APT_MCS_CreateAccessCoreDevice_VOIPAccessDASSwitch.java:45)
... Removed 29 stack frames]]>
    </failure>
  </testcase> <!-- createAccessCoreDevice_VOIPAccessDASSwitch -->
</testsuite> <!-- APT_MCS -->
