<html>
<head>
<title>TestNG:  APT_MCS</title>
<link href="../testng.css" rel="stylesheet" type="text/css" />
<link href="../my-testng.css" rel="stylesheet" type="text/css" />

<style type="text/css">
.log { display: none;} 
.stack-trace { display: none;} 
</style>
<script type="text/javascript">
<!--
function flip(e) {
  current = e.style.display;
  if (current == 'block') {
    e.style.display = 'none';
    return 0;
  }
  else {
    e.style.display = 'block';
    return 1;
  }
}

function toggleBox(szDivId, elem, msg1, msg2)
{
  var res = -1;  if (document.getElementById) {
    res = flip(document.getElementById(szDivId));
  }
  else if (document.all) {
    // this is the way old msie versions work
    res = flip(document.all[szDivId]);
  }
  if(elem) {
    if(res == 0) elem.innerHTML = msg1; else elem.innerHTML = msg2;
  }

}

function toggleAllBoxes() {
  if (document.getElementsByTagName) {
    d = document.getElementsByTagName('div');
    for (i = 0; i < d.length; i++) {
      if (d[i].className == 'log') {
        flip(d[i]);
      }
    }
  }
}

// -->
</script>

</head>
<body>
<h2 align='center'>APT_MCS</h2><table border='1' align="center">
<tr>
<td>Tests passed/Failed/Skipped:</td><td>9/5/0</td>
</tr><tr>
<td>Started on:</td><td>Mon Aug 24 23:20:35 IST 2020</td>
</tr>
<tr><td>Total time:</td><td>8769 seconds (8769436 ms)</td>
</tr><tr>
<td>Included groups:</td><td></td>
</tr><tr>
<td>Excluded groups:</td><td></td>
</tr>
</table><p/>
<small><i>(Hover the method name to see the test class name)</i></small><p/>
<table width='100%' border='1' class='invocation-failed'>
<tr><td colspan='4' align='center'><b>FAILED TESTS</b></td></tr>
<tr><td><b>Test method</b></td>
<td width="30%"><b>Exception</b></td>
<td width="10%"><b>Time (seconds)</b></td>
<td><b>Instance</b></td>
</tr>
<tr>
<td title='com.colt.qa.apttestscripts.APT_MCS_CreateAccessCoreDevice_Keyserver.CreateAccessCoreDevice_keyServer()'><b>CreateAccessCoreDevice_keyServer</b><br>Test class: com.colt.qa.apttestscripts.APT_MCS_CreateAccessCoreDevice_Keyserver<br>Test method: TC-01<br>Parameters: {Snmpv3UsernameNewValue=Null, editSnmprwNewValue=TestSnmprwNew, editExistingPremise=Null, editSnmpv3AuthpasswordNewValue=TestV3AuthPwd, NewCityCode=KA16, ExistingCityValue=Injune, editNewPremise=Null, InServiceStatus=In Service, Name=Ke_De_06, editSnmProNewValue=TestSnmproNew, editExistingSite=Null, NewSiteName=Kye, SnmprwNewValue=null, NewCityName=Bengaluru, editNewSite=Null, NewCity=No, Existing SiteValue=43fgfdgsdfgf, editTelnet=Null, DeviceType=Key Server, editExistingSiteValue=Null, editdeviceName=KE_DE_Edit_06, editNewSiteName=Null, NewPremise=yes, Country=AU (Australia), editSnmpv3PrivpasswordNewValue=TestV3PrivPwd, NewPremiseCode=87, editVendorModel=null, editModularMSP=Yes, vrf_Ipv6=10.83.99.1, Snmpv3AuthpasswordNewValue=Null, editExistingCity=Null, ExistingPremise=NO, vrf_Ipv4=10.83.99.1, editNewPremiseName=Null, Snmp2C=No, command_ipv4=ping, editNewCityCode=Null, command_ipv6=ping vrf :1 ipv6, editExistingCityValue=Null, Snmp3=Yes, SnmProNewValue=null, editSnmp3=no, editExistingPremiseValue=Null, editNewSiteCode=Null, NewSite=No, NewPremiseName=Pou3, VendorModel=Cisco ISR4351-SEC/K9, Snmpv3PrivpasswordNewValue=Null, Telnet=Yes, editFullIQNET=yes, ExistingCity=Yes, InMaintenanceStatus=In Maintenance, Existing PremiseValue=PremiseTest1, editNewPremiseCode=Null, ExistingSite=Yes, Full IQNET=No, editManagementAddress=Null, RouterID=TestRuterID6, SSH=No, editSSH=Null, editNewCityName=Null, Run=Yes, url=APT_NonVoiceService, editSnmpv3UsernameNewValue=TestV3Username, editNewCity=Null, editRouterID=TestRouterID_edited, Management Address=Null, Modular MSP=No, editCountry=Null, NewSiteCode=81, editSnmp2C=no}</td>
<td><div><pre>org.openqa.selenium.WebDriverException: unknown error: Element &lt;button aria-haspopup=&quot;true&quot; aria-expanded=&quot;false&quot; id=&quot;dropdown-basic-button&quot; type=&quot;button&quot; class=&quot;dropdown-toggle btn btn-info&quot;&gt;...&lt;/button&gt; is not clickable at point (1190, 11). Other element would receive the click: &lt;div class=&quot;app-header__content&quot;&gt;...&lt;/div&gt;
  (Session info: chrome=84.0.4147.135)
  (Driver info: chromedriver=2.40.565498 (ea082db3280dd6843ebfb08a625e3eb905c4f5ab),platform=Windows NT 10.0.14393 x86_64) (WARNING: The server did not provide any stacktrace information)
Command duration or timeout: 42 milliseconds
Build info: version: &apos;3.4.0&apos;, revision: &apos;unknown&apos;, time: &apos;unknown&apos;
System info: host: &apos;NAVMCTMTTL108&apos;, ip: &apos;10.99.7.43&apos;, os.name: &apos;Windows Server 2016&apos;, os.arch: &apos;amd64&apos;, os.version: &apos;10.0&apos;, java.version: &apos;1.8.0_221&apos;
Driver info: org.openqa.selenium.chrome.ChromeDriver
Capabilities [{applicationCacheEnabled=false, rotatable=false, mobileEmulationEnabled=false, networkConnectionEnabled=false, chrome={chromedriverVersion=2.40.565498 (ea082db3280dd6843ebfb08a625e3eb905c4f5ab), userDataDir=C:\Users\SKATHI~1\AppData\Local\Temp\30\scoped_dir313152_20559}, takesHeapSnapshot=true, pageLoadStrategy=none, databaseEnabled=false, handlesAlerts=true, hasTouchScreen=false, version=84.0.4147.135, platform=XP, browserConnectionEnabled=false, nativeEvents=true, acceptSslCerts=false, acceptInsecureCerts=false, locationContextEnabled=true, webStorageEnabled=true, browserName=chrome, takesScreenshot=true, javascriptEnabled=true, cssSelectorsEnabled=true, setWindowRect=true, unexpectedAlertBehaviour=}]
Session ID: 805232d56f3f884417c8c627c4b1608d
	at org.openqa.selenium.remote.ErrorHandler.createThrowable(ErrorHandler.java:215)
	at org.openqa.selenium.remote.ErrorHandler.throwIfResponseFailed(ErrorHandler.java:167)
	at org.openqa.selenium.remote.RemoteWebDriver.execute(RemoteWebDriver.java:671)
	at org.openqa.selenium.remote.RemoteWebElement.execute(RemoteWebElement.java:272)
	at org.openqa.selenium.remote.RemoteWebElement.click(RemoteWebElement.java:82)
	at com.colt.qa.scripthelpers.APT_MCS_CreateKeyserverDeviceHelper.verifydeviceDelete_AccessRouter(APT_MCS_CreateKeyserverDeviceHelper.java:1071)
	at com.colt.qa.apttestscripts.APT_MCS_CreateAccessCoreDevice_Keyserver.CreateAccessCoreDevice_keyServer(APT_MCS_CreateAccessCoreDevice_Keyserver.java:119)
... Removed 28 stack frames</pre></div><a href='#' onClick='toggleBox("stack-trace1597625104", this, "Click to show all stack frames", "Click to hide stack frames")'>Click to show all stack frames</a>
<div class='stack-trace' id='stack-trace1597625104'><pre>org.openqa.selenium.WebDriverException: unknown error: Element &lt;button aria-haspopup=&quot;true&quot; aria-expanded=&quot;false&quot; id=&quot;dropdown-basic-button&quot; type=&quot;button&quot; class=&quot;dropdown-toggle btn btn-info&quot;&gt;...&lt;/button&gt; is not clickable at point (1190, 11). Other element would receive the click: &lt;div class=&quot;app-header__content&quot;&gt;...&lt;/div&gt;
  (Session info: chrome=84.0.4147.135)
  (Driver info: chromedriver=2.40.565498 (ea082db3280dd6843ebfb08a625e3eb905c4f5ab),platform=Windows NT 10.0.14393 x86_64) (WARNING: The server did not provide any stacktrace information)
Command duration or timeout: 42 milliseconds
Build info: version: &apos;3.4.0&apos;, revision: &apos;unknown&apos;, time: &apos;unknown&apos;
System info: host: &apos;NAVMCTMTTL108&apos;, ip: &apos;10.99.7.43&apos;, os.name: &apos;Windows Server 2016&apos;, os.arch: &apos;amd64&apos;, os.version: &apos;10.0&apos;, java.version: &apos;1.8.0_221&apos;
Driver info: org.openqa.selenium.chrome.ChromeDriver
Capabilities [{applicationCacheEnabled=false, rotatable=false, mobileEmulationEnabled=false, networkConnectionEnabled=false, chrome={chromedriverVersion=2.40.565498 (ea082db3280dd6843ebfb08a625e3eb905c4f5ab), userDataDir=C:\Users\SKATHI~1\AppData\Local\Temp\30\scoped_dir313152_20559}, takesHeapSnapshot=true, pageLoadStrategy=none, databaseEnabled=false, handlesAlerts=true, hasTouchScreen=false, version=84.0.4147.135, platform=XP, browserConnectionEnabled=false, nativeEvents=true, acceptSslCerts=false, acceptInsecureCerts=false, locationContextEnabled=true, webStorageEnabled=true, browserName=chrome, takesScreenshot=true, javascriptEnabled=true, cssSelectorsEnabled=true, setWindowRect=true, unexpectedAlertBehaviour=}]
Session ID: 805232d56f3f884417c8c627c4b1608d
	at sun.reflect.NativeConstructorAccessorImpl.newInstance0(Native Method)
	at sun.reflect.NativeConstructorAccessorImpl.newInstance(Unknown Source)
	at sun.reflect.DelegatingConstructorAccessorImpl.newInstance(Unknown Source)
	at java.lang.reflect.Constructor.newInstance(Unknown Source)
	at org.openqa.selenium.remote.ErrorHandler.createThrowable(ErrorHandler.java:215)
	at org.openqa.selenium.remote.ErrorHandler.throwIfResponseFailed(ErrorHandler.java:167)
	at org.openqa.selenium.remote.RemoteWebDriver.execute(RemoteWebDriver.java:671)
	at org.openqa.selenium.remote.RemoteWebElement.execute(RemoteWebElement.java:272)
	at org.openqa.selenium.remote.RemoteWebElement.click(RemoteWebElement.java:82)
	at com.colt.qa.scripthelpers.APT_MCS_CreateKeyserverDeviceHelper.verifydeviceDelete_AccessRouter(APT_MCS_CreateKeyserverDeviceHelper.java:1071)
	at com.colt.qa.apttestscripts.APT_MCS_CreateAccessCoreDevice_Keyserver.CreateAccessCoreDevice_keyServer(APT_MCS_CreateAccessCoreDevice_Keyserver.java:119)
	at sun.reflect.NativeMethodAccessorImpl.invoke0(Native Method)
	at sun.reflect.NativeMethodAccessorImpl.invoke(Unknown Source)
	at sun.reflect.DelegatingMethodAccessorImpl.invoke(Unknown Source)
	at java.lang.reflect.Method.invoke(Unknown Source)
	at org.testng.internal.MethodInvocationHelper.invokeMethod(MethodInvocationHelper.java:84)
	at org.testng.internal.Invoker.invokeMethod(Invoker.java:714)
	at org.testng.internal.Invoker.invokeTestMethod(Invoker.java:901)
	at org.testng.internal.Invoker.invokeTestMethods(Invoker.java:1231)
	at org.testng.internal.TestMethodWorker.invokeTestMethods(TestMethodWorker.java:127)
	at org.testng.internal.TestMethodWorker.run(TestMethodWorker.java:111)
	at org.testng.TestRunner.privateRun(TestRunner.java:767)
	at org.testng.TestRunner.run(TestRunner.java:617)
	at org.testng.SuiteRunner.runTest(SuiteRunner.java:334)
	at org.testng.SuiteRunner.runSequentially(SuiteRunner.java:329)
	at org.testng.SuiteRunner.privateRun(SuiteRunner.java:291)
	at org.testng.SuiteRunner.run(SuiteRunner.java:240)
	at org.testng.SuiteRunnerWorker.runSuite(SuiteRunnerWorker.java:52)
	at org.testng.SuiteRunnerWorker.run(SuiteRunnerWorker.java:86)
	at org.testng.TestNG.runSuitesSequentially(TestNG.java:1224)
	at org.testng.TestNG.runSuitesLocally(TestNG.java:1149)
	at org.testng.TestNG.run(TestNG.java:1057)
	at org.testng.remote.AbstractRemoteTestNG.run(AbstractRemoteTestNG.java:115)
	at org.testng.remote.RemoteTestNG.initAndRun(RemoteTestNG.java:251)
	at org.testng.remote.RemoteTestNG.main(RemoteTestNG.java:77)
</pre></div></td>
<td>548</td>
<td>com.colt.qa.apttestscripts.APT_MCS_CreateAccessCoreDevice_Keyserver@1d057a39</td></tr>
<tr>
<td title='com.colt.qa.apttestscripts.APT_MCS_CreateAccessCoreDevice_MiniDSLAM.createAccessCoreDevice_MiniDSLAM()'><b>createAccessCoreDevice_MiniDSLAM</b><br>Test class: com.colt.qa.apttestscripts.APT_MCS_CreateAccessCoreDevice_MiniDSLAM<br>Test method: TC-01<br>Parameters: {editExistingPremise=Null, NewCityCode=Ko69, ExistingCityValue=BRAZIL, editNewPremise=Null, InServiceStatus=In Service, Name=MI_DE_016, editSnmProNewValue=TestSnmproNew, editExistingSite=Null, NewSiteName=md4, NewCityName=Bengaluru, editNewSite=Null, NewCity=Yes, Existing SiteValue=76, DeviceType=Mini DSLAM, editExistingSiteValue=Null, editdeviceName=Null, editNewSiteName=Null, NewPremise=Yes, Country=BR (Brazil), NewPremiseCode=ML3, editVendorModel=null, editModularMSP=Null, vrf_Ipv6=10.83.99.1, editExistingCity=Null, ExistingPremise=no, vrf_Ipv4=10.83.99.1, editNewPremiseName=Null, command_ipv4=ping, editNewCityCode=Null, command_ipv6=ping vrf :1 ipv6, editExistingCityValue=Null, SnmProNewValue=TestSnmpro, editExistingPremiseValue=Null, editNewSiteCode=Null, NewSite=Yes, NewPremiseName=MDS3, VendorModel=Actelis ML624i, editFullIQNET=Yes, ExistingCity=No, InMaintenanceStatus=In Maintenance, Existing PremiseValue=PremiseTest1, editNewPremiseCode=Null, ExistingSite=No, Full IQNET=No, editManagementAddress=Null, RouterID=RD3, editNewCityName=Null, Run=Yes, url=APT_NonVoiceService, editNewCity=Null, editRouterID=TestRouterID_edited, Management Address=16.17.18.23, Modular MSP=Yes, editCountry=Null, NewSiteCode=073}</td>
<td><div><pre>org.openqa.selenium.TimeoutException: Expected condition failed: waiting for com.colt.qa.driverlibrary.DriverHelper$3@4f464d4f (tried for 60 second(s) with 15 SECONDS interval)
	at org.openqa.selenium.support.ui.FluentWait.timeoutException(FluentWait.java:264)
	at org.openqa.selenium.support.ui.FluentWait.until(FluentWait.java:232)
	at com.colt.qa.driverlibrary.DriverHelper.getwebelement(DriverHelper.java:327)
	at com.colt.qa.scripthelpers.APT_MCS_CreateMiniDSLAMDeviceHelper.verifydeviceEdit_AccessRouter(APT_MCS_CreateMiniDSLAMDeviceHelper.java:757)
	at com.colt.qa.apttestscripts.APT_MCS_CreateAccessCoreDevice_MiniDSLAM.createAccessCoreDevice_MiniDSLAM(APT_MCS_CreateAccessCoreDevice_MiniDSLAM.java:61)
Caused by: org.openqa.selenium.NoSuchElementException: no such element: Unable to locate element: {&quot;method&quot;:&quot;xpath&quot;,&quot;selector&quot;:&quot;//div[text()=&apos;Device&apos;]/following-sibling::div//button[text()=&apos;Action&apos;]&quot;}
  (Session info: chrome=84.0.4147.135)
  (Driver info: chromedriver=2.40.565498 (ea082db3280dd6843ebfb08a625e3eb905c4f5ab),platform=Windows NT 10.0.14393 x86_64) (WARNING: The server did not provide any stacktrace information)
Command duration or timeout: 2.03 seconds
For documentation on this error, please visit: http://seleniumhq.org/exceptions/no_such_element.html
Build info: version: &apos;3.4.0&apos;, revision: &apos;unknown&apos;, time: &apos;unknown&apos;
System info: host: &apos;NAVMCTMTTL108&apos;, ip: &apos;10.99.7.43&apos;, os.name: &apos;Windows Server 2016&apos;, os.arch: &apos;amd64&apos;, os.version: &apos;10.0&apos;, java.version: &apos;1.8.0_221&apos;
Driver info: org.openqa.selenium.chrome.ChromeDriver
Capabilities [{applicationCacheEnabled=false, rotatable=false, mobileEmulationEnabled=false, networkConnectionEnabled=false, chrome={chromedriverVersion=2.40.565498 (ea082db3280dd6843ebfb08a625e3eb905c4f5ab), userDataDir=C:\Users\SKATHI~1\AppData\Local\Temp\30\scoped_dir337728_31445}, takesHeapSnapshot=true, pageLoadStrategy=none, databaseEnabled=false, handlesAlerts=true, hasTouchScreen=false, version=84.0.4147.135, platform=XP, browserConnectionEnabled=false, nativeEvents=true, acceptSslCerts=false, acceptInsecureCerts=false, locationContextEnabled=true, webStorageEnabled=true, browserName=chrome, takesScreenshot=true, javascriptEnabled=true, cssSelectorsEnabled=true, setWindowRect=true, unexpectedAlertBehaviour=}]
Session ID: 316c8acccd52cd32eecc61d0f0f72dd3
*** Element info: {Using=xpath, value=//div[text()=&apos;Device&apos;]/following-sibling::div//button[text()=&apos;Action&apos;]}
	at org.openqa.selenium.remote.ErrorHandler.createThrowable(ErrorHandler.java:215)
	at org.openqa.selenium.remote.ErrorHandler.throwIfResponseFailed(ErrorHandler.java:167)
	at org.openqa.selenium.remote.RemoteWebDriver.execute(RemoteWebDriver.java:671)
	at org.openqa.selenium.remote.RemoteWebDriver.findElement(RemoteWebDriver.java:410)
	at org.openqa.selenium.remote.RemoteWebDriver.findElementByXPath(RemoteWebDriver.java:509)
	at org.openqa.selenium.By$ByXPath.findElement(By.java:361)
	at org.openqa.selenium.remote.RemoteWebDriver.findElement(RemoteWebDriver.java:402)
	at com.colt.qa.driverlibrary.DriverHelper$3.apply(DriverHelper.java:329)
	at com.colt.qa.driverlibrary.DriverHelper$3.apply(DriverHelper.java:1)
	at org.openqa.selenium.support.ui.FluentWait.until(FluentWait.java:209)
	... 27 more
... Removed 27 stack frames</pre></div><a href='#' onClick='toggleBox("stack-trace2046043707", this, "Click to show all stack frames", "Click to hide stack frames")'>Click to show all stack frames</a>
<div class='stack-trace' id='stack-trace2046043707'><pre>org.openqa.selenium.TimeoutException: Expected condition failed: waiting for com.colt.qa.driverlibrary.DriverHelper$3@4f464d4f (tried for 60 second(s) with 15 SECONDS interval)
	at org.openqa.selenium.support.ui.FluentWait.timeoutException(FluentWait.java:264)
	at org.openqa.selenium.support.ui.FluentWait.until(FluentWait.java:232)
	at com.colt.qa.driverlibrary.DriverHelper.getwebelement(DriverHelper.java:327)
	at com.colt.qa.scripthelpers.APT_MCS_CreateMiniDSLAMDeviceHelper.verifydeviceEdit_AccessRouter(APT_MCS_CreateMiniDSLAMDeviceHelper.java:757)
	at com.colt.qa.apttestscripts.APT_MCS_CreateAccessCoreDevice_MiniDSLAM.createAccessCoreDevice_MiniDSLAM(APT_MCS_CreateAccessCoreDevice_MiniDSLAM.java:61)
	at sun.reflect.NativeMethodAccessorImpl.invoke0(Native Method)
	at sun.reflect.NativeMethodAccessorImpl.invoke(Unknown Source)
	at sun.reflect.DelegatingMethodAccessorImpl.invoke(Unknown Source)
	at java.lang.reflect.Method.invoke(Unknown Source)
	at org.testng.internal.MethodInvocationHelper.invokeMethod(MethodInvocationHelper.java:84)
	at org.testng.internal.Invoker.invokeMethod(Invoker.java:714)
	at org.testng.internal.Invoker.invokeTestMethod(Invoker.java:901)
	at org.testng.internal.Invoker.invokeTestMethods(Invoker.java:1231)
	at org.testng.internal.TestMethodWorker.invokeTestMethods(TestMethodWorker.java:127)
	at org.testng.internal.TestMethodWorker.run(TestMethodWorker.java:111)
	at org.testng.TestRunner.privateRun(TestRunner.java:767)
	at org.testng.TestRunner.run(TestRunner.java:617)
	at org.testng.SuiteRunner.runTest(SuiteRunner.java:334)
	at org.testng.SuiteRunner.runSequentially(SuiteRunner.java:329)
	at org.testng.SuiteRunner.privateRun(SuiteRunner.java:291)
	at org.testng.SuiteRunner.run(SuiteRunner.java:240)
	at org.testng.SuiteRunnerWorker.runSuite(SuiteRunnerWorker.java:52)
	at org.testng.SuiteRunnerWorker.run(SuiteRunnerWorker.java:86)
	at org.testng.TestNG.runSuitesSequentially(TestNG.java:1224)
	at org.testng.TestNG.runSuitesLocally(TestNG.java:1149)
	at org.testng.TestNG.run(TestNG.java:1057)
	at org.testng.remote.AbstractRemoteTestNG.run(AbstractRemoteTestNG.java:115)
	at org.testng.remote.RemoteTestNG.initAndRun(RemoteTestNG.java:251)
	at org.testng.remote.RemoteTestNG.main(RemoteTestNG.java:77)
Caused by: org.openqa.selenium.NoSuchElementException: no such element: Unable to locate element: {&quot;method&quot;:&quot;xpath&quot;,&quot;selector&quot;:&quot;//div[text()=&apos;Device&apos;]/following-sibling::div//button[text()=&apos;Action&apos;]&quot;}
  (Session info: chrome=84.0.4147.135)
  (Driver info: chromedriver=2.40.565498 (ea082db3280dd6843ebfb08a625e3eb905c4f5ab),platform=Windows NT 10.0.14393 x86_64) (WARNING: The server did not provide any stacktrace information)
Command duration or timeout: 2.03 seconds
For documentation on this error, please visit: http://seleniumhq.org/exceptions/no_such_element.html
Build info: version: &apos;3.4.0&apos;, revision: &apos;unknown&apos;, time: &apos;unknown&apos;
System info: host: &apos;NAVMCTMTTL108&apos;, ip: &apos;10.99.7.43&apos;, os.name: &apos;Windows Server 2016&apos;, os.arch: &apos;amd64&apos;, os.version: &apos;10.0&apos;, java.version: &apos;1.8.0_221&apos;
Driver info: org.openqa.selenium.chrome.ChromeDriver
Capabilities [{applicationCacheEnabled=false, rotatable=false, mobileEmulationEnabled=false, networkConnectionEnabled=false, chrome={chromedriverVersion=2.40.565498 (ea082db3280dd6843ebfb08a625e3eb905c4f5ab), userDataDir=C:\Users\SKATHI~1\AppData\Local\Temp\30\scoped_dir337728_31445}, takesHeapSnapshot=true, pageLoadStrategy=none, databaseEnabled=false, handlesAlerts=true, hasTouchScreen=false, version=84.0.4147.135, platform=XP, browserConnectionEnabled=false, nativeEvents=true, acceptSslCerts=false, acceptInsecureCerts=false, locationContextEnabled=true, webStorageEnabled=true, browserName=chrome, takesScreenshot=true, javascriptEnabled=true, cssSelectorsEnabled=true, setWindowRect=true, unexpectedAlertBehaviour=}]
Session ID: 316c8acccd52cd32eecc61d0f0f72dd3
*** Element info: {Using=xpath, value=//div[text()=&apos;Device&apos;]/following-sibling::div//button[text()=&apos;Action&apos;]}
	at sun.reflect.GeneratedConstructorAccessor33.newInstance(Unknown Source)
	at sun.reflect.DelegatingConstructorAccessorImpl.newInstance(Unknown Source)
	at java.lang.reflect.Constructor.newInstance(Unknown Source)
	at org.openqa.selenium.remote.ErrorHandler.createThrowable(ErrorHandler.java:215)
	at org.openqa.selenium.remote.ErrorHandler.throwIfResponseFailed(ErrorHandler.java:167)
	at org.openqa.selenium.remote.RemoteWebDriver.execute(RemoteWebDriver.java:671)
	at org.openqa.selenium.remote.RemoteWebDriver.findElement(RemoteWebDriver.java:410)
	at org.openqa.selenium.remote.RemoteWebDriver.findElementByXPath(RemoteWebDriver.java:509)
	at org.openqa.selenium.By$ByXPath.findElement(By.java:361)
	at org.openqa.selenium.remote.RemoteWebDriver.findElement(RemoteWebDriver.java:402)
	at com.colt.qa.driverlibrary.DriverHelper$3.apply(DriverHelper.java:329)
	at com.colt.qa.driverlibrary.DriverHelper$3.apply(DriverHelper.java:1)
	at org.openqa.selenium.support.ui.FluentWait.until(FluentWait.java:209)
	... 27 more
</pre></div></td>
<td>678</td>
<td>com.colt.qa.apttestscripts.APT_MCS_CreateAccessCoreDevice_MiniDSLAM@8bd1b6a</td></tr>
<tr>
<td title='com.colt.qa.apttestscripts.APT_MCS_CreateAccessCoreDevice_VOIPAccessDASSwitch.createAccessCoreDevice_VOIPAccessDASSwitch()'><b>createAccessCoreDevice_VOIPAccessDASSwitch</b><br>Test class: com.colt.qa.apttestscripts.APT_MCS_CreateAccessCoreDevice_VOIPAccessDASSwitch<br>Test method: TC-01<br>Parameters: {editExistingPremise=Null, NewCityCode=KA08, ExistingCityValue=BRAZIL, editNewPremise=Null, InServiceStatus=In Service, Name=VO_DA_DE05, editSnmProNewValue=TestSnmproNew, editExistingSite=Null, NewSiteName=Jayanagar, NewCityName=Bengaluru, editNewSite=Null, NewCity=No, Existing SiteValue=76, DeviceType=VOIPAccess DAS Switch, editExistingSiteValue=Null, editdeviceName=DAS-DE05, editNewSiteName=Null, NewPremise=No, Country=BR (Brazil), NewPremiseCode=DA4, editVendorModel=null, editModularMSP=yes, vrf_Ipv6=10.83.99.1, editExistingCity=Null, ExistingPremise=Yes, vrf_Ipv4=10.83.99.1, editNewPremiseName=Null, command_ipv4=ping, editNewCityCode=Null, command_ipv6=ping vrf :1 ipv6, editExistingCityValue=Null, SnmProNewValue=TestSnmpro, editExistingPremiseValue=Null, editNewSiteCode=Null, NewSite=No, NewPremiseName=Kua8, VendorModel=Cisco 6509, editFullIQNET=Yes, ExistingCity=Yes, InMaintenanceStatus=In Maintenance, Existing PremiseValue=dp1, editNewPremiseCode=Null, ExistingSite=Yes, Full IQNET=No, editManagementAddress=null, RouterID=DVA05, editNewCityName=Null, Run=Yes, url=APT_NonVoiceService, editNewCity=Null, editRouterID=Ro01Edit, Management Address=20.01.23.49, Modular MSP=No, editCountry=Null, NewSiteCode=Jay08}</td>
<td><div><pre>java.lang.AssertionError: expected [Device created successfully] but found [Error while creating device, Reason is- java.sql.SQLException: ORA-02291: integrity constraint (TESTPTL_UK.FK_DA_DTA) violated - parent key not found .]
	at com.colt.qa.scripthelpers.APT_MCS_CreateVOIPAccessDASSwitchDeviceHelper.verifyDeviceCreationMessage(APT_MCS_CreateVOIPAccessDASSwitchDeviceHelper.java:359)
	at com.colt.qa.apttestscripts.APT_MCS_CreateAccessCoreDevice_VOIPAccessDASSwitch.createAccessCoreDevice_VOIPAccessDASSwitch(APT_MCS_CreateAccessCoreDevice_VOIPAccessDASSwitch.java:45)
... Removed 29 stack frames</pre></div><a href='#' onClick='toggleBox("stack-trace566097763", this, "Click to show all stack frames", "Click to hide stack frames")'>Click to show all stack frames</a>
<div class='stack-trace' id='stack-trace566097763'><pre>java.lang.AssertionError: expected [Device created successfully] but found [Error while creating device, Reason is- java.sql.SQLException: ORA-02291: integrity constraint (TESTPTL_UK.FK_DA_DTA) violated - parent key not found .]
	at org.testng.Assert.fail(Assert.java:94)
	at org.testng.Assert.failNotEquals(Assert.java:494)
	at org.testng.Assert.assertEquals(Assert.java:123)
	at org.testng.Assert.assertEquals(Assert.java:176)
	at org.testng.Assert.assertEquals(Assert.java:186)
	at com.colt.qa.scripthelpers.APT_MCS_CreateVOIPAccessDASSwitchDeviceHelper.verifyDeviceCreationMessage(APT_MCS_CreateVOIPAccessDASSwitchDeviceHelper.java:359)
	at com.colt.qa.apttestscripts.APT_MCS_CreateAccessCoreDevice_VOIPAccessDASSwitch.createAccessCoreDevice_VOIPAccessDASSwitch(APT_MCS_CreateAccessCoreDevice_VOIPAccessDASSwitch.java:45)
	at sun.reflect.NativeMethodAccessorImpl.invoke0(Native Method)
	at sun.reflect.NativeMethodAccessorImpl.invoke(Unknown Source)
	at sun.reflect.DelegatingMethodAccessorImpl.invoke(Unknown Source)
	at java.lang.reflect.Method.invoke(Unknown Source)
	at org.testng.internal.MethodInvocationHelper.invokeMethod(MethodInvocationHelper.java:84)
	at org.testng.internal.Invoker.invokeMethod(Invoker.java:714)
	at org.testng.internal.Invoker.invokeTestMethod(Invoker.java:901)
	at org.testng.internal.Invoker.invokeTestMethods(Invoker.java:1231)
	at org.testng.internal.TestMethodWorker.invokeTestMethods(TestMethodWorker.java:127)
	at org.testng.internal.TestMethodWorker.run(TestMethodWorker.java:111)
	at org.testng.TestRunner.privateRun(TestRunner.java:767)
	at org.testng.TestRunner.run(TestRunner.java:617)
	at org.testng.SuiteRunner.runTest(SuiteRunner.java:334)
	at org.testng.SuiteRunner.runSequentially(SuiteRunner.java:329)
	at org.testng.SuiteRunner.privateRun(SuiteRunner.java:291)
	at org.testng.SuiteRunner.run(SuiteRunner.java:240)
	at org.testng.SuiteRunnerWorker.runSuite(SuiteRunnerWorker.java:52)
	at org.testng.SuiteRunnerWorker.run(SuiteRunnerWorker.java:86)
	at org.testng.TestNG.runSuitesSequentially(TestNG.java:1224)
	at org.testng.TestNG.runSuitesLocally(TestNG.java:1149)
	at org.testng.TestNG.run(TestNG.java:1057)
	at org.testng.remote.AbstractRemoteTestNG.run(AbstractRemoteTestNG.java:115)
	at org.testng.remote.RemoteTestNG.initAndRun(RemoteTestNG.java:251)
	at org.testng.remote.RemoteTestNG.main(RemoteTestNG.java:77)
</pre></div></td>
<td>205</td>
<td>com.colt.qa.apttestscripts.APT_MCS_CreateAccessCoreDevice_VOIPAccessDASSwitch@18be83e4</td></tr>
<tr>
<td title='com.colt.qa.apttestscripts.APT_MCS_CreateAccessCoreDevice_VoiceGateway.createAccessCoreDevice_VoiceGateway()'><b>createAccessCoreDevice_VoiceGateway</b><br>Test class: com.colt.qa.apttestscripts.APT_MCS_CreateAccessCoreDevice_VoiceGateway<br>Test method: TC-01<br>Parameters: {editExistingPremise=Null, NewCityCode=76, ExistingCityValue=BRAZIL, editNewPremise=Null, InServiceStatus=In Service, Name=VO_DE06, editSnmProNewValue=TestSnmproNew, editExistingSite=Null, NewSiteName=vgs4, NewCityName=vgc4, editNewSite=Null, NewCity=No, Existing SiteValue=76, DeviceType=Voice-Gateway, editExistingSiteValue=Null, editdeviceName=VO_DE05, editNewSiteName=Null, NewPremise=No, Country=BR (Brazil), NewPremiseCode=OP4, editVendorModel=null, editModularMSP=Null, vrf_Ipv6=10.83.99.1, editExistingCity=Null, ExistingPremise=Yes, vrf_Ipv4=10.83.99.1, editNewPremiseName=Null, command_ipv4=ping, editNewCityCode=Null, command_ipv6=ping vrf :1 ipv6, editExistingCityValue=Null, SnmProNewValue=JdhuqA, editExistingPremiseValue=Null, editNewSiteCode=Null, NewSite=No, NewPremiseName=vgp4, VendorModel=Cisco 3750, editFullIQNET=Null, ExistingCity=Yes, InMaintenanceStatus=In Maintenance, Existing PremiseValue=PremiseTest1, editNewPremiseCode=Null, ExistingSite=Yes, Full IQNET=No, editManagementAddress=Null, RouterID=VO04, editNewCityName=Null, Run=Yes, url=APT_NonVoiceService, editNewCity=Null, editRouterID=TestRouterID_edited, Management Address=17.88.22.77, Modular MSP=No, editCountry=Null, NewSiteCode=Vg4}</td>
<td><div><pre>org.openqa.selenium.TimeoutException: Expected condition failed: waiting for com.colt.qa.driverlibrary.DriverHelper$3@3a6f4b29 (tried for 60 second(s) with 15 SECONDS interval)
	at org.openqa.selenium.support.ui.FluentWait.timeoutException(FluentWait.java:264)
	at org.openqa.selenium.support.ui.FluentWait.until(FluentWait.java:232)
	at com.colt.qa.driverlibrary.DriverHelper.getwebelement(DriverHelper.java:327)
	at com.colt.qa.scripthelpers.APT_MCS_CreateVoiceGatewayDeviceHelper.verifydevicecreation_AccessRouter(APT_MCS_CreateVoiceGatewayDeviceHelper.java:132)
	at com.colt.qa.apttestscripts.APT_MCS_CreateAccessCoreDevice_VoiceGateway.createAccessCoreDevice_VoiceGateway(APT_MCS_CreateAccessCoreDevice_VoiceGateway.java:34)
Caused by: org.openqa.selenium.NoSuchElementException: no such element: Unable to locate element: {&quot;method&quot;:&quot;xpath&quot;,&quot;selector&quot;:&quot;//span[contains(text(),&apos;OK&apos;)]&quot;}
  (Session info: chrome=84.0.4147.135)
  (Driver info: chromedriver=2.40.565498 (ea082db3280dd6843ebfb08a625e3eb905c4f5ab),platform=Windows NT 10.0.14393 x86_64) (WARNING: The server did not provide any stacktrace information)
Command duration or timeout: 2.02 seconds
For documentation on this error, please visit: http://seleniumhq.org/exceptions/no_such_element.html
Build info: version: &apos;3.4.0&apos;, revision: &apos;unknown&apos;, time: &apos;unknown&apos;
System info: host: &apos;NAVMCTMTTL108&apos;, ip: &apos;10.99.7.43&apos;, os.name: &apos;Windows Server 2016&apos;, os.arch: &apos;amd64&apos;, os.version: &apos;10.0&apos;, java.version: &apos;1.8.0_221&apos;
Driver info: org.openqa.selenium.chrome.ChromeDriver
Capabilities [{applicationCacheEnabled=false, rotatable=false, mobileEmulationEnabled=false, networkConnectionEnabled=false, chrome={chromedriverVersion=2.40.565498 (ea082db3280dd6843ebfb08a625e3eb905c4f5ab), userDataDir=C:\Users\SKATHI~1\AppData\Local\Temp\30\scoped_dir377444_17332}, takesHeapSnapshot=true, pageLoadStrategy=none, databaseEnabled=false, handlesAlerts=true, hasTouchScreen=false, version=84.0.4147.135, platform=XP, browserConnectionEnabled=false, nativeEvents=true, acceptSslCerts=false, acceptInsecureCerts=false, locationContextEnabled=true, webStorageEnabled=true, browserName=chrome, takesScreenshot=true, javascriptEnabled=true, cssSelectorsEnabled=true, setWindowRect=true, unexpectedAlertBehaviour=}]
Session ID: 1bf398490e7df3892978e6eb7abe8c2f
*** Element info: {Using=xpath, value=//span[contains(text(),&apos;OK&apos;)]}
	at org.openqa.selenium.remote.ErrorHandler.createThrowable(ErrorHandler.java:215)
	at org.openqa.selenium.remote.ErrorHandler.throwIfResponseFailed(ErrorHandler.java:167)
	at org.openqa.selenium.remote.RemoteWebDriver.execute(RemoteWebDriver.java:671)
	at org.openqa.selenium.remote.RemoteWebDriver.findElement(RemoteWebDriver.java:410)
	at org.openqa.selenium.remote.RemoteWebDriver.findElementByXPath(RemoteWebDriver.java:509)
	at org.openqa.selenium.By$ByXPath.findElement(By.java:361)
	at org.openqa.selenium.remote.RemoteWebDriver.findElement(RemoteWebDriver.java:402)
	at com.colt.qa.driverlibrary.DriverHelper$3.apply(DriverHelper.java:329)
	at com.colt.qa.driverlibrary.DriverHelper$3.apply(DriverHelper.java:1)
	at org.openqa.selenium.support.ui.FluentWait.until(FluentWait.java:209)
	... 27 more
... Removed 27 stack frames</pre></div><a href='#' onClick='toggleBox("stack-trace108875224", this, "Click to show all stack frames", "Click to hide stack frames")'>Click to show all stack frames</a>
<div class='stack-trace' id='stack-trace108875224'><pre>org.openqa.selenium.TimeoutException: Expected condition failed: waiting for com.colt.qa.driverlibrary.DriverHelper$3@3a6f4b29 (tried for 60 second(s) with 15 SECONDS interval)
	at org.openqa.selenium.support.ui.FluentWait.timeoutException(FluentWait.java:264)
	at org.openqa.selenium.support.ui.FluentWait.until(FluentWait.java:232)
	at com.colt.qa.driverlibrary.DriverHelper.getwebelement(DriverHelper.java:327)
	at com.colt.qa.scripthelpers.APT_MCS_CreateVoiceGatewayDeviceHelper.verifydevicecreation_AccessRouter(APT_MCS_CreateVoiceGatewayDeviceHelper.java:132)
	at com.colt.qa.apttestscripts.APT_MCS_CreateAccessCoreDevice_VoiceGateway.createAccessCoreDevice_VoiceGateway(APT_MCS_CreateAccessCoreDevice_VoiceGateway.java:34)
	at sun.reflect.NativeMethodAccessorImpl.invoke0(Native Method)
	at sun.reflect.NativeMethodAccessorImpl.invoke(Unknown Source)
	at sun.reflect.DelegatingMethodAccessorImpl.invoke(Unknown Source)
	at java.lang.reflect.Method.invoke(Unknown Source)
	at org.testng.internal.MethodInvocationHelper.invokeMethod(MethodInvocationHelper.java:84)
	at org.testng.internal.Invoker.invokeMethod(Invoker.java:714)
	at org.testng.internal.Invoker.invokeTestMethod(Invoker.java:901)
	at org.testng.internal.Invoker.invokeTestMethods(Invoker.java:1231)
	at org.testng.internal.TestMethodWorker.invokeTestMethods(TestMethodWorker.java:127)
	at org.testng.internal.TestMethodWorker.run(TestMethodWorker.java:111)
	at org.testng.TestRunner.privateRun(TestRunner.java:767)
	at org.testng.TestRunner.run(TestRunner.java:617)
	at org.testng.SuiteRunner.runTest(SuiteRunner.java:334)
	at org.testng.SuiteRunner.runSequentially(SuiteRunner.java:329)
	at org.testng.SuiteRunner.privateRun(SuiteRunner.java:291)
	at org.testng.SuiteRunner.run(SuiteRunner.java:240)
	at org.testng.SuiteRunnerWorker.runSuite(SuiteRunnerWorker.java:52)
	at org.testng.SuiteRunnerWorker.run(SuiteRunnerWorker.java:86)
	at org.testng.TestNG.runSuitesSequentially(TestNG.java:1224)
	at org.testng.TestNG.runSuitesLocally(TestNG.java:1149)
	at org.testng.TestNG.run(TestNG.java:1057)
	at org.testng.remote.AbstractRemoteTestNG.run(AbstractRemoteTestNG.java:115)
	at org.testng.remote.RemoteTestNG.initAndRun(RemoteTestNG.java:251)
	at org.testng.remote.RemoteTestNG.main(RemoteTestNG.java:77)
Caused by: org.openqa.selenium.NoSuchElementException: no such element: Unable to locate element: {&quot;method&quot;:&quot;xpath&quot;,&quot;selector&quot;:&quot;//span[contains(text(),&apos;OK&apos;)]&quot;}
  (Session info: chrome=84.0.4147.135)
  (Driver info: chromedriver=2.40.565498 (ea082db3280dd6843ebfb08a625e3eb905c4f5ab),platform=Windows NT 10.0.14393 x86_64) (WARNING: The server did not provide any stacktrace information)
Command duration or timeout: 2.02 seconds
For documentation on this error, please visit: http://seleniumhq.org/exceptions/no_such_element.html
Build info: version: &apos;3.4.0&apos;, revision: &apos;unknown&apos;, time: &apos;unknown&apos;
System info: host: &apos;NAVMCTMTTL108&apos;, ip: &apos;10.99.7.43&apos;, os.name: &apos;Windows Server 2016&apos;, os.arch: &apos;amd64&apos;, os.version: &apos;10.0&apos;, java.version: &apos;1.8.0_221&apos;
Driver info: org.openqa.selenium.chrome.ChromeDriver
Capabilities [{applicationCacheEnabled=false, rotatable=false, mobileEmulationEnabled=false, networkConnectionEnabled=false, chrome={chromedriverVersion=2.40.565498 (ea082db3280dd6843ebfb08a625e3eb905c4f5ab), userDataDir=C:\Users\SKATHI~1\AppData\Local\Temp\30\scoped_dir377444_17332}, takesHeapSnapshot=true, pageLoadStrategy=none, databaseEnabled=false, handlesAlerts=true, hasTouchScreen=false, version=84.0.4147.135, platform=XP, browserConnectionEnabled=false, nativeEvents=true, acceptSslCerts=false, acceptInsecureCerts=false, locationContextEnabled=true, webStorageEnabled=true, browserName=chrome, takesScreenshot=true, javascriptEnabled=true, cssSelectorsEnabled=true, setWindowRect=true, unexpectedAlertBehaviour=}]
Session ID: 1bf398490e7df3892978e6eb7abe8c2f
*** Element info: {Using=xpath, value=//span[contains(text(),&apos;OK&apos;)]}
	at sun.reflect.GeneratedConstructorAccessor33.newInstance(Unknown Source)
	at sun.reflect.DelegatingConstructorAccessorImpl.newInstance(Unknown Source)
	at java.lang.reflect.Constructor.newInstance(Unknown Source)
	at org.openqa.selenium.remote.ErrorHandler.createThrowable(ErrorHandler.java:215)
	at org.openqa.selenium.remote.ErrorHandler.throwIfResponseFailed(ErrorHandler.java:167)
	at org.openqa.selenium.remote.RemoteWebDriver.execute(RemoteWebDriver.java:671)
	at org.openqa.selenium.remote.RemoteWebDriver.findElement(RemoteWebDriver.java:410)
	at org.openqa.selenium.remote.RemoteWebDriver.findElementByXPath(RemoteWebDriver.java:509)
	at org.openqa.selenium.By$ByXPath.findElement(By.java:361)
	at org.openqa.selenium.remote.RemoteWebDriver.findElement(RemoteWebDriver.java:402)
	at com.colt.qa.driverlibrary.DriverHelper$3.apply(DriverHelper.java:329)
	at com.colt.qa.driverlibrary.DriverHelper$3.apply(DriverHelper.java:1)
	at org.openqa.selenium.support.ui.FluentWait.until(FluentWait.java:209)
	... 27 more
</pre></div></td>
<td>126</td>
<td>com.colt.qa.apttestscripts.APT_MCS_CreateAccessCoreDevice_VoiceGateway@55f3ddb1</td></tr>
<tr>
<td title='com.colt.qa.apttestscripts.APT_MCS_CreateAccessCoreDevice_LoadBalancer.verifyCreateAccessCoreDevice_LoadBalancer()'><b>verifyCreateAccessCoreDevice_LoadBalancer</b><br>Test class: com.colt.qa.apttestscripts.APT_MCS_CreateAccessCoreDevice_LoadBalancer<br>Test method: TC-01<br>Parameters: {editExistingPremise=Null, NewCityCode=KA05, ExistingCityValue=BRAZIL, editNewPremise=Null, InServiceStatus=In Service, Name=LO_DE_07, editSnmProNewValue=TestSnmproNew, editExistingSite=Null, NewSiteName=Jayanagar, NewCityName=Bengaluru, editNewSite=Null, NewCity=No, Existing SiteValue=76, DeviceType=Load Balancer, editExistingSiteValue=Null, editdeviceName=editDeviceLB2, editNewSiteName=Null, NewPremise=Yes, Country=BR (Brazil), NewPremiseCode=L07, editVendorModel=null, editModularMSP=Yes, vrf_Ipv6=10.83.99.1, editExistingCity=Null, ExistingPremise=no, vrf_Ipv4=10.83.99.1, editNewPremiseName=Null, command_ipv4=ping, editNewCityCode=Null, command_ipv6=ping vrf :1 ipv6, editExistingCityValue=Null, SnmProNewValue=null, editExistingPremiseValue=Null, editNewSiteCode=Null, NewSite=No, NewPremiseName=LPU6, VendorModel=F5 BIG-IP 1600, editFullIQNET=Yes, ExistingCity=Yes, InMaintenanceStatus=In Maintenance, Existing PremiseValue=dp1, editNewPremiseCode=Null, ExistingSite=Yes, Full IQNET=Yes, editManagementAddress=null, RouterID=RL05, editNewCityName=Null, Run=Yes, url=APT_NonVoiceService, editNewCity=Null, editRouterID=IO07, Management Address=13.22.88.99, Modular MSP=No, editCountry=Null, NewSiteCode=Jay05}</td>
<td><div><pre>org.openqa.selenium.TimeoutException: Expected condition failed: waiting for com.colt.qa.driverlibrary.DriverHelper$3@41558115 (tried for 60 second(s) with 15 SECONDS interval)
	at org.openqa.selenium.support.ui.FluentWait.timeoutException(FluentWait.java:264)
	at org.openqa.selenium.support.ui.FluentWait.until(FluentWait.java:232)
	at com.colt.qa.driverlibrary.DriverHelper.getwebelement(DriverHelper.java:327)
	at com.colt.qa.scripthelpers.APT_MCS_CreateLoadBalancerDeviceHelper.verifydevicecreation_AccessRouter(APT_MCS_CreateLoadBalancerDeviceHelper.java:132)
	at com.colt.qa.apttestscripts.APT_MCS_CreateAccessCoreDevice_LoadBalancer.verifyCreateAccessCoreDevice_LoadBalancer(APT_MCS_CreateAccessCoreDevice_LoadBalancer.java:34)
Caused by: org.openqa.selenium.NoSuchElementException: no such element: Unable to locate element: {&quot;method&quot;:&quot;xpath&quot;,&quot;selector&quot;:&quot;//span[contains(text(),&apos;OK&apos;)]&quot;}
  (Session info: chrome=84.0.4147.135)
  (Driver info: chromedriver=2.40.565498 (ea082db3280dd6843ebfb08a625e3eb905c4f5ab),platform=Windows NT 10.0.14393 x86_64) (WARNING: The server did not provide any stacktrace information)
Command duration or timeout: 2.06 seconds
For documentation on this error, please visit: http://seleniumhq.org/exceptions/no_such_element.html
Build info: version: &apos;3.4.0&apos;, revision: &apos;unknown&apos;, time: &apos;unknown&apos;
System info: host: &apos;NAVMCTMTTL108&apos;, ip: &apos;10.99.7.43&apos;, os.name: &apos;Windows Server 2016&apos;, os.arch: &apos;amd64&apos;, os.version: &apos;10.0&apos;, java.version: &apos;1.8.0_221&apos;
Driver info: org.openqa.selenium.chrome.ChromeDriver
Capabilities [{applicationCacheEnabled=false, rotatable=false, mobileEmulationEnabled=false, networkConnectionEnabled=false, chrome={chromedriverVersion=2.40.565498 (ea082db3280dd6843ebfb08a625e3eb905c4f5ab), userDataDir=C:\Users\SKATHI~1\AppData\Local\Temp\30\scoped_dir311280_6250}, takesHeapSnapshot=true, pageLoadStrategy=none, databaseEnabled=false, handlesAlerts=true, hasTouchScreen=false, version=84.0.4147.135, platform=XP, browserConnectionEnabled=false, nativeEvents=true, acceptSslCerts=false, acceptInsecureCerts=false, locationContextEnabled=true, webStorageEnabled=true, browserName=chrome, takesScreenshot=true, javascriptEnabled=true, cssSelectorsEnabled=true, setWindowRect=true, unexpectedAlertBehaviour=}]
Session ID: 856133ddaf672cc47a4ac92da74b2d3a
*** Element info: {Using=xpath, value=//span[contains(text(),&apos;OK&apos;)]}
	at org.openqa.selenium.remote.ErrorHandler.createThrowable(ErrorHandler.java:215)
	at org.openqa.selenium.remote.ErrorHandler.throwIfResponseFailed(ErrorHandler.java:167)
	at org.openqa.selenium.remote.RemoteWebDriver.execute(RemoteWebDriver.java:671)
	at org.openqa.selenium.remote.RemoteWebDriver.findElement(RemoteWebDriver.java:410)
	at org.openqa.selenium.remote.RemoteWebDriver.findElementByXPath(RemoteWebDriver.java:509)
	at org.openqa.selenium.By$ByXPath.findElement(By.java:361)
	at org.openqa.selenium.remote.RemoteWebDriver.findElement(RemoteWebDriver.java:402)
	at com.colt.qa.driverlibrary.DriverHelper$3.apply(DriverHelper.java:329)
	at com.colt.qa.driverlibrary.DriverHelper$3.apply(DriverHelper.java:1)
	at org.openqa.selenium.support.ui.FluentWait.until(FluentWait.java:209)
	... 27 more
... Removed 27 stack frames</pre></div><a href='#' onClick='toggleBox("stack-trace1522618977", this, "Click to show all stack frames", "Click to hide stack frames")'>Click to show all stack frames</a>
<div class='stack-trace' id='stack-trace1522618977'><pre>org.openqa.selenium.TimeoutException: Expected condition failed: waiting for com.colt.qa.driverlibrary.DriverHelper$3@41558115 (tried for 60 second(s) with 15 SECONDS interval)
	at org.openqa.selenium.support.ui.FluentWait.timeoutException(FluentWait.java:264)
	at org.openqa.selenium.support.ui.FluentWait.until(FluentWait.java:232)
	at com.colt.qa.driverlibrary.DriverHelper.getwebelement(DriverHelper.java:327)
	at com.colt.qa.scripthelpers.APT_MCS_CreateLoadBalancerDeviceHelper.verifydevicecreation_AccessRouter(APT_MCS_CreateLoadBalancerDeviceHelper.java:132)
	at com.colt.qa.apttestscripts.APT_MCS_CreateAccessCoreDevice_LoadBalancer.verifyCreateAccessCoreDevice_LoadBalancer(APT_MCS_CreateAccessCoreDevice_LoadBalancer.java:34)
	at sun.reflect.NativeMethodAccessorImpl.invoke0(Native Method)
	at sun.reflect.NativeMethodAccessorImpl.invoke(Unknown Source)
	at sun.reflect.DelegatingMethodAccessorImpl.invoke(Unknown Source)
	at java.lang.reflect.Method.invoke(Unknown Source)
	at org.testng.internal.MethodInvocationHelper.invokeMethod(MethodInvocationHelper.java:84)
	at org.testng.internal.Invoker.invokeMethod(Invoker.java:714)
	at org.testng.internal.Invoker.invokeTestMethod(Invoker.java:901)
	at org.testng.internal.Invoker.invokeTestMethods(Invoker.java:1231)
	at org.testng.internal.TestMethodWorker.invokeTestMethods(TestMethodWorker.java:127)
	at org.testng.internal.TestMethodWorker.run(TestMethodWorker.java:111)
	at org.testng.TestRunner.privateRun(TestRunner.java:767)
	at org.testng.TestRunner.run(TestRunner.java:617)
	at org.testng.SuiteRunner.runTest(SuiteRunner.java:334)
	at org.testng.SuiteRunner.runSequentially(SuiteRunner.java:329)
	at org.testng.SuiteRunner.privateRun(SuiteRunner.java:291)
	at org.testng.SuiteRunner.run(SuiteRunner.java:240)
	at org.testng.SuiteRunnerWorker.runSuite(SuiteRunnerWorker.java:52)
	at org.testng.SuiteRunnerWorker.run(SuiteRunnerWorker.java:86)
	at org.testng.TestNG.runSuitesSequentially(TestNG.java:1224)
	at org.testng.TestNG.runSuitesLocally(TestNG.java:1149)
	at org.testng.TestNG.run(TestNG.java:1057)
	at org.testng.remote.AbstractRemoteTestNG.run(AbstractRemoteTestNG.java:115)
	at org.testng.remote.RemoteTestNG.initAndRun(RemoteTestNG.java:251)
	at org.testng.remote.RemoteTestNG.main(RemoteTestNG.java:77)
Caused by: org.openqa.selenium.NoSuchElementException: no such element: Unable to locate element: {&quot;method&quot;:&quot;xpath&quot;,&quot;selector&quot;:&quot;//span[contains(text(),&apos;OK&apos;)]&quot;}
  (Session info: chrome=84.0.4147.135)
  (Driver info: chromedriver=2.40.565498 (ea082db3280dd6843ebfb08a625e3eb905c4f5ab),platform=Windows NT 10.0.14393 x86_64) (WARNING: The server did not provide any stacktrace information)
Command duration or timeout: 2.06 seconds
For documentation on this error, please visit: http://seleniumhq.org/exceptions/no_such_element.html
Build info: version: &apos;3.4.0&apos;, revision: &apos;unknown&apos;, time: &apos;unknown&apos;
System info: host: &apos;NAVMCTMTTL108&apos;, ip: &apos;10.99.7.43&apos;, os.name: &apos;Windows Server 2016&apos;, os.arch: &apos;amd64&apos;, os.version: &apos;10.0&apos;, java.version: &apos;1.8.0_221&apos;
Driver info: org.openqa.selenium.chrome.ChromeDriver
Capabilities [{applicationCacheEnabled=false, rotatable=false, mobileEmulationEnabled=false, networkConnectionEnabled=false, chrome={chromedriverVersion=2.40.565498 (ea082db3280dd6843ebfb08a625e3eb905c4f5ab), userDataDir=C:\Users\SKATHI~1\AppData\Local\Temp\30\scoped_dir311280_6250}, takesHeapSnapshot=true, pageLoadStrategy=none, databaseEnabled=false, handlesAlerts=true, hasTouchScreen=false, version=84.0.4147.135, platform=XP, browserConnectionEnabled=false, nativeEvents=true, acceptSslCerts=false, acceptInsecureCerts=false, locationContextEnabled=true, webStorageEnabled=true, browserName=chrome, takesScreenshot=true, javascriptEnabled=true, cssSelectorsEnabled=true, setWindowRect=true, unexpectedAlertBehaviour=}]
Session ID: 856133ddaf672cc47a4ac92da74b2d3a
*** Element info: {Using=xpath, value=//span[contains(text(),&apos;OK&apos;)]}
	at sun.reflect.GeneratedConstructorAccessor33.newInstance(Unknown Source)
	at sun.reflect.DelegatingConstructorAccessorImpl.newInstance(Unknown Source)
	at java.lang.reflect.Constructor.newInstance(Unknown Source)
	at org.openqa.selenium.remote.ErrorHandler.createThrowable(ErrorHandler.java:215)
	at org.openqa.selenium.remote.ErrorHandler.throwIfResponseFailed(ErrorHandler.java:167)
	at org.openqa.selenium.remote.RemoteWebDriver.execute(RemoteWebDriver.java:671)
	at org.openqa.selenium.remote.RemoteWebDriver.findElement(RemoteWebDriver.java:410)
	at org.openqa.selenium.remote.RemoteWebDriver.findElementByXPath(RemoteWebDriver.java:509)
	at org.openqa.selenium.By$ByXPath.findElement(By.java:361)
	at org.openqa.selenium.remote.RemoteWebDriver.findElement(RemoteWebDriver.java:402)
	at com.colt.qa.driverlibrary.DriverHelper$3.apply(DriverHelper.java:329)
	at com.colt.qa.driverlibrary.DriverHelper$3.apply(DriverHelper.java:1)
	at org.openqa.selenium.support.ui.FluentWait.until(FluentWait.java:209)
	... 27 more
</pre></div></td>
<td>127</td>
<td>com.colt.qa.apttestscripts.APT_MCS_CreateAccessCoreDevice_LoadBalancer@475530b9</td></tr>
</table><p>
<table width='100%' border='1' class='invocation-passed'>
<tr><td colspan='4' align='center'><b>PASSED TESTS</b></td></tr>
<tr><td><b>Test method</b></td>
<td width="30%"><b>Exception</b></td>
<td width="10%"><b>Time (seconds)</b></td>
<td><b>Instance</b></td>
</tr>
<tr>
<td title='com.colt.qa.apttestscripts.APT_MCS_CreateAccessCoreDevice_DSLAM.CreateAccessCoreDevice_DSLAM()'><b>CreateAccessCoreDevice_DSLAM</b><br>Test class: com.colt.qa.apttestscripts.APT_MCS_CreateAccessCoreDevice_DSLAM<br>Test method: TC-01<br>Parameters: {editExistingPremise=Null, NewCityCode=ee3, ExistingCityValue=dfdfsdf3, editNewPremise=Null, InServiceStatus=In Service, Name=DS_DE_017, editSnmProNewValue=null, editExistingSite=Null, NewSiteName=EC3, NewCityName=Bengaluru, editNewSite=Null, NewCity=No, Existing SiteValue=ddfdfd878, DeviceType=DSLAM Device, editExistingSiteValue=Null, editdeviceName=editDSLam3, editNewSiteName=Null, NewPremise=Yes, Country=AO (Angola), NewPremiseCode=D3, editVendorModel=null, editModularMSP=Null, vrf_Ipv6=10.83.99.1, editExistingCity=Null, ExistingPremise=no, vrf_Ipv4=10.83.99.1, editNewPremiseName=Null, command_ipv4=ping, editNewCityCode=Null, command_ipv6=ping vrf :1 ipv6, editExistingCityValue=Null, SnmProNewValue=null, editExistingPremiseValue=Null, editNewSiteCode=Null, NewSite=No, NewPremiseName=DS3, VendorModel=Actelis ML1300, editFullIQNET=Yes, ExistingCity=Yes, InMaintenanceStatus=In Maintenance, Existing PremiseValue=PremiseTest1, editNewPremiseCode=Null, ExistingSite=Yes, Full IQNET=No, editManagementAddress=Null, RouterID=RD4, editNewCityName=Null, Run=Yes, url=APT_NonVoiceService, editNewCity=Null, editRouterID=Null, Management Address=16.12.23.72, Modular MSP=Yes, editCountry=Null, NewSiteCode=83}</td>
<td></td>
<td>705</td>
<td>com.colt.qa.apttestscripts.APT_MCS_CreateAccessCoreDevice_DSLAM@26be92ad</td></tr>
<tr>
<td title='com.colt.qa.apttestscripts.APT_MCS_CreateAccessCoreDevice_AccessRouter.createAccessCoreDevice_AccesRouter()'><b>createAccessCoreDevice_AccesRouter</b><br>Test class: com.colt.qa.apttestscripts.APT_MCS_CreateAccessCoreDevice_AccessRouter<br>Test method: TC-01<br>Parameters: {Snmpv3UsernameNewValue=Null, editSnmprwNewValue=TestSnmprwNew, editExistingPremise=Null, editSnmpv3AuthpasswordNewValue=TestV3AuthPwd, NewCityCode=KA47, ExistingCityValue=Injune, editNewPremise=Null, InServiceStatus=In Service, IOSXR=Yes, Name=accessRouteest553, editSnmProNewValue=Snmpredi, editExistingSite=Null, NewSiteName=AR18, SnmprwNewValue=null, NewCityName=Bengaluru, editIOSXR=Null, editNewSite=Null, NewCity=No, Existing SiteValue=43fgfdgsdfgf, editTelnet=Yes, DeviceType=Access Router, editExistingSiteValue=Null, editdeviceName=null, editNewSiteName=Null, NewPremise=yes, Country=AU (Australia), editSnmpv3PrivpasswordNewValue=TestV3PrivPwd, NewPremiseCode=A8, editVendorModel=null, editModularMSP=Yes, vrf_Ipv6=10.83.99.8, Snmpv3AuthpasswordNewValue=Null, editExistingCity=Null, ExistingPremise=NO, vrf_Ipv4=10.83.99.8, editNewPremiseName=Null, Snmp2C=no, command_ipv4=ping, editNewCityCode=Null, command_ipv6=ping vrf :1 ipv6, editExistingCityValue=Null, Snmp3=yes, SnmProNewValue=null, editSnmp3=No, editExistingPremiseValue=Null, editNewSiteCode=Null, NewSite=No, NewPremiseName=ARS18, VendorModel=Cisco 2621, Snmpv3PrivpasswordNewValue=Null, Telnet=Yes, editFullIQNET=Yes, ExistingCity=Yes, InMaintenanceStatus=In Maintenance, Existing PremiseValue=PremiseTest1, editNewPremiseCode=Null, ExistingSite=Yes, Full IQNET=Yes, editManagementAddress=Null, RouterID=152, SSH=No, editSSH=Null, editNewCityName=Null, Run=Yes, url=APT_NonVoiceService, editSnmpv3UsernameNewValue=TestV3Username, editNewCity=Null, editRouterID=rou8, Management Address=12.25.4.82, Modular MSP=yes, editCountry=Null, NewSiteCode=oz8, editSnmp2C=Yes}</td>
<td></td>
<td>979</td>
<td>com.colt.qa.apttestscripts.APT_MCS_CreateAccessCoreDevice_AccessRouter@cc285f4</td></tr>
<tr>
<td title='com.colt.qa.apttestscripts.APT_MCS_CreateAccessCoreDevice_AccessSwitch.createAccessCoreDevice_AccessSwitch()'><b>createAccessCoreDevice_AccessSwitch</b><br>Test class: com.colt.qa.apttestscripts.APT_MCS_CreateAccessCoreDevice_AccessSwitch<br>Test method: TC-01<br>Parameters: {Snmpv3UsernameNewValue=Null, editSnmprwNewValue=TestSnmprwNew, editExistingPremise=Null, editSnmpv3AuthpasswordNewValue=TestV3AuthPwd, NewCityCode=A709, ExistingCityValue=Injune, editNewPremise=Null, InServiceStatus=In Service, Name=AcesSwitch_14, editSnmProNewValue=TestSnmproNew, editExistingSite=Null, NewSiteName=Jayanagar, SnmprwNewValue=null, NewCityName=Bengaluru, editIOSXR=Null, editNewSite=Null, NewCity=No, Existing SiteValue=43fgfdgsdfgf, editTelnet=Null, DeviceType=Access Switch, editExistingSiteValue=Null, editdeviceName=null, editNewSiteName=Null, NewPremise=Yes, Country=AU (Australia), editSnmpv3PrivpasswordNewValue=TestV3PrivPwd, NewPremiseCode=B4, editVendorModel=null, editModularMSP=Null, vrf_Ipv6=10.83.99.1, Snmpv3AuthpasswordNewValue=Null, editExistingCity=Null, ExistingPremise=NO, vrf_Ipv4=10.83.99.1, editNewPremiseName=Null, Snmp2C=Yes, command_ipv4=ping, editNewCityCode=Null, command_ipv6=ping vrf :1 ipv6, editExistingCityValue=Null, Snmp3=No, SnmProNewValue=null, editSnmp3=Yes, editExistingPremiseValue=Null, editNewSiteCode=Null, NewSite=No, NewPremiseName=Pre5, VendorModel=Cisco 2960, Snmpv3PrivpasswordNewValue=Null, Telnet=Yes, editFullIQNET=Null, ExistingCity=Yes, InMaintenanceStatus=In Maintenance, Existing PremiseValue=PremiseTest1, editNewPremiseCode=Null, ExistingSite=Yes, Full IQNET=Yes, editManagementAddress=Null, RouterID=245, SSH=No, editSSH=Null, editNewCityName=Null, Run=Yes, url=APT_NonVoiceService, editSnmpv3UsernameNewValue=TestV3Username, editNewCity=Null, editRouterID=TestRouterID_edited, Management Address=16.92.11.29, Modular MSP=No, editCountry=Null, NewSiteCode=Jay35, editSnmp2C=no}</td>
<td></td>
<td>939</td>
<td>com.colt.qa.apttestscripts.APT_MCS_CreateAccessCoreDevice_AccessSwitch@4b9e13df</td></tr>
<tr>
<td title='com.colt.qa.apttestscripts.APT_MCS_CreateAccessCoreDevice_DCNDevice.createAccessCoreDevice_DCNdevice()'><b>createAccessCoreDevice_DCNdevice</b><br>Test class: com.colt.qa.apttestscripts.APT_MCS_CreateAccessCoreDevice_DCNDevice<br>Test method: TC-01<br>Parameters: {editExistingPremise=Null, NewCityCode=KA09, ExistingCityValue=BRAZIL, editNewPremise=Null, InServiceStatus=In Service, Name=DCN_Dev06, editSnmProNewValue=TestSnmproNew, editExistingSite=Null, NewSiteName=Pu3, NewCityName=Bengaluru, editNewSite=Null, NewCity=No, Existing SiteValue=76, DeviceType=DCN Device, editExistingSiteValue=Null, editdeviceName=Null, editNewSiteName=Null, NewPremise=yes, Country=BR (Brazil), NewPremiseCode=M05, editVendorModel=null, editModularMSP=Yes, vrf_Ipv6=10.83.99.1, editExistingCity=Null, ExistingPremise=no, vrf_Ipv4=10.83.99.3, editNewPremiseName=Null, command_ipv4=ping, editNewCityCode=Null, command_ipv6=ping vrf :1 ipv6, editExistingCityValue=Null, SnmProNewValue=null, editExistingPremiseValue=Null, editNewSiteCode=Null, NewSite=No, NewPremiseName=dp4, VendorModel=3Com 3Com SuperStackII, editFullIQNET=Yes, ExistingCity=Yes, InMaintenanceStatus=In Maintenance, Existing PremiseValue=PremiseTest1, editNewPremiseCode=Null, ExistingSite=Yes, Full IQNET=No, editManagementAddress=Null, RouterID=1567, editNewCityName=Null, Run=Yes, url=APT_NonVoiceService, editNewCity=Null, editRouterID=Null, Management Address=15.18.26.17, Modular MSP=No, editCountry=Null, NewSiteCode=Y04}</td>
<td></td>
<td>779</td>
<td>com.colt.qa.apttestscripts.APT_MCS_CreateAccessCoreDevice_DCNDevice@29ee9faa</td></tr>
<tr>
<td title='com.colt.qa.apttestscripts.APT_MCS_CreateAccessCoreDevice_Firewall.createAccessCoreDevice_Firewall()'><b>createAccessCoreDevice_Firewall</b><br>Test class: com.colt.qa.apttestscripts.APT_MCS_CreateAccessCoreDevice_Firewall<br>Test method: TC-01<br>Parameters: {editExistingPremise=Null, NewCityCode=KA251, ExistingCityValue=BRAZIL, editNewPremise=Null, InServiceStatus=In Service, Name=FR_DE_06, editSnmProNewValue=TestSnmproNew, editExistingSite=no, NewSiteName=Fw4, NewCityName=Bengaluru, editNewSite=Null, NewCity=no, Existing SiteValue=79, DeviceType=Firewall, editExistingSiteValue=no, editdeviceName=null, editNewSiteName=Null, NewPremise=Yes, Country=BR (Brazil), NewPremiseCode=JP3, editVendorModel=null, editModularMSP=Null, vrf_Ipv6=10.83.99.1, editExistingCity=Null, ExistingPremise=No, vrf_Ipv4=10.83.99.1, editNewPremiseName=Null, command_ipv4=ping, editNewCityCode=Null, command_ipv6=ping vrf :1 ipv6, editExistingCityValue=Null, SnmProNewValue=Snmpro, editExistingPremiseValue=Null, editNewSiteCode=Null, NewSite=Yes, NewPremiseName=PRE3, VendorModel=Cisco ASA5510, editFullIQNET=Null, ExistingCity=Yes, InMaintenanceStatus=In Maintenance, Existing PremiseValue=PremiseTest4, editNewPremiseCode=Null, ExistingSite=No, Full IQNET=No, editManagementAddress=Null, RouterID=TestRouterID8, editNewCityName=Null, Run=Yes, url=APT_NonVoiceService, editNewCity=Null, editRouterID=TestRouterID_edited, Management Address=14.98.5.38, Modular MSP=No, editCountry=Null, NewSiteCode=JF024}</td>
<td></td>
<td>794</td>
<td>com.colt.qa.apttestscripts.APT_MCS_CreateAccessCoreDevice_Firewall@cb5822</td></tr>
<tr>
<td title='com.colt.qa.apttestscripts.APT_MCS_CreateAccessCoreDevice_Prizmnet.createAccessCoreDevice_Prizmnet()'><b>createAccessCoreDevice_Prizmnet</b><br>Test class: com.colt.qa.apttestscripts.APT_MCS_CreateAccessCoreDevice_Prizmnet<br>Test method: TC-01<br>Parameters: {Snmpv3UsernameNewValue=Null, editSnmprwNewValue=TestSnmprwNew, editExistingPremise=Null, editSnmpv3AuthpasswordNewValue=TestV3AuthPwd, NewCityCode=KA06, ExistingCityValue=Injune, editNewPremise=Null, InServiceStatus=In Service, IOSXR=Yes, Name=Pr_de07, editSnmProNewValue=TestSnmproNew, editExistingSite=Null, NewSiteName=PNt5, SnmprwNewValue=null, NewCityName=Bengaluru, editNewSite=Null, NewCity=No, Existing SiteValue=43fgfdgsdfgf, editTelnet=Null, DeviceType=Prizmnet, editExistingSiteValue=Null, editdeviceName=edit_PR_07, editNewSiteName=Null, NewPremise=Yes, Country=AU (Australia), editSnmpv3PrivpasswordNewValue=TestV3PrivPwd, NewPremiseCode=P07, editVendorModel=null, editModularMSP=Yes, vrf_Ipv6=10.83.99.1, Snmpv3AuthpasswordNewValue=Null, editExistingCity=Null, ExistingPremise=NO, vrf_Ipv4=10.83.99.1, editNewPremiseName=Null, Snmp2C=Yes, command_ipv4=ping, editNewCityCode=Null, command_ipv6=ping vrf :1 ipv6, editExistingCityValue=Null, Snmp3=No, SnmProNewValue=null, editSnmp3=Yes, editExistingPremiseValue=Null, editNewSiteCode=Null, NewSite=Yes, NewPremiseName=PRT4, VendorModel=Accedian LTS, Snmpv3PrivpasswordNewValue=Null, Telnet=Yes, editFullIQNET=Yes, ExistingCity=Yes, InMaintenanceStatus=In Maintenance, Existing PremiseValue=PremiseTest1, editNewPremiseCode=Null, ExistingSite=No, Full IQNET=No, editManagementAddress=null, RouterID=7146, SSH=No, editSSH=Yes, editNewCityName=Null, Run=Yes, url=APT_NonVoiceService, editSnmpv3UsernameNewValue=TestV3Username, editNewCity=Null, editRouterID=TestRouterID_edited, Management Address=Null, Modular MSP=yes, editCountry=Null, NewSiteCode=J76, editSnmp2C=no}</td>
<td></td>
<td>594</td>
<td>com.colt.qa.apttestscripts.APT_MCS_CreateAccessCoreDevice_Prizmnet@4c70fda8</td></tr>
<tr>
<td title='com.colt.qa.apttestscripts.APT_MCS_CreateAccessCoreDevice_TrafficAggregator.createAccessCoreDevice_TrafficAggregator()'><b>createAccessCoreDevice_TrafficAggregator</b><br>Test class: com.colt.qa.apttestscripts.APT_MCS_CreateAccessCoreDevice_TrafficAggregator<br>Test method: TC-01<br>Parameters: {editExistingPremise=Null, NewCityCode=KA12, ExistingCityValue=BRAZIL, editNewPremise=Null, InServiceStatus=In Service, Name=TA_DE_o9, editSnmProNewValue=TestSnmproNew, editExistingSite=Null, NewSiteName=Jayanagar, NewCityName=Bengaluru, editNewSite=Null, NewCity=No, Existing SiteValue=76, DeviceType=Traffic Aggregator, editExistingSiteValue=Null, editdeviceName=Null, editNewSiteName=Null, NewPremise=No, Country=BR (Brazil), NewPremiseCode=TP7, editVendorModel=null, editModularMSP=yes, vrf_Ipv6=10.83.99.1, editExistingCity=Null, ExistingPremise=Yes, vrf_Ipv4=10.83.99.1, editNewPremiseName=Null, command_ipv4=ping, editNewCityCode=Null, command_ipv6=ping vrf :1 ipv6, editExistingCityValue=Null, SnmProNewValue=JdhquA, editExistingPremiseValue=Null, editNewSiteCode=Null, NewSite=No, NewPremiseName=TA09, VendorModel=Traffic Aggregator  Cisco, editFullIQNET=Yes, ExistingCity=Yes, InMaintenanceStatus=In Maintenance, Existing PremiseValue=dp1, editNewPremiseCode=Null, ExistingSite=Yes, Full IQNET=No, editManagementAddress=Null, RouterID=TA06, editNewCityName=Null, Run=Yes, url=APT_NonVoiceService, editNewCity=Null, editRouterID=TestRouterID_edited, Management Address=19.82.44.30, Modular MSP=No, editCountry=Null, NewSiteCode=TA7}</td>
<td></td>
<td>739</td>
<td>com.colt.qa.apttestscripts.APT_MCS_CreateAccessCoreDevice_TrafficAggregator@2b98378d</td></tr>
<tr>
<td title='com.colt.qa.apttestscripts.APT_MCS_CreateAccessCoreDevice_MDFFirewall.verifyCreateAccessCoreDevice_MDFfirewall()'><b>verifyCreateAccessCoreDevice_MDFfirewall</b><br>Test class: com.colt.qa.apttestscripts.APT_MCS_CreateAccessCoreDevice_MDFFirewall<br>Test method: TC-01<br>Parameters: {Snmpv3UsernameNewValue=Null, editSnmprwNewValue=TestSnmprwNew, editExistingPremise=Null, editSnmpv3AuthpasswordNewValue=TestV3AuthPwd, NewCityCode=KA07, ExistingCityValue=Injune, editNewPremise=Null, InServiceStatus=In Service, IOSXR=Yes, Name=MDF_Fi_06, editSnmProNewValue=TestSnmproNew, editExistingSite=Null, NewSiteName=Jayanagar, SnmprwNewValue=null, NewCityName=Bengaluru, editIOSXR=Null, editNewSite=Null, NewCity=No, Existing SiteValue=43fgfdgsdfgf, editTelnet=Null, DeviceType=MDF Firewall, editExistingSiteValue=Null, editdeviceName=MDF_edited_06, editNewSiteName=Null, NewPremise=yes, Country=AU (Australia), editSnmpv3PrivpasswordNewValue=TestV3PrivPwd, NewPremiseCode=K035, editVendorModel=null, editModularMSP=yes, vrf_Ipv6=10.83.99.1, Snmpv3AuthpasswordNewValue=Null, editExistingCity=Null, ExistingPremise=NO, vrf_Ipv4=10.83.99.1, editNewPremiseName=Null, Snmp2C=No, command_ipv4=ping, editNewCityCode=Null, command_ipv6=ping vrf :1 ipv6, editExistingCityValue=Null, Snmp3=Yes, SnmProNewValue=null, editSnmp3=Yes, editExistingPremiseValue=Null, editNewSiteCode=Null, NewSite=No, NewPremiseName=mf3, VendorModel=Juniper SRX1500, Snmpv3PrivpasswordNewValue=Null, Telnet=No, editFullIQNET=Null, ExistingCity=Yes, InMaintenanceStatus=In Maintenance, Existing PremiseValue=PremiseTest1, editNewPremiseCode=Null, ExistingSite=Yes, Full IQNET=Yes, editManagementAddress=null, RouterID=1044, SSH=Yes, editSSH=Null, editNewCityName=Null, Run=Yes, url=APT_NonVoiceService, editSnmpv3UsernameNewValue=TestV3Username, editNewCity=Null, editRouterID=TestRouterID_edited, Management Address=Null, Modular MSP=Yes, editCountry=Null, NewSiteCode=Jay05, editSnmp2C=no}</td>
<td></td>
<td>562</td>
<td>com.colt.qa.apttestscripts.APT_MCS_CreateAccessCoreDevice_MDFFirewall@20e2cbe0</td></tr>
<tr>
<td title='com.colt.qa.apttestscripts.APT_MCS_CreateAccessCoreDevice_CoreRouter.verifynavigationtocreatedevicepage()'><b>verifynavigationtocreatedevicepage</b><br>Test class: com.colt.qa.apttestscripts.APT_MCS_CreateAccessCoreDevice_CoreRouter<br>Test method: TC-01<br>Parameters: {Snmpv3UsernameNewValue=Null, editSnmprwNewValue=TestSnmprwNew, editExistingPremise=Null, editSnmpv3AuthpasswordNewValue=TestV3AuthPwd, NewCityCode=KA25, ExistingCityValue=Injune, editNewPremise=Null, InServiceStatus=In Service, Name=CR_RO_13, editSnmProNewValue=TestSnmproNew, editExistingSite=Null, NewSiteName=Jayanagar, SnmprwNewValue=null, NewCityName=Bengaluru, editIOSXR=Null, editNewSite=Null, NewCity=No, Existing SiteValue=785, editTelnet=Null, DeviceType=Core Router, editExistingSiteValue=Null, editdeviceName=Null, editNewSiteName=Null, NewPremise=Yes, Country=AU (Australia), editSnmpv3PrivpasswordNewValue=TestV3PrivPwd, NewPremiseCode=CR4, editVendorModel=null, editModularMSP=Null, vrf_Ipv6=10.83.99.1, Snmpv3AuthpasswordNewValue=Null, editExistingCity=Null, ExistingPremise=NO, vrf_Ipv4=10.83.99.1, editNewPremiseName=Null, Snmp2C=Yes, command_ipv4=ping, editNewCityCode=Null, command_ipv6=ping vrf :1 ipv6, editExistingCityValue=Null, Snmp3=No, SnmProNewValue=null, editSnmp3=Yes, editExistingPremiseValue=Null, editNewSiteCode=Null, NewSite=No, NewPremiseName=CPr4, VendorModel=Cisco 12008, Snmpv3PrivpasswordNewValue=Null, Telnet=Yes, editFullIQNET=Null, ExistingCity=Yes, InMaintenanceStatus=In Maintenance, Existing PremiseValue=PremiseTest1, editNewPremiseCode=Null, ExistingSite=Yes, Full IQNET=Yes, editManagementAddress=null, RouterID=343, SSH=No, editSSH=Null, editNewCityName=Null, Run=Yes, url=APT_NonVoiceService, editSnmpv3UsernameNewValue=TestV3Username, editNewCity=Null, editRouterID=TestRouterID_edited, Management Address=16.16.00.39, Modular MSP=No, editCountry=Null, NewSiteCode=J05, editSnmp2C=no}</td>
<td></td>
<td>982</td>
<td>com.colt.qa.apttestscripts.APT_MCS_CreateAccessCoreDevice_CoreRouter@c038203</td></tr>
</table><p>
</body>
</html>