<?xml version="1.0" encoding="UTF-8"?>
<!-- Generated by org.testng.reporters.JUnitReportReporter -->
<testsuite skipped="0" hostname="NAVMCTMTTL108" name="com.saksoft.qa.apttestscripts.APT_MCS_CreateAccessSwitchCoreDeviceTest" tests="4" failures="0" timestamp="2020-01-15T13:05:59 IST" time="235.381" errors="1">
  <testcase name="verifynavigationtocreatedevicepage" time="19.328" classname="com.saksoft.qa.apttestscripts.APT_MCS_CreateAccessSwitchCoreDeviceTest"/>
  <testcase name="verifycreatedevicefields" time="2.409" classname="com.saksoft.qa.apttestscripts.APT_MCS_CreateAccessSwitchCoreDeviceTest"/>
  <testcase name="verifycreateAccessSwitchdevice" time="32.717" classname="com.saksoft.qa.apttestscripts.APT_MCS_CreateAccessSwitchCoreDeviceTest"/>
  <testcase name="verifyAccessSwitchdeviceEdit" time="180.927" classname="com.saksoft.qa.apttestscripts.APT_MCS_CreateAccessSwitchCoreDeviceTest">
    <error type="org.openqa.selenium.TimeoutException" message="Expected condition failed: waiting for com.saksoft.qa.driverlibrary.DriverHelper$3@7e5efcab (tried for 180 second(s) with 15 SECONDS interval)">
      <![CDATA[org.openqa.selenium.TimeoutException: Expected condition failed: waiting for com.saksoft.qa.driverlibrary.DriverHelper$3@7e5efcab (tried for 180 second(s) with 15 SECONDS interval)
at org.openqa.selenium.support.ui.FluentWait.timeoutException(FluentWait.java:264)
at org.openqa.selenium.support.ui.FluentWait.until(FluentWait.java:232)
at com.saksoft.qa.driverlibrary.DriverHelper.getwebelement(DriverHelper.java:362)
at com.saksoft.qa.scripthelpers.APT_MCS_CreateAccessSwitchCoreDeviceHelper.verifydeviceEdit_AccessSwitch(APT_MCS_CreateAccessSwitchCoreDeviceHelper.java:467)
at com.saksoft.qa.apttestscripts.APT_MCS_CreateAccessSwitchCoreDeviceTest.verifyAccessSwitchdeviceEdit(APT_MCS_CreateAccessSwitchCoreDeviceTest.java:54)
at sun.reflect.NativeMethodAccessorImpl.invoke0(Native Method)
at sun.reflect.NativeMethodAccessorImpl.invoke(Unknown Source)
at sun.reflect.DelegatingMethodAccessorImpl.invoke(Unknown Source)
at java.lang.reflect.Method.invoke(Unknown Source)
at org.testng.internal.MethodInvocationHelper.invokeMethod(MethodInvocationHelper.java:133)
at org.testng.internal.TestInvoker.invokeMethod(TestInvoker.java:584)
at org.testng.internal.TestInvoker.invokeTestMethod(TestInvoker.java:172)
at org.testng.internal.MethodRunner.runInSequence(MethodRunner.java:46)
at org.testng.internal.TestInvoker$MethodInvocationAgent.invoke(TestInvoker.java:804)
at org.testng.internal.TestInvoker.invokeTestMethods(TestInvoker.java:145)
at org.testng.internal.TestMethodWorker.invokeTestMethods(TestMethodWorker.java:146)
at org.testng.internal.TestMethodWorker.run(TestMethodWorker.java:128)
at java.util.ArrayList.forEach(Unknown Source)
at org.testng.TestRunner.privateRun(TestRunner.java:770)
at org.testng.TestRunner.run(TestRunner.java:591)
at org.testng.SuiteRunner.runTest(SuiteRunner.java:402)
at org.testng.SuiteRunner.runSequentially(SuiteRunner.java:396)
at org.testng.SuiteRunner.privateRun(SuiteRunner.java:355)
at org.testng.SuiteRunner.run(SuiteRunner.java:304)
at org.testng.SuiteRunnerWorker.runSuite(SuiteRunnerWorker.java:53)
at org.testng.SuiteRunnerWorker.run(SuiteRunnerWorker.java:96)
at org.testng.TestNG.runSuitesSequentially(TestNG.java:1180)
at org.testng.TestNG.runSuitesLocally(TestNG.java:1102)
at org.testng.TestNG.runSuites(TestNG.java:1032)
at org.testng.TestNG.run(TestNG.java:1000)
at org.testng.remote.AbstractRemoteTestNG.run(AbstractRemoteTestNG.java:115)
at org.testng.remote.RemoteTestNG.initAndRun(RemoteTestNG.java:251)
at org.testng.remote.RemoteTestNG.main(RemoteTestNG.java:77)
Caused by: org.openqa.selenium.NoSuchElementException: no such element: Unable to locate element: {"method":"xpath","selector":"//div[text()='Device Details']/following-sibling::div//button[text()='Action']"}
  (Session info: chrome=79.0.3945.117)
  (Driver info: chromedriver=2.40.565498 (ea082db3280dd6843ebfb08a625e3eb905c4f5ab),platform=Windows NT 10.0.14393 x86_64) (WARNING: The server did not provide any stacktrace information)
Command duration or timeout: 279 milliseconds
For documentation on this error, please visit: http://seleniumhq.org/exceptions/no_such_element.html
Build info: version: '3.4.0', revision: 'unknown', time: 'unknown'
System info: host: 'NAVMCTMTTL108', ip: '10.99.7.43', os.name: 'Windows Server 2016', os.arch: 'amd64', os.version: '10.0', java.version: '1.8.0_221'
Driver info: org.openqa.selenium.chrome.ChromeDriver
Capabilities [{applicationCacheEnabled=false, rotatable=false, mobileEmulationEnabled=false, networkConnectionEnabled=false, chrome={chromedriverVersion=2.40.565498 (ea082db3280dd6843ebfb08a625e3eb905c4f5ab), userDataDir=C:\Users\STHIRT~1\AppData\Local\Temp\28\scoped_dir11568_9319}, takesHeapSnapshot=true, pageLoadStrategy=none, databaseEnabled=false, handlesAlerts=true, hasTouchScreen=false, version=79.0.3945.117, platform=XP, browserConnectionEnabled=false, nativeEvents=true, acceptSslCerts=false, acceptInsecureCerts=false, locationContextEnabled=true, webStorageEnabled=true, browserName=chrome, takesScreenshot=true, javascriptEnabled=true, cssSelectorsEnabled=true, setWindowRect=true, unexpectedAlertBehaviour=}]
Session ID: 9fb7be0b2f5ac66e51b092b92e2fddfa
*** Element info: {Using=xpath, value=//div[text()='Device Details']/following-sibling::div//button[text()='Action']}
at sun.reflect.GeneratedConstructorAccessor30.newInstance(Unknown Source)
at sun.reflect.DelegatingConstructorAccessorImpl.newInstance(Unknown Source)
at java.lang.reflect.Constructor.newInstance(Unknown Source)
at org.openqa.selenium.remote.ErrorHandler.createThrowable(ErrorHandler.java:215)
at org.openqa.selenium.remote.ErrorHandler.throwIfResponseFailed(ErrorHandler.java:167)
at org.openqa.selenium.remote.RemoteWebDriver.execute(RemoteWebDriver.java:671)
at org.openqa.selenium.remote.RemoteWebDriver.findElement(RemoteWebDriver.java:410)
at org.openqa.selenium.remote.RemoteWebDriver.findElementByXPath(RemoteWebDriver.java:509)
at org.openqa.selenium.By$ByXPath.findElement(By.java:361)
at org.openqa.selenium.remote.RemoteWebDriver.findElement(RemoteWebDriver.java:402)
at com.saksoft.qa.driverlibrary.DriverHelper$3.apply(DriverHelper.java:364)
at com.saksoft.qa.driverlibrary.DriverHelper$3.apply(DriverHelper.java:1)
at org.openqa.selenium.support.ui.FluentWait.until(FluentWait.java:209)
... 31 more
]]>
    </error>
  </testcase> <!-- verifyAccessSwitchdeviceEdit -->
</testsuite> <!-- com.saksoft.qa.apttestscripts.APT_MCS_CreateAccessSwitchCoreDeviceTest -->
